#
# There is insufficient memory for the Java Runtime Environment to continue.
# Native memory allocation (malloc) failed to allocate 248096 bytes for Chunk::new
# Possible reasons:
#   The system is out of physical RAM or swap space
#   The process is running with CompressedOops enabled, and the Java Heap may be blocking the growth of the native heap
# Possible solutions:
#   Reduce memory load on the system
#   Increase physical memory or swap space
#   Check if swap backing store is full
#   Decrease Java heap size (-Xmx/-Xms)
#   Decrease number of Java threads
#   Decrease Java thread stack sizes (-Xss)
#   Set larger code cache with -XX:ReservedCodeCacheSize=
#   JVM is running with Zero Based Compressed Oops mode in which the Java heap is
#     placed in the first 32GB address space. The Java Heap base address is the
#     maximum limit for the native heap growth. Please use -XX:HeapBaseMinAddress
#     to set the Java Heap base and to place the Java Heap above 32GB virtual address.
# This output file may be truncated or incomplete.
#
#  Out of Memory Error (allocation.cpp:389), pid=14392, tid=0x0000000000005ecc
#
# JRE version: OpenJDK Runtime Environment (8.0_212) (build 1.8.0_212-8u-04)
# Java VM: OpenJDK 64-Bit Server VM (25.212-b04 mixed mode windows-amd64 compressed oops)
# Failed to write core dump. Minidumps are not enabled by default on client versions of Windows
#

---------------  T H R E A D  ---------------

Current thread (0x0000000019d03000):  JavaThread "C2 CompilerThread1" daemon [_thread_in_native, id=24268, stack(0x000000001b460000,0x000000001b560000)]

Stack: [0x000000001b460000,0x000000001b560000]
[error occurred during error reporting (printing stack bounds), id 0xc0000005]

Native frames: (J=compiled Java code, j=interpreted, Vv=VM code, C=native code)


Current CompileTask:
C2:   1885 1898       4       org.eclipse.sisu.inject.LocatedBeans$Itr::hasNext (161 bytes)


---------------  P R O C E S S  ---------------

Java Threads: ( => current thread )
  0x0000000019d5e800 JavaThread "Service Thread" daemon [_thread_blocked, id=22508, stack(0x000000001ba60000,0x000000001bb60000)]
  0x0000000019d12000 JavaThread "C1 CompilerThread2" daemon [_thread_blocked, id=2860, stack(0x000000001b560000,0x000000001b660000)]
=>0x0000000019d03000 JavaThread "C2 CompilerThread1" daemon [_thread_in_native, id=24268, stack(0x000000001b460000,0x000000001b560000)]
  0x0000000019cfc000 JavaThread "C2 CompilerThread0" daemon [_thread_in_native, id=17188, stack(0x000000001b360000,0x000000001b460000)]
  0x0000000019d07000 JavaThread "Attach Listener" daemon [_thread_blocked, id=17028, stack(0x000000001b260000,0x000000001b360000)]
  0x0000000019d05800 JavaThread "Signal Dispatcher" daemon [_thread_blocked, id=20272, stack(0x000000001b160000,0x000000001b260000)]
  0x0000000002e0b000 JavaThread "Finalizer" daemon [_thread_blocked, id=1488, stack(0x000000001af70000,0x000000001b070000)]
  0x0000000002e01000 JavaThread "Reference Handler" daemon [_thread_blocked, id=21560, stack(0x000000001ae70000,0x000000001af70000)]
  0x0000000002bdd800 JavaThread "main" [_thread_in_Java, id=19852, stack(0x0000000002be0000,0x0000000002ce0000)]

Other Threads:
  0x0000000019cc6000 VMThread [stack: 0x000000001ad70000,0x000000001ae70000] [id=19280]
  0x000000001b6a0000 WatcherThread [stack: 0x000000001bb60000,0x000000001bc60000] [id=22484]

VM state:not at safepoint (normal execution)

VM Mutex/Monitor currently owned by a thread: None

heap address: 0x0000000704400000, size: 3004 MB, Compressed Oops mode: Zero based, Oop shift amount: 3
Narrow klass base: 0x0000000000000000, Narrow klass shift: 3
Compressed class space size: 1073741824 Address: 0x00000007c0000000

Heap:
 PSYoungGen      total 56320K, used 36811K [0x0000000781700000, 0x0000000788500000, 0x00000007c0000000)
  eden space 48640K, 59% used [0x0000000781700000,0x000000078337acd8,0x0000000784680000)
  from space 7680K, 99% used [0x0000000784e00000,0x0000000785578020,0x0000000785580000)
  to   space 7680K, 0% used [0x0000000784680000,0x0000000784680000,0x0000000784e00000)
 ParOldGen       total 128512K, used 4046K [0x0000000704400000, 0x000000070c180000, 0x0000000781700000)
  object space 128512K, 3% used [0x0000000704400000,0x00000007047f39d8,0x000000070c180000)
 Metaspace       used 15039K, capacity 15262K, committed 15488K, reserved 1062912K
  class space    used 1782K, capacity 1877K, committed 1920K, reserved 1048576K

Card table byte_map: [0x00000000121d0000,0x00000000127b0000] byte_map_base: 0x000000000e9ae000

Marking Bits: (ParMarkBitMap*) 0x0000000054c18be0
 Begin Bits: [0x0000000012fa0000, 0x0000000015e90000)
 End Bits:   [0x0000000015e90000, 0x0000000018d80000)

Polling page: 0x0000000002b40000

CodeCache: size=245760Kb used=6750Kb max_used=6750Kb free=239009Kb
 bounds [0x0000000002e10000, 0x00000000034b0000, 0x0000000011e10000]
 total_blobs=2293 nmethods=1931 adapters=275
 compilation: enabled

Compilation events (10 events):
Event: 1.878 Thread 0x0000000019d12000 nmethod 1932 0x00000000034938d0 code [0x0000000003493a60, 0x0000000003494018]
Event: 1.878 Thread 0x0000000019d12000 1931       3       java.util.regex.Pattern::escape (1151 bytes)
Event: 1.883 Thread 0x0000000019d12000 nmethod 1931 0x000000000349f2d0 code [0x000000000349fca0, 0x00000000034a6868]
Event: 1.883 Thread 0x0000000019d12000 1934       3       java.util.regex.Pattern$Start::<init> (35 bytes)
Event: 1.883 Thread 0x0000000019d12000 nmethod 1934 0x00000000034aa4d0 code [0x00000000034aa660, 0x00000000034aab88]
Event: 1.883 Thread 0x0000000019d12000 1935       3       java.util.regex.Pattern$TreeInfo::<init> (9 bytes)
Event: 1.883 Thread 0x0000000019d12000 nmethod 1935 0x00000000034aad90 code [0x00000000034aaf00, 0x00000000034ab190]
Event: 1.883 Thread 0x0000000019d12000 1936       3       java.util.regex.Pattern$Ctype::<init> (11 bytes)
Event: 1.884 Thread 0x0000000019d12000 nmethod 1936 0x00000000034ab250 code [0x00000000034ab3e0, 0x00000000034ab7b0]
Event: 1.884 Thread 0x0000000019d12000 1941       3       org.apache.maven.artifact.versioning.ComparableVersion$StringItem::isNull (22 bytes)

GC Heap History (4 events):
Event: 0.945 GC heap before
{Heap before GC invocations=1 (full 0):
 PSYoungGen      total 56320K, used 48640K [0x0000000781700000, 0x0000000785580000, 0x00000007c0000000)
  eden space 48640K, 100% used [0x0000000781700000,0x0000000784680000,0x0000000784680000)
  from space 7680K, 0% used [0x0000000784e00000,0x0000000784e00000,0x0000000785580000)
  to   space 7680K, 0% used [0x0000000784680000,0x0000000784680000,0x0000000784e00000)
 ParOldGen       total 128512K, used 0K [0x0000000704400000, 0x000000070c180000, 0x0000000781700000)
  object space 128512K, 0% used [0x0000000704400000,0x0000000704400000,0x000000070c180000)
 Metaspace       used 10186K, capacity 10310K, committed 10496K, reserved 1058816K
  class space    used 1213K, capacity 1247K, committed 1280K, reserved 1048576K
Event: 0.952 GC heap after
Heap after GC invocations=1 (full 0):
 PSYoungGen      total 56320K, used 7518K [0x0000000781700000, 0x0000000785580000, 0x00000007c0000000)
  eden space 48640K, 0% used [0x0000000781700000,0x0000000781700000,0x0000000784680000)
  from space 7680K, 97% used [0x0000000784680000,0x0000000784dd7a10,0x0000000784e00000)
  to   space 7680K, 0% used [0x0000000784e00000,0x0000000784e00000,0x0000000785580000)
 ParOldGen       total 128512K, used 8K [0x0000000704400000, 0x000000070c180000, 0x0000000781700000)
  object space 128512K, 0% used [0x0000000704400000,0x0000000704402000,0x000000070c180000)
 Metaspace       used 10186K, capacity 10310K, committed 10496K, reserved 1058816K
  class space    used 1213K, capacity 1247K, committed 1280K, reserved 1048576K
}
Event: 1.699 GC heap before
{Heap before GC invocations=2 (full 0):
 PSYoungGen      total 56320K, used 56158K [0x0000000781700000, 0x0000000785580000, 0x00000007c0000000)
  eden space 48640K, 100% used [0x0000000781700000,0x0000000784680000,0x0000000784680000)
  from space 7680K, 97% used [0x0000000784680000,0x0000000784dd7a10,0x0000000784e00000)
  to   space 7680K, 0% used [0x0000000784e00000,0x0000000784e00000,0x0000000785580000)
 ParOldGen       total 128512K, used 8K [0x0000000704400000, 0x000000070c180000, 0x0000000781700000)
  object space 128512K, 0% used [0x0000000704400000,0x0000000704402000,0x000000070c180000)
 Metaspace       used 14844K, capacity 15058K, committed 15232K, reserved 1062912K
  class space    used 1778K, capacity 1875K, committed 1920K, reserved 1048576K
Event: 1.713 GC heap after
Heap after GC invocations=2 (full 0):
 PSYoungGen      total 56320K, used 7648K [0x0000000781700000, 0x0000000788500000, 0x00000007c0000000)
  eden space 48640K, 0% used [0x0000000781700000,0x0000000781700000,0x0000000784680000)
  from space 7680K, 99% used [0x0000000784e00000,0x0000000785578020,0x0000000785580000)
  to   space 7680K, 0% used [0x0000000784680000,0x0000000784680000,0x0000000784e00000)
 ParOldGen       total 128512K, used 4046K [0x0000000704400000, 0x000000070c180000, 0x0000000781700000)
  object space 128512K, 3% used [0x0000000704400000,0x00000007047f39d8,0x000000070c180000)
 Metaspace       used 14844K, capacity 15058K, committed 15232K, reserved 1062912K
  class space    used 1778K, capacity 1875K, committed 1920K, reserved 1048576K
}

Deoptimization events (10 events):
Event: 1.430 Thread 0x0000000002bdd800 Uncommon trap: reason=unstable_if action=reinterpret pc=0x0000000002fa6edc method=java.lang.String.startsWith(Ljava/lang/String;I)Z @ 25
Event: 1.432 Thread 0x0000000002bdd800 Uncommon trap: reason=unstable_if action=reinterpret pc=0x00000000030f6aa8 method=org.codehaus.plexus.util.xml.pull.MXParser.nextImpl()I @ 972
Event: 1.437 Thread 0x0000000002bdd800 Uncommon trap: reason=unstable_if action=reinterpret pc=0x0000000003088690 method=java.lang.AbstractStringBuilder.append(Ljava/lang/String;)Ljava/lang/AbstractStringBuilder; @ 1
Event: 1.437 Thread 0x0000000002bdd800 Uncommon trap: reason=unstable_if action=reinterpret pc=0x00000000030300fc method=java.lang.AbstractStringBuilder.append(Ljava/lang/String;)Ljava/lang/AbstractStringBuilder; @ 1
Event: 1.579 Thread 0x0000000002bdd800 Uncommon trap: reason=unstable_if action=reinterpret pc=0x0000000003269fb4 method=java.lang.reflect.AccessibleObject.setAccessible0(Ljava/lang/reflect/AccessibleObject;Z)V @ 4
Event: 1.625 Thread 0x0000000002bdd800 Uncommon trap: reason=unstable_if action=reinterpret pc=0x0000000003149544 method=sun.nio.cs.UTF_8$Decoder.decode([BII[C)I @ 30
Event: 1.626 Thread 0x0000000002bdd800 Uncommon trap: reason=unstable_if action=reinterpret pc=0x00000000030d9cc4 method=sun.nio.cs.UTF_8$Decoder.decodeArrayLoop(Ljava/nio/ByteBuffer;Ljava/nio/CharBuffer;)Ljava/nio/charset/CoderResult; @ 84
Event: 1.650 Thread 0x0000000002bdd800 Uncommon trap: reason=unstable_if action=reinterpret pc=0x00000000031b155c method=java.lang.String.regionMatches(ZILjava/lang/String;II)Z @ 25
Event: 1.690 Thread 0x0000000002bdd800 Uncommon trap: reason=unstable_if action=reinterpret pc=0x00000000032fb314 method=org.codehaus.plexus.util.xml.pull.MXParser.nextImpl()I @ 879
Event: 1.759 Thread 0x0000000002bdd800 Uncommon trap: reason=null_check action=make_not_entrant pc=0x00000000033cb858 method=org.apache.maven.model.io.xpp3.MavenXpp3ReaderEx.checkFieldWithDuplicate(Lorg/codehaus/plexus/util/xml/pull/XmlPullParser;Ljava/lang/String;Ljava/lang/String;Ljava/util/

Classes redefined (0 events):
No events

Internal exceptions (10 events):
Event: 1.234 Thread 0x0000000002bdd800 Exception <a 'java/lang/NoClassDefFoundError': javax/annotation/Priority> (0x0000000782d3e960) thrown at [C:\w\cpu\jdk8u-b04\ojdkbuild\lookaside\jdk8u_upstream\hotspot\src\share\vm\classfile\systemDictionary.cpp, line 199]
Event: 1.388 Thread 0x0000000002bdd800 Exception <a 'java/lang/NullPointerException'> (0x00000007833043c0) thrown at [C:\w\cpu\jdk8u-b04\ojdkbuild\lookaside\jdk8u_upstream\hotspot\src\share\vm\interpreter\linkResolver.cpp, line 1185]
Event: 1.388 Thread 0x0000000002bdd800 Exception <a 'java/lang/NullPointerException'> (0x00000007833045d8) thrown at [C:\w\cpu\jdk8u-b04\ojdkbuild\lookaside\jdk8u_upstream\hotspot\src\share\vm\interpreter\linkResolver.cpp, line 1185]
Event: 1.388 Thread 0x0000000002bdd800 Exception <a 'java/lang/NullPointerException'> (0x00000007833047f0) thrown at [C:\w\cpu\jdk8u-b04\ojdkbuild\lookaside\jdk8u_upstream\hotspot\src\share\vm\interpreter\linkResolver.cpp, line 1185]
Event: 1.388 Thread 0x0000000002bdd800 Exception <a 'java/lang/NullPointerException'> (0x000000078331ae68) thrown at [C:\w\cpu\jdk8u-b04\ojdkbuild\lookaside\jdk8u_upstream\hotspot\src\share\vm\interpreter\linkResolver.cpp, line 1185]
Event: 1.388 Thread 0x0000000002bdd800 Exception <a 'java/lang/NullPointerException'> (0x000000078331b080) thrown at [C:\w\cpu\jdk8u-b04\ojdkbuild\lookaside\jdk8u_upstream\hotspot\src\share\vm\interpreter\linkResolver.cpp, line 1185]
Event: 1.389 Thread 0x0000000002bdd800 Exception <a 'java/lang/NullPointerException'> (0x000000078331b298) thrown at [C:\w\cpu\jdk8u-b04\ojdkbuild\lookaside\jdk8u_upstream\hotspot\src\share\vm\interpreter\linkResolver.cpp, line 1185]
Event: 1.437 Thread 0x0000000002bdd800 Implicit null exception at 0x00000000030882d4 to 0x0000000003088679
Event: 1.437 Thread 0x0000000002bdd800 Implicit null exception at 0x000000000302fd56 to 0x00000000030300e5
Event: 1.759 Thread 0x0000000002bdd800 Implicit null exception at 0x00000000033ca42a to 0x00000000033cb841

Events (10 events):
Event: 1.770 Thread 0x0000000002bdd800 DEOPT PACKING pc=0x00000000033238ca sp=0x0000000002cdcf10
Event: 1.770 Thread 0x0000000002bdd800 DEOPT UNPACKING pc=0x0000000002e575d0 sp=0x0000000002cdcd90 mode 0
Event: 1.824 loading class org/apache/maven/artifact/versioning/Restriction
Event: 1.824 loading class org/apache/maven/artifact/versioning/Restriction done
Event: 1.833 loading class org/apache/maven/artifact/resolver/filter/ExcludesArtifactFilter
Event: 1.833 loading class org/apache/maven/artifact/resolver/filter/ExcludesArtifactFilter done
Event: 1.833 loading class org/apache/maven/artifact/resolver/filter/IncludesArtifactFilter
Event: 1.833 loading class org/apache/maven/artifact/resolver/filter/IncludesArtifactFilter done
Event: 1.858 loading class org/apache/maven/project/DefaultProjectBuildingResult
Event: 1.858 loading class org/apache/maven/project/DefaultProjectBuildingResult done


Dynamic libraries:
0x00007ff75cf00000 - 0x00007ff75cf35000 	C:\Java\openjdk-8u212-b04\bin\javaw.exe
0x00007ffd64110000 - 0x00007ffd642f1000 	C:\WINDOWS\SYSTEM32\ntdll.dll
0x00007ffd63f20000 - 0x00007ffd63fd1000 	C:\WINDOWS\System32\KERNEL32.DLL
0x00007ffd5ffa0000 - 0x00007ffd60213000 	C:\WINDOWS\System32\KERNELBASE.dll
0x00007ffd63a60000 - 0x00007ffd63b01000 	C:\WINDOWS\System32\ADVAPI32.dll
0x00007ffd63b30000 - 0x00007ffd63bce000 	C:\WINDOWS\System32\msvcrt.dll
0x00007ffd612e0000 - 0x00007ffd6133b000 	C:\WINDOWS\System32\sechost.dll
0x00007ffd610e0000 - 0x00007ffd61204000 	C:\WINDOWS\System32\RPCRT4.dll
0x00007ffd60bd0000 - 0x00007ffd60d60000 	C:\WINDOWS\System32\USER32.dll
0x00007ffd60b00000 - 0x00007ffd60b20000 	C:\WINDOWS\System32\win32u.dll
0x00007ffd61080000 - 0x00007ffd610a8000 	C:\WINDOWS\System32\GDI32.dll
0x00007ffd5fc10000 - 0x00007ffd5fda2000 	C:\WINDOWS\System32\gdi32full.dll
0x00007ffd60a60000 - 0x00007ffd60aff000 	C:\WINDOWS\System32\msvcp_win.dll
0x00007ffd5fb10000 - 0x00007ffd5fc08000 	C:\WINDOWS\System32\ucrtbase.dll
0x00007ffd50d40000 - 0x00007ffd50fa9000 	C:\WINDOWS\WinSxS\amd64_microsoft.windows.common-controls_6595b64144ccf1df_6.0.17134.765_none_fb42a1a930655896\COMCTL32.dll
0x00007ffd63bf0000 - 0x00007ffd63f12000 	C:\WINDOWS\System32\combase.dll
0x00007ffd60270000 - 0x00007ffd602ea000 	C:\WINDOWS\System32\bcryptPrimitives.dll
0x00007ffd610b0000 - 0x00007ffd610dd000 	C:\WINDOWS\System32\IMM32.DLL
0x0000000054e00000 - 0x0000000054e39000 	C:\PROGRA~2\Sophos\SOPHOS~2\SOPHOS~2.DLL
0x00007ffd62cc0000 - 0x00007ffd62cc8000 	C:\WINDOWS\System32\PSAPI.DLL
0x00000000541b0000 - 0x0000000054282000 	C:\Java\openjdk-8u212-b04\jre\bin\msvcr100.dll
0x0000000054470000 - 0x0000000054c94000 	C:\Java\openjdk-8u212-b04\jre\bin\server\jvm.dll
0x00007ffd57fd0000 - 0x00007ffd57ff3000 	C:\WINDOWS\SYSTEM32\WINMM.dll
0x00007ffd55440000 - 0x00007ffd55449000 	C:\WINDOWS\SYSTEM32\WSOCK32.dll
0x00007ffd61340000 - 0x00007ffd613ac000 	C:\WINDOWS\System32\WS2_32.dll
0x00007ffd57fa0000 - 0x00007ffd57fca000 	C:\WINDOWS\SYSTEM32\winmmbase.dll
0x00007ffd60220000 - 0x00007ffd60269000 	C:\WINDOWS\System32\cfgmgr32.dll
0x00007ffd5b5e0000 - 0x00007ffd5b5ea000 	C:\WINDOWS\SYSTEM32\VERSION.dll
0x00007ffd2dbb0000 - 0x00007ffd2dbbf000 	C:\Java\openjdk-8u212-b04\jre\bin\verify.dll
0x00007ffd2db80000 - 0x00007ffd2dba9000 	C:\Java\openjdk-8u212-b04\jre\bin\java.dll
0x00007ffd2db60000 - 0x00007ffd2db76000 	C:\Java\openjdk-8u212-b04\jre\bin\zip.dll
0x00007ffd61870000 - 0x00007ffd62cb0000 	C:\WINDOWS\System32\SHELL32.dll
0x00007ffd60fd0000 - 0x00007ffd61079000 	C:\WINDOWS\System32\shcore.dll
0x00007ffd602f0000 - 0x00007ffd609fd000 	C:\WINDOWS\System32\windows.storage.dll
0x00007ffd63fe0000 - 0x00007ffd64031000 	C:\WINDOWS\System32\shlwapi.dll
0x00007ffd5faf0000 - 0x00007ffd5fb01000 	C:\WINDOWS\System32\kernel.appcore.dll
0x00007ffd5fad0000 - 0x00007ffd5faef000 	C:\WINDOWS\System32\profapi.dll
0x00007ffd5fa60000 - 0x00007ffd5faac000 	C:\WINDOWS\System32\powrprof.dll
0x00007ffd5fa50000 - 0x00007ffd5fa5a000 	C:\WINDOWS\System32\FLTLIB.DLL
0x00007ffd5f420000 - 0x00007ffd5f437000 	C:\WINDOWS\SYSTEM32\CRYPTSP.dll
0x00007ffd5ec20000 - 0x00007ffd5ec53000 	C:\WINDOWS\system32\rsaenh.dll
0x00007ffd5f550000 - 0x00007ffd5f575000 	C:\WINDOWS\SYSTEM32\bcrypt.dll
0x00007ffd5f950000 - 0x00007ffd5f978000 	C:\WINDOWS\SYSTEM32\USERENV.dll
0x00007ffd5f440000 - 0x00007ffd5f44b000 	C:\WINDOWS\SYSTEM32\CRYPTBASE.dll
0x00007ffd30d00000 - 0x00007ffd30d1a000 	C:\Java\openjdk-8u212-b04\jre\bin\net.dll
0x00007ffd633e0000 - 0x00007ffd635a8000 	C:\WINDOWS\System32\urlmon.dll
0x00007ffd637b0000 - 0x00007ffd63a57000 	C:\WINDOWS\System32\iertutil.dll
0x00007ffd5f270000 - 0x00007ffd5f2d6000 	C:\WINDOWS\system32\mswsock.dll
0x00007ffd5eff0000 - 0x00007ffd5f028000 	C:\WINDOWS\SYSTEM32\IPHLPAPI.DLL
0x00007ffd62cb0000 - 0x00007ffd62cb8000 	C:\WINDOWS\System32\NSI.dll
0x00007ffd5b0e0000 - 0x00007ffd5b0f6000 	C:\WINDOWS\SYSTEM32\dhcpcsvc6.DLL
0x00007ffd5b0c0000 - 0x00007ffd5b0da000 	C:\WINDOWS\SYSTEM32\dhcpcsvc.DLL
0x00007ffd2ec70000 - 0x00007ffd2ec82000 	C:\Java\openjdk-8u212-b04\jre\bin\nio.dll
0x00007ffd5c450000 - 0x00007ffd5c45a000 	C:\TEMP\jansi-1.17-4794839461561070159.dll
0x00007ffd5b8f0000 - 0x00007ffd5b8fa000 	C:\TEMP\jansi-1.17-73608703939468550.dll

VM Arguments:
jvm_args: -Dmaven.home=EMBEDDED -Dclassworlds.conf=C:\workspaces\g2\.metadata\.plugins\org.eclipse.m2e.launching\launches\m2conf2352425002301177498.tmp -Dmaven.multiModuleProjectDirectory=C:\Users\Diontre.Pate\git\shuttle-app -Dfile.encoding=Cp1252 
java_command: org.codehaus.plexus.classworlds.launcher.Launcher -B clean install
java_class_path (initial): C:\Users\javauser\.p2\pool\plugins\org.eclipse.m2e.maven.runtime_1.11.0.20190220-2117\jars\plexus-classworlds-2.5.2.jar
Launcher Type: SUN_STANDARD

Environment Variables:
JAVA_HOME=C:\Java\openjdk-8u212-b04
PATH=C:/Java/openjdk-8u212-b04/bin/../jre/bin/server;C:/Java/openjdk-8u212-b04/bin/../jre/bin;C:/Java/openjdk-8u212-b04/bin/../jre/lib/amd64;C:\Python27\;C:\Python27\Scripts;C:\Java\openjdk-8u212-b04\bin;C:\ProgramData\Oracle\Java\javapath;C:\WINDOWS\system;C:\Java\openjdk-8u212-b04\bin;C:\WINDOWS\system32;C:\WINDOWS;C:\WINDOWS\System32\Wbem;C:\WINDOWS\System32\WindowsPowerShell\v1.0\;C:\Win7PowerTools;c:\maven\bin;C:\Program Files\Git\cmd;C:\WINDOWS\System32\OpenSSH\;C:\Program Files\Microsoft VS Code\bin;C:\Program Files\nodejs\;C:\Users\Diontre.Pate\AppData\Local\Microsoft\WindowsApps;;C:\Users\Diontre.Pate\Desktop;
USERNAME=Diontre.Pate
OS=Windows_NT
PROCESSOR_IDENTIFIER=Intel64 Family 6 Model 158 Stepping 10, GenuineIntel



---------------  S Y S T E M  ---------------

OS: Windows 10.0 , 64 bit Build 17134 (10.0.17134.753)

CPU:total 4 (initial active 4) (4 cores per cpu, 1 threads per core) family 6 model 158 stepping 10, cmov, cx8, fxsr, mmx, sse, sse2, sse3, ssse3, sse4.1, sse4.2, popcnt, avx, avx2, aes, clmul, 3dnowpref, lzcnt, tsc, tscinvbit

Memory: 4k page, physical 12303924k(1937156k free), swap 12303924k(4076k free)

vm_info: OpenJDK 64-Bit Server VM (25.212-b04) for windows-amd64 JRE (1.8.0_212-8u-04), built on Apr 10 2019 15:55:14 by "stooke" with MS VC++ 10.0 (VS2010)

time: Mon Aug 19 17:26:46 2019
timezone: Central Daylight Time
elapsed time: 1 seconds (0d 0h 0m 1s)

