#
# There is insufficient memory for the Java Runtime Environment to continue.
# Native memory allocation (malloc) failed to allocate 32744 bytes for ChunkPool::allocate
# Possible reasons:
#   The system is out of physical RAM or swap space
#   The process is running with CompressedOops enabled, and the Java Heap may be blocking the growth of the native heap
# Possible solutions:
#   Reduce memory load on the system
#   Increase physical memory or swap space
#   Check if swap backing store is full
#   Decrease Java heap size (-Xmx/-Xms)
#   Decrease number of Java threads
#   Decrease Java thread stack sizes (-Xss)
#   Set larger code cache with -XX:ReservedCodeCacheSize=
#   JVM is running with Zero Based Compressed Oops mode in which the Java heap is
#     placed in the first 32GB address space. The Java Heap base address is the
#     maximum limit for the native heap growth. Please use -XX:HeapBaseMinAddress
#     to set the Java Heap base and to place the Java Heap above 32GB virtual address.
# This output file may be truncated or incomplete.
#
#  Out of Memory Error (allocation.cpp:272), pid=17216, tid=0x0000000000005f78
#
# JRE version: OpenJDK Runtime Environment (8.0_212) (build 1.8.0_212-8u-04)
# Java VM: OpenJDK 64-Bit Server VM (25.212-b04 mixed mode windows-amd64 compressed oops)
# Failed to write core dump. Minidumps are not enabled by default on client versions of Windows
#

---------------  T H R E A D  ---------------

Current thread (0x0000000019859000):  JavaThread "C1 CompilerThread2" daemon [_thread_in_native, id=24440, stack(0x000000001b0d0000,0x000000001b1d0000)]

Stack: [0x000000001b0d0000,0x000000001b1d0000]
[error occurred during error reporting (printing stack bounds), id 0xc0000005]

Native frames: (J=compiled Java code, j=interpreted, Vv=VM code, C=native code)


Current CompileTask:
C1:   6134 4229   !   2       org.eclipse.aether.internal.impl.DefaultRepositoryEventDispatcher::dispatch (341 bytes)


---------------  P R O C E S S  ---------------

Java Threads: ( => current thread )
  0x000000001b208800 JavaThread "Service Thread" daemon [_thread_blocked, id=8408, stack(0x000000001b5d0000,0x000000001b6d0000)]
=>0x0000000019859000 JavaThread "C1 CompilerThread2" daemon [_thread_in_native, id=24440, stack(0x000000001b0d0000,0x000000001b1d0000)]
  0x0000000019855800 JavaThread "C2 CompilerThread1" daemon [_thread_in_native, id=16876, stack(0x000000001afd0000,0x000000001b0d0000)]
  0x000000001984f800 JavaThread "C2 CompilerThread0" daemon [_thread_in_native, id=20356, stack(0x000000001aed0000,0x000000001afd0000)]
  0x000000001984c000 JavaThread "Attach Listener" daemon [_thread_blocked, id=16076, stack(0x000000001add0000,0x000000001aed0000)]
  0x000000001984a800 JavaThread "Signal Dispatcher" daemon [_thread_blocked, id=19420, stack(0x000000001acd0000,0x000000001add0000)]
  0x000000000288c000 JavaThread "Finalizer" daemon [_thread_blocked, id=6288, stack(0x000000001aae0000,0x000000001abe0000)]
  0x0000000019838800 JavaThread "Reference Handler" daemon [_thread_blocked, id=20984, stack(0x000000001a9e0000,0x000000001aae0000)]
  0x000000000295d800 JavaThread "main" [_thread_in_Java, id=14936, stack(0x0000000002630000,0x0000000002730000)]

Other Threads:
  0x0000000019815000 VMThread [stack: 0x000000001a8e0000,0x000000001a9e0000] [id=11952]
  0x000000001b209800 WatcherThread [stack: 0x000000001b6d0000,0x000000001b7d0000] [id=19256]

VM state:not at safepoint (normal execution)

VM Mutex/Monitor currently owned by a thread: None

heap address: 0x0000000704400000, size: 3004 MB, Compressed Oops mode: Zero based, Oop shift amount: 3
Narrow klass base: 0x0000000000000000, Narrow klass shift: 3
Compressed class space size: 1073741824 Address: 0x00000007c0000000

Heap:
 PSYoungGen      total 56320K, used 47117K [0x0000000781700000, 0x0000000785580000, 0x00000007c0000000)
  eden space 48640K, 96% used [0x0000000781700000,0x0000000784503528,0x0000000784680000)
  from space 7680K, 0% used [0x0000000784680000,0x0000000784680000,0x0000000784e00000)
  to   space 7680K, 0% used [0x0000000784e00000,0x0000000784e00000,0x0000000785580000)
 ParOldGen       total 115712K, used 33867K [0x0000000704400000, 0x000000070b500000, 0x0000000781700000)
  object space 115712K, 29% used [0x0000000704400000,0x0000000706512ca8,0x000000070b500000)
 Metaspace       used 22906K, capacity 23572K, committed 23808K, reserved 1071104K
  class space    used 2569K, capacity 2808K, committed 2816K, reserved 1048576K

Card table byte_map: [0x0000000011d20000,0x0000000012300000] byte_map_base: 0x000000000e4fe000

Marking Bits: (ParMarkBitMap*) 0x0000000054c18be0
 Begin Bits: [0x0000000012af0000, 0x00000000159e0000)
 End Bits:   [0x00000000159e0000, 0x00000000188d0000)

Polling page: 0x0000000000a50000

CodeCache: size=245760Kb used=13816Kb max_used=14587Kb free=231943Kb
 bounds [0x0000000002960000, 0x00000000037c0000, 0x0000000011960000]
 total_blobs=4267 nmethods=3652 adapters=528
 compilation: enabled

Compilation events (10 events):
Event: 6.123 Thread 0x0000000019859000 nmethod 4224 0x0000000003328910 code [0x0000000003328a80, 0x0000000003328c70]
Event: 6.123 Thread 0x0000000019859000 4225       2       org.apache.maven.model.profile.DefaultProfileActivationContext::setActiveProfileIds (24 bytes)
Event: 6.123 Thread 0x0000000019859000 nmethod 4225 0x0000000002aa2410 code [0x0000000002aa25a0, 0x0000000002aa2a38]
Event: 6.123 Thread 0x0000000019859000 4226       2       org.apache.maven.model.profile.DefaultProfileActivationContext::setInactiveProfileIds (24 bytes)
Event: 6.123 Thread 0x0000000019859000 nmethod 4226 0x0000000002aa1b10 code [0x0000000002aa1ca0, 0x0000000002aa2138]
Event: 6.123 Thread 0x0000000019859000 4227       2       org.apache.maven.model.profile.DefaultProfileActivationContext::setSystemProperties (24 bytes)
Event: 6.124 Thread 0x0000000019859000 nmethod 4227 0x0000000002aa1550 code [0x0000000002aa16c0, 0x0000000002aa1988]
Event: 6.124 Thread 0x0000000019859000 4228       2       org.apache.maven.model.profile.DefaultProfileActivationContext::setProjectDirectory (7 bytes)
Event: 6.124 Thread 0x0000000019859000 nmethod 4228 0x0000000002aa1210 code [0x0000000002aa1360, 0x0000000002aa14d0]
Event: 6.131 Thread 0x0000000019859000 4229   !   2       org.eclipse.aether.internal.impl.DefaultRepositoryEventDispatcher::dispatch (341 bytes)

GC Heap History (10 events):
Event: 3.703 GC heap before
{Heap before GC invocations=6 (full 0):
 PSYoungGen      total 56320K, used 56304K [0x0000000781700000, 0x0000000785580000, 0x00000007c0000000)
  eden space 48640K, 100% used [0x0000000781700000,0x0000000784680000,0x0000000784680000)
  from space 7680K, 99% used [0x0000000784680000,0x0000000784dfc030,0x0000000784e00000)
  to   space 7680K, 0% used [0x0000000784e00000,0x0000000784e00000,0x0000000785580000)
 ParOldGen       total 128512K, used 15893K [0x0000000704400000, 0x000000070c180000, 0x0000000781700000)
  object space 128512K, 12% used [0x0000000704400000,0x0000000705385628,0x000000070c180000)
 Metaspace       used 16163K, capacity 16400K, committed 16512K, reserved 1064960K
  class space    used 1825K, capacity 1920K, committed 1920K, reserved 1048576K
Event: 3.719 GC heap after
Heap after GC invocations=6 (full 0):
 PSYoungGen      total 56320K, used 7648K [0x0000000781700000, 0x0000000785580000, 0x00000007c0000000)
  eden space 48640K, 0% used [0x0000000781700000,0x0000000781700000,0x0000000784680000)
  from space 7680K, 99% used [0x0000000784e00000,0x0000000785578020,0x0000000785580000)
  to   space 7680K, 0% used [0x0000000784680000,0x0000000784680000,0x0000000784e00000)
 ParOldGen       total 128512K, used 20757K [0x0000000704400000, 0x000000070c180000, 0x0000000781700000)
  object space 128512K, 16% used [0x0000000704400000,0x0000000705845628,0x000000070c180000)
 Metaspace       used 16163K, capacity 16400K, committed 16512K, reserved 1064960K
  class space    used 1825K, capacity 1920K, committed 1920K, reserved 1048576K
}
Event: 4.455 GC heap before
{Heap before GC invocations=7 (full 0):
 PSYoungGen      total 56320K, used 56288K [0x0000000781700000, 0x0000000785580000, 0x00000007c0000000)
  eden space 48640K, 100% used [0x0000000781700000,0x0000000784680000,0x0000000784680000)
  from space 7680K, 99% used [0x0000000784e00000,0x0000000785578020,0x0000000785580000)
  to   space 7680K, 0% used [0x0000000784680000,0x0000000784680000,0x0000000784e00000)
 ParOldGen       total 128512K, used 20757K [0x0000000704400000, 0x000000070c180000, 0x0000000781700000)
  object space 128512K, 16% used [0x0000000704400000,0x0000000705845628,0x000000070c180000)
 Metaspace       used 16399K, capacity 16706K, committed 16896K, reserved 1064960K
  class space    used 1844K, capacity 1954K, committed 2048K, reserved 1048576K
Event: 4.472 GC heap after
Heap after GC invocations=7 (full 0):
 PSYoungGen      total 56320K, used 7680K [0x0000000781700000, 0x0000000785580000, 0x00000007c0000000)
  eden space 48640K, 0% used [0x0000000781700000,0x0000000781700000,0x0000000784680000)
  from space 7680K, 100% used [0x0000000784680000,0x0000000784e00000,0x0000000784e00000)
  to   space 7680K, 0% used [0x0000000784e00000,0x0000000784e00000,0x0000000785580000)
 ParOldGen       total 128512K, used 26005K [0x0000000704400000, 0x000000070c180000, 0x0000000781700000)
  object space 128512K, 20% used [0x0000000704400000,0x0000000705d65418,0x000000070c180000)
 Metaspace       used 16399K, capacity 16706K, committed 16896K, reserved 1064960K
  class space    used 1844K, capacity 1954K, committed 2048K, reserved 1048576K
}
Event: 4.906 GC heap before
{Heap before GC invocations=8 (full 0):
 PSYoungGen      total 56320K, used 56320K [0x0000000781700000, 0x0000000785580000, 0x00000007c0000000)
  eden space 48640K, 100% used [0x0000000781700000,0x0000000784680000,0x0000000784680000)
  from space 7680K, 100% used [0x0000000784680000,0x0000000784e00000,0x0000000784e00000)
  to   space 7680K, 0% used [0x0000000784e00000,0x0000000784e00000,0x0000000785580000)
 ParOldGen       total 128512K, used 26005K [0x0000000704400000, 0x000000070c180000, 0x0000000781700000)
  object space 128512K, 20% used [0x0000000704400000,0x0000000705d65418,0x000000070c180000)
 Metaspace       used 16981K, capacity 17352K, committed 17408K, reserved 1064960K
  class space    used 1919K, capacity 2024K, committed 2048K, reserved 1048576K
Event: 4.922 GC heap after
Heap after GC invocations=8 (full 0):
 PSYoungGen      total 56320K, used 7680K [0x0000000781700000, 0x0000000785580000, 0x00000007c0000000)
  eden space 48640K, 0% used [0x0000000781700000,0x0000000781700000,0x0000000784680000)
  from space 7680K, 100% used [0x0000000784e00000,0x0000000785580000,0x0000000785580000)
  to   space 7680K, 0% used [0x0000000784680000,0x0000000784680000,0x0000000784e00000)
 ParOldGen       total 128512K, used 29419K [0x0000000704400000, 0x000000070c180000, 0x0000000781700000)
  object space 128512K, 22% used [0x0000000704400000,0x00000007060bafe0,0x000000070c180000)
 Metaspace       used 16981K, capacity 17352K, committed 17408K, reserved 1064960K
  class space    used 1919K, capacity 2024K, committed 2048K, reserved 1048576K
}
Event: 5.366 GC heap before
{Heap before GC invocations=9 (full 0):
 PSYoungGen      total 56320K, used 37755K [0x0000000781700000, 0x0000000785580000, 0x00000007c0000000)
  eden space 48640K, 61% used [0x0000000781700000,0x000000078345ef90,0x0000000784680000)
  from space 7680K, 100% used [0x0000000784e00000,0x0000000785580000,0x0000000785580000)
  to   space 7680K, 0% used [0x0000000784680000,0x0000000784680000,0x0000000784e00000)
 ParOldGen       total 128512K, used 29419K [0x0000000704400000, 0x000000070c180000, 0x0000000781700000)
  object space 128512K, 22% used [0x0000000704400000,0x00000007060bafe0,0x000000070c180000)
 Metaspace       used 20731K, capacity 21140K, committed 21296K, reserved 1069056K
  class space    used 2252K, capacity 2352K, committed 2432K, reserved 1048576K
Event: 5.380 GC heap after
Heap after GC invocations=9 (full 0):
 PSYoungGen      total 56320K, used 7680K [0x0000000781700000, 0x0000000785580000, 0x00000007c0000000)
  eden space 48640K, 0% used [0x0000000781700000,0x0000000781700000,0x0000000784680000)
  from space 7680K, 100% used [0x0000000784680000,0x0000000784e00000,0x0000000784e00000)
  to   space 7680K, 0% used [0x0000000784e00000,0x0000000784e00000,0x0000000785580000)
 ParOldGen       total 128512K, used 33042K [0x0000000704400000, 0x000000070c180000, 0x0000000781700000)
  object space 128512K, 25% used [0x0000000704400000,0x0000000706444ae8,0x000000070c180000)
 Metaspace       used 20731K, capacity 21140K, committed 21296K, reserved 1069056K
  class space    used 2252K, capacity 2352K, committed 2432K, reserved 1048576K
}
Event: 5.380 GC heap before
{Heap before GC invocations=10 (full 1):
 PSYoungGen      total 56320K, used 7680K [0x0000000781700000, 0x0000000785580000, 0x00000007c0000000)
  eden space 48640K, 0% used [0x0000000781700000,0x0000000781700000,0x0000000784680000)
  from space 7680K, 100% used [0x0000000784680000,0x0000000784e00000,0x0000000784e00000)
  to   space 7680K, 0% used [0x0000000784e00000,0x0000000784e00000,0x0000000785580000)
 ParOldGen       total 128512K, used 33042K [0x0000000704400000, 0x000000070c180000, 0x0000000781700000)
  object space 128512K, 25% used [0x0000000704400000,0x0000000706444ae8,0x000000070c180000)
 Metaspace       used 20731K, capacity 21140K, committed 21296K, reserved 1069056K
  class space    used 2252K, capacity 2352K, committed 2432K, reserved 1048576K
Event: 5.560 GC heap after
Heap after GC invocations=10 (full 1):
 PSYoungGen      total 56320K, used 0K [0x0000000781700000, 0x0000000785580000, 0x00000007c0000000)
  eden space 48640K, 0% used [0x0000000781700000,0x0000000781700000,0x0000000784680000)
  from space 7680K, 0% used [0x0000000784680000,0x0000000784680000,0x0000000784e00000)
  to   space 7680K, 0% used [0x0000000784e00000,0x0000000784e00000,0x0000000785580000)
 ParOldGen       total 115712K, used 33867K [0x0000000704400000, 0x000000070b500000, 0x0000000781700000)
  object space 115712K, 29% used [0x0000000704400000,0x0000000706512ca8,0x000000070b500000)
 Metaspace       used 20731K, capacity 21140K, committed 21296K, reserved 1069056K
  class space    used 2252K, capacity 2352K, committed 2432K, reserved 1048576K
}

Deoptimization events (10 events):
Event: 5.617 Thread 0x000000000295d800 Uncommon trap: reason=bimorphic action=maybe_recompile pc=0x0000000002e329a8 method=java.lang.ClassLoader.loadClass(Ljava/lang/String;Z)Ljava/lang/Class; @ 38
Event: 5.617 Thread 0x000000000295d800 Uncommon trap: reason=bimorphic action=maybe_recompile pc=0x0000000002e329a8 method=java.lang.ClassLoader.loadClass(Ljava/lang/String;Z)Ljava/lang/Class; @ 38
Event: 5.733 Thread 0x000000000295d800 Uncommon trap: reason=unstable_if action=reinterpret pc=0x0000000003580a1c method=java.lang.reflect.Method.equals(Ljava/lang/Object;)Z @ 49
Event: 5.765 Thread 0x000000000295d800 Uncommon trap: reason=unstable_if action=reinterpret pc=0x0000000002ef0a90 method=java.lang.reflect.Method.isDefault()Z @ 19
Event: 5.846 Thread 0x000000000295d800 Uncommon trap: reason=class_check action=maybe_recompile pc=0x00000000032b6b8c method=java.util.Collections$UnmodifiableMap.isEmpty()Z @ 4
Event: 5.897 Thread 0x000000000295d800 Uncommon trap: reason=unstable_if action=reinterpret pc=0x0000000002b93060 method=sun.misc.MetaIndex.mayContain(Ljava/lang/String;)Z @ 38
Event: 5.928 Thread 0x000000000295d800 Uncommon trap: reason=class_check action=maybe_recompile pc=0x00000000032b6b8c method=java.util.Collections$UnmodifiableMap.isEmpty()Z @ 4
Event: 5.975 Thread 0x000000000295d800 Uncommon trap: reason=unstable_if action=reinterpret pc=0x00000000032cd8c0 method=java.util.StringTokenizer.setMaxDelimCodePoint()V @ 71
Event: 6.028 Thread 0x000000000295d800 Uncommon trap: reason=unstable_if action=reinterpret pc=0x0000000003398f98 method=java.util.Properties$LineReader.readLine()I @ 323
Event: 6.028 Thread 0x000000000295d800 Uncommon trap: reason=unstable_if action=reinterpret pc=0x0000000003332518 method=java.util.Properties.loadConvert([CII[C)Ljava/lang/String; @ 57

Classes redefined (0 events):
No events

Internal exceptions (10 events):
Event: 5.963 Thread 0x000000000295d800 Exception <a 'java/lang/ClassNotFoundException': java/io/FileBeanInfo> (0x0000000783910960) thrown at [C:\w\cpu\jdk8u-b04\ojdkbuild\lookaside\jdk8u_upstream\hotspot\src\share\vm\classfile\systemDictionary.cpp, line 210]
Event: 5.963 Thread 0x000000000295d800 Exception <a 'java/lang/ClassNotFoundException': java/io/FileCustomizer> (0x00000007839162e0) thrown at [C:\w\cpu\jdk8u-b04\ojdkbuild\lookaside\jdk8u_upstream\hotspot\src\share\vm\classfile\systemDictionary.cpp, line 210]
Event: 5.989 Thread 0x000000000295d800 Exception <a 'java/lang/ClassNotFoundException': org/jfrog/build/extractor/maven/plugin/PublishMojo$_gc_closure3BeanInfo> (0x0000000783a1d628) thrown at [C:\w\cpu\jdk8u-b04\ojdkbuild\lookaside\jdk8u_upstream\hotspot\src\share\vm\classfile\systemDictionary
Event: 5.990 Thread 0x000000000295d800 Exception <a 'java/lang/ClassNotFoundException': org/jfrog/build/extractor/maven/plugin/PublishMojo$_gc_closure3Customizer> (0x0000000783a30a60) thrown at [C:\w\cpu\jdk8u-b04\ojdkbuild\lookaside\jdk8u_upstream\hotspot\src\share\vm\classfile\systemDictiona
Event: 5.991 Thread 0x000000000295d800 Exception <a 'java/lang/ClassNotFoundException': org/jfrog/build/extractor/maven/BuildInfoRecorderLifecycleParticipantBeanInfo> (0x0000000783a7aa20) thrown at [C:\w\cpu\jdk8u-b04\ojdkbuild\lookaside\jdk8u_upstream\hotspot\src\share\vm\classfile\systemDict
Event: 5.992 Thread 0x000000000295d800 Exception <a 'java/lang/ClassNotFoundException': org/apache/maven/AbstractMavenLifecycleParticipantBeanInfo> (0x0000000783a962d0) thrown at [C:\w\cpu\jdk8u-b04\ojdkbuild\lookaside\jdk8u_upstream\hotspot\src\share\vm\classfile\systemDictionary.cpp, line 21
Event: 5.993 Thread 0x000000000295d800 Exception <a 'java/lang/ClassNotFoundException': org/apache/maven/AbstractMavenLifecycleParticipantCustomizer> (0x0000000783ab2778) thrown at [C:\w\cpu\jdk8u-b04\ojdkbuild\lookaside\jdk8u_upstream\hotspot\src\share\vm\classfile\systemDictionary.cpp, line 
Event: 5.993 Thread 0x000000000295d800 Exception <a 'java/lang/ClassNotFoundException': org/jfrog/build/extractor/maven/BuildInfoRecorderLifecycleParticipantCustomizer> (0x0000000783ac9e88) thrown at [C:\w\cpu\jdk8u-b04\ojdkbuild\lookaside\jdk8u_upstream\hotspot\src\share\vm\classfile\systemDi
Event: 5.995 Thread 0x000000000295d800 Exception <a 'java/lang/ClassNotFoundException': org/apache/maven/lifecycle/internal/DefaultExecutionEventCatapultBeanInfo> (0x0000000783afdeb0) thrown at [C:\w\cpu\jdk8u-b04\ojdkbuild\lookaside\jdk8u_upstream\hotspot\src\share\vm\classfile\systemDictiona
Event: 5.995 Thread 0x000000000295d800 Exception <a 'java/lang/ClassNotFoundException': org/apache/maven/lifecycle/internal/DefaultExecutionEventCatapultCustomizer> (0x0000000783b1de98) thrown at [C:\w\cpu\jdk8u-b04\ojdkbuild\lookaside\jdk8u_upstream\hotspot\src\share\vm\classfile\systemDictio

Events (10 events):
Event: 6.036 loading class com/google/common/collect/Lists$TransformingRandomAccessList
Event: 6.036 loading class com/google/common/collect/Lists$TransformingRandomAccessList done
Event: 6.036 loading class com/google/common/collect/Lists$TransformingRandomAccessList
Event: 6.036 loading class com/google/common/collect/Lists$TransformingRandomAccessList done
Event: 6.036 loading class com/google/common/collect/Lists$TransformingSequentialList
Event: 6.036 loading class com/google/common/collect/Lists$TransformingSequentialList done
Event: 6.036 loading class com/google/common/collect/Lists$TransformingSequentialList
Event: 6.036 loading class com/google/common/collect/Lists$TransformingSequentialList done
Event: 6.041 Thread 0x000000000295d800 DEOPT PACKING pc=0x0000000002bfca5a sp=0x000000000272c180
Event: 6.041 Thread 0x000000000295d800 DEOPT UNPACKING pc=0x00000000029a75d0 sp=0x000000000272bee8 mode 0


Dynamic libraries:
0x00007ff75cf00000 - 0x00007ff75cf35000 	C:\Java\openjdk-8u212-b04\bin\javaw.exe
0x00007ffd64110000 - 0x00007ffd642f1000 	C:\WINDOWS\SYSTEM32\ntdll.dll
0x00007ffd63f20000 - 0x00007ffd63fd1000 	C:\WINDOWS\System32\KERNEL32.DLL
0x00007ffd5ffa0000 - 0x00007ffd60213000 	C:\WINDOWS\System32\KERNELBASE.dll
0x00007ffd63a60000 - 0x00007ffd63b01000 	C:\WINDOWS\System32\ADVAPI32.dll
0x00007ffd63b30000 - 0x00007ffd63bce000 	C:\WINDOWS\System32\msvcrt.dll
0x00007ffd612e0000 - 0x00007ffd6133b000 	C:\WINDOWS\System32\sechost.dll
0x00007ffd610e0000 - 0x00007ffd61204000 	C:\WINDOWS\System32\RPCRT4.dll
0x00007ffd60bd0000 - 0x00007ffd60d60000 	C:\WINDOWS\System32\USER32.dll
0x00007ffd60b00000 - 0x00007ffd60b20000 	C:\WINDOWS\System32\win32u.dll
0x00007ffd61080000 - 0x00007ffd610a8000 	C:\WINDOWS\System32\GDI32.dll
0x00007ffd5fc10000 - 0x00007ffd5fda2000 	C:\WINDOWS\System32\gdi32full.dll
0x00007ffd60a60000 - 0x00007ffd60aff000 	C:\WINDOWS\System32\msvcp_win.dll
0x00007ffd5fb10000 - 0x00007ffd5fc08000 	C:\WINDOWS\System32\ucrtbase.dll
0x00007ffd50d40000 - 0x00007ffd50fa9000 	C:\WINDOWS\WinSxS\amd64_microsoft.windows.common-controls_6595b64144ccf1df_6.0.17134.765_none_fb42a1a930655896\COMCTL32.dll
0x00007ffd63bf0000 - 0x00007ffd63f12000 	C:\WINDOWS\System32\combase.dll
0x00007ffd60270000 - 0x00007ffd602ea000 	C:\WINDOWS\System32\bcryptPrimitives.dll
0x00007ffd610b0000 - 0x00007ffd610dd000 	C:\WINDOWS\System32\IMM32.DLL
0x0000000054e00000 - 0x0000000054e39000 	C:\PROGRA~2\Sophos\SOPHOS~2\SOPHOS~2.DLL
0x00007ffd62cc0000 - 0x00007ffd62cc8000 	C:\WINDOWS\System32\PSAPI.DLL
0x00000000541b0000 - 0x0000000054282000 	C:\Java\openjdk-8u212-b04\jre\bin\msvcr100.dll
0x0000000054470000 - 0x0000000054c94000 	C:\Java\openjdk-8u212-b04\jre\bin\server\jvm.dll
0x00007ffd57fd0000 - 0x00007ffd57ff3000 	C:\WINDOWS\SYSTEM32\WINMM.dll
0x00007ffd55440000 - 0x00007ffd55449000 	C:\WINDOWS\SYSTEM32\WSOCK32.dll
0x00007ffd61340000 - 0x00007ffd613ac000 	C:\WINDOWS\System32\WS2_32.dll
0x00007ffd57fa0000 - 0x00007ffd57fca000 	C:\WINDOWS\SYSTEM32\WINMMBASE.dll
0x00007ffd60220000 - 0x00007ffd60269000 	C:\WINDOWS\System32\cfgmgr32.dll
0x00007ffd5b5e0000 - 0x00007ffd5b5ea000 	C:\WINDOWS\SYSTEM32\VERSION.dll
0x00007ffd2dbb0000 - 0x00007ffd2dbbf000 	C:\Java\openjdk-8u212-b04\jre\bin\verify.dll
0x00007ffd2db80000 - 0x00007ffd2dba9000 	C:\Java\openjdk-8u212-b04\jre\bin\java.dll
0x00007ffd2db60000 - 0x00007ffd2db76000 	C:\Java\openjdk-8u212-b04\jre\bin\zip.dll
0x00007ffd61870000 - 0x00007ffd62cb0000 	C:\WINDOWS\System32\SHELL32.dll
0x00007ffd60fd0000 - 0x00007ffd61079000 	C:\WINDOWS\System32\shcore.dll
0x00007ffd602f0000 - 0x00007ffd609fd000 	C:\WINDOWS\System32\windows.storage.dll
0x00007ffd63fe0000 - 0x00007ffd64031000 	C:\WINDOWS\System32\shlwapi.dll
0x00007ffd5faf0000 - 0x00007ffd5fb01000 	C:\WINDOWS\System32\kernel.appcore.dll
0x00007ffd5fad0000 - 0x00007ffd5faef000 	C:\WINDOWS\System32\profapi.dll
0x00007ffd5fa60000 - 0x00007ffd5faac000 	C:\WINDOWS\System32\powrprof.dll
0x00007ffd5fa50000 - 0x00007ffd5fa5a000 	C:\WINDOWS\System32\FLTLIB.DLL
0x00007ffd5f420000 - 0x00007ffd5f437000 	C:\WINDOWS\SYSTEM32\CRYPTSP.dll
0x00007ffd5ec20000 - 0x00007ffd5ec53000 	C:\WINDOWS\system32\rsaenh.dll
0x00007ffd5f550000 - 0x00007ffd5f575000 	C:\WINDOWS\SYSTEM32\bcrypt.dll
0x00007ffd5f950000 - 0x00007ffd5f978000 	C:\WINDOWS\SYSTEM32\USERENV.dll
0x00007ffd5f440000 - 0x00007ffd5f44b000 	C:\WINDOWS\SYSTEM32\CRYPTBASE.dll
0x00007ffd30d00000 - 0x00007ffd30d1a000 	C:\Java\openjdk-8u212-b04\jre\bin\net.dll
0x00007ffd633e0000 - 0x00007ffd635a8000 	C:\WINDOWS\System32\urlmon.dll
0x00007ffd637b0000 - 0x00007ffd63a57000 	C:\WINDOWS\System32\iertutil.dll
0x00007ffd5f270000 - 0x00007ffd5f2d6000 	C:\WINDOWS\system32\mswsock.dll
0x00007ffd5eff0000 - 0x00007ffd5f028000 	C:\WINDOWS\SYSTEM32\IPHLPAPI.DLL
0x00007ffd62cb0000 - 0x00007ffd62cb8000 	C:\WINDOWS\System32\NSI.dll
0x00007ffd5b0e0000 - 0x00007ffd5b0f6000 	C:\WINDOWS\SYSTEM32\dhcpcsvc6.DLL
0x00007ffd5b0c0000 - 0x00007ffd5b0da000 	C:\WINDOWS\SYSTEM32\dhcpcsvc.DLL
0x00007ffd2ec70000 - 0x00007ffd2ec82000 	C:\Java\openjdk-8u212-b04\jre\bin\nio.dll
0x00007ffd5c450000 - 0x00007ffd5c45a000 	C:\TEMP\jansi-1.17-1375459813780211202.dll
0x00007ffd5b8f0000 - 0x00007ffd5b8fa000 	C:\TEMP\jansi-1.17-5272544700160976960.dll
0x00007ffd5c460000 - 0x00007ffd5c46d000 	C:\Java\openjdk-8u212-b04\jre\bin\management.dll

VM Arguments:
jvm_args: -Dmaven.home=EMBEDDED -Dclassworlds.conf=C:\workspaces\g2\.metadata\.plugins\org.eclipse.m2e.launching\launches\m2conf2970261526688826953.tmp -Dmaven.multiModuleProjectDirectory=C:\Users\Diontre.Pate\git\shuttle-app -Dfile.encoding=Cp1252 
java_command: org.codehaus.plexus.classworlds.launcher.Launcher -B clean install
java_class_path (initial): C:\Users\javauser\.p2\pool\plugins\org.eclipse.m2e.maven.runtime_1.11.0.20190220-2117\jars\plexus-classworlds-2.5.2.jar
Launcher Type: SUN_STANDARD

Environment Variables:
JAVA_HOME=C:\Java\openjdk-8u212-b04
PATH=C:/Java/openjdk-8u212-b04/bin/../jre/bin/server;C:/Java/openjdk-8u212-b04/bin/../jre/bin;C:/Java/openjdk-8u212-b04/bin/../jre/lib/amd64;C:\Python27\;C:\Python27\Scripts;C:\Java\openjdk-8u212-b04\bin;C:\ProgramData\Oracle\Java\javapath;C:\WINDOWS\system;C:\Java\openjdk-8u212-b04\bin;C:\WINDOWS\system32;C:\WINDOWS;C:\WINDOWS\System32\Wbem;C:\WINDOWS\System32\WindowsPowerShell\v1.0\;C:\Win7PowerTools;c:\maven\bin;C:\Program Files\Git\cmd;C:\WINDOWS\System32\OpenSSH\;C:\Program Files\Microsoft VS Code\bin;C:\Program Files\nodejs\;C:\Users\Diontre.Pate\AppData\Local\Microsoft\WindowsApps;;C:\Users\Diontre.Pate\Desktop;
USERNAME=Diontre.Pate
OS=Windows_NT
PROCESSOR_IDENTIFIER=Intel64 Family 6 Model 158 Stepping 10, GenuineIntel



---------------  S Y S T E M  ---------------

OS: Windows 10.0 , 64 bit Build 17134 (10.0.17134.753)

CPU:total 4 (initial active 4) (4 cores per cpu, 1 threads per core) family 6 model 158 stepping 10, cmov, cx8, fxsr, mmx, sse, sse2, sse3, ssse3, sse4.1, sse4.2, popcnt, avx, avx2, aes, clmul, 3dnowpref, lzcnt, tsc, tscinvbit

Memory: 4k page, physical 12303924k(1865112k free), swap 12303924k(3424k free)

vm_info: OpenJDK 64-Bit Server VM (25.212-b04) for windows-amd64 JRE (1.8.0_212-8u-04), built on Apr 10 2019 15:55:14 by "stooke" with MS VC++ 10.0 (VS2010)

time: Mon Aug 19 17:26:24 2019
timezone: Central Daylight Time
elapsed time: 6 seconds (0d 0h 0m 6s)

