#
# There is insufficient memory for the Java Runtime Environment to continue.
# Native memory allocation (malloc) failed to allocate 1641040 bytes for Chunk::new
# Possible reasons:
#   The system is out of physical RAM or swap space
#   The process is running with CompressedOops enabled, and the Java Heap may be blocking the growth of the native heap
# Possible solutions:
#   Reduce memory load on the system
#   Increase physical memory or swap space
#   Check if swap backing store is full
#   Decrease Java heap size (-Xmx/-Xms)
#   Decrease number of Java threads
#   Decrease Java thread stack sizes (-Xss)
#   Set larger code cache with -XX:ReservedCodeCacheSize=
#   JVM is running with Zero Based Compressed Oops mode in which the Java heap is
#     placed in the first 32GB address space. The Java Heap base address is the
#     maximum limit for the native heap growth. Please use -XX:HeapBaseMinAddress
#     to set the Java Heap base and to place the Java Heap above 32GB virtual address.
# This output file may be truncated or incomplete.
#
#  Out of Memory Error (allocation.cpp:389), pid=15164, tid=0x0000000000003f1c
#
# JRE version: OpenJDK Runtime Environment (8.0_212) (build 1.8.0_212-8u-04)
# Java VM: OpenJDK 64-Bit Server VM (25.212-b04 mixed mode windows-amd64 compressed oops)
# Failed to write core dump. Minidumps are not enabled by default on client versions of Windows
#

---------------  T H R E A D  ---------------

Current thread (0x0000000019916000):  JavaThread "C2 CompilerThread1" daemon [_thread_in_native, id=16156, stack(0x000000001b050000,0x000000001b150000)]

Stack: [0x000000001b050000,0x000000001b150000]
[error occurred during error reporting (printing stack bounds), id 0xc0000005]

Native frames: (J=compiled Java code, j=interpreted, Vv=VM code, C=native code)


Current CompileTask:
C2:   6443 4125   !   4       java.net.URLClassLoader$1::run (63 bytes)


---------------  P R O C E S S  ---------------

Java Threads: ( => current thread )
  0x000000001996d000 JavaThread "Service Thread" daemon [_thread_blocked, id=17700, stack(0x000000001b650000,0x000000001b750000)]
  0x000000001993c000 JavaThread "C1 CompilerThread2" daemon [_thread_blocked, id=22848, stack(0x000000001b150000,0x000000001b250000)]
=>0x0000000019916000 JavaThread "C2 CompilerThread1" daemon [_thread_in_native, id=16156, stack(0x000000001b050000,0x000000001b150000)]
  0x000000001990f800 JavaThread "C2 CompilerThread0" daemon [_thread_in_native, id=20320, stack(0x000000001af50000,0x000000001b050000)]
  0x000000001990b800 JavaThread "Attach Listener" daemon [_thread_blocked, id=22804, stack(0x000000001ae50000,0x000000001af50000)]
  0x000000001990a000 JavaThread "Signal Dispatcher" daemon [_thread_blocked, id=9228, stack(0x000000001ad50000,0x000000001ae50000)]
  0x0000000002a1b800 JavaThread "Finalizer" daemon [_thread_blocked, id=24272, stack(0x000000001ab60000,0x000000001ac60000)]
  0x0000000002a13000 JavaThread "Reference Handler" daemon [_thread_blocked, id=22612, stack(0x000000001aa60000,0x000000001ab60000)]
  0x000000000281d800 JavaThread "main" [_thread_in_native, id=9104, stack(0x0000000002820000,0x0000000002920000)]

Other Threads:
  0x00000000198d5800 VMThread [stack: 0x000000001a960000,0x000000001aa60000] [id=1416]
  0x000000001996e000 WatcherThread [stack: 0x000000001b750000,0x000000001b850000] [id=7856]

VM state:not at safepoint (normal execution)

VM Mutex/Monitor currently owned by a thread: None

heap address: 0x0000000704400000, size: 3004 MB, Compressed Oops mode: Zero based, Oop shift amount: 3
Narrow klass base: 0x0000000000000000, Narrow klass shift: 3
Compressed class space size: 1073741824 Address: 0x00000007c0000000

Heap:
 PSYoungGen      total 56320K, used 51069K [0x0000000781700000, 0x0000000785580000, 0x00000007c0000000)
  eden space 48640K, 89% used [0x0000000781700000,0x0000000784166b70,0x0000000784680000)
  from space 7680K, 99% used [0x0000000784e00000,0x00000007855788d8,0x0000000785580000)
  to   space 7680K, 0% used [0x0000000784680000,0x0000000784680000,0x0000000784e00000)
 ParOldGen       total 121344K, used 34071K [0x0000000704400000, 0x000000070ba80000, 0x0000000781700000)
  object space 121344K, 28% used [0x0000000704400000,0x0000000706545f40,0x000000070ba80000)
 Metaspace       used 23799K, capacity 24526K, committed 24832K, reserved 1071104K
  class space    used 2691K, capacity 2953K, committed 3072K, reserved 1048576K

Card table byte_map: [0x0000000011de0000,0x00000000123c0000] byte_map_base: 0x000000000e5be000

Marking Bits: (ParMarkBitMap*) 0x0000000054c18be0
 Begin Bits: [0x0000000012bb0000, 0x0000000015aa0000)
 End Bits:   [0x0000000015aa0000, 0x0000000018990000)

Polling page: 0x0000000000a10000

CodeCache: size=245760Kb used=15545Kb max_used=15545Kb free=230214Kb
 bounds [0x0000000002a20000, 0x0000000003960000, 0x0000000011a20000]
 total_blobs=4609 nmethods=3995 adapters=527
 compilation: enabled

Compilation events (10 events):
Event: 6.374 Thread 0x000000001993c000 nmethod 4552 0x0000000003941bd0 code [0x0000000003941dc0, 0x00000000039426f8]
Event: 6.383 Thread 0x000000001993c000 4557       3       org.apache.maven.model.CiManagement::setUrl (6 bytes)
Event: 6.383 Thread 0x000000001993c000 nmethod 4557 0x0000000003942b90 code [0x0000000003942ce0, 0x0000000003942e50]
Event: 6.387 Thread 0x000000001993c000 4558       3       org.slf4j.impl.SimpleLogger::log (328 bytes)
Event: 6.391 Thread 0x000000001993c000 nmethod 4558 0x0000000003942ed0 code [0x0000000003943540, 0x0000000003949768]
Event: 6.433 Thread 0x000000001993c000 4559       3       org.apache.maven.artifact.DefaultArtifact::toString (102 bytes)
Event: 6.435 Thread 0x000000001993c000 nmethod 4559 0x000000000394cb10 code [0x000000000394ce80, 0x000000000394eb48]
Event: 6.436 Thread 0x000000001993c000 4560       3       org.jfrog.build.extractor.maven.resolver.ArtifactoryEclipseArtifactResolver::enforceResolutionRepositories (29 bytes)
Event: 6.436 Thread 0x000000001993c000 nmethod 4560 0x000000000394fad0 code [0x000000000394fc60, 0x0000000003950118]
Event: 6.436 Thread 0x000000001993c000 4561       3       org.jfrog.build.extractor.maven.resolver.ArtifactoryEclipseResolversHelper::getResolutionRepositories (671 bytes)

GC Heap History (10 events):
Event: 4.278 GC heap before
{Heap before GC invocations=7 (full 0):
 PSYoungGen      total 56320K, used 56320K [0x0000000781700000, 0x0000000785580000, 0x00000007c0000000)
  eden space 48640K, 100% used [0x0000000781700000,0x0000000784680000,0x0000000784680000)
  from space 7680K, 100% used [0x0000000784e00000,0x0000000785580000,0x0000000785580000)
  to   space 7680K, 0% used [0x0000000784680000,0x0000000784680000,0x0000000784e00000)
 ParOldGen       total 128512K, used 20791K [0x0000000704400000, 0x000000070c180000, 0x0000000781700000)
  object space 128512K, 16% used [0x0000000704400000,0x000000070584dc20,0x000000070c180000)
 Metaspace       used 16423K, capacity 16656K, committed 16768K, reserved 1064960K
  class space    used 1840K, capacity 1920K, committed 1920K, reserved 1048576K
Event: 4.301 GC heap after
Heap after GC invocations=7 (full 0):
 PSYoungGen      total 56320K, used 7680K [0x0000000781700000, 0x0000000785580000, 0x00000007c0000000)
  eden space 48640K, 0% used [0x0000000781700000,0x0000000781700000,0x0000000784680000)
  from space 7680K, 100% used [0x0000000784680000,0x0000000784e00000,0x0000000784e00000)
  to   space 7680K, 0% used [0x0000000784e00000,0x0000000784e00000,0x0000000785580000)
 ParOldGen       total 128512K, used 25903K [0x0000000704400000, 0x000000070c180000, 0x0000000781700000)
  object space 128512K, 20% used [0x0000000704400000,0x0000000705d4bd68,0x000000070c180000)
 Metaspace       used 16423K, capacity 16656K, committed 16768K, reserved 1064960K
  class space    used 1840K, capacity 1920K, committed 1920K, reserved 1048576K
}
Event: 4.658 GC heap before
{Heap before GC invocations=8 (full 0):
 PSYoungGen      total 56320K, used 56320K [0x0000000781700000, 0x0000000785580000, 0x00000007c0000000)
  eden space 48640K, 100% used [0x0000000781700000,0x0000000784680000,0x0000000784680000)
  from space 7680K, 100% used [0x0000000784680000,0x0000000784e00000,0x0000000784e00000)
  to   space 7680K, 0% used [0x0000000784e00000,0x0000000784e00000,0x0000000785580000)
 ParOldGen       total 128512K, used 25903K [0x0000000704400000, 0x000000070c180000, 0x0000000781700000)
  object space 128512K, 20% used [0x0000000704400000,0x0000000705d4bd68,0x000000070c180000)
 Metaspace       used 16908K, capacity 17286K, committed 17408K, reserved 1064960K
  class space    used 1904K, capacity 2022K, committed 2048K, reserved 1048576K
Event: 4.669 GC heap after
Heap after GC invocations=8 (full 0):
 PSYoungGen      total 56320K, used 7680K [0x0000000781700000, 0x0000000785580000, 0x00000007c0000000)
  eden space 48640K, 0% used [0x0000000781700000,0x0000000781700000,0x0000000784680000)
  from space 7680K, 100% used [0x0000000784e00000,0x0000000785580000,0x0000000785580000)
  to   space 7680K, 0% used [0x0000000784680000,0x0000000784680000,0x0000000784e00000)
 ParOldGen       total 128512K, used 29370K [0x0000000704400000, 0x000000070c180000, 0x0000000781700000)
  object space 128512K, 22% used [0x0000000704400000,0x00000007060aeb08,0x000000070c180000)
 Metaspace       used 16908K, capacity 17286K, committed 17408K, reserved 1064960K
  class space    used 1904K, capacity 2022K, committed 2048K, reserved 1048576K
}
Event: 5.010 GC heap before
{Heap before GC invocations=9 (full 0):
 PSYoungGen      total 56320K, used 38891K [0x0000000781700000, 0x0000000785580000, 0x00000007c0000000)
  eden space 48640K, 64% used [0x0000000781700000,0x000000078357ac78,0x0000000784680000)
  from space 7680K, 100% used [0x0000000784e00000,0x0000000785580000,0x0000000785580000)
  to   space 7680K, 0% used [0x0000000784680000,0x0000000784680000,0x0000000784e00000)
 ParOldGen       total 128512K, used 29370K [0x0000000704400000, 0x000000070c180000, 0x0000000781700000)
  object space 128512K, 22% used [0x0000000704400000,0x00000007060aeb08,0x000000070c180000)
 Metaspace       used 20744K, capacity 21138K, committed 21296K, reserved 1069056K
  class space    used 2252K, capacity 2350K, committed 2432K, reserved 1048576K
Event: 5.021 GC heap after
Heap after GC invocations=9 (full 0):
 PSYoungGen      total 56320K, used 7661K [0x0000000781700000, 0x0000000785580000, 0x00000007c0000000)
  eden space 48640K, 0% used [0x0000000781700000,0x0000000781700000,0x0000000784680000)
  from space 7680K, 99% used [0x0000000784680000,0x0000000784dfb6d0,0x0000000784e00000)
  to   space 7680K, 0% used [0x0000000784e00000,0x0000000784e00000,0x0000000785580000)
 ParOldGen       total 128512K, used 32766K [0x0000000704400000, 0x000000070c180000, 0x0000000781700000)
  object space 128512K, 25% used [0x0000000704400000,0x00000007063ffa98,0x000000070c180000)
 Metaspace       used 20744K, capacity 21138K, committed 21296K, reserved 1069056K
  class space    used 2252K, capacity 2350K, committed 2432K, reserved 1048576K
}
Event: 5.021 GC heap before
{Heap before GC invocations=10 (full 1):
 PSYoungGen      total 56320K, used 7661K [0x0000000781700000, 0x0000000785580000, 0x00000007c0000000)
  eden space 48640K, 0% used [0x0000000781700000,0x0000000781700000,0x0000000784680000)
  from space 7680K, 99% used [0x0000000784680000,0x0000000784dfb6d0,0x0000000784e00000)
  to   space 7680K, 0% used [0x0000000784e00000,0x0000000784e00000,0x0000000785580000)
 ParOldGen       total 128512K, used 32766K [0x0000000704400000, 0x000000070c180000, 0x0000000781700000)
  object space 128512K, 25% used [0x0000000704400000,0x00000007063ffa98,0x000000070c180000)
 Metaspace       used 20744K, capacity 21138K, committed 21296K, reserved 1069056K
  class space    used 2252K, capacity 2350K, committed 2432K, reserved 1048576K
Event: 5.401 GC heap after
Heap after GC invocations=10 (full 1):
 PSYoungGen      total 56320K, used 0K [0x0000000781700000, 0x0000000785580000, 0x00000007c0000000)
  eden space 48640K, 0% used [0x0000000781700000,0x0000000781700000,0x0000000784680000)
  from space 7680K, 0% used [0x0000000784680000,0x0000000784680000,0x0000000784e00000)
  to   space 7680K, 0% used [0x0000000784e00000,0x0000000784e00000,0x0000000785580000)
 ParOldGen       total 121344K, used 33891K [0x0000000704400000, 0x000000070ba80000, 0x0000000781700000)
  object space 121344K, 27% used [0x0000000704400000,0x0000000706518db8,0x000000070ba80000)
 Metaspace       used 20744K, capacity 21138K, committed 21296K, reserved 1069056K
  class space    used 2252K, capacity 2350K, committed 2432K, reserved 1048576K
}
Event: 5.945 GC heap before
{Heap before GC invocations=11 (full 1):
 PSYoungGen      total 56320K, used 48640K [0x0000000781700000, 0x0000000785580000, 0x00000007c0000000)
  eden space 48640K, 100% used [0x0000000781700000,0x0000000784680000,0x0000000784680000)
  from space 7680K, 0% used [0x0000000784680000,0x0000000784680000,0x0000000784e00000)
  to   space 7680K, 0% used [0x0000000784e00000,0x0000000784e00000,0x0000000785580000)
 ParOldGen       total 121344K, used 33891K [0x0000000704400000, 0x000000070ba80000, 0x0000000781700000)
  object space 121344K, 27% used [0x0000000704400000,0x0000000706518db8,0x000000070ba80000)
 Metaspace       used 22835K, capacity 23474K, committed 23552K, reserved 1071104K
  class space    used 2557K, capacity 2774K, committed 2816K, reserved 1048576K
Event: 5.956 GC heap after
Heap after GC invocations=11 (full 1):
 PSYoungGen      total 56320K, used 7650K [0x0000000781700000, 0x0000000785580000, 0x00000007c0000000)
  eden space 48640K, 0% used [0x0000000781700000,0x0000000781700000,0x0000000784680000)
  from space 7680K, 99% used [0x0000000784e00000,0x00000007855788d8,0x0000000785580000)
  to   space 7680K, 0% used [0x0000000784680000,0x0000000784680000,0x0000000784e00000)
 ParOldGen       total 121344K, used 34071K [0x0000000704400000, 0x000000070ba80000, 0x0000000781700000)
  object space 121344K, 28% used [0x0000000704400000,0x0000000706545f40,0x000000070ba80000)
 Metaspace       used 22835K, capacity 23474K, committed 23552K, reserved 1071104K
  class space    used 2557K, capacity 2774K, committed 2816K, reserved 1048576K
}

Deoptimization events (10 events):
Event: 5.824 Thread 0x000000000281d800 Uncommon trap: reason=unstable_if action=reinterpret pc=0x0000000002eb35f0 method=com.google.inject.internal.InjectorImpl.callInContext(Lcom/google/inject/internal/ContextualCallable;)Ljava/lang/Object; @ 161
Event: 5.831 Thread 0x000000000281d800 Uncommon trap: reason=null_check action=make_not_entrant pc=0x0000000002b5f780 method=org.codehaus.plexus.util.xml.Xpp3Dom.mergeIntoXpp3Dom(Lorg/codehaus/plexus/util/xml/Xpp3Dom;Lorg/codehaus/plexus/util/xml/Xpp3Dom;Ljava/lang/Boolean;)V @ 19
Event: 5.842 Thread 0x000000000281d800 Uncommon trap: reason=unstable_if action=reinterpret pc=0x00000000033b491c method=java.util.Properties$LineReader.readLine()I @ 323
Event: 5.842 Thread 0x000000000281d800 Uncommon trap: reason=unstable_if action=reinterpret pc=0x00000000033bee18 method=java.util.Properties.loadConvert([CII[C)Ljava/lang/String; @ 57
Event: 6.087 Thread 0x000000000281d800 Uncommon trap: reason=bimorphic action=maybe_recompile pc=0x000000000320c720 method=org.eclipse.sisu.inject.Guice4.getDeclaringSource(Lcom/google/inject/Binding;)Ljava/lang/Object; @ 1
Event: 6.087 Thread 0x000000000281d800 Uncommon trap: reason=bimorphic action=maybe_recompile pc=0x000000000320c720 method=org.eclipse.sisu.inject.Guice4.getDeclaringSource(Lcom/google/inject/Binding;)Ljava/lang/Object; @ 1
Event: 6.156 Thread 0x000000000281d800 Uncommon trap: reason=unstable_if action=reinterpret pc=0x0000000002db3e18 method=org.codehaus.plexus.classworlds.realm.Entry.matches(Ljava/lang/String;)Z @ 150
Event: 6.316 Thread 0x000000000281d800 Uncommon trap: reason=bimorphic action=maybe_recompile pc=0x000000000320c720 method=org.eclipse.sisu.inject.Guice4.getDeclaringSource(Lcom/google/inject/Binding;)Ljava/lang/Object; @ 1
Event: 6.316 Thread 0x000000000281d800 Uncommon trap: reason=bimorphic action=maybe_recompile pc=0x000000000320c720 method=org.eclipse.sisu.inject.Guice4.getDeclaringSource(Lcom/google/inject/Binding;)Ljava/lang/Object; @ 1
Event: 6.361 Thread 0x000000000281d800 Uncommon trap: reason=unstable_if action=reinterpret pc=0x000000000391db64 method=org.eclipse.aether.graph.Dependency$Exclusions.copy(Ljava/util/Collection;)Ljava/util/Set; @ 1

Classes redefined (0 events):
No events

Internal exceptions (10 events):
Event: 5.812 Thread 0x000000000281d800 Exception <a 'java/lang/ClassNotFoundException': org/jfrog/build/extractor/maven/plugin/PublishMojo$_gc_closure3Customizer> (0x0000000783a03870) thrown at [C:\w\cpu\jdk8u-b04\ojdkbuild\lookaside\jdk8u_upstream\hotspot\src\share\vm\classfile\systemDictiona
Event: 5.814 Thread 0x000000000281d800 Exception <a 'java/lang/ClassNotFoundException': org/jfrog/build/extractor/maven/BuildInfoRecorderLifecycleParticipantBeanInfo> (0x0000000783a4d688) thrown at [C:\w\cpu\jdk8u-b04\ojdkbuild\lookaside\jdk8u_upstream\hotspot\src\share\vm\classfile\systemDict
Event: 5.815 Thread 0x000000000281d800 Exception <a 'java/lang/ClassNotFoundException': org/apache/maven/AbstractMavenLifecycleParticipantBeanInfo> (0x0000000783a68f38) thrown at [C:\w\cpu\jdk8u-b04\ojdkbuild\lookaside\jdk8u_upstream\hotspot\src\share\vm\classfile\systemDictionary.cpp, line 21
Event: 5.815 Thread 0x000000000281d800 Exception <a 'java/lang/ClassNotFoundException': org/apache/maven/AbstractMavenLifecycleParticipantCustomizer> (0x0000000783a853e0) thrown at [C:\w\cpu\jdk8u-b04\ojdkbuild\lookaside\jdk8u_upstream\hotspot\src\share\vm\classfile\systemDictionary.cpp, line 
Event: 5.816 Thread 0x000000000281d800 Exception <a 'java/lang/ClassNotFoundException': org/jfrog/build/extractor/maven/BuildInfoRecorderLifecycleParticipantCustomizer> (0x0000000783a9c9a0) thrown at [C:\w\cpu\jdk8u-b04\ojdkbuild\lookaside\jdk8u_upstream\hotspot\src\share\vm\classfile\systemDi
Event: 5.817 Thread 0x000000000281d800 Exception <a 'java/lang/ClassNotFoundException': org/apache/maven/lifecycle/internal/DefaultExecutionEventCatapultBeanInfo> (0x0000000783ad0bb8) thrown at [C:\w\cpu\jdk8u-b04\ojdkbuild\lookaside\jdk8u_upstream\hotspot\src\share\vm\classfile\systemDictiona
Event: 5.818 Thread 0x000000000281d800 Exception <a 'java/lang/ClassNotFoundException': org/apache/maven/lifecycle/internal/DefaultExecutionEventCatapultCustomizer> (0x0000000783af0ba0) thrown at [C:\w\cpu\jdk8u-b04\ojdkbuild\lookaside\jdk8u_upstream\hotspot\src\share\vm\classfile\systemDictio
Event: 5.824 Thread 0x000000000281d800 Implicit null exception at 0x0000000002eb26ce to 0x0000000002eb35de
Event: 5.831 Thread 0x000000000281d800 Implicit null exception at 0x0000000002b5b62b to 0x0000000002b5f771
Event: 6.361 Thread 0x000000000281d800 Implicit null exception at 0x000000000391c343 to 0x000000000391db41

Events (10 events):
Event: 6.356 loading class org/codehaus/mojo/buildhelper/Source done
Event: 6.357 loading class org/apache/maven/plugin/logging/Log
Event: 6.357 loading class org/apache/maven/plugin/logging/Log done
Event: 6.357 loading class org/apache/maven/plugin/logging/Log
Event: 6.357 loading class org/apache/maven/plugin/logging/Log done
Event: 6.361 Thread 0x000000000281d800 Uncommon trap: trap_request=0xffffff65 fr.pc=0x000000000391db64
Event: 6.361 Thread 0x000000000281d800 DEOPT PACKING pc=0x000000000391db64 sp=0x000000000291deb0
Event: 6.361 Thread 0x000000000281d800 DEOPT UNPACKING pc=0x0000000002a6557b sp=0x000000000291de68 mode 2
Event: 6.385 Thread 0x000000000281d800 DEOPT PACKING pc=0x0000000002fd83da sp=0x000000000291c460
Event: 6.385 Thread 0x000000000281d800 DEOPT UNPACKING pc=0x0000000002a675d0 sp=0x000000000291c1c8 mode 0


Dynamic libraries:
0x00007ff75cf00000 - 0x00007ff75cf35000 	C:\Java\openjdk-8u212-b04\bin\javaw.exe
0x00007ffd64110000 - 0x00007ffd642f1000 	C:\WINDOWS\SYSTEM32\ntdll.dll
0x00007ffd63f20000 - 0x00007ffd63fd1000 	C:\WINDOWS\System32\KERNEL32.DLL
0x00007ffd5ffa0000 - 0x00007ffd60213000 	C:\WINDOWS\System32\KERNELBASE.dll
0x00007ffd63a60000 - 0x00007ffd63b01000 	C:\WINDOWS\System32\ADVAPI32.dll
0x00007ffd63b30000 - 0x00007ffd63bce000 	C:\WINDOWS\System32\msvcrt.dll
0x00007ffd612e0000 - 0x00007ffd6133b000 	C:\WINDOWS\System32\sechost.dll
0x00007ffd610e0000 - 0x00007ffd61204000 	C:\WINDOWS\System32\RPCRT4.dll
0x00007ffd60bd0000 - 0x00007ffd60d60000 	C:\WINDOWS\System32\USER32.dll
0x00007ffd60b00000 - 0x00007ffd60b20000 	C:\WINDOWS\System32\win32u.dll
0x00007ffd61080000 - 0x00007ffd610a8000 	C:\WINDOWS\System32\GDI32.dll
0x00007ffd5fc10000 - 0x00007ffd5fda2000 	C:\WINDOWS\System32\gdi32full.dll
0x00007ffd60a60000 - 0x00007ffd60aff000 	C:\WINDOWS\System32\msvcp_win.dll
0x00007ffd5fb10000 - 0x00007ffd5fc08000 	C:\WINDOWS\System32\ucrtbase.dll
0x00007ffd50d40000 - 0x00007ffd50fa9000 	C:\WINDOWS\WinSxS\amd64_microsoft.windows.common-controls_6595b64144ccf1df_6.0.17134.765_none_fb42a1a930655896\COMCTL32.dll
0x00007ffd63bf0000 - 0x00007ffd63f12000 	C:\WINDOWS\System32\combase.dll
0x00007ffd60270000 - 0x00007ffd602ea000 	C:\WINDOWS\System32\bcryptPrimitives.dll
0x00007ffd610b0000 - 0x00007ffd610dd000 	C:\WINDOWS\System32\IMM32.DLL
0x0000000054e00000 - 0x0000000054e39000 	C:\PROGRA~2\Sophos\SOPHOS~2\SOPHOS~2.DLL
0x00007ffd62cc0000 - 0x00007ffd62cc8000 	C:\WINDOWS\System32\PSAPI.DLL
0x00000000541b0000 - 0x0000000054282000 	C:\Java\openjdk-8u212-b04\jre\bin\msvcr100.dll
0x0000000054470000 - 0x0000000054c94000 	C:\Java\openjdk-8u212-b04\jre\bin\server\jvm.dll
0x00007ffd55440000 - 0x00007ffd55449000 	C:\WINDOWS\SYSTEM32\WSOCK32.dll
0x00007ffd61340000 - 0x00007ffd613ac000 	C:\WINDOWS\System32\WS2_32.dll
0x00007ffd5b5e0000 - 0x00007ffd5b5ea000 	C:\WINDOWS\SYSTEM32\VERSION.dll
0x00007ffd57fd0000 - 0x00007ffd57ff3000 	C:\WINDOWS\SYSTEM32\WINMM.dll
0x00007ffd57fa0000 - 0x00007ffd57fca000 	C:\WINDOWS\SYSTEM32\winmmbase.dll
0x00007ffd60220000 - 0x00007ffd60269000 	C:\WINDOWS\System32\cfgmgr32.dll
0x00007ffd2dbb0000 - 0x00007ffd2dbbf000 	C:\Java\openjdk-8u212-b04\jre\bin\verify.dll
0x00007ffd2db80000 - 0x00007ffd2dba9000 	C:\Java\openjdk-8u212-b04\jre\bin\java.dll
0x00007ffd2db60000 - 0x00007ffd2db76000 	C:\Java\openjdk-8u212-b04\jre\bin\zip.dll
0x00007ffd61870000 - 0x00007ffd62cb0000 	C:\WINDOWS\System32\SHELL32.dll
0x00007ffd60fd0000 - 0x00007ffd61079000 	C:\WINDOWS\System32\shcore.dll
0x00007ffd602f0000 - 0x00007ffd609fd000 	C:\WINDOWS\System32\windows.storage.dll
0x00007ffd63fe0000 - 0x00007ffd64031000 	C:\WINDOWS\System32\shlwapi.dll
0x00007ffd5faf0000 - 0x00007ffd5fb01000 	C:\WINDOWS\System32\kernel.appcore.dll
0x00007ffd5fad0000 - 0x00007ffd5faef000 	C:\WINDOWS\System32\profapi.dll
0x00007ffd5fa60000 - 0x00007ffd5faac000 	C:\WINDOWS\System32\powrprof.dll
0x00007ffd5fa50000 - 0x00007ffd5fa5a000 	C:\WINDOWS\System32\FLTLIB.DLL
0x00007ffd5f420000 - 0x00007ffd5f437000 	C:\WINDOWS\SYSTEM32\CRYPTSP.dll
0x00007ffd5ec20000 - 0x00007ffd5ec53000 	C:\WINDOWS\system32\rsaenh.dll
0x00007ffd5f550000 - 0x00007ffd5f575000 	C:\WINDOWS\SYSTEM32\bcrypt.dll
0x00007ffd5f950000 - 0x00007ffd5f978000 	C:\WINDOWS\SYSTEM32\USERENV.dll
0x00007ffd5f440000 - 0x00007ffd5f44b000 	C:\WINDOWS\SYSTEM32\CRYPTBASE.dll
0x00007ffd30d00000 - 0x00007ffd30d1a000 	C:\Java\openjdk-8u212-b04\jre\bin\net.dll
0x00007ffd633e0000 - 0x00007ffd635a8000 	C:\WINDOWS\System32\urlmon.dll
0x00007ffd637b0000 - 0x00007ffd63a57000 	C:\WINDOWS\System32\iertutil.dll
0x00007ffd5f270000 - 0x00007ffd5f2d6000 	C:\WINDOWS\system32\mswsock.dll
0x00007ffd5eff0000 - 0x00007ffd5f028000 	C:\WINDOWS\SYSTEM32\IPHLPAPI.DLL
0x00007ffd62cb0000 - 0x00007ffd62cb8000 	C:\WINDOWS\System32\NSI.dll
0x00007ffd5b0e0000 - 0x00007ffd5b0f6000 	C:\WINDOWS\SYSTEM32\dhcpcsvc6.DLL
0x00007ffd5b0c0000 - 0x00007ffd5b0da000 	C:\WINDOWS\SYSTEM32\dhcpcsvc.DLL
0x00007ffd2ec70000 - 0x00007ffd2ec82000 	C:\Java\openjdk-8u212-b04\jre\bin\nio.dll
0x00007ffd5c450000 - 0x00007ffd5c45a000 	C:\TEMP\jansi-1.17-2140967819740036564.dll
0x00007ffd5b8f0000 - 0x00007ffd5b8fa000 	C:\TEMP\jansi-1.17-8939389021534304722.dll
0x00007ffd5c460000 - 0x00007ffd5c46d000 	C:\Java\openjdk-8u212-b04\jre\bin\management.dll

VM Arguments:
jvm_args: -Dmaven.home=EMBEDDED -Dclassworlds.conf=C:\workspaces\g2\.metadata\.plugins\org.eclipse.m2e.launching\launches\m2conf6948379207805766233.tmp -Dmaven.multiModuleProjectDirectory=C:\Users\Diontre.Pate\git\shuttle-app -Dfile.encoding=Cp1252 
java_command: org.codehaus.plexus.classworlds.launcher.Launcher -B clean install
java_class_path (initial): C:\Users\javauser\.p2\pool\plugins\org.eclipse.m2e.maven.runtime_1.11.0.20190220-2117\jars\plexus-classworlds-2.5.2.jar
Launcher Type: SUN_STANDARD

Environment Variables:
JAVA_HOME=C:\Java\openjdk-8u212-b04
PATH=C:/Java/openjdk-8u212-b04/bin/../jre/bin/server;C:/Java/openjdk-8u212-b04/bin/../jre/bin;C:/Java/openjdk-8u212-b04/bin/../jre/lib/amd64;C:\Python27\;C:\Python27\Scripts;C:\Java\openjdk-8u212-b04\bin;C:\ProgramData\Oracle\Java\javapath;C:\WINDOWS\system;C:\Java\openjdk-8u212-b04\bin;C:\WINDOWS\system32;C:\WINDOWS;C:\WINDOWS\System32\Wbem;C:\WINDOWS\System32\WindowsPowerShell\v1.0\;C:\Win7PowerTools;c:\maven\bin;C:\Program Files\Git\cmd;C:\WINDOWS\System32\OpenSSH\;C:\Program Files\Microsoft VS Code\bin;C:\Program Files\nodejs\;C:\Users\Diontre.Pate\AppData\Local\Microsoft\WindowsApps;;C:\Users\Diontre.Pate\Desktop;
USERNAME=Diontre.Pate
OS=Windows_NT
PROCESSOR_IDENTIFIER=Intel64 Family 6 Model 158 Stepping 10, GenuineIntel



---------------  S Y S T E M  ---------------

OS: Windows 10.0 , 64 bit Build 17134 (10.0.17134.753)

CPU:total 4 (initial active 4) (4 cores per cpu, 1 threads per core) family 6 model 158 stepping 10, cmov, cx8, fxsr, mmx, sse, sse2, sse3, ssse3, sse4.1, sse4.2, popcnt, avx, avx2, aes, clmul, 3dnowpref, lzcnt, tsc, tscinvbit

Memory: 4k page, physical 12303924k(1861928k free), swap 12303924k(6244k free)

vm_info: OpenJDK 64-Bit Server VM (25.212-b04) for windows-amd64 JRE (1.8.0_212-8u-04), built on Apr 10 2019 15:55:14 by "stooke" with MS VC++ 10.0 (VS2010)

time: Mon Aug 19 17:27:10 2019
timezone: Central Daylight Time
elapsed time: 6 seconds (0d 0h 0m 6s)

