#
# There is insufficient memory for the Java Runtime Environment to continue.
# Native memory allocation (malloc) failed to allocate 1476336 bytes for Chunk::new
# Possible reasons:
#   The system is out of physical RAM or swap space
#   The process is running with CompressedOops enabled, and the Java Heap may be blocking the growth of the native heap
# Possible solutions:
#   Reduce memory load on the system
#   Increase physical memory or swap space
#   Check if swap backing store is full
#   Decrease Java heap size (-Xmx/-Xms)
#   Decrease number of Java threads
#   Decrease Java thread stack sizes (-Xss)
#   Set larger code cache with -XX:ReservedCodeCacheSize=
#   JVM is running with Zero Based Compressed Oops mode in which the Java heap is
#     placed in the first 32GB address space. The Java Heap base address is the
#     maximum limit for the native heap growth. Please use -XX:HeapBaseMinAddress
#     to set the Java Heap base and to place the Java Heap above 32GB virtual address.
# This output file may be truncated or incomplete.
#
#  Out of Memory Error (allocation.cpp:389), pid=15316, tid=0x00000000000022f0
#
# JRE version: OpenJDK Runtime Environment (8.0_212) (build 1.8.0_212-8u-04)
# Java VM: OpenJDK 64-Bit Server VM (25.212-b04 mixed mode windows-amd64 compressed oops)
# Failed to write core dump. Minidumps are not enabled by default on client versions of Windows
#

---------------  T H R E A D  ---------------

Current thread (0x0000000019873800):  JavaThread "C2 CompilerThread1" daemon [_thread_in_native, id=8944, stack(0x000000001afc0000,0x000000001b0c0000)]

Stack: [0x000000001afc0000,0x000000001b0c0000]
[error occurred during error reporting (printing stack bounds), id 0xc0000005]

Native frames: (J=compiled Java code, j=interpreted, Vv=VM code, C=native code)


Current CompileTask:
C2:   9348 6638   !   4       lombok.core.AST::buildWithField0 (121 bytes)


---------------  P R O C E S S  ---------------

Java Threads: ( => current thread )
  0x000000001f40e000 JavaThread "ForkJoinPool.commonPool-worker-3" daemon [_thread_blocked, id=17152, stack(0x00000000216b0000,0x00000000217b0000)]
  0x000000001d2e5800 JavaThread "ForkJoinPool.commonPool-worker-1" daemon [_thread_blocked, id=17140, stack(0x000000001ebf0000,0x000000001ecf0000)]
  0x000000001b1f0800 JavaThread "Service Thread" daemon [_thread_blocked, id=5536, stack(0x000000001b5c0000,0x000000001b6c0000)]
  0x0000000019878000 JavaThread "C1 CompilerThread2" daemon [_thread_blocked, id=10728, stack(0x000000001b0c0000,0x000000001b1c0000)]
=>0x0000000019873800 JavaThread "C2 CompilerThread1" daemon [_thread_in_native, id=8944, stack(0x000000001afc0000,0x000000001b0c0000)]
  0x000000001986e800 JavaThread "C2 CompilerThread0" daemon [_thread_in_native, id=14256, stack(0x000000001aec0000,0x000000001afc0000)]
  0x000000001986c000 JavaThread "Attach Listener" daemon [_thread_blocked, id=8492, stack(0x000000001adc0000,0x000000001aec0000)]
  0x0000000019869000 JavaThread "Signal Dispatcher" daemon [_thread_blocked, id=16156, stack(0x000000001acc0000,0x000000001adc0000)]
  0x00000000028fa000 JavaThread "Finalizer" daemon [_thread_blocked, id=1008, stack(0x000000001aad0000,0x000000001abd0000)]
  0x00000000028f1000 JavaThread "Reference Handler" daemon [_thread_blocked, id=1568, stack(0x000000001a9d0000,0x000000001aad0000)]
  0x00000000027de000 JavaThread "main" [_thread_in_native, id=14420, stack(0x00000000026c0000,0x00000000027c0000)]

Other Threads:
  0x0000000019835800 VMThread [stack: 0x000000001a8d0000,0x000000001a9d0000] [id=16284]
  0x00000000198cd800 WatcherThread [stack: 0x000000001b6c0000,0x000000001b7c0000] [id=17088]

VM state:not at safepoint (normal execution)

VM Mutex/Monitor currently owned by a thread: None

heap address: 0x0000000704400000, size: 3004 MB, Compressed Oops mode: Zero based, Oop shift amount: 3
Narrow klass base: 0x0000000000000000, Narrow klass shift: 3
Compressed class space size: 1073741824 Address: 0x00000007c0000000

Heap:
 PSYoungGen      total 385536K, used 196343K [0x0000000781700000, 0x000000079ac80000, 0x00000007c0000000)
  eden space 373248K, 52% used [0x0000000781700000,0x000000078d6bddf8,0x0000000798380000)
  from space 12288K, 0% used [0x0000000798f00000,0x0000000798f00000,0x0000000799b00000)
  to   space 17920K, 0% used [0x0000000799b00000,0x0000000799b00000,0x000000079ac80000)
 ParOldGen       total 172032K, used 45554K [0x0000000704400000, 0x000000070ec00000, 0x0000000781700000)
  object space 172032K, 26% used [0x0000000704400000,0x000000070707c9b0,0x000000070ec00000)
 Metaspace       used 39227K, capacity 40480K, committed 40704K, reserved 1085440K
  class space    used 4606K, capacity 5023K, committed 5120K, reserved 1048576K

Card table byte_map: [0x0000000011d40000,0x0000000012320000] byte_map_base: 0x000000000e51e000

Marking Bits: (ParMarkBitMap*) 0x0000000060c68be0
 Begin Bits: [0x0000000012b10000, 0x0000000015a00000)
 End Bits:   [0x0000000015a00000, 0x00000000188f0000)

Polling page: 0x00000000027c0000

CodeCache: size=245760Kb used=21148Kb max_used=21148Kb free=224611Kb
 bounds [0x0000000002980000, 0x0000000003e40000, 0x0000000011980000]
 total_blobs=6469 nmethods=5796 adapters=586
 compilation: enabled

Compilation events (10 events):
Event: 9.333 Thread 0x0000000019878000 nmethod 6739 0x0000000003e1e210 code [0x0000000003e1e3c0, 0x0000000003e1e958]
Event: 9.335 Thread 0x0000000019878000 6740   !   3       com.sun.tools.javac.comp.MemberEnter::attribImportType (39 bytes)
Event: 9.336 Thread 0x0000000019878000 nmethod 6740 0x0000000003e1eb50 code [0x0000000003e1ed00, 0x0000000003e1f2a8]
Event: 9.336 Thread 0x0000000019878000 6742       3       com.sun.tools.javac.comp.MemberEnter::signature (325 bytes)
Event: 9.337 Thread 0x0000000019878000 nmethod 6742 0x0000000003e1f790 code [0x0000000003e1fb60, 0x0000000003e21e48]
Event: 9.338 Thread 0x0000000019878000 6741       3       com.sun.tools.javac.comp.MemberEnter::importNamed (46 bytes)
Event: 9.338 Thread 0x0000000019878000 nmethod 6741 0x0000000003e23950 code [0x0000000003e23b00, 0x0000000003e24048]
Event: 9.338 Thread 0x0000000019878000 6743       3       com.sun.tools.javac.comp.MemberEnter$TypeAnnotate::visitMethodDef (57 bytes)
Event: 9.339 Thread 0x0000000019878000 nmethod 6743 0x0000000003e24310 code [0x0000000003e245e0, 0x0000000003e26188]
Event: 9.342 Thread 0x0000000019878000 6744       3       com.sun.tools.javac.jvm.ClassReader::fillIn (592 bytes)

GC Heap History (10 events):
Event: 4.988 GC heap before
{Heap before GC invocations=7 (full 0):
 PSYoungGen      total 214016K, used 84221K [0x0000000781700000, 0x000000078fb00000, 0x00000007c0000000)
  eden space 194560K, 35% used [0x0000000781700000,0x0000000785b37428,0x000000078d500000)
  from space 19456K, 73% used [0x000000078e800000,0x000000078f608020,0x000000078fb00000)
  to   space 19456K, 0% used [0x000000078d500000,0x000000078d500000,0x000000078e800000)
 ParOldGen       total 128512K, used 23067K [0x0000000704400000, 0x000000070c180000, 0x0000000781700000)
  object space 128512K, 17% used [0x0000000704400000,0x0000000705a86df0,0x000000070c180000)
 Metaspace       used 20728K, capacity 21088K, committed 21296K, reserved 1069056K
  class space    used 2248K, capacity 2354K, committed 2432K, reserved 1048576K
Event: 5.016 GC heap after
Heap after GC invocations=7 (full 0):
 PSYoungGen      total 214016K, used 15583K [0x0000000781700000, 0x000000079ba00000, 0x00000007c0000000)
  eden space 194560K, 0% used [0x0000000781700000,0x0000000781700000,0x000000078d500000)
  from space 19456K, 80% used [0x000000078d500000,0x000000078e437ec0,0x000000078e800000)
  to   space 19968K, 0% used [0x000000079a680000,0x000000079a680000,0x000000079ba00000)
 ParOldGen       total 128512K, used 26637K [0x0000000704400000, 0x000000070c180000, 0x0000000781700000)
  object space 128512K, 20% used [0x0000000704400000,0x0000000705e03640,0x000000070c180000)
 Metaspace       used 20728K, capacity 21088K, committed 21296K, reserved 1069056K
  class space    used 2248K, capacity 2354K, committed 2432K, reserved 1048576K
}
Event: 5.016 GC heap before
{Heap before GC invocations=8 (full 1):
 PSYoungGen      total 214016K, used 15583K [0x0000000781700000, 0x000000079ba00000, 0x00000007c0000000)
  eden space 194560K, 0% used [0x0000000781700000,0x0000000781700000,0x000000078d500000)
  from space 19456K, 80% used [0x000000078d500000,0x000000078e437ec0,0x000000078e800000)
  to   space 19968K, 0% used [0x000000079a680000,0x000000079a680000,0x000000079ba00000)
 ParOldGen       total 128512K, used 26637K [0x0000000704400000, 0x000000070c180000, 0x0000000781700000)
  object space 128512K, 20% used [0x0000000704400000,0x0000000705e03640,0x000000070c180000)
 Metaspace       used 20728K, capacity 21088K, committed 21296K, reserved 1069056K
  class space    used 2248K, capacity 2354K, committed 2432K, reserved 1048576K
Event: 5.181 GC heap after
Heap after GC invocations=8 (full 1):
 PSYoungGen      total 214016K, used 0K [0x0000000781700000, 0x000000079ba00000, 0x00000007c0000000)
  eden space 194560K, 0% used [0x0000000781700000,0x0000000781700000,0x000000078d500000)
  from space 19456K, 0% used [0x000000078d500000,0x000000078d500000,0x000000078e800000)
  to   space 19968K, 0% used [0x000000079a680000,0x000000079a680000,0x000000079ba00000)
 ParOldGen       total 119808K, used 36970K [0x0000000704400000, 0x000000070b900000, 0x0000000781700000)
  object space 119808K, 30% used [0x0000000704400000,0x000000070681a9f8,0x000000070b900000)
 Metaspace       used 20728K, capacity 21088K, committed 21296K, reserved 1069056K
  class space    used 2248K, capacity 2354K, committed 2432K, reserved 1048576K
}
Event: 7.241 GC heap before
{Heap before GC invocations=9 (full 1):
 PSYoungGen      total 214016K, used 194560K [0x0000000781700000, 0x000000079ba00000, 0x00000007c0000000)
  eden space 194560K, 100% used [0x0000000781700000,0x000000078d500000,0x000000078d500000)
  from space 19456K, 0% used [0x000000078d500000,0x000000078d500000,0x000000078e800000)
  to   space 19968K, 0% used [0x000000079a680000,0x000000079a680000,0x000000079ba00000)
 ParOldGen       total 119808K, used 36970K [0x0000000704400000, 0x000000070b900000, 0x0000000781700000)
  object space 119808K, 30% used [0x0000000704400000,0x000000070681a9f8,0x000000070b900000)
 Metaspace       used 32496K, capacity 33560K, committed 33664K, reserved 1079296K
  class space    used 3827K, capacity 4187K, committed 4224K, reserved 1048576K
Event: 7.261 GC heap after
Heap after GC invocations=9 (full 1):
 PSYoungGen      total 305152K, used 18482K [0x0000000781700000, 0x000000079b900000, 0x00000007c0000000)
  eden space 286208K, 0% used [0x0000000781700000,0x0000000781700000,0x0000000792e80000)
  from space 18944K, 97% used [0x000000079a680000,0x000000079b88cac8,0x000000079b900000)
  to   space 21504K, 0% used [0x0000000798f00000,0x0000000798f00000,0x000000079a400000)
 ParOldGen       total 119808K, used 36978K [0x0000000704400000, 0x000000070b900000, 0x0000000781700000)
  object space 119808K, 30% used [0x0000000704400000,0x000000070681c9f8,0x000000070b900000)
 Metaspace       used 32496K, capacity 33560K, committed 33664K, reserved 1079296K
  class space    used 3827K, capacity 4187K, committed 4224K, reserved 1048576K
}
Event: 7.493 GC heap before
{Heap before GC invocations=10 (full 1):
 PSYoungGen      total 305152K, used 38722K [0x0000000781700000, 0x000000079b900000, 0x00000007c0000000)
  eden space 286208K, 7% used [0x0000000781700000,0x0000000782ac40c0,0x0000000792e80000)
  from space 18944K, 97% used [0x000000079a680000,0x000000079b88cac8,0x000000079b900000)
  to   space 21504K, 0% used [0x0000000798f00000,0x0000000798f00000,0x000000079a400000)
 ParOldGen       total 119808K, used 36978K [0x0000000704400000, 0x000000070b900000, 0x0000000781700000)
  object space 119808K, 30% used [0x0000000704400000,0x000000070681c9f8,0x000000070b900000)
 Metaspace       used 34134K, capacity 35364K, committed 35456K, reserved 1081344K
  class space    used 4030K, capacity 4427K, committed 4480K, reserved 1048576K
Event: 7.505 GC heap after
Heap after GC invocations=10 (full 1):
 PSYoungGen      total 385536K, used 11893K [0x0000000781700000, 0x000000079ac80000, 0x00000007c0000000)
  eden space 373248K, 0% used [0x0000000781700000,0x0000000781700000,0x0000000798380000)
  from space 12288K, 96% used [0x0000000798f00000,0x0000000799a9d748,0x0000000799b00000)
  to   space 17920K, 0% used [0x0000000799b00000,0x0000000799b00000,0x000000079ac80000)
 ParOldGen       total 119808K, used 36986K [0x0000000704400000, 0x000000070b900000, 0x0000000781700000)
  object space 119808K, 30% used [0x0000000704400000,0x000000070681e9f8,0x000000070b900000)
 Metaspace       used 34134K, capacity 35364K, committed 35456K, reserved 1081344K
  class space    used 4030K, capacity 4427K, committed 4480K, reserved 1048576K
}
Event: 7.505 GC heap before
{Heap before GC invocations=11 (full 2):
 PSYoungGen      total 385536K, used 11893K [0x0000000781700000, 0x000000079ac80000, 0x00000007c0000000)
  eden space 373248K, 0% used [0x0000000781700000,0x0000000781700000,0x0000000798380000)
  from space 12288K, 96% used [0x0000000798f00000,0x0000000799a9d748,0x0000000799b00000)
  to   space 17920K, 0% used [0x0000000799b00000,0x0000000799b00000,0x000000079ac80000)
 ParOldGen       total 119808K, used 36986K [0x0000000704400000, 0x000000070b900000, 0x0000000781700000)
  object space 119808K, 30% used [0x0000000704400000,0x000000070681e9f8,0x000000070b900000)
 Metaspace       used 34134K, capacity 35364K, committed 35456K, reserved 1081344K
  class space    used 4030K, capacity 4427K, committed 4480K, reserved 1048576K
Event: 7.673 GC heap after
Heap after GC invocations=11 (full 2):
 PSYoungGen      total 385536K, used 0K [0x0000000781700000, 0x000000079ac80000, 0x00000007c0000000)
  eden space 373248K, 0% used [0x0000000781700000,0x0000000781700000,0x0000000798380000)
  from space 12288K, 0% used [0x0000000798f00000,0x0000000798f00000,0x0000000799b00000)
  to   space 17920K, 0% used [0x0000000799b00000,0x0000000799b00000,0x000000079ac80000)
 ParOldGen       total 172032K, used 45554K [0x0000000704400000, 0x000000070ec00000, 0x0000000781700000)
  object space 172032K, 26% used [0x0000000704400000,0x000000070707c9b0,0x000000070ec00000)
 Metaspace       used 34087K, capacity 35222K, committed 35456K, reserved 1081344K
  class space    used 4014K, capacity 4398K, committed 4480K, reserved 1048576K
}

Deoptimization events (10 events):
Event: 8.746 Thread 0x00000000027de000 Uncommon trap: reason=unstable_if action=reinterpret pc=0x0000000002f21f2c method=java.lang.reflect.Field.get(Ljava/lang/Object;)Ljava/lang/Object; @ 4
Event: 8.845 Thread 0x00000000027de000 Uncommon trap: reason=unstable_if action=reinterpret pc=0x000000000391bf9c method=java.util.HashMap.removeNode(ILjava/lang/Object;Ljava/lang/Object;ZZ)Ljava/util/HashMap$Node; @ 62
Event: 8.886 Thread 0x00000000027de000 Uncommon trap: reason=unstable_if action=reinterpret pc=0x0000000003b79774 method=java.net.URI$Parser.scan(IILjava/lang/String;Ljava/lang/String;)I @ 23
Event: 9.039 Thread 0x00000000027de000 Uncommon trap: reason=bimorphic action=maybe_recompile pc=0x0000000003d3cd54 method=lombok.javac.JavacNode.traverse(Llombok/javac/JavacASTVisitor;)V @ 69
Event: 9.039 Thread 0x00000000027de000 Uncommon trap: reason=bimorphic action=maybe_recompile pc=0x0000000003d3ccf8 method=lombok.javac.JavacNode.traverse(Llombok/javac/JavacASTVisitor;)V @ 112
Event: 9.039 Thread 0x00000000027de000 Uncommon trap: reason=bimorphic action=maybe_recompile pc=0x0000000003d3c954 method=lombok.javac.JavacNode.traverse(Llombok/javac/JavacASTVisitor;)V @ 494
Event: 9.039 Thread 0x00000000027de000 Uncommon trap: reason=bimorphic action=maybe_recompile pc=0x0000000003d3cc74 method=lombok.javac.JavacNode.traverse(Llombok/javac/JavacASTVisitor;)V @ 155
Event: 9.039 Thread 0x00000000027de000 Uncommon trap: reason=bimorphic action=maybe_recompile pc=0x0000000003d3bff4 method=lombok.javac.JavacNode.traverse(Llombok/javac/JavacASTVisitor;)V @ 524
Event: 9.039 Thread 0x00000000027de000 Uncommon trap: reason=bimorphic action=maybe_recompile pc=0x0000000003d3cc74 method=lombok.javac.JavacNode.traverse(Llombok/javac/JavacASTVisitor;)V @ 155
Event: 9.047 Thread 0x00000000027de000 Uncommon trap: reason=unstable_if action=reinterpret pc=0x0000000002f4e380 method=java.util.HashMap.hash(Ljava/lang/Object;)I @ 1

Classes redefined (0 events):
No events

Internal exceptions (10 events):
Event: 8.168 Thread 0x00000000027de000 Exception <a 'java/io/FileNotFoundException'> (0x00000007836b5090) thrown at [C:\w\cpu\jdk8u-b04\ojdkbuild\lookaside\jdk8u_upstream\hotspot\src\share\vm\prims\jni.cpp, line 710]
Event: 8.168 Thread 0x00000000027de000 Exception <a 'java/io/FileNotFoundException'> (0x00000007836b5d28) thrown at [C:\w\cpu\jdk8u-b04\ojdkbuild\lookaside\jdk8u_upstream\hotspot\src\share\vm\prims\jni.cpp, line 710]
Event: 8.247 Thread 0x00000000027de000 Exception <a 'java/io/FileNotFoundException'> (0x0000000784422b00) thrown at [C:\w\cpu\jdk8u-b04\ojdkbuild\lookaside\jdk8u_upstream\hotspot\src\share\vm\prims\jni.cpp, line 710]
Event: 8.247 Thread 0x00000000027de000 Exception <a 'java/io/FileNotFoundException'> (0x0000000784423ad8) thrown at [C:\w\cpu\jdk8u-b04\ojdkbuild\lookaside\jdk8u_upstream\hotspot\src\share\vm\prims\jni.cpp, line 710]
Event: 8.247 Thread 0x00000000027de000 Exception <a 'java/io/FileNotFoundException'> (0x0000000784424ad8) thrown at [C:\w\cpu\jdk8u-b04\ojdkbuild\lookaside\jdk8u_upstream\hotspot\src\share\vm\prims\jni.cpp, line 710]
Event: 8.247 Thread 0x00000000027de000 Exception <a 'java/io/FileNotFoundException'> (0x0000000784425ae8) thrown at [C:\w\cpu\jdk8u-b04\ojdkbuild\lookaside\jdk8u_upstream\hotspot\src\share\vm\prims\jni.cpp, line 710]
Event: 8.699 Thread 0x00000000027de000 Implicit null exception at 0x000000000309f9f3 to 0x000000000309fe29
Event: 8.702 Thread 0x00000000027de000 Implicit null exception at 0x000000000302eb55 to 0x000000000302ed5d
Event: 8.845 Thread 0x00000000027de000 Implicit null exception at 0x000000000391bbb2 to 0x000000000391bf53
Event: 9.047 Thread 0x00000000027de000 Implicit null exception at 0x0000000002f4d7f3 to 0x0000000002f4e365

Events (10 events):
Event: 9.039 Thread 0x00000000027de000 DEOPT UNPACKING pc=0x00000000029c557b sp=0x00000000027bd448 mode 2
Event: 9.039 Thread 0x00000000027de000 Uncommon trap: trap_request=0xffffffc6 fr.pc=0x0000000003d3cc74
Event: 9.039 Thread 0x00000000027de000 DEOPT PACKING pc=0x0000000003d3cc74 sp=0x00000000027bd590
Event: 9.039 Thread 0x00000000027de000 DEOPT UNPACKING pc=0x00000000029c557b sp=0x00000000027bd530 mode 2
Event: 9.047 Thread 0x00000000027de000 Uncommon trap: trap_request=0xffffff65 fr.pc=0x0000000002f4e380
Event: 9.047 Thread 0x00000000027de000 DEOPT PACKING pc=0x0000000002f4e380 sp=0x00000000027bd8c0
Event: 9.047 Thread 0x00000000027de000 DEOPT UNPACKING pc=0x00000000029c557b sp=0x00000000027bd7c8 mode 2
Event: 9.049 Executing VM operation: RevokeBias
Event: 9.049 Executing VM operation: RevokeBias done
Event: 9.049 Thread 0x000000001f11a800 Thread exited: 0x000000001f11a800


Dynamic libraries:
0x00007ff612dd0000 - 0x00007ff612e05000 	C:\Java\openjdk-8u212-b04\bin\javaw.exe
0x00007ffb9c030000 - 0x00007ffb9c211000 	C:\WINDOWS\SYSTEM32\ntdll.dll
0x00007ffb9b330000 - 0x00007ffb9b3e1000 	C:\WINDOWS\System32\KERNEL32.DLL
0x00007ffb97ca0000 - 0x00007ffb97f13000 	C:\WINDOWS\System32\KERNELBASE.dll
0x00007ffb98af0000 - 0x00007ffb98b91000 	C:\WINDOWS\System32\ADVAPI32.dll
0x00007ffb9bd80000 - 0x00007ffb9be1e000 	C:\WINDOWS\System32\msvcrt.dll
0x00007ffb9b8f0000 - 0x00007ffb9b94b000 	C:\WINDOWS\System32\sechost.dll
0x00007ffb9a810000 - 0x00007ffb9a934000 	C:\WINDOWS\System32\RPCRT4.dll
0x00007ffb9b980000 - 0x00007ffb9bb10000 	C:\WINDOWS\System32\USER32.dll
0x00007ffb98ad0000 - 0x00007ffb98af0000 	C:\WINDOWS\System32\win32u.dll
0x00007ffb98e80000 - 0x00007ffb98ea8000 	C:\WINDOWS\System32\GDI32.dll
0x00007ffb97f20000 - 0x00007ffb980b2000 	C:\WINDOWS\System32\gdi32full.dll
0x00007ffb97c00000 - 0x00007ffb97c9f000 	C:\WINDOWS\System32\msvcp_win.dll
0x00007ffb97ab0000 - 0x00007ffb97ba8000 	C:\WINDOWS\System32\ucrtbase.dll
0x00007ffb8c240000 - 0x00007ffb8c4a9000 	C:\WINDOWS\WinSxS\amd64_microsoft.windows.common-controls_6595b64144ccf1df_6.0.17134.765_none_fb42a1a930655896\COMCTL32.dll
0x00007ffb9a4e0000 - 0x00007ffb9a802000 	C:\WINDOWS\System32\combase.dll
0x00007ffb97a30000 - 0x00007ffb97aaa000 	C:\WINDOWS\System32\bcryptPrimitives.dll
0x00007ffb9b950000 - 0x00007ffb9b97d000 	C:\WINDOWS\System32\IMM32.DLL
0x0000000060dc0000 - 0x0000000060df9000 	C:\PROGRA~2\Sophos\SOPHOS~2\SOPHOS~2.DLL
0x00007ffb9a940000 - 0x00007ffb9a948000 	C:\WINDOWS\System32\PSAPI.DLL
0x0000000060280000 - 0x0000000060352000 	C:\Java\openjdk-8u212-b04\jre\bin\msvcr100.dll
0x00000000604c0000 - 0x0000000060ce4000 	C:\Java\openjdk-8u212-b04\jre\bin\server\jvm.dll
0x00007ffb8fe80000 - 0x00007ffb8fe89000 	C:\WINDOWS\SYSTEM32\WSOCK32.dll
0x00007ffb9bb10000 - 0x00007ffb9bb7c000 	C:\WINDOWS\System32\WS2_32.dll
0x00007ffb92f00000 - 0x00007ffb92f0a000 	C:\WINDOWS\SYSTEM32\VERSION.dll
0x00007ffb945c0000 - 0x00007ffb945e3000 	C:\WINDOWS\SYSTEM32\WINMM.dll
0x00007ffb90d90000 - 0x00007ffb90dba000 	C:\WINDOWS\SYSTEM32\winmmbase.dll
0x00007ffb97bb0000 - 0x00007ffb97bf9000 	C:\WINDOWS\System32\cfgmgr32.dll
0x00007ffb7c010000 - 0x00007ffb7c01f000 	C:\Java\openjdk-8u212-b04\jre\bin\verify.dll
0x00007ffb6e020000 - 0x00007ffb6e049000 	C:\Java\openjdk-8u212-b04\jre\bin\java.dll
0x00007ffb6e000000 - 0x00007ffb6e016000 	C:\Java\openjdk-8u212-b04\jre\bin\zip.dll
0x00007ffb99080000 - 0x00007ffb9a4c0000 	C:\WINDOWS\System32\SHELL32.dll
0x00007ffb9bea0000 - 0x00007ffb9bf49000 	C:\WINDOWS\System32\shcore.dll
0x00007ffb983c0000 - 0x00007ffb98acd000 	C:\WINDOWS\System32\windows.storage.dll
0x00007ffb9be20000 - 0x00007ffb9be71000 	C:\WINDOWS\System32\shlwapi.dll
0x00007ffb97a10000 - 0x00007ffb97a21000 	C:\WINDOWS\System32\kernel.appcore.dll
0x00007ffb979a0000 - 0x00007ffb979bf000 	C:\WINDOWS\System32\profapi.dll
0x00007ffb979c0000 - 0x00007ffb97a0c000 	C:\WINDOWS\System32\powrprof.dll
0x00007ffb97990000 - 0x00007ffb9799a000 	C:\WINDOWS\System32\FLTLIB.DLL
0x00007ffb97340000 - 0x00007ffb97357000 	C:\WINDOWS\SYSTEM32\CRYPTSP.dll
0x00007ffb96b40000 - 0x00007ffb96b73000 	C:\WINDOWS\system32\rsaenh.dll
0x00007ffb97470000 - 0x00007ffb97495000 	C:\WINDOWS\SYSTEM32\bcrypt.dll
0x00007ffb978a0000 - 0x00007ffb978c8000 	C:\WINDOWS\SYSTEM32\USERENV.dll
0x00007ffb97360000 - 0x00007ffb9736b000 	C:\WINDOWS\SYSTEM32\CRYPTBASE.dll
0x00007ffb6d790000 - 0x00007ffb6d7aa000 	C:\Java\openjdk-8u212-b04\jre\bin\net.dll
0x00007ffb98eb0000 - 0x00007ffb99078000 	C:\WINDOWS\System32\urlmon.dll
0x00007ffb9b3f0000 - 0x00007ffb9b697000 	C:\WINDOWS\System32\iertutil.dll
0x00007ffb97190000 - 0x00007ffb971f6000 	C:\WINDOWS\system32\mswsock.dll
0x00007ffb96f10000 - 0x00007ffb96f48000 	C:\WINDOWS\SYSTEM32\IPHLPAPI.DLL
0x00007ffb9b6a0000 - 0x00007ffb9b6a8000 	C:\WINDOWS\System32\NSI.dll
0x00007ffb92fd0000 - 0x00007ffb92fe6000 	C:\WINDOWS\SYSTEM32\dhcpcsvc6.DLL
0x00007ffb92fb0000 - 0x00007ffb92fca000 	C:\WINDOWS\SYSTEM32\dhcpcsvc.DLL
0x00007ffb6d770000 - 0x00007ffb6d782000 	C:\Java\openjdk-8u212-b04\jre\bin\nio.dll
0x00007ffb94370000 - 0x00007ffb9437a000 	C:\TEMP\jansi-1.17-8564875882215345491.dll
0x00007ffb94360000 - 0x00007ffb9436a000 	C:\TEMP\jansi-1.17-940865920407276518.dll
0x00007ffb943e0000 - 0x00007ffb943ed000 	C:\Java\openjdk-8u212-b04\jre\bin\management.dll

VM Arguments:
jvm_args: -Dmaven.home=EMBEDDED -Dclassworlds.conf=C:\workspaces\g2\.metadata\.plugins\org.eclipse.m2e.launching\launches\m2conf118441463664020074.tmp -Dmaven.multiModuleProjectDirectory=C:\Users\Diontre.Pate\git\shuttle-app\server -Dfile.encoding=Cp1252 
java_command: org.codehaus.plexus.classworlds.launcher.Launcher -B clean install
java_class_path (initial): C:\Users\javauser\.p2\pool\plugins\org.eclipse.m2e.maven.runtime_1.11.0.20190220-2117\jars\plexus-classworlds-2.5.2.jar
Launcher Type: SUN_STANDARD

Environment Variables:
JAVA_HOME=C:\Java\openjdk-8u212-b04
PATH=C:/Java/openjdk-8u212-b04/bin/../jre/bin/server;C:/Java/openjdk-8u212-b04/bin/../jre/bin;C:/Java/openjdk-8u212-b04/bin/../jre/lib/amd64;C:\Java\openjdk-8u212-b04\bin;C:\ProgramData\Oracle\Java\javapath;C:\WINDOWS\system;C:\Java\openjdk-8u212-b04\bin;C:\WINDOWS\system32;C:\WINDOWS;C:\WINDOWS\System32\Wbem;C:\WINDOWS\System32\WindowsPowerShell\v1.0\;C:\Win7PowerTools;c:\maven\bin;C:\Program Files\Git\cmd;C:\WINDOWS\System32\OpenSSH\;C:\Program Files\Microsoft VS Code\bin;C:\Program Files\nodejs\;C:\Users\Diontre.Pate\AppData\Local\Microsoft\WindowsApps;;C:\Users\Diontre.Pate\Desktop;
USERNAME=Diontre.Pate
OS=Windows_NT
PROCESSOR_IDENTIFIER=Intel64 Family 6 Model 158 Stepping 10, GenuineIntel



---------------  S Y S T E M  ---------------

OS: Windows 10.0 , 64 bit Build 17134 (10.0.17134.753)

CPU:total 4 (initial active 4) (4 cores per cpu, 1 threads per core) family 6 model 158 stepping 10, cmov, cx8, fxsr, mmx, sse, sse2, sse3, ssse3, sse4.1, sse4.2, popcnt, avx, avx2, aes, clmul, 3dnowpref, lzcnt, tsc, tscinvbit

Memory: 4k page, physical 12303924k(1827656k free), swap 12303924k(6184k free)

vm_info: OpenJDK 64-Bit Server VM (25.212-b04) for windows-amd64 JRE (1.8.0_212-8u-04), built on Apr 10 2019 15:55:14 by "stooke" with MS VC++ 10.0 (VS2010)

time: Tue Jul 09 13:17:03 2019
timezone: Central Daylight Time
elapsed time: 9 seconds (0d 0h 0m 9s)

