#
# There is insufficient memory for the Java Runtime Environment to continue.
# Native memory allocation (malloc) failed to allocate 829216 bytes for Chunk::new
# Possible reasons:
#   The system is out of physical RAM or swap space
#   The process is running with CompressedOops enabled, and the Java Heap may be blocking the growth of the native heap
# Possible solutions:
#   Reduce memory load on the system
#   Increase physical memory or swap space
#   Check if swap backing store is full
#   Decrease Java heap size (-Xmx/-Xms)
#   Decrease number of Java threads
#   Decrease Java thread stack sizes (-Xss)
#   Set larger code cache with -XX:ReservedCodeCacheSize=
#   JVM is running with Zero Based Compressed Oops mode in which the Java heap is
#     placed in the first 32GB address space. The Java Heap base address is the
#     maximum limit for the native heap growth. Please use -XX:HeapBaseMinAddress
#     to set the Java Heap base and to place the Java Heap above 32GB virtual address.
# This output file may be truncated or incomplete.
#
#  Out of Memory Error (allocation.cpp:389), pid=22756, tid=0x0000000000006204
#
# JRE version: OpenJDK Runtime Environment (8.0_212) (build 1.8.0_212-8u-04)
# Java VM: OpenJDK 64-Bit Server VM (25.212-b04 mixed mode windows-amd64 compressed oops)
# Failed to write core dump. Minidumps are not enabled by default on client versions of Windows
#

---------------  T H R E A D  ---------------

Current thread (0x0000000019614800):  JavaThread "C2 CompilerThread1" daemon [_thread_in_native, id=25092, stack(0x000000001b110000,0x000000001b210000)]

Stack: [0x000000001b110000,0x000000001b210000]
[error occurred during error reporting (printing stack bounds), id 0xc0000005]

Native frames: (J=compiled Java code, j=interpreted, Vv=VM code, C=native code)


Current CompileTask:
C2:   6219 1688   !   4       java.net.URLClassLoader$1::run (63 bytes)


---------------  P R O C E S S  ---------------

Java Threads: ( => current thread )
  0x000000001961b800 JavaThread "Service Thread" daemon [_thread_blocked, id=25560, stack(0x000000001b310000,0x000000001b410000)]
  0x0000000019617800 JavaThread "C1 CompilerThread2" daemon [_thread_blocked, id=15712, stack(0x000000001b210000,0x000000001b310000)]
=>0x0000000019614800 JavaThread "C2 CompilerThread1" daemon [_thread_in_native, id=25092, stack(0x000000001b110000,0x000000001b210000)]
  0x00000000195bd000 JavaThread "C2 CompilerThread0" daemon [_thread_in_native, id=11428, stack(0x000000001ac10000,0x000000001ad10000)]
  0x00000000195ba000 JavaThread "Attach Listener" daemon [_thread_blocked, id=22488, stack(0x000000001ab10000,0x000000001ac10000)]
  0x00000000195b9000 JavaThread "Signal Dispatcher" daemon [_thread_blocked, id=16244, stack(0x000000001aa10000,0x000000001ab10000)]
  0x000000000268a000 JavaThread "Finalizer" daemon [_thread_blocked, id=23664, stack(0x000000001a820000,0x000000001a920000)]
  0x0000000002681000 JavaThread "Reference Handler" daemon [_thread_blocked, id=14952, stack(0x000000001a720000,0x000000001a820000)]
  0x000000000241e000 JavaThread "main" [_thread_in_Java, id=14144, stack(0x0000000002460000,0x0000000002560000)]

Other Threads:
  0x0000000019585800 VMThread [stack: 0x000000001a620000,0x000000001a720000] [id=24276]
  0x000000001961d000 WatcherThread [stack: 0x000000001b410000,0x000000001b510000] [id=22592]

VM state:not at safepoint (normal execution)

VM Mutex/Monitor currently owned by a thread: None

heap address: 0x0000000704400000, size: 3004 MB, Compressed Oops mode: Zero based, Oop shift amount: 3
Narrow klass base: 0x0000000000000000, Narrow klass shift: 3
Compressed class space size: 1073741824 Address: 0x00000007c0000000

Heap:
 PSYoungGen      total 56320K, used 43284K [0x0000000781700000, 0x0000000785580000, 0x00000007c0000000)
  eden space 48640K, 73% used [0x0000000781700000,0x00000007839f9850,0x0000000784680000)
  from space 7680K, 97% used [0x0000000784680000,0x0000000784dcbb00,0x0000000784e00000)
  to   space 7680K, 0% used [0x0000000784e00000,0x0000000784e00000,0x0000000785580000)
 ParOldGen       total 128512K, used 8K [0x0000000704400000, 0x000000070c180000, 0x0000000781700000)
  object space 128512K, 0% used [0x0000000704400000,0x0000000704402000,0x000000070c180000)
 Metaspace       used 14678K, capacity 14858K, committed 14976K, reserved 1062912K
  class space    used 1762K, capacity 1871K, committed 1920K, reserved 1048576K

Card table byte_map: [0x0000000011a50000,0x0000000012030000] byte_map_base: 0x000000000e22e000

Marking Bits: (ParMarkBitMap*) 0x0000000077f78be0
 Begin Bits: [0x0000000012820000, 0x0000000015710000)
 End Bits:   [0x0000000015710000, 0x0000000018600000)

Polling page: 0x0000000000c10000

CodeCache: size=245760Kb used=5958Kb max_used=5958Kb free=239801Kb
 bounds [0x0000000002690000, 0x0000000002c70000, 0x0000000011690000]
 total_blobs=2070 nmethods=1708 adapters=274
 compilation: enabled

Compilation events (10 events):
Event: 6.213 Thread 0x0000000019617800 nmethod 1704 0x0000000002c5c890 code [0x0000000002c5ca00, 0x0000000002c5cba8]
Event: 6.213 Thread 0x0000000019617800 1705       3       java.util.LinkedList::linkLast (59 bytes)
Event: 6.213 Thread 0x0000000019617800 nmethod 1705 0x0000000002c5cc50 code [0x0000000002c5cdc0, 0x0000000002c5d110]
Event: 6.213 Thread 0x0000000019617800 1706       3       sun.reflect.UnsafeFieldAccessorImpl::ensureObj (23 bytes)
Event: 6.214 Thread 0x0000000019617800 nmethod 1706 0x0000000002c5d250 code [0x0000000002c5d420, 0x0000000002c5dd78]
Event: 6.214 Thread 0x0000000019617800 1707       3       org.apache.maven.model.interpolation.StringSearchModelInterpolator$InterpolateObjectAction::access$300 (6 bytes)
Event: 6.214 Thread 0x0000000019617800 nmethod 1707 0x0000000002c5e090 code [0x0000000002c5e200, 0x0000000002c5e468]
Event: 6.214 Thread 0x0000000019617800 1708       3       java.lang.reflect.Field::get (51 bytes)
Event: 6.215 Thread 0x0000000019617800 nmethod 1708 0x0000000002c5e590 code [0x0000000002c5e760, 0x0000000002c5eda8]
Event: 6.215 Thread 0x0000000019617800 1709   !   3       org.apache.maven.model.interpolation.StringSearchModelInterpolator$InterpolateObjectAction$CacheField::interpolate (237 bytes)

GC Heap History (2 events):
Event: 3.841 GC heap before
{Heap before GC invocations=1 (full 0):
 PSYoungGen      total 56320K, used 48640K [0x0000000781700000, 0x0000000785580000, 0x00000007c0000000)
  eden space 48640K, 100% used [0x0000000781700000,0x0000000784680000,0x0000000784680000)
  from space 7680K, 0% used [0x0000000784e00000,0x0000000784e00000,0x0000000785580000)
  to   space 7680K, 0% used [0x0000000784680000,0x0000000784680000,0x0000000784e00000)
 ParOldGen       total 128512K, used 0K [0x0000000704400000, 0x000000070c180000, 0x0000000781700000)
  object space 128512K, 0% used [0x0000000704400000,0x0000000704400000,0x000000070c180000)
 Metaspace       used 10161K, capacity 10326K, committed 10496K, reserved 1058816K
  class space    used 1202K, capacity 1247K, committed 1280K, reserved 1048576K
Event: 3.851 GC heap after
Heap after GC invocations=1 (full 0):
 PSYoungGen      total 56320K, used 7470K [0x0000000781700000, 0x0000000785580000, 0x00000007c0000000)
  eden space 48640K, 0% used [0x0000000781700000,0x0000000781700000,0x0000000784680000)
  from space 7680K, 97% used [0x0000000784680000,0x0000000784dcbb00,0x0000000784e00000)
  to   space 7680K, 0% used [0x0000000784e00000,0x0000000784e00000,0x0000000785580000)
 ParOldGen       total 128512K, used 8K [0x0000000704400000, 0x000000070c180000, 0x0000000781700000)
  object space 128512K, 0% used [0x0000000704400000,0x0000000704402000,0x000000070c180000)
 Metaspace       used 10161K, capacity 10326K, committed 10496K, reserved 1058816K
  class space    used 1202K, capacity 1247K, committed 1280K, reserved 1048576K
}

Deoptimization events (10 events):
Event: 5.181 Thread 0x000000000241e000 Uncommon trap: reason=bimorphic action=maybe_recompile pc=0x00000000029e2060 method=java.util.HashMap.putVal(ILjava/lang/Object;Ljava/lang/Object;ZZ)Ljava/lang/Object; @ 203
Event: 5.181 Thread 0x000000000241e000 Uncommon trap: reason=bimorphic action=maybe_recompile pc=0x00000000029e8c54 method=java.util.HashMap.putVal(ILjava/lang/Object;Ljava/lang/Object;ZZ)Ljava/lang/Object; @ 203
Event: 5.714 Thread 0x000000000241e000 Uncommon trap: reason=unstable_if action=reinterpret pc=0x00000000029ac4cc method=org.codehaus.plexus.util.xml.pull.MXParser.parseStartTag()I @ 443
Event: 5.918 Thread 0x000000000241e000 Uncommon trap: reason=unstable_if action=reinterpret pc=0x0000000002c07898 method=org.codehaus.plexus.util.xml.pull.MXParser.isS(C)Z @ 21
Event: 5.919 Thread 0x000000000241e000 Uncommon trap: reason=unstable_if action=reinterpret pc=0x000000000298ec54 method=org.codehaus.plexus.util.xml.pull.MXParser.nextImpl()I @ 972
Event: 5.934 Thread 0x000000000241e000 Uncommon trap: reason=unstable_if action=reinterpret pc=0x00000000028e3a50 method=java.lang.AbstractStringBuilder.append(Ljava/lang/String;)Ljava/lang/AbstractStringBuilder; @ 1
Event: 5.934 Thread 0x000000000241e000 Uncommon trap: reason=unstable_if action=reinterpret pc=0x00000000028a893c method=java.lang.AbstractStringBuilder.append(Ljava/lang/String;)Ljava/lang/AbstractStringBuilder; @ 1
Event: 5.952 Thread 0x000000000241e000 Uncommon trap: reason=unstable_if action=reinterpret pc=0x0000000002827880 method=java.lang.String.replace(CC)Ljava/lang/String; @ 2
Event: 5.966 Thread 0x000000000241e000 Uncommon trap: reason=unstable_if action=reinterpret pc=0x00000000028de7fc method=java.lang.String.startsWith(Ljava/lang/String;I)Z @ 25
Event: 5.971 Thread 0x000000000241e000 Uncommon trap: reason=unstable_if action=reinterpret pc=0x000000000282a11c method=java.lang.String.startsWith(Ljava/lang/String;I)Z @ 25

Classes redefined (0 events):
No events

Internal exceptions (10 events):
Event: 5.169 Thread 0x000000000241e000 Exception <a 'java/lang/NoClassDefFoundError'> (0x0000000782db1b60) thrown at [C:\w\cpu\jdk8u-b04\ojdkbuild\lookaside\jdk8u_upstream\hotspot\src\share\vm\prims\jvm.cpp, line 1506]
Event: 5.169 Thread 0x000000000241e000 Exception <a 'java/lang/NoClassDefFoundError': javax/annotation/Priority> (0x0000000782db8590) thrown at [C:\w\cpu\jdk8u-b04\ojdkbuild\lookaside\jdk8u_upstream\hotspot\src\share\vm\classfile\systemDictionary.cpp, line 199]
Event: 5.843 Thread 0x000000000241e000 Exception <a 'java/lang/NullPointerException'> (0x000000078335e3a0) thrown at [C:\w\cpu\jdk8u-b04\ojdkbuild\lookaside\jdk8u_upstream\hotspot\src\share\vm\interpreter\linkResolver.cpp, line 1185]
Event: 5.843 Thread 0x000000000241e000 Exception <a 'java/lang/NullPointerException'> (0x000000078335e5b8) thrown at [C:\w\cpu\jdk8u-b04\ojdkbuild\lookaside\jdk8u_upstream\hotspot\src\share\vm\interpreter\linkResolver.cpp, line 1185]
Event: 5.843 Thread 0x000000000241e000 Exception <a 'java/lang/NullPointerException'> (0x000000078335e7d0) thrown at [C:\w\cpu\jdk8u-b04\ojdkbuild\lookaside\jdk8u_upstream\hotspot\src\share\vm\interpreter\linkResolver.cpp, line 1185]
Event: 5.848 Thread 0x000000000241e000 Exception <a 'java/lang/NullPointerException'> (0x0000000783375b38) thrown at [C:\w\cpu\jdk8u-b04\ojdkbuild\lookaside\jdk8u_upstream\hotspot\src\share\vm\interpreter\linkResolver.cpp, line 1185]
Event: 5.848 Thread 0x000000000241e000 Exception <a 'java/lang/NullPointerException'> (0x0000000783375d50) thrown at [C:\w\cpu\jdk8u-b04\ojdkbuild\lookaside\jdk8u_upstream\hotspot\src\share\vm\interpreter\linkResolver.cpp, line 1185]
Event: 5.848 Thread 0x000000000241e000 Exception <a 'java/lang/NullPointerException'> (0x0000000783375f68) thrown at [C:\w\cpu\jdk8u-b04\ojdkbuild\lookaside\jdk8u_upstream\hotspot\src\share\vm\interpreter\linkResolver.cpp, line 1185]
Event: 5.934 Thread 0x000000000241e000 Implicit null exception at 0x00000000028e3657 to 0x00000000028e3a39
Event: 5.934 Thread 0x000000000241e000 Implicit null exception at 0x00000000028a8596 to 0x00000000028a8925

Events (10 events):
Event: 6.162 loading class org/codehaus/plexus/interpolation/reflection/MethodMap
Event: 6.162 loading class org/codehaus/plexus/interpolation/reflection/MethodMap done
Event: 6.163 loading class org/apache/maven/model/MailingList
Event: 6.163 loading class org/apache/maven/model/MailingList done
Event: 6.187 loading class org/codehaus/plexus/interpolation/util/StringUtils
Event: 6.187 loading class org/codehaus/plexus/interpolation/util/StringUtils done
Event: 6.187 loading class org/apache/maven/model/Extension
Event: 6.187 loading class org/apache/maven/model/Extension done
Event: 6.189 loading class org/apache/maven/model/Site
Event: 6.189 loading class org/apache/maven/model/Site done


Dynamic libraries:
0x00007ff7f0600000 - 0x00007ff7f0635000 	C:\Java\openjdk-8u212-b04\bin\javaw.exe
0x00007ffcb6a30000 - 0x00007ffcb6c11000 	C:\WINDOWS\SYSTEM32\ntdll.dll
0x00007ffcb58c0000 - 0x00007ffcb5971000 	C:\WINDOWS\System32\KERNEL32.DLL
0x00007ffcb3170000 - 0x00007ffcb33e3000 	C:\WINDOWS\System32\KERNELBASE.dll
0x00007ffcb6090000 - 0x00007ffcb6131000 	C:\WINDOWS\System32\ADVAPI32.dll
0x00007ffcb6350000 - 0x00007ffcb63ee000 	C:\WINDOWS\System32\msvcrt.dll
0x00007ffcb69a0000 - 0x00007ffcb69fb000 	C:\WINDOWS\System32\sechost.dll
0x00007ffcb5240000 - 0x00007ffcb5364000 	C:\WINDOWS\System32\RPCRT4.dll
0x00007ffcb5730000 - 0x00007ffcb58c0000 	C:\WINDOWS\System32\USER32.dll
0x00007ffcb3150000 - 0x00007ffcb3170000 	C:\WINDOWS\System32\win32u.dll
0x00007ffcb3ab0000 - 0x00007ffcb3ad8000 	C:\WINDOWS\System32\GDI32.dll
0x00007ffcb2f50000 - 0x00007ffcb30e2000 	C:\WINDOWS\System32\gdi32full.dll
0x00007ffcb2430000 - 0x00007ffcb24cf000 	C:\WINDOWS\System32\msvcp_win.dll
0x00007ffcb33f0000 - 0x00007ffcb34e8000 	C:\WINDOWS\System32\ucrtbase.dll
0x00007ffca60e0000 - 0x00007ffca6349000 	C:\WINDOWS\WinSxS\amd64_microsoft.windows.common-controls_6595b64144ccf1df_6.0.17134.765_none_fb42a1a930655896\COMCTL32.dll
0x00007ffcb65a0000 - 0x00007ffcb68c2000 	C:\WINDOWS\System32\combase.dll
0x00007ffcb2e20000 - 0x00007ffcb2e9a000 	C:\WINDOWS\System32\bcryptPrimitives.dll
0x00007ffcb6440000 - 0x00007ffcb646d000 	C:\WINDOWS\System32\IMM32.DLL
0x00000000502f0000 - 0x0000000050329000 	C:\PROGRA~2\Sophos\SOPHOS~2\SOPHOS~2.DLL
0x00007ffcb6430000 - 0x00007ffcb6438000 	C:\WINDOWS\System32\PSAPI.DLL
0x00000000776f0000 - 0x00000000777c2000 	C:\Java\openjdk-8u212-b04\jre\bin\msvcr100.dll
0x00000000777d0000 - 0x0000000077ff4000 	C:\Java\openjdk-8u212-b04\jre\bin\server\jvm.dll
0x00007ffca92f0000 - 0x00007ffca92f9000 	C:\WINDOWS\SYSTEM32\WSOCK32.dll
0x00007ffcb5410000 - 0x00007ffcb547c000 	C:\WINDOWS\System32\WS2_32.dll
0x00007ffca9a90000 - 0x00007ffca9ab3000 	C:\WINDOWS\SYSTEM32\WINMM.dll
0x00007ffcad830000 - 0x00007ffcad83a000 	C:\WINDOWS\SYSTEM32\VERSION.dll
0x00007ffca9a60000 - 0x00007ffca9a8a000 	C:\WINDOWS\SYSTEM32\WINMMBASE.dll
0x00007ffcb24d0000 - 0x00007ffcb2519000 	C:\WINDOWS\System32\cfgmgr32.dll
0x00007ffc99510000 - 0x00007ffc9951f000 	C:\Java\openjdk-8u212-b04\jre\bin\verify.dll
0x00007ffc87870000 - 0x00007ffc87899000 	C:\Java\openjdk-8u212-b04\jre\bin\java.dll
0x00007ffc8b210000 - 0x00007ffc8b226000 	C:\Java\openjdk-8u212-b04\jre\bin\zip.dll
0x00007ffcb3b40000 - 0x00007ffcb4f80000 	C:\WINDOWS\System32\SHELL32.dll
0x00007ffcb6470000 - 0x00007ffcb6519000 	C:\WINDOWS\System32\shcore.dll
0x00007ffcb2710000 - 0x00007ffcb2e1d000 	C:\WINDOWS\System32\windows.storage.dll
0x00007ffcb6140000 - 0x00007ffcb6191000 	C:\WINDOWS\System32\shlwapi.dll
0x00007ffcb23c0000 - 0x00007ffcb23d1000 	C:\WINDOWS\System32\kernel.appcore.dll
0x00007ffcb23f0000 - 0x00007ffcb240f000 	C:\WINDOWS\System32\profapi.dll
0x00007ffcb2370000 - 0x00007ffcb23bc000 	C:\WINDOWS\System32\powrprof.dll
0x00007ffcb23e0000 - 0x00007ffcb23ea000 	C:\WINDOWS\System32\FLTLIB.DLL
0x00007ffcb1d40000 - 0x00007ffcb1d57000 	C:\WINDOWS\SYSTEM32\CRYPTSP.dll
0x00007ffcb1540000 - 0x00007ffcb1573000 	C:\WINDOWS\system32\rsaenh.dll
0x00007ffcb1e70000 - 0x00007ffcb1e95000 	C:\WINDOWS\SYSTEM32\bcrypt.dll
0x00007ffcb2270000 - 0x00007ffcb2298000 	C:\WINDOWS\SYSTEM32\USERENV.dll
0x00007ffcb1d60000 - 0x00007ffcb1d6b000 	C:\WINDOWS\SYSTEM32\CRYPTBASE.dll
0x00007ffc87850000 - 0x00007ffc8786a000 	C:\Java\openjdk-8u212-b04\jre\bin\net.dll
0x00007ffcb4f80000 - 0x00007ffcb5148000 	C:\WINDOWS\System32\urlmon.dll
0x00007ffcb5480000 - 0x00007ffcb5727000 	C:\WINDOWS\System32\iertutil.dll
0x00007ffcb1b90000 - 0x00007ffcb1bf6000 	C:\WINDOWS\system32\mswsock.dll
0x00007ffcb1910000 - 0x00007ffcb1948000 	C:\WINDOWS\SYSTEM32\IPHLPAPI.DLL
0x00007ffcb6340000 - 0x00007ffcb6348000 	C:\WINDOWS\System32\NSI.dll
0x00007ffcada20000 - 0x00007ffcada36000 	C:\WINDOWS\SYSTEM32\dhcpcsvc6.DLL
0x00007ffcada00000 - 0x00007ffcada1a000 	C:\WINDOWS\SYSTEM32\dhcpcsvc.DLL
0x00007ffc87730000 - 0x00007ffc87742000 	C:\Java\openjdk-8u212-b04\jre\bin\nio.dll
0x00007ffca72e0000 - 0x00007ffca72ea000 	C:\TEMP\jansi-1.17-3579917522326283134.dll
0x00007ffca72b0000 - 0x00007ffca72ba000 	C:\TEMP\jansi-1.17-2301184065093094779.dll

VM Arguments:
jvm_args: -Dmaven.home=EMBEDDED -Dclassworlds.conf=C:\workspaces\g2\.metadata\.plugins\org.eclipse.m2e.launching\launches\m2conf7382233931746075481.tmp -Dmaven.multiModuleProjectDirectory=C:\Users\Diontre.Pate\git\shuttle-app\server -Dfile.encoding=Cp1252 
java_command: org.codehaus.plexus.classworlds.launcher.Launcher -B clean install
java_class_path (initial): C:\Users\javauser\.p2\pool\plugins\org.eclipse.m2e.maven.runtime_1.11.0.20190220-2117\jars\plexus-classworlds-2.5.2.jar
Launcher Type: SUN_STANDARD

Environment Variables:
JAVA_HOME=C:\Java\openjdk-8u212-b04
PATH=C:/Java/openjdk-8u212-b04/bin/../jre/bin/server;C:/Java/openjdk-8u212-b04/bin/../jre/bin;C:/Java/openjdk-8u212-b04/bin/../jre/lib/amd64;C:\Java\openjdk-8u212-b04\bin;C:\ProgramData\Oracle\Java\javapath;C:\WINDOWS\system;C:\Java\openjdk-8u212-b04\bin;C:\WINDOWS\system32;C:\WINDOWS;C:\WINDOWS\System32\Wbem;C:\WINDOWS\System32\WindowsPowerShell\v1.0\;C:\Win7PowerTools;c:\maven\bin;C:\Program Files\Git\cmd;C:\WINDOWS\System32\OpenSSH\;C:\Program Files\Microsoft VS Code\bin;C:\Program Files\nodejs\;C:\Users\Diontre.Pate\AppData\Local\Microsoft\WindowsApps;;C:\Users\Diontre.Pate\Desktop;
USERNAME=Diontre.Pate
OS=Windows_NT
PROCESSOR_IDENTIFIER=Intel64 Family 6 Model 158 Stepping 10, GenuineIntel



---------------  S Y S T E M  ---------------

OS: Windows 10.0 , 64 bit Build 17134 (10.0.17134.753)

CPU:total 4 (initial active 4) (4 cores per cpu, 1 threads per core) family 6 model 158 stepping 10, cmov, cx8, fxsr, mmx, sse, sse2, sse3, ssse3, sse4.1, sse4.2, popcnt, avx, avx2, aes, clmul, 3dnowpref, lzcnt, tsc, tscinvbit

Memory: 4k page, physical 12303924k(2018396k free), swap 12303924k(5136k free)

vm_info: OpenJDK 64-Bit Server VM (25.212-b04) for windows-amd64 JRE (1.8.0_212-8u-04), built on Apr 10 2019 15:55:14 by "stooke" with MS VC++ 10.0 (VS2010)

time: Fri Jun 28 15:31:41 2019
timezone: Central Daylight Time
elapsed time: 6 seconds (0d 0h 0m 6s)

