#
# There is insufficient memory for the Java Runtime Environment to continue.
# Native memory allocation (malloc) failed to allocate 1188896 bytes for Chunk::new
# Possible reasons:
#   The system is out of physical RAM or swap space
#   The process is running with CompressedOops enabled, and the Java Heap may be blocking the growth of the native heap
# Possible solutions:
#   Reduce memory load on the system
#   Increase physical memory or swap space
#   Check if swap backing store is full
#   Decrease Java heap size (-Xmx/-Xms)
#   Decrease number of Java threads
#   Decrease Java thread stack sizes (-Xss)
#   Set larger code cache with -XX:ReservedCodeCacheSize=
#   JVM is running with Zero Based Compressed Oops mode in which the Java heap is
#     placed in the first 32GB address space. The Java Heap base address is the
#     maximum limit for the native heap growth. Please use -XX:HeapBaseMinAddress
#     to set the Java Heap base and to place the Java Heap above 32GB virtual address.
# This output file may be truncated or incomplete.
#
#  Out of Memory Error (allocation.cpp:389), pid=13040, tid=0x00000000000006e4
#
# JRE version: OpenJDK Runtime Environment (8.0_212) (build 1.8.0_212-8u-04)
# Java VM: OpenJDK 64-Bit Server VM (25.212-b04 mixed mode windows-amd64 compressed oops)
# Failed to write core dump. Minidumps are not enabled by default on client versions of Windows
#

---------------  T H R E A D  ---------------

Current thread (0x0000000019dd1000):  JavaThread "C2 CompilerThread1" daemon [_thread_in_native, id=1764, stack(0x000000001b520000,0x000000001b620000)]

Stack: [0x000000001b520000,0x000000001b620000]
[error occurred during error reporting (printing stack bounds), id 0xc0000005]

Native frames: (J=compiled Java code, j=interpreted, Vv=VM code, C=native code)


Current CompileTask:
C2:   4929 3865       4       java.net.URLClassLoader$1::run (5 bytes)


---------------  P R O C E S S  ---------------

Java Threads: ( => current thread )
  0x000000001b760800 JavaThread "Service Thread" daemon [_thread_blocked, id=11760, stack(0x000000001bb20000,0x000000001bc20000)]
  0x0000000019de1800 JavaThread "C1 CompilerThread2" daemon [_thread_blocked, id=11148, stack(0x000000001b620000,0x000000001b720000)]
=>0x0000000019dd1000 JavaThread "C2 CompilerThread1" daemon [_thread_in_native, id=1764, stack(0x000000001b520000,0x000000001b620000)]
  0x0000000019dcc000 JavaThread "C2 CompilerThread0" daemon [_thread_in_native, id=14320, stack(0x000000001b420000,0x000000001b520000)]
  0x0000000019dc9000 JavaThread "Attach Listener" daemon [_thread_blocked, id=13320, stack(0x000000001b320000,0x000000001b420000)]
  0x0000000019dc8000 JavaThread "Signal Dispatcher" daemon [_thread_blocked, id=12764, stack(0x000000001b220000,0x000000001b320000)]
  0x0000000002eda000 JavaThread "Finalizer" daemon [_thread_blocked, id=12768, stack(0x000000001b020000,0x000000001b120000)]
  0x0000000002ed1000 JavaThread "Reference Handler" daemon [_thread_blocked, id=3968, stack(0x000000001af20000,0x000000001b020000)]
  0x0000000002c5e000 JavaThread "main" [_thread_in_Java, id=13536, stack(0x0000000002c70000,0x0000000002d70000)]

Other Threads:
  0x0000000019d95800 VMThread [stack: 0x000000001ae20000,0x000000001af20000] [id=12164]
  0x0000000019e2d800 WatcherThread [stack: 0x000000001bc20000,0x000000001bd20000] [id=10864]

VM state:not at safepoint (normal execution)

VM Mutex/Monitor currently owned by a thread: None

heap address: 0x0000000704400000, size: 3004 MB, Compressed Oops mode: Zero based, Oop shift amount: 3
Narrow klass base: 0x0000000000000000, Narrow klass shift: 3
Compressed class space size: 1073741824 Address: 0x00000007c0000000

Heap:
 PSYoungGen      total 213504K, used 7918K [0x0000000781700000, 0x000000079ba00000, 0x00000007c0000000)
  eden space 194560K, 4% used [0x0000000781700000,0x0000000781ebb930,0x000000078d500000)
  from space 18944K, 0% used [0x000000078d500000,0x000000078d500000,0x000000078e780000)
  to   space 19968K, 0% used [0x000000079a680000,0x000000079a680000,0x000000079ba00000)
 ParOldGen       total 123392K, used 36976K [0x0000000704400000, 0x000000070bc80000, 0x0000000781700000)
  object space 123392K, 29% used [0x0000000704400000,0x000000070681c2b8,0x000000070bc80000)
 Metaspace       used 21337K, capacity 21760K, committed 21936K, reserved 1069056K
  class space    used 2312K, capacity 2452K, committed 2560K, reserved 1048576K

Card table byte_map: [0x00000000122a0000,0x0000000012880000] byte_map_base: 0x000000000ea7e000

Marking Bits: (ParMarkBitMap*) 0x000000006b4e8be0
 Begin Bits: [0x0000000013070000, 0x0000000015f60000)
 End Bits:   [0x0000000015f60000, 0x0000000018e50000)

Polling page: 0x0000000002c40000

CodeCache: size=245760Kb used=15825Kb max_used=15825Kb free=229934Kb
 bounds [0x0000000002ee0000, 0x0000000003e60000, 0x0000000011ee0000]
 total_blobs=4498 nmethods=3887 adapters=524
 compilation: enabled

Compilation events (10 events):
Event: 4.897 Thread 0x0000000019de1800 3924   !   3       sun.reflect.misc.ReflectUtil::isPackageAccessible (12 bytes)
Event: 4.898 Thread 0x0000000019de1800 nmethod 3924 0x0000000003e54f50 code [0x0000000003e55100, 0x0000000003e55518]
Event: 4.898 Thread 0x0000000019de1800 3926       1       groovy.lang.MetaProperty::getName (5 bytes)
Event: 4.898 Thread 0x0000000019de1800 nmethod 3926 0x0000000003e55750 code [0x0000000003e558a0, 0x0000000003e559b0]
Event: 4.898 Thread 0x0000000019de1800 3923   !   3       com.sun.beans.TypeResolver::resolve (274 bytes)
Event: 4.899 Thread 0x0000000019de1800 nmethod 3923 0x0000000003e55a10 code [0x0000000003e55e60, 0x0000000003e58a58]
Event: 4.905 Thread 0x0000000019de1800 3929       3       org.codehaus.groovy.util.AbstractConcurrentMap::segmentFor (9 bytes)
Event: 4.905 Thread 0x0000000019de1800 nmethod 3929 0x0000000003e599d0 code [0x0000000003e59b40, 0x0000000003e59e10]
Event: 4.907 Thread 0x0000000019de1800 3930   !   3       org.codehaus.groovy.util.AbstractConcurrentMap$Segment::put (382 bytes)
Event: 4.909 Thread 0x0000000019de1800 nmethod 3930 0x0000000003e59f50 code [0x0000000003e5a360, 0x0000000003e5d6f8]

GC Heap History (10 events):
Event: 2.251 GC heap before
{Heap before GC invocations=4 (full 0):
 PSYoungGen      total 56320K, used 56288K [0x0000000781700000, 0x0000000788500000, 0x00000007c0000000)
  eden space 48640K, 100% used [0x0000000781700000,0x0000000784680000,0x0000000784680000)
  from space 7680K, 99% used [0x0000000784680000,0x0000000784df8020,0x0000000784e00000)
  to   space 7680K, 0% used [0x0000000787d80000,0x0000000787d80000,0x0000000788500000)
 ParOldGen       total 128512K, used 7851K [0x0000000704400000, 0x000000070c180000, 0x0000000781700000)
  object space 128512K, 6% used [0x0000000704400000,0x0000000704baade0,0x000000070c180000)
 Metaspace       used 15678K, capacity 15904K, committed 16000K, reserved 1062912K
  class space    used 1820K, capacity 1912K, committed 1920K, reserved 1048576K
Event: 2.267 GC heap after
Heap after GC invocations=4 (full 0):
 PSYoungGen      total 104960K, used 7664K [0x0000000781700000, 0x0000000788500000, 0x00000007c0000000)
  eden space 97280K, 0% used [0x0000000781700000,0x0000000781700000,0x0000000787600000)
  from space 7680K, 99% used [0x0000000787d80000,0x00000007884fc030,0x0000000788500000)
  to   space 7680K, 0% used [0x0000000787600000,0x0000000787600000,0x0000000787d80000)
 ParOldGen       total 128512K, used 12689K [0x0000000704400000, 0x000000070c180000, 0x0000000781700000)
  object space 128512K, 9% used [0x0000000704400000,0x0000000705064730,0x000000070c180000)
 Metaspace       used 15678K, capacity 15904K, committed 16000K, reserved 1062912K
  class space    used 1820K, capacity 1912K, committed 1920K, reserved 1048576K
}
Event: 2.866 GC heap before
{Heap before GC invocations=5 (full 0):
 PSYoungGen      total 104960K, used 104944K [0x0000000781700000, 0x0000000788500000, 0x00000007c0000000)
  eden space 97280K, 100% used [0x0000000781700000,0x0000000787600000,0x0000000787600000)
  from space 7680K, 99% used [0x0000000787d80000,0x00000007884fc030,0x0000000788500000)
  to   space 7680K, 0% used [0x0000000787600000,0x0000000787600000,0x0000000787d80000)
 ParOldGen       total 128512K, used 12689K [0x0000000704400000, 0x000000070c180000, 0x0000000781700000)
  object space 128512K, 9% used [0x0000000704400000,0x0000000705064730,0x000000070c180000)
 Metaspace       used 16217K, capacity 16446K, committed 16512K, reserved 1064960K
  class space    used 1837K, capacity 1917K, committed 1920K, reserved 1048576K
Event: 2.892 GC heap after
Heap after GC invocations=5 (full 0):
 PSYoungGen      total 104960K, used 7680K [0x0000000781700000, 0x000000078fa00000, 0x00000007c0000000)
  eden space 97280K, 0% used [0x0000000781700000,0x0000000781700000,0x0000000787600000)
  from space 7680K, 100% used [0x0000000787600000,0x0000000787d80000,0x0000000787d80000)
  to   space 18944K, 0% used [0x000000078e780000,0x000000078e780000,0x000000078fa00000)
 ParOldGen       total 128512K, used 22502K [0x0000000704400000, 0x000000070c180000, 0x0000000781700000)
  object space 128512K, 17% used [0x0000000704400000,0x00000007059f9a50,0x000000070c180000)
 Metaspace       used 16217K, capacity 16446K, committed 16512K, reserved 1064960K
  class space    used 1837K, capacity 1917K, committed 1920K, reserved 1048576K
}
Event: 3.896 GC heap before
{Heap before GC invocations=6 (full 0):
 PSYoungGen      total 104960K, used 104960K [0x0000000781700000, 0x000000078fa00000, 0x00000007c0000000)
  eden space 97280K, 100% used [0x0000000781700000,0x0000000787600000,0x0000000787600000)
  from space 7680K, 100% used [0x0000000787600000,0x0000000787d80000,0x0000000787d80000)
  to   space 18944K, 0% used [0x000000078e780000,0x000000078e780000,0x000000078fa00000)
 ParOldGen       total 128512K, used 22502K [0x0000000704400000, 0x000000070c180000, 0x0000000781700000)
  object space 128512K, 17% used [0x0000000704400000,0x00000007059f9a50,0x000000070c180000)
 Metaspace       used 16613K, capacity 16880K, committed 17152K, reserved 1064960K
  class space    used 1854K, capacity 1952K, committed 2048K, reserved 1048576K
Event: 3.917 GC heap after
Heap after GC invocations=6 (full 0):
 PSYoungGen      total 213504K, used 14224K [0x0000000781700000, 0x000000078fa00000, 0x00000007c0000000)
  eden space 194560K, 0% used [0x0000000781700000,0x0000000781700000,0x000000078d500000)
  from space 18944K, 75% used [0x000000078e780000,0x000000078f564030,0x000000078fa00000)
  to   space 18944K, 0% used [0x000000078d500000,0x000000078d500000,0x000000078e780000)
 ParOldGen       total 128512K, used 22510K [0x0000000704400000, 0x000000070c180000, 0x0000000781700000)
  object space 128512K, 17% used [0x0000000704400000,0x00000007059fba50,0x000000070c180000)
 Metaspace       used 16613K, capacity 16880K, committed 17152K, reserved 1064960K
  class space    used 1854K, capacity 1952K, committed 2048K, reserved 1048576K
}
Event: 4.630 GC heap before
{Heap before GC invocations=7 (full 0):
 PSYoungGen      total 213504K, used 92440K [0x0000000781700000, 0x000000078fa00000, 0x00000007c0000000)
  eden space 194560K, 40% used [0x0000000781700000,0x00000007863620f8,0x000000078d500000)
  from space 18944K, 75% used [0x000000078e780000,0x000000078f564030,0x000000078fa00000)
  to   space 18944K, 0% used [0x000000078d500000,0x000000078d500000,0x000000078e780000)
 ParOldGen       total 128512K, used 22510K [0x0000000704400000, 0x000000070c180000, 0x0000000781700000)
  object space 128512K, 17% used [0x0000000704400000,0x00000007059fba50,0x000000070c180000)
 Metaspace       used 20752K, capacity 21140K, committed 21296K, reserved 1069056K
  class space    used 2241K, capacity 2352K, committed 2432K, reserved 1048576K
Event: 4.660 GC heap after
Heap after GC invocations=7 (full 0):
 PSYoungGen      total 213504K, used 16145K [0x0000000781700000, 0x000000079ba00000, 0x00000007c0000000)
  eden space 194560K, 0% used [0x0000000781700000,0x0000000781700000,0x000000078d500000)
  from space 18944K, 85% used [0x000000078d500000,0x000000078e4c4780,0x000000078e780000)
  to   space 19968K, 0% used [0x000000079a680000,0x000000079a680000,0x000000079ba00000)
 ParOldGen       total 128512K, used 26444K [0x0000000704400000, 0x000000070c180000, 0x0000000781700000)
  object space 128512K, 20% used [0x0000000704400000,0x0000000705dd3300,0x000000070c180000)
 Metaspace       used 20752K, capacity 21140K, committed 21296K, reserved 1069056K
  class space    used 2241K, capacity 2352K, committed 2432K, reserved 1048576K
}
Event: 4.660 GC heap before
{Heap before GC invocations=8 (full 1):
 PSYoungGen      total 213504K, used 16145K [0x0000000781700000, 0x000000079ba00000, 0x00000007c0000000)
  eden space 194560K, 0% used [0x0000000781700000,0x0000000781700000,0x000000078d500000)
  from space 18944K, 85% used [0x000000078d500000,0x000000078e4c4780,0x000000078e780000)
  to   space 19968K, 0% used [0x000000079a680000,0x000000079a680000,0x000000079ba00000)
 ParOldGen       total 128512K, used 26444K [0x0000000704400000, 0x000000070c180000, 0x0000000781700000)
  object space 128512K, 20% used [0x0000000704400000,0x0000000705dd3300,0x000000070c180000)
 Metaspace       used 20752K, capacity 21140K, committed 21296K, reserved 1069056K
  class space    used 2241K, capacity 2352K, committed 2432K, reserved 1048576K
Event: 4.856 GC heap after
Heap after GC invocations=8 (full 1):
 PSYoungGen      total 213504K, used 0K [0x0000000781700000, 0x000000079ba00000, 0x00000007c0000000)
  eden space 194560K, 0% used [0x0000000781700000,0x0000000781700000,0x000000078d500000)
  from space 18944K, 0% used [0x000000078d500000,0x000000078d500000,0x000000078e780000)
  to   space 19968K, 0% used [0x000000079a680000,0x000000079a680000,0x000000079ba00000)
 ParOldGen       total 123392K, used 36976K [0x0000000704400000, 0x000000070bc80000, 0x0000000781700000)
  object space 123392K, 29% used [0x0000000704400000,0x000000070681c2b8,0x000000070bc80000)
 Metaspace       used 20752K, capacity 21140K, committed 21296K, reserved 1069056K
  class space    used 2241K, capacity 2352K, committed 2432K, reserved 1048576K
}

Deoptimization events (10 events):
Event: 4.317 Thread 0x0000000002c5e000 Uncommon trap: reason=unstable_if action=reinterpret pc=0x0000000003bc554c method=java.util.IdentityHashMap.closeDeletion(I)V @ 22
Event: 4.349 Thread 0x0000000002c5e000 Uncommon trap: reason=class_check action=maybe_recompile pc=0x0000000003b43404 method=org.eclipse.sisu.wire.EntryListAdapter$ValueIterator.hasNext()Z @ 4
Event: 4.354 Thread 0x0000000002c5e000 Uncommon trap: reason=unstable_if action=reinterpret pc=0x00000000036d0100 method=org.eclipse.sisu.plexus.RealmFilteredBeans$FilteredItr.hasNext()Z @ 44
Event: 4.354 Thread 0x0000000002c5e000 Uncommon trap: reason=unstable_if action=reinterpret pc=0x000000000370ea88 method=org.eclipse.sisu.plexus.RealmFilteredBeans$FilteredItr.hasNext()Z @ 44
Event: 4.502 Thread 0x0000000002c5e000 Uncommon trap: reason=unstable_if action=reinterpret pc=0x0000000003436c40 method=java.util.HashMap.hash(Ljava/lang/Object;)I @ 1
Event: 4.596 Thread 0x0000000002c5e000 Uncommon trap: reason=unstable_if action=reinterpret pc=0x0000000003e21104 method=org.codehaus.plexus.classworlds.realm.Entry.matches(Ljava/lang/String;)Z @ 20
Event: 4.926 Thread 0x0000000002c5e000 Uncommon trap: reason=bimorphic action=maybe_recompile pc=0x00000000033bf0a8 method=java.lang.ClassLoader.loadClass(Ljava/lang/String;Z)Ljava/lang/Class; @ 38
Event: 4.926 Thread 0x0000000002c5e000 Uncommon trap: reason=bimorphic action=maybe_recompile pc=0x00000000033bf0a8 method=java.lang.ClassLoader.loadClass(Ljava/lang/String;Z)Ljava/lang/Class; @ 38
Event: 4.926 Thread 0x0000000002c5e000 Uncommon trap: reason=bimorphic action=maybe_recompile pc=0x00000000033bf0a8 method=java.lang.ClassLoader.loadClass(Ljava/lang/String;Z)Ljava/lang/Class; @ 38
Event: 4.926 Thread 0x0000000002c5e000 Uncommon trap: reason=bimorphic action=maybe_recompile pc=0x00000000033bf0a8 method=java.lang.ClassLoader.loadClass(Ljava/lang/String;Z)Ljava/lang/Class; @ 38

Classes redefined (0 events):
No events

Internal exceptions (10 events):
Event: 4.440 Thread 0x0000000002c5e000 Exception <a 'java/lang/NoClassDefFoundError': Lorg/sonatype/aether/repository/RemoteRepository;> (0x00000007853e0160) thrown at [C:\w\cpu\jdk8u-b04\ojdkbuild\lookaside\jdk8u_upstream\hotspot\src\share\vm\classfile\systemDictionary.cpp, line 199]
Event: 4.502 Thread 0x0000000002c5e000 Implicit null exception at 0x000000000343679b to 0x0000000003436c25
Event: 4.884 Thread 0x0000000002c5e000 Exception <a 'java/lang/ClassNotFoundException': groovy/lang/ExpandoMetaClassBeanInfo> (0x000000078183ae28) thrown at [C:\w\cpu\jdk8u-b04\ojdkbuild\lookaside\jdk8u_upstream\hotspot\src\share\vm\classfile\systemDictionary.cpp, line 210]
Event: 4.884 Thread 0x0000000002c5e000 Exception <a 'java/lang/ClassNotFoundException': groovy/lang/MetaClassImplBeanInfo> (0x00000007818497a0) thrown at [C:\w\cpu\jdk8u-b04\ojdkbuild\lookaside\jdk8u_upstream\hotspot\src\share\vm\classfile\systemDictionary.cpp, line 210]
Event: 4.885 Thread 0x0000000002c5e000 Exception <a 'java/lang/ClassNotFoundException': java/lang/ObjectBeanInfo> (0x0000000781850618) thrown at [C:\w\cpu\jdk8u-b04\ojdkbuild\lookaside\jdk8u_upstream\hotspot\src\share\vm\classfile\systemDictionary.cpp, line 210]
Event: 4.885 Thread 0x0000000002c5e000 Exception <a 'java/lang/ClassNotFoundException': java/lang/ObjectCustomizer> (0x00000007818575f8) thrown at [C:\w\cpu\jdk8u-b04\ojdkbuild\lookaside\jdk8u_upstream\hotspot\src\share\vm\classfile\systemDictionary.cpp, line 210]
Event: 4.887 Thread 0x0000000002c5e000 Exception <a 'java/lang/ClassNotFoundException': groovy/lang/MetaClassImplCustomizer> (0x000000078186bfb8) thrown at [C:\w\cpu\jdk8u-b04\ojdkbuild\lookaside\jdk8u_upstream\hotspot\src\share\vm\classfile\systemDictionary.cpp, line 210]
Event: 4.889 Thread 0x0000000002c5e000 Exception <a 'java/lang/ClassNotFoundException': groovy/lang/ExpandoMetaClassCustomizer> (0x00000007818a3ac8) thrown at [C:\w\cpu\jdk8u-b04\ojdkbuild\lookaside\jdk8u_upstream\hotspot\src\share\vm\classfile\systemDictionary.cpp, line 210]
Event: 4.897 Thread 0x0000000002c5e000 Exception <a 'java/lang/ClassNotFoundException': org/gcontracts/generation/ConfiguratorBeanInfo> (0x000000078192d840) thrown at [C:\w\cpu\jdk8u-b04\ojdkbuild\lookaside\jdk8u_upstream\hotspot\src\share\vm\classfile\systemDictionary.cpp, line 210]
Event: 4.897 Thread 0x0000000002c5e000 Exception <a 'java/lang/ClassNotFoundException': org/gcontracts/generation/ConfiguratorCustomizer> (0x000000078193ec98) thrown at [C:\w\cpu\jdk8u-b04\ojdkbuild\lookaside\jdk8u_upstream\hotspot\src\share\vm\classfile\systemDictionary.cpp, line 210]

Events (10 events):
Event: 4.926 Thread 0x0000000002c5e000 DEOPT PACKING pc=0x00000000033bf0a8 sp=0x0000000002d6ae00
Event: 4.926 Thread 0x0000000002c5e000 DEOPT UNPACKING pc=0x0000000002f2557b sp=0x0000000002d6ae10 mode 2
Event: 4.926 Thread 0x0000000002c5e000 Uncommon trap: trap_request=0xffffffc6 fr.pc=0x00000000033bf0a8
Event: 4.926 Thread 0x0000000002c5e000 DEOPT PACKING pc=0x00000000033bf0a8 sp=0x0000000002d6ae00
Event: 4.926 Thread 0x0000000002c5e000 DEOPT UNPACKING pc=0x0000000002f2557b sp=0x0000000002d6ae10 mode 2
Event: 4.926 Thread 0x0000000002c5e000 Uncommon trap: trap_request=0xffffffc6 fr.pc=0x00000000033bf0a8
Event: 4.926 Thread 0x0000000002c5e000 DEOPT PACKING pc=0x00000000033bf0a8 sp=0x0000000002d6b6e0
Event: 4.926 Thread 0x0000000002c5e000 DEOPT UNPACKING pc=0x0000000002f2557b sp=0x0000000002d6b6f0 mode 2
Event: 4.928 loading class groovy/runtime/metaclass/org/jfrog/build/extractor/maven/plugin/PublishMojoMetaClass
Event: 4.928 loading class groovy/runtime/metaclass/org/jfrog/build/extractor/maven/plugin/PublishMojoMetaClass done


Dynamic libraries:
0x00007ff65fb10000 - 0x00007ff65fb45000 	C:\Java\openjdk-8u212-b04\bin\javaw.exe
0x00007ffda64a0000 - 0x00007ffda6681000 	C:\WINDOWS\SYSTEM32\ntdll.dll
0x00007ffda4c50000 - 0x00007ffda4d01000 	C:\WINDOWS\System32\KERNEL32.DLL
0x00007ffda2970000 - 0x00007ffda2be3000 	C:\WINDOWS\System32\KERNELBASE.dll
0x00007ffda4fe0000 - 0x00007ffda5081000 	C:\WINDOWS\System32\ADVAPI32.dll
0x00007ffda4d10000 - 0x00007ffda4dae000 	C:\WINDOWS\System32\msvcrt.dll
0x00007ffda4a60000 - 0x00007ffda4abb000 	C:\WINDOWS\System32\sechost.dll
0x00007ffda4b20000 - 0x00007ffda4c44000 	C:\WINDOWS\System32\RPCRT4.dll
0x00007ffda4e50000 - 0x00007ffda4fe0000 	C:\WINDOWS\System32\USER32.dll
0x00007ffda2f40000 - 0x00007ffda2f60000 	C:\WINDOWS\System32\win32u.dll
0x00007ffda6440000 - 0x00007ffda6468000 	C:\WINDOWS\System32\GDI32.dll
0x00007ffda2d50000 - 0x00007ffda2ee2000 	C:\WINDOWS\System32\gdi32full.dll
0x00007ffda28d0000 - 0x00007ffda296f000 	C:\WINDOWS\System32\msvcp_win.dll
0x00007ffda2c50000 - 0x00007ffda2d48000 	C:\WINDOWS\System32\ucrtbase.dll
0x00007ffd950a0000 - 0x00007ffd95309000 	C:\WINDOWS\WinSxS\amd64_microsoft.windows.common-controls_6595b64144ccf1df_6.0.17134.765_none_fb42a1a930655896\COMCTL32.dll
0x00007ffda4700000 - 0x00007ffda4a22000 	C:\WINDOWS\System32\combase.dll
0x00007ffda2140000 - 0x00007ffda21ba000 	C:\WINDOWS\System32\bcryptPrimitives.dll
0x00007ffda4a30000 - 0x00007ffda4a5d000 	C:\WINDOWS\System32\IMM32.DLL
0x000000006b640000 - 0x000000006b679000 	C:\PROGRA~2\Sophos\SOPHOS~2\SOPHOS~2.DLL
0x00007ffda6430000 - 0x00007ffda6438000 	C:\WINDOWS\System32\PSAPI.DLL
0x000000006ab00000 - 0x000000006abd2000 	C:\Java\openjdk-8u212-b04\jre\bin\msvcr100.dll
0x000000006ad40000 - 0x000000006b564000 	C:\Java\openjdk-8u212-b04\jre\bin\server\jvm.dll
0x00007ffd99990000 - 0x00007ffd99999000 	C:\WINDOWS\SYSTEM32\WSOCK32.dll
0x00007ffda5780000 - 0x00007ffda57ec000 	C:\WINDOWS\System32\WS2_32.dll
0x00007ffd980e0000 - 0x00007ffd98103000 	C:\WINDOWS\SYSTEM32\WINMM.dll
0x00007ffd93cf0000 - 0x00007ffd93d1a000 	C:\WINDOWS\SYSTEM32\WINMMBASE.dll
0x00007ffd9d240000 - 0x00007ffd9d24a000 	C:\WINDOWS\SYSTEM32\VERSION.dll
0x00007ffda2ef0000 - 0x00007ffda2f39000 	C:\WINDOWS\System32\cfgmgr32.dll
0x00007ffd890c0000 - 0x00007ffd890cf000 	C:\Java\openjdk-8u212-b04\jre\bin\verify.dll
0x00007ffd89090000 - 0x00007ffd890b9000 	C:\Java\openjdk-8u212-b04\jre\bin\java.dll
0x00007ffd89070000 - 0x00007ffd89086000 	C:\Java\openjdk-8u212-b04\jre\bin\zip.dll
0x00007ffda3240000 - 0x00007ffda4680000 	C:\WINDOWS\System32\SHELL32.dll
0x00007ffda2f60000 - 0x00007ffda3009000 	C:\WINDOWS\System32\shcore.dll
0x00007ffda21c0000 - 0x00007ffda28cd000 	C:\WINDOWS\System32\windows.storage.dll
0x00007ffda5980000 - 0x00007ffda59d1000 	C:\WINDOWS\System32\shlwapi.dll
0x00007ffda1de0000 - 0x00007ffda1df1000 	C:\WINDOWS\System32\kernel.appcore.dll
0x00007ffda1e30000 - 0x00007ffda1e4f000 	C:\WINDOWS\System32\profapi.dll
0x00007ffda1e50000 - 0x00007ffda1e9c000 	C:\WINDOWS\System32\powrprof.dll
0x00007ffda1e20000 - 0x00007ffda1e2a000 	C:\WINDOWS\System32\FLTLIB.DLL
0x00007ffda17b0000 - 0x00007ffda17c7000 	C:\WINDOWS\SYSTEM32\CRYPTSP.dll
0x00007ffda0fb0000 - 0x00007ffda0fe3000 	C:\WINDOWS\system32\rsaenh.dll
0x00007ffda18e0000 - 0x00007ffda1905000 	C:\WINDOWS\SYSTEM32\bcrypt.dll
0x00007ffda1ce0000 - 0x00007ffda1d08000 	C:\WINDOWS\SYSTEM32\USERENV.dll
0x00007ffda17d0000 - 0x00007ffda17db000 	C:\WINDOWS\SYSTEM32\CRYPTBASE.dll
0x00007ffd88fc0000 - 0x00007ffd88fda000 	C:\Java\openjdk-8u212-b04\jre\bin\net.dll
0x00007ffda3010000 - 0x00007ffda31d8000 	C:\WINDOWS\System32\urlmon.dll
0x00007ffda6180000 - 0x00007ffda6427000 	C:\WINDOWS\System32\iertutil.dll
0x00007ffda1600000 - 0x00007ffda1666000 	C:\WINDOWS\system32\mswsock.dll
0x00007ffda1380000 - 0x00007ffda13b8000 	C:\WINDOWS\SYSTEM32\IPHLPAPI.DLL
0x00007ffda5180000 - 0x00007ffda5188000 	C:\WINDOWS\System32\NSI.dll
0x00007ffd9d7e0000 - 0x00007ffd9d7f6000 	C:\WINDOWS\SYSTEM32\dhcpcsvc6.DLL
0x00007ffd9d6d0000 - 0x00007ffd9d6ea000 	C:\WINDOWS\SYSTEM32\dhcpcsvc.DLL
0x00007ffd78c10000 - 0x00007ffd78c22000 	C:\Java\openjdk-8u212-b04\jre\bin\nio.dll
0x00007ffd9eac0000 - 0x00007ffd9eaca000 	C:\TEMP\jansi-1.17-5464092224299122930.dll
0x00007ffd9e7a0000 - 0x00007ffd9e7aa000 	C:\TEMP\jansi-1.17-8694498010982765646.dll
0x00007ffd9eb00000 - 0x00007ffd9eb0d000 	C:\Java\openjdk-8u212-b04\jre\bin\management.dll

VM Arguments:
jvm_args: -Dmaven.home=EMBEDDED -Dclassworlds.conf=C:\workspaces\g2\.metadata\.plugins\org.eclipse.m2e.launching\launches\m2conf3558200941573341129.tmp -Dmaven.multiModuleProjectDirectory=C:\Users\Diontre.Pate\git\shuttle-app\server -Dfile.encoding=Cp1252 
java_command: org.codehaus.plexus.classworlds.launcher.Launcher -B clean install
java_class_path (initial): C:\Users\javauser\.p2\pool\plugins\org.eclipse.m2e.maven.runtime_1.11.0.20190220-2117\jars\plexus-classworlds-2.5.2.jar
Launcher Type: SUN_STANDARD

Environment Variables:
JAVA_HOME=C:\Java\openjdk-8u212-b04
PATH=C:/Java/openjdk-8u212-b04/bin/../jre/bin/server;C:/Java/openjdk-8u212-b04/bin/../jre/bin;C:/Java/openjdk-8u212-b04/bin/../jre/lib/amd64;C:\Python27\;C:\Python27\Scripts;C:\Java\openjdk-8u212-b04\bin;C:\ProgramData\Oracle\Java\javapath;C:\WINDOWS\system;C:\Java\openjdk-8u212-b04\bin;C:\WINDOWS\system32;C:\WINDOWS;C:\WINDOWS\System32\Wbem;C:\WINDOWS\System32\WindowsPowerShell\v1.0\;C:\Win7PowerTools;c:\maven\bin;C:\Program Files\Git\cmd;C:\WINDOWS\System32\OpenSSH\;C:\Program Files\Microsoft VS Code\bin;C:\Program Files\nodejs\;C:\Users\Diontre.Pate\AppData\Local\Microsoft\WindowsApps;;C:\Users\Diontre.Pate\Desktop;
USERNAME=Diontre.Pate
OS=Windows_NT
PROCESSOR_IDENTIFIER=Intel64 Family 6 Model 158 Stepping 10, GenuineIntel



---------------  S Y S T E M  ---------------

OS: Windows 10.0 , 64 bit Build 17134 (10.0.17134.753)

CPU:total 4 (initial active 4) (4 cores per cpu, 1 threads per core) family 6 model 158 stepping 10, cmov, cx8, fxsr, mmx, sse, sse2, sse3, ssse3, sse4.1, sse4.2, popcnt, avx, avx2, aes, clmul, 3dnowpref, lzcnt, tsc, tscinvbit

Memory: 4k page, physical 12303924k(2009200k free), swap 12303924k(6712k free)

vm_info: OpenJDK 64-Bit Server VM (25.212-b04) for windows-amd64 JRE (1.8.0_212-8u-04), built on Apr 10 2019 15:55:14 by "stooke" with MS VC++ 10.0 (VS2010)

time: Mon Jul 15 08:24:17 2019
timezone: Central Daylight Time
elapsed time: 4 seconds (0d 0h 0m 4s)

