#
# There is insufficient memory for the Java Runtime Environment to continue.
# Native memory allocation (malloc) failed to allocate 1048576 bytes for AllocateHeap
# Possible reasons:
#   The system is out of physical RAM or swap space
#   The process is running with CompressedOops enabled, and the Java Heap may be blocking the growth of the native heap
# Possible solutions:
#   Reduce memory load on the system
#   Increase physical memory or swap space
#   Check if swap backing store is full
#   Decrease Java heap size (-Xmx/-Xms)
#   Decrease number of Java threads
#   Decrease Java thread stack sizes (-Xss)
#   Set larger code cache with -XX:ReservedCodeCacheSize=
#   JVM is running with Zero Based Compressed Oops mode in which the Java heap is
#     placed in the first 32GB address space. The Java Heap base address is the
#     maximum limit for the native heap growth. Please use -XX:HeapBaseMinAddress
#     to set the Java Heap base and to place the Java Heap above 32GB virtual address.
# This output file may be truncated or incomplete.
#
#  Out of Memory Error (memory/allocation.inline.hpp:61), pid=16844, tid=0x0000000000001e44
#
# JRE version:  (8.0_212) (build )
# Java VM: OpenJDK 64-Bit Server VM (25.212-b04 mixed mode windows-amd64 compressed oops)
# Failed to write core dump. Minidumps are not enabled by default on client versions of Windows
#

---------------  T H R E A D  ---------------

Current thread (0x000000000248e000):  JavaThread "Unknown thread" [_thread_in_vm, id=7748, stack(0x0000000002490000,0x0000000002590000)]

Stack: [0x0000000002490000,0x0000000002590000]
[error occurred during error reporting (printing stack bounds), id 0xc0000005]

Native frames: (J=compiled Java code, j=interpreted, Vv=VM code, C=native code)


---------------  P R O C E S S  ---------------

Java Threads: ( => current thread )

Other Threads:

=>0x000000000248e000 (exited) JavaThread "Unknown thread" [_thread_in_vm, id=7748, stack(0x0000000002490000,0x0000000002590000)]

VM state:not at safepoint (normal execution)

VM Mutex/Monitor currently owned by a thread: None

heap address: 0x0000000704400000, size: 3004 MB, Compressed Oops mode: Zero based, Oop shift amount: 3
Narrow klass base: 0x0000000000000000, Narrow klass shift: 3
Compressed class space size: 1073741824 Address: 0x00000007c0000000

Heap:
 PSYoungGen      total 56320K, used 972K [0x0000000781700000, 0x0000000785580000, 0x00000007c0000000)
  eden space 48640K, 2% used [0x0000000781700000,0x00000007817f3340,0x0000000784680000)
  from space 7680K, 0% used [0x0000000784e00000,0x0000000784e00000,0x0000000785580000)
  to   space 7680K, 0% used [0x0000000784680000,0x0000000784680000,0x0000000784e00000)
 ParOldGen       total 128512K, used 0K [0x0000000704400000, 0x000000070c180000, 0x0000000781700000)
  object space 128512K, 0% used [0x0000000704400000,0x0000000704400000,0x000000070c180000)
 Metaspace       used 777K, capacity 4480K, committed 4480K, reserved 1056768K
  class space    used 74K, capacity 384K, committed 384K, reserved 1048576K

Card table byte_map: [0x0000000011a50000,0x0000000012030000] byte_map_base: 0x000000000e22e000

Marking Bits: (ParMarkBitMap*) 0x0000000052758be0
 Begin Bits: [0x0000000012820000, 0x0000000015710000)
 End Bits:   [0x0000000015710000, 0x0000000018600000)

Polling page: 0x0000000002230000

CodeCache: size=245760Kb used=328Kb max_used=328Kb free=245431Kb
 bounds [0x0000000002690000, 0x0000000002900000, 0x0000000011690000]
 total_blobs=57 nmethods=0 adapters=38
 compilation: enabled

Compilation events (0 events):
No events

GC Heap History (0 events):
No events

Deoptimization events (0 events):
No events

Classes redefined (0 events):
No events

Internal exceptions (0 events):
No events

Events (10 events):
Event: 0.019 loading class java/lang/Short
Event: 0.019 loading class java/lang/Short done
Event: 0.019 loading class java/lang/Integer
Event: 0.019 loading class java/lang/Integer done
Event: 0.019 loading class java/lang/Long
Event: 0.020 loading class java/lang/Long done
Event: 0.020 loading class java/lang/NullPointerException
Event: 0.020 loading class java/lang/NullPointerException done
Event: 0.020 loading class java/lang/ArithmeticException
Event: 0.020 loading class java/lang/ArithmeticException done


Dynamic libraries:
0x00007ff7e57a0000 - 0x00007ff7e57d5000 	C:\Java\openjdk-8u212-b04\bin\javaw.exe
0x00007fff6cc70000 - 0x00007fff6ce51000 	C:\WINDOWS\SYSTEM32\ntdll.dll
0x00007fff697b0000 - 0x00007fff69861000 	C:\WINDOWS\System32\KERNEL32.DLL
0x00007fff68d20000 - 0x00007fff68f93000 	C:\WINDOWS\System32\KERNELBASE.dll
0x00007fff6c1e0000 - 0x00007fff6c281000 	C:\WINDOWS\System32\ADVAPI32.dll
0x00007fff6b270000 - 0x00007fff6b30e000 	C:\WINDOWS\System32\msvcrt.dll
0x00007fff6b660000 - 0x00007fff6b6bb000 	C:\WINDOWS\System32\sechost.dll
0x00007fff6cab0000 - 0x00007fff6cbd4000 	C:\WINDOWS\System32\RPCRT4.dll
0x00007fff6b6c0000 - 0x00007fff6b850000 	C:\WINDOWS\System32\USER32.dll
0x00007fff68770000 - 0x00007fff68790000 	C:\WINDOWS\System32\win32u.dll
0x00007fff6ca80000 - 0x00007fff6caa8000 	C:\WINDOWS\System32\GDI32.dll
0x00007fff68a80000 - 0x00007fff68c12000 	C:\WINDOWS\System32\gdi32full.dll
0x00007fff689e0000 - 0x00007fff68a7f000 	C:\WINDOWS\System32\msvcp_win.dll
0x00007fff68c20000 - 0x00007fff68d18000 	C:\WINDOWS\System32\ucrtbase.dll
0x00007fff5c9f0000 - 0x00007fff5cc59000 	C:\WINDOWS\WinSxS\amd64_microsoft.windows.common-controls_6595b64144ccf1df_6.0.17134.765_none_fb42a1a930655896\COMCTL32.dll
0x00007fff69940000 - 0x00007fff69c62000 	C:\WINDOWS\System32\combase.dll
0x00007fff68fa0000 - 0x00007fff6901a000 	C:\WINDOWS\System32\bcryptPrimitives.dll
0x00007fff6c5a0000 - 0x00007fff6c5cd000 	C:\WINDOWS\System32\IMM32.DLL
0x00000000528b0000 - 0x00000000528e9000 	C:\PROGRA~2\Sophos\SOPHOS~2\SOPHOS~2.DLL
0x00007fff6c290000 - 0x00007fff6c298000 	C:\WINDOWS\System32\PSAPI.DLL
0x0000000051d70000 - 0x0000000051e42000 	C:\Java\openjdk-8u212-b04\jre\bin\msvcr100.dll
0x0000000051fb0000 - 0x00000000527d4000 	C:\Java\openjdk-8u212-b04\jre\bin\server\jvm.dll
0x00007fff608f0000 - 0x00007fff608f9000 	C:\WINDOWS\SYSTEM32\WSOCK32.dll
0x00007fff5b070000 - 0x00007fff5b093000 	C:\WINDOWS\SYSTEM32\WINMM.dll
0x00007fff698d0000 - 0x00007fff6993c000 	C:\WINDOWS\System32\WS2_32.dll
0x00007fff63b30000 - 0x00007fff63b3a000 	C:\WINDOWS\SYSTEM32\VERSION.dll
0x00007fff5ad00000 - 0x00007fff5ad2a000 	C:\WINDOWS\SYSTEM32\WINMMBASE.dll
0x00007fff68670000 - 0x00007fff686b9000 	C:\WINDOWS\System32\cfgmgr32.dll
0x00007fff65210000 - 0x00007fff6521f000 	C:\Java\openjdk-8u212-b04\jre\bin\verify.dll
0x00007fff65000000 - 0x00007fff65029000 	C:\Java\openjdk-8u212-b04\jre\bin\java.dll
0x00007fff64fe0000 - 0x00007fff64ff6000 	C:\Java\openjdk-8u212-b04\jre\bin\zip.dll

VM Arguments:
jvm_args: -Dmaven.home=EMBEDDED -Dclassworlds.conf=C:\workspaces\g2\.metadata\.plugins\org.eclipse.m2e.launching\launches\m2conf2827413312166621622.tmp -Dmaven.multiModuleProjectDirectory=C:\Users\Diontre.Pate\git\shuttle-app\server -Dfile.encoding=Cp1252 
java_command: org.codehaus.plexus.classworlds.launcher.Launcher -B clean install
java_class_path (initial): C:\Users\javauser\.p2\pool\plugins\org.eclipse.m2e.maven.runtime_1.11.0.20190220-2117\jars\plexus-classworlds-2.5.2.jar
Launcher Type: SUN_STANDARD

Environment Variables:
JAVA_HOME=C:\Java\openjdk-8u212-b04
PATH=C:/Java/openjdk-8u212-b04/bin/../jre/bin/server;C:/Java/openjdk-8u212-b04/bin/../jre/bin;C:/Java/openjdk-8u212-b04/bin/../jre/lib/amd64;C:\Java\openjdk-8u212-b04\bin;C:\ProgramData\Oracle\Java\javapath;C:\WINDOWS\system;C:\Java\openjdk-8u212-b04\bin;C:\WINDOWS\system32;C:\WINDOWS;C:\WINDOWS\System32\Wbem;C:\WINDOWS\System32\WindowsPowerShell\v1.0\;C:\Win7PowerTools;c:\maven\bin;C:\Program Files\Git\cmd;C:\WINDOWS\System32\OpenSSH\;C:\Program Files\Microsoft VS Code\bin;C:\Program Files\nodejs\;C:\Users\Diontre.Pate\AppData\Local\Microsoft\WindowsApps;;C:\Users\Diontre.Pate\Desktop;
USERNAME=Diontre.Pate
OS=Windows_NT
PROCESSOR_IDENTIFIER=Intel64 Family 6 Model 158 Stepping 10, GenuineIntel



---------------  S Y S T E M  ---------------

OS: Windows 10.0 , 64 bit Build 17134 (10.0.17134.753)

CPU:total 4 (initial active 4) (4 cores per cpu, 1 threads per core) family 6 model 158 stepping 10, cmov, cx8, fxsr, mmx, sse, sse2, sse3, ssse3, sse4.1, sse4.2, popcnt, avx, avx2, aes, clmul, 3dnowpref, lzcnt, tsc, tscinvbit

Memory: 4k page, physical 12303924k(1822812k free), swap 12303924k(5464k free)

vm_info: OpenJDK 64-Bit Server VM (25.212-b04) for windows-amd64 JRE (1.8.0_212-8u-04), built on Apr 10 2019 15:55:14 by "stooke" with MS VC++ 10.0 (VS2010)

time: Tue Jul 02 16:24:44 2019
timezone: Central Daylight Time
elapsed time: 0 seconds (0d 0h 0m 0s)

