#
# There is insufficient memory for the Java Runtime Environment to continue.
# Native memory allocation (malloc) failed to allocate 1024656 bytes for Chunk::new
# Possible reasons:
#   The system is out of physical RAM or swap space
#   The process is running with CompressedOops enabled, and the Java Heap may be blocking the growth of the native heap
# Possible solutions:
#   Reduce memory load on the system
#   Increase physical memory or swap space
#   Check if swap backing store is full
#   Decrease Java heap size (-Xmx/-Xms)
#   Decrease number of Java threads
#   Decrease Java thread stack sizes (-Xss)
#   Set larger code cache with -XX:ReservedCodeCacheSize=
#   JVM is running with Zero Based Compressed Oops mode in which the Java heap is
#     placed in the first 32GB address space. The Java Heap base address is the
#     maximum limit for the native heap growth. Please use -XX:HeapBaseMinAddress
#     to set the Java Heap base and to place the Java Heap above 32GB virtual address.
# This output file may be truncated or incomplete.
#
#  Out of Memory Error (allocation.cpp:389), pid=16976, tid=0x00000000000032b0
#
# JRE version: OpenJDK Runtime Environment (8.0_212) (build 1.8.0_212-8u-04)
# Java VM: OpenJDK 64-Bit Server VM (25.212-b04 mixed mode windows-amd64 compressed oops)
# Failed to write core dump. Minidumps are not enabled by default on client versions of Windows
#

---------------  T H R E A D  ---------------

Current thread (0x000000001958d000):  JavaThread "C2 CompilerThread0" daemon [_thread_in_native, id=12976, stack(0x000000001abd0000,0x000000001acd0000)]

Stack: [0x000000001abd0000,0x000000001acd0000]
[error occurred during error reporting (printing stack bounds), id 0xc0000005]

Native frames: (J=compiled Java code, j=interpreted, Vv=VM code, C=native code)


Current CompileTask:
C2:  13004 7902       4       org.apache.maven.repository.internal.ArtifactDescriptorReaderDelegate::convert (205 bytes)


---------------  P R O C E S S  ---------------

Java Threads: ( => current thread )
  0x000000001b0a3800 JavaThread "ForkJoinPool.commonPool-worker-2" daemon [_thread_blocked, id=12580, stack(0x000000001fbe0000,0x000000001fce0000)]
  0x000000001af10800 JavaThread "Service Thread" daemon [_thread_blocked, id=6948, stack(0x000000001b2d0000,0x000000001b3d0000)]
  0x0000000019599800 JavaThread "C1 CompilerThread2" daemon [_thread_blocked, id=15256, stack(0x000000001add0000,0x000000001aed0000)]
  0x0000000019592000 JavaThread "C2 CompilerThread1" daemon [_thread_in_native, id=14896, stack(0x000000001acd0000,0x000000001add0000)]
=>0x000000001958d000 JavaThread "C2 CompilerThread0" daemon [_thread_in_native, id=12976, stack(0x000000001abd0000,0x000000001acd0000)]
  0x000000001958a800 JavaThread "Attach Listener" daemon [_thread_blocked, id=12440, stack(0x000000001aad0000,0x000000001abd0000)]
  0x0000000019589000 JavaThread "Signal Dispatcher" daemon [_thread_blocked, id=14940, stack(0x000000001a9d0000,0x000000001aad0000)]
  0x000000000269c000 JavaThread "Finalizer" daemon [_thread_blocked, id=11360, stack(0x000000001a7e0000,0x000000001a8e0000)]
  0x0000000002693800 JavaThread "Reference Handler" daemon [_thread_blocked, id=1912, stack(0x000000001a6e0000,0x000000001a7e0000)]
  0x000000000259e000 JavaThread "main" [_thread_in_Java, id=13660, stack(0x0000000002440000,0x0000000002540000)]

Other Threads:
  0x0000000019555800 VMThread [stack: 0x000000001a5e0000,0x000000001a6e0000] [id=14620]
  0x00000000195ee000 WatcherThread [stack: 0x000000001b3d0000,0x000000001b4d0000] [id=13848]

VM state:not at safepoint (normal execution)

VM Mutex/Monitor currently owned by a thread: None

heap address: 0x0000000704400000, size: 3004 MB, Compressed Oops mode: Zero based, Oop shift amount: 3
Narrow klass base: 0x0000000000000000, Narrow klass shift: 3
Compressed class space size: 1073741824 Address: 0x00000007c0000000

Heap:
 PSYoungGen      total 376832K, used 55069K [0x0000000781700000, 0x000000079a700000, 0x00000007c0000000)
  eden space 364544K, 15% used [0x0000000781700000,0x0000000784cc74d8,0x0000000797b00000)
  from space 12288K, 0% used [0x0000000799b00000,0x0000000799b00000,0x000000079a700000)
  to   space 12288K, 0% used [0x0000000798f00000,0x0000000798f00000,0x0000000799b00000)
 ParOldGen       total 176128K, used 149674K [0x0000000704400000, 0x000000070f000000, 0x0000000781700000)
  object space 176128K, 84% used [0x0000000704400000,0x000000070d62a9d8,0x000000070f000000)
 Metaspace       used 43891K, capacity 45222K, committed 45952K, reserved 1089536K
  class space    used 5170K, capacity 5631K, committed 5760K, reserved 1048576K

Card table byte_map: [0x0000000011a60000,0x0000000012040000] byte_map_base: 0x000000000e23e000

Marking Bits: (ParMarkBitMap*) 0x0000000060c68be0
 Begin Bits: [0x0000000012830000, 0x0000000015720000)
 End Bits:   [0x0000000015720000, 0x0000000018610000)

Polling page: 0x0000000000b10000

CodeCache: size=245760Kb used=24314Kb max_used=24314Kb free=221446Kb
 bounds [0x00000000026a0000, 0x0000000003e80000, 0x00000000116a0000]
 total_blobs=7588 nmethods=6880 adapters=618
 compilation: enabled

Compilation events (10 events):
Event: 12.984 Thread 0x0000000019599800 7959       2       com.sun.proxy.$Proxy12::<init> (6 bytes)
Event: 12.984 Thread 0x0000000019599800 nmethod 7959 0x0000000002cd7050 code [0x0000000002cd71c0, 0x0000000002cd7408]
Event: 12.984 Thread 0x0000000019599800 7960   !   2       com.sun.proxy.$Proxy12::annotationType (29 bytes)
Event: 12.984 Thread 0x0000000019599800 nmethod 7960 0x0000000002cd6a90 code [0x0000000002cd6c20, 0x0000000002cd6ed8]
Event: 12.995 Thread 0x0000000019599800 7961       2       sun.misc.ProxyGenerator$MethodInfo::<init> (86 bytes)
Event: 12.996 Thread 0x0000000019599800 nmethod 7961 0x0000000002890e10 code [0x0000000002890fe0, 0x0000000002891528]
Event: 12.996 Thread 0x0000000019599800 7963       2       sun.misc.ProxyGenerator$MethodInfo::write (283 bytes)
Event: 12.998 Thread 0x0000000019599800 nmethod 7963 0x000000000288e090 code [0x000000000288e4c0, 0x000000000288fd68]
Event: 12.998 Thread 0x0000000019599800 7962       2       sun.misc.ProxyGenerator::code_astore (11 bytes)
Event: 12.998 Thread 0x0000000019599800 nmethod 7962 0x000000000288dd10 code [0x000000000288de80, 0x000000000288e008]

GC Heap History (10 events):
Event: 6.766 GC heap before
{Heap before GC invocations=9 (full 1):
 PSYoungGen      total 214016K, used 194560K [0x0000000781700000, 0x000000079ba00000, 0x00000007c0000000)
  eden space 194560K, 100% used [0x0000000781700000,0x000000078d500000,0x000000078d500000)
  from space 19456K, 0% used [0x000000078d500000,0x000000078d500000,0x000000078e800000)
  to   space 19968K, 0% used [0x000000079a680000,0x000000079a680000,0x000000079ba00000)
 ParOldGen       total 120320K, used 36622K [0x0000000704400000, 0x000000070b980000, 0x0000000781700000)
  object space 120320K, 30% used [0x0000000704400000,0x00000007067c39c0,0x000000070b980000)
 Metaspace       used 32561K, capacity 33732K, committed 33920K, reserved 1079296K
  class space    used 3844K, capacity 4213K, committed 4224K, reserved 1048576K
Event: 6.786 GC heap after
Heap after GC invocations=9 (full 1):
 PSYoungGen      total 300032K, used 18529K [0x0000000781700000, 0x000000079b900000, 0x00000007c0000000)
  eden space 281088K, 0% used [0x0000000781700000,0x0000000781700000,0x0000000792980000)
  from space 18944K, 97% used [0x000000079a680000,0x000000079b898540,0x000000079b900000)
  to   space 21504K, 0% used [0x0000000798f00000,0x0000000798f00000,0x000000079a400000)
 ParOldGen       total 120320K, used 36630K [0x0000000704400000, 0x000000070b980000, 0x0000000781700000)
  object space 120320K, 30% used [0x0000000704400000,0x00000007067c59c0,0x000000070b980000)
 Metaspace       used 32561K, capacity 33732K, committed 33920K, reserved 1079296K
  class space    used 3844K, capacity 4213K, committed 4224K, reserved 1048576K
}
Event: 7.040 GC heap before
{Heap before GC invocations=10 (full 1):
 PSYoungGen      total 300032K, used 38570K [0x0000000781700000, 0x000000079b900000, 0x00000007c0000000)
  eden space 281088K, 7% used [0x0000000781700000,0x0000000782a924c8,0x0000000792980000)
  from space 18944K, 97% used [0x000000079a680000,0x000000079b898540,0x000000079b900000)
  to   space 21504K, 0% used [0x0000000798f00000,0x0000000798f00000,0x000000079a400000)
 ParOldGen       total 120320K, used 36630K [0x0000000704400000, 0x000000070b980000, 0x0000000781700000)
  object space 120320K, 30% used [0x0000000704400000,0x00000007067c59c0,0x000000070b980000)
 Metaspace       used 34136K, capacity 35376K, committed 35456K, reserved 1081344K
  class space    used 4031K, capacity 4421K, committed 4480K, reserved 1048576K
Event: 7.064 GC heap after
Heap after GC invocations=10 (full 1):
 PSYoungGen      total 376832K, used 11814K [0x0000000781700000, 0x000000079a700000, 0x00000007c0000000)
  eden space 364544K, 0% used [0x0000000781700000,0x0000000781700000,0x0000000797b00000)
  from space 12288K, 96% used [0x0000000798f00000,0x0000000799a89840,0x0000000799b00000)
  to   space 12288K, 0% used [0x0000000799b00000,0x0000000799b00000,0x000000079a700000)
 ParOldGen       total 120320K, used 36638K [0x0000000704400000, 0x000000070b980000, 0x0000000781700000)
  object space 120320K, 30% used [0x0000000704400000,0x00000007067c79c0,0x000000070b980000)
 Metaspace       used 34136K, capacity 35376K, committed 35456K, reserved 1081344K
  class space    used 4031K, capacity 4421K, committed 4480K, reserved 1048576K
}
Event: 7.064 GC heap before
{Heap before GC invocations=11 (full 2):
 PSYoungGen      total 376832K, used 11814K [0x0000000781700000, 0x000000079a700000, 0x00000007c0000000)
  eden space 364544K, 0% used [0x0000000781700000,0x0000000781700000,0x0000000797b00000)
  from space 12288K, 96% used [0x0000000798f00000,0x0000000799a89840,0x0000000799b00000)
  to   space 12288K, 0% used [0x0000000799b00000,0x0000000799b00000,0x000000079a700000)
 ParOldGen       total 120320K, used 36638K [0x0000000704400000, 0x000000070b980000, 0x0000000781700000)
  object space 120320K, 30% used [0x0000000704400000,0x00000007067c79c0,0x000000070b980000)
 Metaspace       used 34136K, capacity 35376K, committed 35456K, reserved 1081344K
  class space    used 4031K, capacity 4421K, committed 4480K, reserved 1048576K
Event: 7.298 GC heap after
Heap after GC invocations=11 (full 2):
 PSYoungGen      total 376832K, used 0K [0x0000000781700000, 0x000000079a700000, 0x00000007c0000000)
  eden space 364544K, 0% used [0x0000000781700000,0x0000000781700000,0x0000000797b00000)
  from space 12288K, 0% used [0x0000000798f00000,0x0000000798f00000,0x0000000799b00000)
  to   space 12288K, 0% used [0x0000000799b00000,0x0000000799b00000,0x000000079a700000)
 ParOldGen       total 176128K, used 45472K [0x0000000704400000, 0x000000070f000000, 0x0000000781700000)
  object space 176128K, 25% used [0x0000000704400000,0x00000007070681f8,0x000000070f000000)
 Metaspace       used 34054K, capacity 35198K, committed 35456K, reserved 1081344K
  class space    used 4001K, capacity 4366K, committed 4480K, reserved 1048576K
}
Event: 11.989 GC heap before
{Heap before GC invocations=12 (full 2):
 PSYoungGen      total 376832K, used 361166K [0x0000000781700000, 0x000000079a700000, 0x00000007c0000000)
  eden space 364544K, 99% used [0x0000000781700000,0x00000007977b3b28,0x0000000797b00000)
  from space 12288K, 0% used [0x0000000798f00000,0x0000000798f00000,0x0000000799b00000)
  to   space 12288K, 0% used [0x0000000799b00000,0x0000000799b00000,0x000000079a700000)
 ParOldGen       total 176128K, used 55238K [0x0000000704400000, 0x000000070f000000, 0x0000000781700000)
  object space 176128K, 31% used [0x0000000704400000,0x00000007079f1888,0x000000070f000000)
 Metaspace       used 44366K, capacity 45786K, committed 45952K, reserved 1089536K
  class space    used 5222K, capacity 5695K, committed 5760K, reserved 1048576K
Event: 12.039 GC heap after
Heap after GC invocations=12 (full 2):
 PSYoungGen      total 376832K, used 12266K [0x0000000781700000, 0x000000079a700000, 0x00000007c0000000)
  eden space 364544K, 0% used [0x0000000781700000,0x0000000781700000,0x0000000797b00000)
  from space 12288K, 99% used [0x0000000799b00000,0x000000079a6fa830,0x000000079a700000)
  to   space 12288K, 0% used [0x0000000798f00000,0x0000000798f00000,0x0000000799b00000)
 ParOldGen       total 176128K, used 148005K [0x0000000704400000, 0x000000070f000000, 0x0000000781700000)
  object space 176128K, 84% used [0x0000000704400000,0x000000070d489400,0x000000070f000000)
 Metaspace       used 44366K, capacity 45786K, committed 45952K, reserved 1089536K
  class space    used 5222K, capacity 5695K, committed 5760K, reserved 1048576K
}
Event: 12.039 GC heap before
{Heap before GC invocations=13 (full 3):
 PSYoungGen      total 376832K, used 12266K [0x0000000781700000, 0x000000079a700000, 0x00000007c0000000)
  eden space 364544K, 0% used [0x0000000781700000,0x0000000781700000,0x0000000797b00000)
  from space 12288K, 99% used [0x0000000799b00000,0x000000079a6fa830,0x000000079a700000)
  to   space 12288K, 0% used [0x0000000798f00000,0x0000000798f00000,0x0000000799b00000)
 ParOldGen       total 176128K, used 148005K [0x0000000704400000, 0x000000070f000000, 0x0000000781700000)
  object space 176128K, 84% used [0x0000000704400000,0x000000070d489400,0x000000070f000000)
 Metaspace       used 44366K, capacity 45786K, committed 45952K, reserved 1089536K
  class space    used 5222K, capacity 5695K, committed 5760K, reserved 1048576K
Event: 12.431 GC heap after
Heap after GC invocations=13 (full 3):
 PSYoungGen      total 376832K, used 0K [0x0000000781700000, 0x000000079a700000, 0x00000007c0000000)
  eden space 364544K, 0% used [0x0000000781700000,0x0000000781700000,0x0000000797b00000)
  from space 12288K, 0% used [0x0000000799b00000,0x0000000799b00000,0x000000079a700000)
  to   space 12288K, 0% used [0x0000000798f00000,0x0000000798f00000,0x0000000799b00000)
 ParOldGen       total 176128K, used 149674K [0x0000000704400000, 0x000000070f000000, 0x0000000781700000)
  object space 176128K, 84% used [0x0000000704400000,0x000000070d62a9d8,0x000000070f000000)
 Metaspace       used 43000K, capacity 44310K, committed 45952K, reserved 1089536K
  class space    used 5027K, capacity 5455K, committed 5760K, reserved 1048576K
}

Deoptimization events (10 events):
Event: 9.678 Thread 0x000000000259e000 Uncommon trap: reason=unstable_if action=reinterpret pc=0x0000000003201668 method=org.eclipse.aether.util.graph.transformer.ConflictResolver$State.deriveScope(Lorg/eclipse/aether/graph/DependencyNode;Ljava/lang/Object;)Ljava/lang/String; @ 8
Event: 9.678 Thread 0x000000000259e000 Uncommon trap: reason=unstable_if action=reinterpret pc=0x0000000003230f4c method=org.eclipse.aether.util.graph.transformer.ConflictResolver$State.deriveScope(Lorg/eclipse/aether/graph/DependencyNode;Ljava/lang/Object;)Ljava/lang/String; @ 8
Event: 9.839 Thread 0x000000000259e000 Uncommon trap: reason=unstable_if action=reinterpret pc=0x0000000002e68f88 method=java.util.Hashtable$Enumerator.nextElement()Ljava/lang/Object; @ 87
Event: 9.914 Thread 0x000000000259e000 Uncommon trap: reason=unstable_if action=reinterpret pc=0x0000000003271f28 method=org.codehaus.plexus.util.xml.pull.MXParser.parseAttribute()C @ 1002
Event: 9.958 Thread 0x000000000259e000 Uncommon trap: reason=unstable_if action=reinterpret pc=0x00000000037598c0 method=java.util.jar.Attributes$Name.isAlpha(C)Z @ 21
Event: 9.958 Thread 0x000000000259e000 Uncommon trap: reason=unstable_if action=reinterpret pc=0x000000000319e598 method=java.util.jar.Attributes$Name.isAlpha(C)Z @ 21
Event: 10.158 Thread 0x000000000259e000 Uncommon trap: reason=class_check action=maybe_recompile pc=0x00000000033fc390 method=java.util.Hashtable.clone()Ljava/lang/Object; @ 4
Event: 11.625 Thread 0x0000000022037000 Uncommon trap: reason=unstable_if action=reinterpret pc=0x00000000029a70d4 method=java.util.concurrent.locks.AbstractQueuedSynchronizer.release(I)Z @ 14
Event: 12.431 Thread 0x0000000002693800 Uncommon trap: reason=unstable_if action=reinterpret pc=0x00000000027d7cf0 method=java.lang.ref.Reference.tryHandlePending(Z)Z @ 20
Event: 12.590 Thread 0x000000000259e000 Uncommon trap: reason=unstable_if action=reinterpret pc=0x00000000031c89f4 method=org.eclipse.sisu.plexus.RealmFilteredBeans$FilteredItr.hasNext()Z @ 57

Classes redefined (0 events):
No events

Internal exceptions (10 events):
Event: 7.880 Thread 0x000000000259e000 Exception <a 'java/io/FileNotFoundException'> (0x0000000784470540) thrown at [C:\w\cpu\jdk8u-b04\ojdkbuild\lookaside\jdk8u_upstream\hotspot\src\share\vm\prims\jni.cpp, line 710]
Event: 7.880 Thread 0x000000000259e000 Exception <a 'java/io/FileNotFoundException'> (0x0000000784471518) thrown at [C:\w\cpu\jdk8u-b04\ojdkbuild\lookaside\jdk8u_upstream\hotspot\src\share\vm\prims\jni.cpp, line 710]
Event: 7.880 Thread 0x000000000259e000 Exception <a 'java/io/FileNotFoundException'> (0x0000000784472518) thrown at [C:\w\cpu\jdk8u-b04\ojdkbuild\lookaside\jdk8u_upstream\hotspot\src\share\vm\prims\jni.cpp, line 710]
Event: 7.880 Thread 0x000000000259e000 Exception <a 'java/io/FileNotFoundException'> (0x0000000784473528) thrown at [C:\w\cpu\jdk8u-b04\ojdkbuild\lookaside\jdk8u_upstream\hotspot\src\share\vm\prims\jni.cpp, line 710]
Event: 8.334 Thread 0x000000000259e000 Implicit null exception at 0x0000000002db80b3 to 0x0000000002db8501
Event: 8.337 Thread 0x000000000259e000 Implicit null exception at 0x0000000002d20815 to 0x0000000002d20a31
Event: 8.477 Thread 0x000000000259e000 Implicit null exception at 0x00000000039724f7 to 0x0000000003972897
Event: 8.687 Thread 0x000000000259e000 Implicit null exception at 0x0000000002c67173 to 0x0000000002c67ce5
Event: 9.788 Thread 0x000000000259e000 Exception <a 'java/lang/NoSuchMethodError': org.apache.maven.execution.MavenExecutionRequest.getFailureBehavior()Ljava/lang/String;> (0x000000078fc7d568) thrown at [C:\w\cpu\jdk8u-b04\ojdkbuild\lookaside\jdk8u_upstream\hotspot\src\share\vm\interpreter\lin
Event: 12.986 Thread 0x000000000259e000 Exception <a 'java/lang/NoClassDefFoundError': org/sonatype/aether/version/VersionConstraint> (0x0000000784aa3290) thrown at [C:\w\cpu\jdk8u-b04\ojdkbuild\lookaside\jdk8u_upstream\hotspot\src\share\vm\classfile\systemDictionary.cpp, line 199]

Events (10 events):
Event: 12.998 loading class org/codehaus/plexus/components/io/resources/PlexusIoZipFileResourceCollection$__sisu21
Event: 12.998 loading class org/codehaus/plexus/components/io/resources/PlexusIoZipFileResourceCollection$__sisu21 done
Event: 12.999 loading class org/apache/maven/shared/dependency/graph/internal/Maven2DependencyGraphBuilder
Event: 12.999 loading class org/apache/maven/shared/dependency/graph/internal/Maven2DependencyGraphBuilder done
Event: 12.999 loading class org/apache/maven/shared/dependency/graph/internal/Maven2DependencyGraphBuilder
Event: 12.999 loading class org/apache/maven/shared/dependency/graph/internal/Maven2DependencyGraphBuilder done
Event: 12.999 loading class org/sonatype/plexus/components/cipher/DefaultPlexusCipher
Event: 12.999 loading class org/sonatype/plexus/components/cipher/DefaultPlexusCipher done
Event: 12.999 loading class org/sonatype/plexus/components/cipher/DefaultPlexusCipher
Event: 12.999 loading class org/sonatype/plexus/components/cipher/DefaultPlexusCipher done


Dynamic libraries:
0x00007ff612dd0000 - 0x00007ff612e05000 	C:\Java\openjdk-8u212-b04\bin\javaw.exe
0x00007ffb9c030000 - 0x00007ffb9c211000 	C:\WINDOWS\SYSTEM32\ntdll.dll
0x00007ffb9b330000 - 0x00007ffb9b3e1000 	C:\WINDOWS\System32\KERNEL32.DLL
0x00007ffb97ca0000 - 0x00007ffb97f13000 	C:\WINDOWS\System32\KERNELBASE.dll
0x00007ffb98af0000 - 0x00007ffb98b91000 	C:\WINDOWS\System32\ADVAPI32.dll
0x00007ffb9bd80000 - 0x00007ffb9be1e000 	C:\WINDOWS\System32\msvcrt.dll
0x00007ffb9b8f0000 - 0x00007ffb9b94b000 	C:\WINDOWS\System32\sechost.dll
0x00007ffb9a810000 - 0x00007ffb9a934000 	C:\WINDOWS\System32\RPCRT4.dll
0x00007ffb9b980000 - 0x00007ffb9bb10000 	C:\WINDOWS\System32\USER32.dll
0x00007ffb98ad0000 - 0x00007ffb98af0000 	C:\WINDOWS\System32\win32u.dll
0x00007ffb98e80000 - 0x00007ffb98ea8000 	C:\WINDOWS\System32\GDI32.dll
0x00007ffb97f20000 - 0x00007ffb980b2000 	C:\WINDOWS\System32\gdi32full.dll
0x00007ffb97c00000 - 0x00007ffb97c9f000 	C:\WINDOWS\System32\msvcp_win.dll
0x00007ffb97ab0000 - 0x00007ffb97ba8000 	C:\WINDOWS\System32\ucrtbase.dll
0x00007ffb8c240000 - 0x00007ffb8c4a9000 	C:\WINDOWS\WinSxS\amd64_microsoft.windows.common-controls_6595b64144ccf1df_6.0.17134.765_none_fb42a1a930655896\COMCTL32.dll
0x00007ffb9a4e0000 - 0x00007ffb9a802000 	C:\WINDOWS\System32\combase.dll
0x00007ffb97a30000 - 0x00007ffb97aaa000 	C:\WINDOWS\System32\bcryptPrimitives.dll
0x00007ffb9b950000 - 0x00007ffb9b97d000 	C:\WINDOWS\System32\IMM32.DLL
0x0000000060dc0000 - 0x0000000060df9000 	C:\PROGRA~2\Sophos\SOPHOS~2\SOPHOS~2.DLL
0x00007ffb9a940000 - 0x00007ffb9a948000 	C:\WINDOWS\System32\PSAPI.DLL
0x0000000060280000 - 0x0000000060352000 	C:\Java\openjdk-8u212-b04\jre\bin\msvcr100.dll
0x00000000604c0000 - 0x0000000060ce4000 	C:\Java\openjdk-8u212-b04\jre\bin\server\jvm.dll
0x00007ffb8fe80000 - 0x00007ffb8fe89000 	C:\WINDOWS\SYSTEM32\WSOCK32.dll
0x00007ffb9bb10000 - 0x00007ffb9bb7c000 	C:\WINDOWS\System32\WS2_32.dll
0x00007ffb945c0000 - 0x00007ffb945e3000 	C:\WINDOWS\SYSTEM32\WINMM.dll
0x00007ffb92f00000 - 0x00007ffb92f0a000 	C:\WINDOWS\SYSTEM32\VERSION.dll
0x00007ffb90d90000 - 0x00007ffb90dba000 	C:\WINDOWS\SYSTEM32\winmmbase.dll
0x00007ffb97bb0000 - 0x00007ffb97bf9000 	C:\WINDOWS\System32\cfgmgr32.dll
0x00007ffb7c010000 - 0x00007ffb7c01f000 	C:\Java\openjdk-8u212-b04\jre\bin\verify.dll
0x00007ffb6e020000 - 0x00007ffb6e049000 	C:\Java\openjdk-8u212-b04\jre\bin\java.dll
0x00007ffb6e000000 - 0x00007ffb6e016000 	C:\Java\openjdk-8u212-b04\jre\bin\zip.dll
0x00007ffb99080000 - 0x00007ffb9a4c0000 	C:\WINDOWS\System32\SHELL32.dll
0x00007ffb9bea0000 - 0x00007ffb9bf49000 	C:\WINDOWS\System32\shcore.dll
0x00007ffb983c0000 - 0x00007ffb98acd000 	C:\WINDOWS\System32\windows.storage.dll
0x00007ffb9be20000 - 0x00007ffb9be71000 	C:\WINDOWS\System32\shlwapi.dll
0x00007ffb97a10000 - 0x00007ffb97a21000 	C:\WINDOWS\System32\kernel.appcore.dll
0x00007ffb979a0000 - 0x00007ffb979bf000 	C:\WINDOWS\System32\profapi.dll
0x00007ffb979c0000 - 0x00007ffb97a0c000 	C:\WINDOWS\System32\powrprof.dll
0x00007ffb97990000 - 0x00007ffb9799a000 	C:\WINDOWS\System32\FLTLIB.DLL
0x00007ffb97340000 - 0x00007ffb97357000 	C:\WINDOWS\SYSTEM32\CRYPTSP.dll
0x00007ffb96b40000 - 0x00007ffb96b73000 	C:\WINDOWS\system32\rsaenh.dll
0x00007ffb97470000 - 0x00007ffb97495000 	C:\WINDOWS\SYSTEM32\bcrypt.dll
0x00007ffb978a0000 - 0x00007ffb978c8000 	C:\WINDOWS\SYSTEM32\USERENV.dll
0x00007ffb97360000 - 0x00007ffb9736b000 	C:\WINDOWS\SYSTEM32\CRYPTBASE.dll
0x00007ffb6d790000 - 0x00007ffb6d7aa000 	C:\Java\openjdk-8u212-b04\jre\bin\net.dll
0x00007ffb98eb0000 - 0x00007ffb99078000 	C:\WINDOWS\System32\urlmon.dll
0x00007ffb9b3f0000 - 0x00007ffb9b697000 	C:\WINDOWS\System32\iertutil.dll
0x00007ffb97190000 - 0x00007ffb971f6000 	C:\WINDOWS\system32\mswsock.dll
0x00007ffb96f10000 - 0x00007ffb96f48000 	C:\WINDOWS\SYSTEM32\IPHLPAPI.DLL
0x00007ffb9b6a0000 - 0x00007ffb9b6a8000 	C:\WINDOWS\System32\NSI.dll
0x00007ffb92fd0000 - 0x00007ffb92fe6000 	C:\WINDOWS\SYSTEM32\dhcpcsvc6.DLL
0x00007ffb92fb0000 - 0x00007ffb92fca000 	C:\WINDOWS\SYSTEM32\dhcpcsvc.DLL
0x00007ffb6d770000 - 0x00007ffb6d782000 	C:\Java\openjdk-8u212-b04\jre\bin\nio.dll
0x00007ffb943d0000 - 0x00007ffb943da000 	C:\TEMP\jansi-1.17-7580050024544046762.dll
0x00007ffb943c0000 - 0x00007ffb943ca000 	C:\TEMP\jansi-1.17-8456658108561222305.dll
0x00007ffb943e0000 - 0x00007ffb943ed000 	C:\Java\openjdk-8u212-b04\jre\bin\management.dll
0x00007ffb8fa00000 - 0x00007ffb8fa16000 	C:\WINDOWS\system32\napinsp.dll
0x00007ffb8f830000 - 0x00007ffb8f84a000 	C:\WINDOWS\system32\pnrpnsp.dll
0x00007ffb941f0000 - 0x00007ffb94209000 	C:\WINDOWS\system32\NLAapi.dll
0x00007ffb96f50000 - 0x00007ffb9700e000 	C:\WINDOWS\SYSTEM32\DNSAPI.dll
0x00007ffb8f620000 - 0x00007ffb8f62e000 	C:\WINDOWS\System32\winrnr.dll
0x00007ffb91160000 - 0x00007ffb9116a000 	C:\Windows\System32\rasadhlp.dll
0x00007ffb930d0000 - 0x00007ffb93142000 	C:\WINDOWS\System32\fwpuclnt.dll

VM Arguments:
jvm_args: -Dmaven.home=EMBEDDED -Dclassworlds.conf=C:\workspaces\g2\.metadata\.plugins\org.eclipse.m2e.launching\launches\m2conf1497878714337545845.tmp -Dmaven.multiModuleProjectDirectory=C:\Users\Diontre.Pate\git\shuttle-app\server -Dfile.encoding=Cp1252 
java_command: org.codehaus.plexus.classworlds.launcher.Launcher -B clean install
java_class_path (initial): C:\Users\javauser\.p2\pool\plugins\org.eclipse.m2e.maven.runtime_1.11.0.20190220-2117\jars\plexus-classworlds-2.5.2.jar
Launcher Type: SUN_STANDARD

Environment Variables:
JAVA_HOME=C:\Java\openjdk-8u212-b04
PATH=C:/Java/openjdk-8u212-b04/bin/../jre/bin/server;C:/Java/openjdk-8u212-b04/bin/../jre/bin;C:/Java/openjdk-8u212-b04/bin/../jre/lib/amd64;C:\Java\openjdk-8u212-b04\bin;C:\ProgramData\Oracle\Java\javapath;C:\WINDOWS\system;C:\Java\openjdk-8u212-b04\bin;C:\WINDOWS\system32;C:\WINDOWS;C:\WINDOWS\System32\Wbem;C:\WINDOWS\System32\WindowsPowerShell\v1.0\;C:\Win7PowerTools;c:\maven\bin;C:\Program Files\Git\cmd;C:\WINDOWS\System32\OpenSSH\;C:\Program Files\Microsoft VS Code\bin;C:\Program Files\nodejs\;C:\Users\Diontre.Pate\AppData\Local\Microsoft\WindowsApps;;C:\Users\Diontre.Pate\Desktop;
USERNAME=Diontre.Pate
OS=Windows_NT
PROCESSOR_IDENTIFIER=Intel64 Family 6 Model 158 Stepping 10, GenuineIntel



---------------  S Y S T E M  ---------------

OS: Windows 10.0 , 64 bit Build 17134 (10.0.17134.753)

CPU:total 4 (initial active 4) (4 cores per cpu, 1 threads per core) family 6 model 158 stepping 10, cmov, cx8, fxsr, mmx, sse, sse2, sse3, ssse3, sse4.1, sse4.2, popcnt, avx, avx2, aes, clmul, 3dnowpref, lzcnt, tsc, tscinvbit

Memory: 4k page, physical 12303924k(1579916k free), swap 12303924k(3128k free)

vm_info: OpenJDK 64-Bit Server VM (25.212-b04) for windows-amd64 JRE (1.8.0_212-8u-04), built on Apr 10 2019 15:55:14 by "stooke" with MS VC++ 10.0 (VS2010)

time: Tue Jul 09 13:08:36 2019
timezone: Central Daylight Time
elapsed time: 13 seconds (0d 0h 0m 13s)

