#
# There is insufficient memory for the Java Runtime Environment to continue.
# Native memory allocation (malloc) failed to allocate 1054896 bytes for Chunk::new
# Possible reasons:
#   The system is out of physical RAM or swap space
#   The process is running with CompressedOops enabled, and the Java Heap may be blocking the growth of the native heap
# Possible solutions:
#   Reduce memory load on the system
#   Increase physical memory or swap space
#   Check if swap backing store is full
#   Decrease Java heap size (-Xmx/-Xms)
#   Decrease number of Java threads
#   Decrease Java thread stack sizes (-Xss)
#   Set larger code cache with -XX:ReservedCodeCacheSize=
#   JVM is running with Zero Based Compressed Oops mode in which the Java heap is
#     placed in the first 32GB address space. The Java Heap base address is the
#     maximum limit for the native heap growth. Please use -XX:HeapBaseMinAddress
#     to set the Java Heap base and to place the Java Heap above 32GB virtual address.
# This output file may be truncated or incomplete.
#
#  Out of Memory Error (allocation.cpp:389), pid=11736, tid=0x0000000000004484
#
# JRE version: OpenJDK Runtime Environment (8.0_212) (build 1.8.0_212-8u-04)
# Java VM: OpenJDK 64-Bit Server VM (25.212-b04 mixed mode windows-amd64 compressed oops)
# Failed to write core dump. Minidumps are not enabled by default on client versions of Windows
#

---------------  T H R E A D  ---------------

Current thread (0x0000000019e10800):  JavaThread "C2 CompilerThread0" daemon [_thread_in_native, id=17540, stack(0x000000001b480000,0x000000001b580000)]

Stack: [0x000000001b480000,0x000000001b580000]
[error occurred during error reporting (printing stack bounds), id 0xc0000005]

Native frames: (J=compiled Java code, j=interpreted, Vv=VM code, C=native code)


Current CompileTask:
C2:   3523 3218   !   4       org.codehaus.plexus.interpolation.StringSearchInterpolator::interpolate (650 bytes)


---------------  P R O C E S S  ---------------

Java Threads: ( => current thread )
  0x000000001b7a8800 JavaThread "Service Thread" daemon [_thread_blocked, id=2504, stack(0x000000001bb80000,0x000000001bc80000)]
  0x0000000019e1a000 JavaThread "C1 CompilerThread2" daemon [_thread_blocked, id=21176, stack(0x000000001b680000,0x000000001b780000)]
  0x0000000019e17000 JavaThread "C2 CompilerThread1" daemon [_thread_in_native, id=17964, stack(0x000000001b580000,0x000000001b680000)]
=>0x0000000019e10800 JavaThread "C2 CompilerThread0" daemon [_thread_in_native, id=17540, stack(0x000000001b480000,0x000000001b580000)]
  0x0000000019e0c000 JavaThread "Attach Listener" daemon [_thread_blocked, id=14404, stack(0x000000001b380000,0x000000001b480000)]
  0x0000000019e0b000 JavaThread "Signal Dispatcher" daemon [_thread_blocked, id=17612, stack(0x000000001b280000,0x000000001b380000)]
  0x0000000002f1c800 JavaThread "Finalizer" daemon [_thread_blocked, id=22260, stack(0x000000001b090000,0x000000001b190000)]
  0x0000000002f13000 JavaThread "Reference Handler" daemon [_thread_blocked, id=21952, stack(0x000000001af90000,0x000000001b090000)]
  0x0000000002e1e000 JavaThread "main" [_thread_in_Java, id=16508, stack(0x0000000002c90000,0x0000000002d90000)]

Other Threads:
  0x0000000019dd5800 VMThread [stack: 0x000000001ae90000,0x000000001af90000] [id=21948]
  0x0000000019e6c000 WatcherThread [stack: 0x000000001bc80000,0x000000001bd80000] [id=23772]

VM state:not at safepoint (normal execution)

VM Mutex/Monitor currently owned by a thread: None

heap address: 0x0000000704400000, size: 3004 MB, Compressed Oops mode: Zero based, Oop shift amount: 3
Narrow klass base: 0x0000000000000000, Narrow klass shift: 3
Compressed class space size: 1073741824 Address: 0x00000007c0000000

Heap:
 PSYoungGen      total 104960K, used 53990K [0x0000000781700000, 0x000000078fa00000, 0x00000007c0000000)
  eden space 97280K, 47% used [0x0000000781700000,0x000000078443d8e0,0x0000000787600000)
  from space 7680K, 99% used [0x0000000787600000,0x0000000787d7c010,0x0000000787d80000)
  to   space 18944K, 0% used [0x000000078e780000,0x000000078e780000,0x000000078fa00000)
 ParOldGen       total 128512K, used 22797K [0x0000000704400000, 0x000000070c180000, 0x0000000781700000)
  object space 128512K, 17% used [0x0000000704400000,0x0000000705a43410,0x000000070c180000)
 Metaspace       used 16224K, capacity 16458K, committed 16512K, reserved 1064960K
  class space    used 1834K, capacity 1919K, committed 1920K, reserved 1048576K

Card table byte_map: [0x00000000122e0000,0x00000000128c0000] byte_map_base: 0x000000000eabe000

Marking Bits: (ParMarkBitMap*) 0x0000000054c18be0
 Begin Bits: [0x00000000130b0000, 0x0000000015fa0000)
 End Bits:   [0x0000000015fa0000, 0x0000000018e90000)

Polling page: 0x0000000002bc0000

CodeCache: size=245760Kb used=12028Kb max_used=12048Kb free=233732Kb
 bounds [0x0000000002f20000, 0x0000000003af0000, 0x0000000011f20000]
 total_blobs=3618 nmethods=3254 adapters=277
 compilation: enabled

Compilation events (10 events):
Event: 3.462 Thread 0x0000000019e1a000 3251       3       org.apache.maven.model.IssueManagement::setUrl (6 bytes)
Event: 3.462 Thread 0x0000000019e1a000 nmethod 3251 0x0000000003ad9250 code [0x0000000003ad93a0, 0x0000000003ad9510]
Event: 3.482 Thread 0x0000000019e1a000 3260       3       org.apache.maven.repository.internal.ArtifactDescriptorReaderDelegate::convert (205 bytes)
Event: 3.484 Thread 0x0000000019e1a000 nmethod 3260 0x0000000003adc5d0 code [0x0000000003adc9a0, 0x0000000003adeb88]
Event: 3.494 Thread 0x0000000019e1a000 3261       3       org.apache.maven.model.io.xpp3.MavenXpp3Reader::parseLicense (258 bytes)
Event: 3.496 Thread 0x0000000019e1a000 nmethod 3261 0x0000000003ae0050 code [0x0000000003ae0460, 0x0000000003ae22f8]
Event: 3.498 Thread 0x0000000019e1a000 3262       3       org.apache.maven.repository.internal.ArtifactDescriptorUtils::toRemoteRepository (49 bytes)
Event: 3.498 Thread 0x0000000019e1a000 nmethod 3262 0x0000000003aceb50 code [0x0000000003aced20, 0x0000000003acf5b8]
Event: 3.504 Thread 0x0000000019e1a000 3263       3       org.apache.maven.model.Model::setBuild (6 bytes)
Event: 3.504 Thread 0x0000000019e1a000 nmethod 3263 0x0000000003ace810 code [0x0000000003ace960, 0x0000000003acead0]

GC Heap History (10 events):
Event: 1.061 GC heap before
{Heap before GC invocations=1 (full 0):
 PSYoungGen      total 56320K, used 48640K [0x0000000781700000, 0x0000000785580000, 0x00000007c0000000)
  eden space 48640K, 100% used [0x0000000781700000,0x0000000784680000,0x0000000784680000)
  from space 7680K, 0% used [0x0000000784e00000,0x0000000784e00000,0x0000000785580000)
  to   space 7680K, 0% used [0x0000000784680000,0x0000000784680000,0x0000000784e00000)
 ParOldGen       total 128512K, used 0K [0x0000000704400000, 0x000000070c180000, 0x0000000781700000)
  object space 128512K, 0% used [0x0000000704400000,0x0000000704400000,0x000000070c180000)
 Metaspace       used 10130K, capacity 10262K, committed 10496K, reserved 1058816K
  class space    used 1200K, capacity 1247K, committed 1280K, reserved 1048576K
Event: 1.067 GC heap after
Heap after GC invocations=1 (full 0):
 PSYoungGen      total 56320K, used 7508K [0x0000000781700000, 0x0000000785580000, 0x00000007c0000000)
  eden space 48640K, 0% used [0x0000000781700000,0x0000000781700000,0x0000000784680000)
  from space 7680K, 97% used [0x0000000784680000,0x0000000784dd5108,0x0000000784e00000)
  to   space 7680K, 0% used [0x0000000784e00000,0x0000000784e00000,0x0000000785580000)
 ParOldGen       total 128512K, used 16K [0x0000000704400000, 0x000000070c180000, 0x0000000781700000)
  object space 128512K, 0% used [0x0000000704400000,0x0000000704404000,0x000000070c180000)
 Metaspace       used 10130K, capacity 10262K, committed 10496K, reserved 1058816K
  class space    used 1200K, capacity 1247K, committed 1280K, reserved 1048576K
}
Event: 1.767 GC heap before
{Heap before GC invocations=2 (full 0):
 PSYoungGen      total 56320K, used 56148K [0x0000000781700000, 0x0000000785580000, 0x00000007c0000000)
  eden space 48640K, 100% used [0x0000000781700000,0x0000000784680000,0x0000000784680000)
  from space 7680K, 97% used [0x0000000784680000,0x0000000784dd5108,0x0000000784e00000)
  to   space 7680K, 0% used [0x0000000784e00000,0x0000000784e00000,0x0000000785580000)
 ParOldGen       total 128512K, used 16K [0x0000000704400000, 0x000000070c180000, 0x0000000781700000)
  object space 128512K, 0% used [0x0000000704400000,0x0000000704404000,0x000000070c180000)
 Metaspace       used 14946K, capacity 15144K, committed 15232K, reserved 1062912K
  class space    used 1779K, capacity 1876K, committed 1920K, reserved 1048576K
Event: 1.786 GC heap after
Heap after GC invocations=2 (full 0):
 PSYoungGen      total 56320K, used 7668K [0x0000000781700000, 0x0000000788500000, 0x00000007c0000000)
  eden space 48640K, 0% used [0x0000000781700000,0x0000000781700000,0x0000000784680000)
  from space 7680K, 99% used [0x0000000784e00000,0x000000078557d1e8,0x0000000785580000)
  to   space 7680K, 0% used [0x0000000784680000,0x0000000784680000,0x0000000784e00000)
 ParOldGen       total 128512K, used 3071K [0x0000000704400000, 0x000000070c180000, 0x0000000781700000)
  object space 128512K, 2% used [0x0000000704400000,0x00000007046ffc68,0x000000070c180000)
 Metaspace       used 14946K, capacity 15144K, committed 15232K, reserved 1062912K
  class space    used 1779K, capacity 1876K, committed 1920K, reserved 1048576K
}
Event: 2.125 GC heap before
{Heap before GC invocations=3 (full 0):
 PSYoungGen      total 56320K, used 56308K [0x0000000781700000, 0x0000000788500000, 0x00000007c0000000)
  eden space 48640K, 100% used [0x0000000781700000,0x0000000784680000,0x0000000784680000)
  from space 7680K, 99% used [0x0000000784e00000,0x000000078557d1e8,0x0000000785580000)
  to   space 7680K, 0% used [0x0000000784680000,0x0000000784680000,0x0000000784e00000)
 ParOldGen       total 128512K, used 3071K [0x0000000704400000, 0x000000070c180000, 0x0000000781700000)
  object space 128512K, 2% used [0x0000000704400000,0x00000007046ffc68,0x000000070c180000)
 Metaspace       used 15388K, capacity 15630K, committed 15744K, reserved 1062912K
  class space    used 1802K, capacity 1909K, committed 1920K, reserved 1048576K
Event: 2.140 GC heap after
Heap after GC invocations=3 (full 0):
 PSYoungGen      total 56320K, used 7664K [0x0000000781700000, 0x0000000788500000, 0x00000007c0000000)
  eden space 48640K, 0% used [0x0000000781700000,0x0000000781700000,0x0000000784680000)
  from space 7680K, 99% used [0x0000000784680000,0x0000000784dfc030,0x0000000784e00000)
  to   space 7680K, 0% used [0x0000000787d80000,0x0000000787d80000,0x0000000788500000)
 ParOldGen       total 128512K, used 7969K [0x0000000704400000, 0x000000070c180000, 0x0000000781700000)
  object space 128512K, 6% used [0x0000000704400000,0x0000000704bc87c8,0x000000070c180000)
 Metaspace       used 15388K, capacity 15630K, committed 15744K, reserved 1062912K
  class space    used 1802K, capacity 1909K, committed 1920K, reserved 1048576K
}
Event: 2.415 GC heap before
{Heap before GC invocations=4 (full 0):
 PSYoungGen      total 56320K, used 56304K [0x0000000781700000, 0x0000000788500000, 0x00000007c0000000)
  eden space 48640K, 100% used [0x0000000781700000,0x0000000784680000,0x0000000784680000)
  from space 7680K, 99% used [0x0000000784680000,0x0000000784dfc030,0x0000000784e00000)
  to   space 7680K, 0% used [0x0000000787d80000,0x0000000787d80000,0x0000000788500000)
 ParOldGen       total 128512K, used 7969K [0x0000000704400000, 0x000000070c180000, 0x0000000781700000)
  object space 128512K, 6% used [0x0000000704400000,0x0000000704bc87c8,0x000000070c180000)
 Metaspace       used 15652K, capacity 15840K, committed 16000K, reserved 1062912K
  class space    used 1820K, capacity 1912K, committed 1920K, reserved 1048576K
Event: 2.431 GC heap after
Heap after GC invocations=4 (full 0):
 PSYoungGen      total 104960K, used 7664K [0x0000000781700000, 0x0000000788500000, 0x00000007c0000000)
  eden space 97280K, 0% used [0x0000000781700000,0x0000000781700000,0x0000000787600000)
  from space 7680K, 99% used [0x0000000787d80000,0x00000007884fc010,0x0000000788500000)
  to   space 7680K, 0% used [0x0000000787600000,0x0000000787600000,0x0000000787d80000)
 ParOldGen       total 128512K, used 12676K [0x0000000704400000, 0x000000070c180000, 0x0000000781700000)
  object space 128512K, 9% used [0x0000000704400000,0x0000000705061188,0x000000070c180000)
 Metaspace       used 15652K, capacity 15840K, committed 16000K, reserved 1062912K
  class space    used 1820K, capacity 1912K, committed 1920K, reserved 1048576K
}
Event: 3.070 GC heap before
{Heap before GC invocations=5 (full 0):
 PSYoungGen      total 104960K, used 104944K [0x0000000781700000, 0x0000000788500000, 0x00000007c0000000)
  eden space 97280K, 100% used [0x0000000781700000,0x0000000787600000,0x0000000787600000)
  from space 7680K, 99% used [0x0000000787d80000,0x00000007884fc010,0x0000000788500000)
  to   space 7680K, 0% used [0x0000000787600000,0x0000000787600000,0x0000000787d80000)
 ParOldGen       total 128512K, used 12676K [0x0000000704400000, 0x000000070c180000, 0x0000000781700000)
  object space 128512K, 9% used [0x0000000704400000,0x0000000705061188,0x000000070c180000)
 Metaspace       used 16118K, capacity 16318K, committed 16512K, reserved 1064960K
  class space    used 1833K, capacity 1917K, committed 1920K, reserved 1048576K
Event: 3.098 GC heap after
Heap after GC invocations=5 (full 0):
 PSYoungGen      total 104960K, used 7664K [0x0000000781700000, 0x000000078fa00000, 0x00000007c0000000)
  eden space 97280K, 0% used [0x0000000781700000,0x0000000781700000,0x0000000787600000)
  from space 7680K, 99% used [0x0000000787600000,0x0000000787d7c010,0x0000000787d80000)
  to   space 18944K, 0% used [0x000000078e780000,0x000000078e780000,0x000000078fa00000)
 ParOldGen       total 128512K, used 22797K [0x0000000704400000, 0x000000070c180000, 0x0000000781700000)
  object space 128512K, 17% used [0x0000000704400000,0x0000000705a43410,0x000000070c180000)
 Metaspace       used 16118K, capacity 16318K, committed 16512K, reserved 1064960K
  class space    used 1833K, capacity 1917K, committed 1920K, reserved 1048576K
}

Deoptimization events (10 events):
Event: 2.635 Thread 0x0000000002e1e000 Uncommon trap: reason=class_check action=maybe_recompile pc=0x0000000003797400 method=org.codehaus.plexus.interpolation.MapBasedValueSource.getValue(Ljava/lang/String;)Ljava/lang/Object; @ 16
Event: 2.664 Thread 0x0000000002e1e000 Uncommon trap: reason=bimorphic action=maybe_recompile pc=0x00000000034cda8c method=java.util.concurrent.ConcurrentHashMap.get(Ljava/lang/Object;)Ljava/lang/Object; @ 149
Event: 2.709 Thread 0x0000000002e1e000 Uncommon trap: reason=bimorphic action=maybe_recompile pc=0x00000000034cda8c method=java.util.concurrent.ConcurrentHashMap.get(Ljava/lang/Object;)Ljava/lang/Object; @ 149
Event: 2.710 Thread 0x0000000002e1e000 Uncommon trap: reason=bimorphic action=maybe_recompile pc=0x00000000034cda8c method=java.util.concurrent.ConcurrentHashMap.get(Ljava/lang/Object;)Ljava/lang/Object; @ 149
Event: 2.710 Thread 0x0000000002e1e000 Uncommon trap: reason=bimorphic action=maybe_recompile pc=0x00000000034cda8c method=java.util.concurrent.ConcurrentHashMap.get(Ljava/lang/Object;)Ljava/lang/Object; @ 149
Event: 2.830 Thread 0x0000000002e1e000 Uncommon trap: reason=unstable_if action=reinterpret pc=0x00000000038ad2c0 method=org.apache.maven.model.validation.DefaultModelValidator.validateEffectiveDependency(Lorg/apache/maven/model/building/ModelProblemCollector;Lorg/apache/maven/model/Dependency
Event: 2.861 Thread 0x0000000002e1e000 Uncommon trap: reason=unstable_if action=reinterpret pc=0x000000000391d32c method=java.util.WeakHashMap.get(Ljava/lang/Object;)Ljava/lang/Object; @ 56
Event: 2.942 Thread 0x0000000002e1e000 Uncommon trap: reason=unstable_if action=reinterpret pc=0x00000000038fedf4 method=org.apache.maven.model.Plugin.clone()Lorg/apache/maven/model/Plugin; @ 140
Event: 2.969 Thread 0x0000000002e1e000 Uncommon trap: reason=unstable_if action=reinterpret pc=0x00000000037a4384 method=org.codehaus.plexus.interpolation.StringSearchInterpolator.interpolate(Ljava/lang/String;Lorg/codehaus/plexus/interpolation/RecursionInterceptor;Ljava/util/Set;)Ljava/lang/S
Event: 3.425 Thread 0x0000000002e1e000 Uncommon trap: reason=unstable_if action=reinterpret pc=0x0000000003a888f0 method=org.apache.maven.repository.internal.ArtifactDescriptorReaderDelegate.convert(Lorg/apache/maven/model/Dependency;Lorg/eclipse/aether/artifact/ArtifactTypeRegistry;)Lorg/ecli

Classes redefined (0 events):
No events

Internal exceptions (10 events):
Event: 1.499 Thread 0x0000000002e1e000 Exception <a 'java/lang/NullPointerException'> (0x00000007833bc5d8) thrown at [C:\w\cpu\jdk8u-b04\ojdkbuild\lookaside\jdk8u_upstream\hotspot\src\share\vm\interpreter\linkResolver.cpp, line 1185]
Event: 1.499 Thread 0x0000000002e1e000 Exception <a 'java/lang/NullPointerException'> (0x00000007833bc7f0) thrown at [C:\w\cpu\jdk8u-b04\ojdkbuild\lookaside\jdk8u_upstream\hotspot\src\share\vm\interpreter\linkResolver.cpp, line 1185]
Event: 1.524 Thread 0x0000000002e1e000 Implicit null exception at 0x000000000318e554 to 0x000000000318e8f9
Event: 1.524 Thread 0x0000000002e1e000 Implicit null exception at 0x000000000312e716 to 0x000000000312eaa5
Event: 1.684 Thread 0x0000000002e1e000 Implicit null exception at 0x0000000003516a27 to 0x0000000003517d39
Event: 2.155 Thread 0x0000000002e1e000 Implicit null exception at 0x0000000003717703 to 0x000000000371794d
Event: 2.232 Thread 0x0000000002e1e000 Implicit null exception at 0x0000000003203715 to 0x0000000003203919
Event: 2.232 Thread 0x0000000002e1e000 Implicit null exception at 0x00000000033d0eaf to 0x00000000033d0f19
Event: 2.278 Thread 0x0000000002e1e000 Implicit null exception at 0x00000000036cb9cf to 0x00000000036cbeed
Event: 2.502 Thread 0x0000000002e1e000 Implicit null exception at 0x00000000038539f8 to 0x0000000003856069

Events (10 events):
Event: 2.969 Thread 0x0000000002e1e000 DEOPT UNPACKING pc=0x0000000002f6557b sp=0x0000000002d8b5c8 mode 2
Event: 3.069 Executing VM operation: ParallelGCFailedAllocation
Event: 3.098 Executing VM operation: ParallelGCFailedAllocation done
Event: 3.123 Thread 0x0000000002e1e000 DEOPT PACKING pc=0x0000000003512ada sp=0x0000000002d8b960
Event: 3.123 Thread 0x0000000002e1e000 DEOPT UNPACKING pc=0x0000000002f675d0 sp=0x0000000002d8b6c8 mode 0
Event: 3.363 Thread 0x0000000002e1e000 DEOPT PACKING pc=0x0000000003512ada sp=0x0000000002d8c960
Event: 3.363 Thread 0x0000000002e1e000 DEOPT UNPACKING pc=0x0000000002f675d0 sp=0x0000000002d8c6c8 mode 0
Event: 3.425 Thread 0x0000000002e1e000 Uncommon trap: trap_request=0xffffff65 fr.pc=0x0000000003a888f0
Event: 3.425 Thread 0x0000000002e1e000 DEOPT PACKING pc=0x0000000003a888f0 sp=0x0000000002d8c0f0
Event: 3.425 Thread 0x0000000002e1e000 DEOPT UNPACKING pc=0x0000000002f6557b sp=0x0000000002d8c138 mode 2


Dynamic libraries:
0x00007ff75cf00000 - 0x00007ff75cf35000 	C:\Java\openjdk-8u212-b04\bin\javaw.exe
0x00007ffd64110000 - 0x00007ffd642f1000 	C:\WINDOWS\SYSTEM32\ntdll.dll
0x00007ffd63f20000 - 0x00007ffd63fd1000 	C:\WINDOWS\System32\KERNEL32.DLL
0x00007ffd5ffa0000 - 0x00007ffd60213000 	C:\WINDOWS\System32\KERNELBASE.dll
0x00007ffd63a60000 - 0x00007ffd63b01000 	C:\WINDOWS\System32\ADVAPI32.dll
0x00007ffd63b30000 - 0x00007ffd63bce000 	C:\WINDOWS\System32\msvcrt.dll
0x00007ffd612e0000 - 0x00007ffd6133b000 	C:\WINDOWS\System32\sechost.dll
0x00007ffd610e0000 - 0x00007ffd61204000 	C:\WINDOWS\System32\RPCRT4.dll
0x00007ffd60bd0000 - 0x00007ffd60d60000 	C:\WINDOWS\System32\USER32.dll
0x00007ffd60b00000 - 0x00007ffd60b20000 	C:\WINDOWS\System32\win32u.dll
0x00007ffd61080000 - 0x00007ffd610a8000 	C:\WINDOWS\System32\GDI32.dll
0x00007ffd5fc10000 - 0x00007ffd5fda2000 	C:\WINDOWS\System32\gdi32full.dll
0x00007ffd60a60000 - 0x00007ffd60aff000 	C:\WINDOWS\System32\msvcp_win.dll
0x00007ffd5fb10000 - 0x00007ffd5fc08000 	C:\WINDOWS\System32\ucrtbase.dll
0x00007ffd50d40000 - 0x00007ffd50fa9000 	C:\WINDOWS\WinSxS\amd64_microsoft.windows.common-controls_6595b64144ccf1df_6.0.17134.765_none_fb42a1a930655896\COMCTL32.dll
0x00007ffd63bf0000 - 0x00007ffd63f12000 	C:\WINDOWS\System32\combase.dll
0x00007ffd60270000 - 0x00007ffd602ea000 	C:\WINDOWS\System32\bcryptPrimitives.dll
0x00007ffd610b0000 - 0x00007ffd610dd000 	C:\WINDOWS\System32\IMM32.DLL
0x0000000054e00000 - 0x0000000054e39000 	C:\PROGRA~2\Sophos\SOPHOS~2\SOPHOS~2.DLL
0x00007ffd62cc0000 - 0x00007ffd62cc8000 	C:\WINDOWS\System32\PSAPI.DLL
0x00000000541b0000 - 0x0000000054282000 	C:\Java\openjdk-8u212-b04\jre\bin\msvcr100.dll
0x0000000054470000 - 0x0000000054c94000 	C:\Java\openjdk-8u212-b04\jre\bin\server\jvm.dll
0x00007ffd55440000 - 0x00007ffd55449000 	C:\WINDOWS\SYSTEM32\WSOCK32.dll
0x00007ffd5b5e0000 - 0x00007ffd5b5ea000 	C:\WINDOWS\SYSTEM32\VERSION.dll
0x00007ffd61340000 - 0x00007ffd613ac000 	C:\WINDOWS\System32\WS2_32.dll
0x00007ffd57fd0000 - 0x00007ffd57ff3000 	C:\WINDOWS\SYSTEM32\WINMM.dll
0x00007ffd57fa0000 - 0x00007ffd57fca000 	C:\WINDOWS\SYSTEM32\WINMMBASE.dll
0x00007ffd60220000 - 0x00007ffd60269000 	C:\WINDOWS\System32\cfgmgr32.dll
0x00007ffd2dbb0000 - 0x00007ffd2dbbf000 	C:\Java\openjdk-8u212-b04\jre\bin\verify.dll
0x00007ffd2db80000 - 0x00007ffd2dba9000 	C:\Java\openjdk-8u212-b04\jre\bin\java.dll
0x00007ffd2db60000 - 0x00007ffd2db76000 	C:\Java\openjdk-8u212-b04\jre\bin\zip.dll
0x00007ffd61870000 - 0x00007ffd62cb0000 	C:\WINDOWS\System32\SHELL32.dll
0x00007ffd60fd0000 - 0x00007ffd61079000 	C:\WINDOWS\System32\shcore.dll
0x00007ffd602f0000 - 0x00007ffd609fd000 	C:\WINDOWS\System32\windows.storage.dll
0x00007ffd63fe0000 - 0x00007ffd64031000 	C:\WINDOWS\System32\shlwapi.dll
0x00007ffd5faf0000 - 0x00007ffd5fb01000 	C:\WINDOWS\System32\kernel.appcore.dll
0x00007ffd5fad0000 - 0x00007ffd5faef000 	C:\WINDOWS\System32\profapi.dll
0x00007ffd5fa60000 - 0x00007ffd5faac000 	C:\WINDOWS\System32\powrprof.dll
0x00007ffd5fa50000 - 0x00007ffd5fa5a000 	C:\WINDOWS\System32\FLTLIB.DLL
0x00007ffd5f420000 - 0x00007ffd5f437000 	C:\WINDOWS\SYSTEM32\CRYPTSP.dll
0x00007ffd5ec20000 - 0x00007ffd5ec53000 	C:\WINDOWS\system32\rsaenh.dll
0x00007ffd5f550000 - 0x00007ffd5f575000 	C:\WINDOWS\SYSTEM32\bcrypt.dll
0x00007ffd5f950000 - 0x00007ffd5f978000 	C:\WINDOWS\SYSTEM32\USERENV.dll
0x00007ffd5f440000 - 0x00007ffd5f44b000 	C:\WINDOWS\SYSTEM32\CRYPTBASE.dll
0x00007ffd30d00000 - 0x00007ffd30d1a000 	C:\Java\openjdk-8u212-b04\jre\bin\net.dll
0x00007ffd633e0000 - 0x00007ffd635a8000 	C:\WINDOWS\System32\urlmon.dll
0x00007ffd637b0000 - 0x00007ffd63a57000 	C:\WINDOWS\System32\iertutil.dll
0x00007ffd5f270000 - 0x00007ffd5f2d6000 	C:\WINDOWS\system32\mswsock.dll
0x00007ffd5eff0000 - 0x00007ffd5f028000 	C:\WINDOWS\SYSTEM32\IPHLPAPI.DLL
0x00007ffd62cb0000 - 0x00007ffd62cb8000 	C:\WINDOWS\System32\NSI.dll
0x00007ffd5b0e0000 - 0x00007ffd5b0f6000 	C:\WINDOWS\SYSTEM32\dhcpcsvc6.DLL
0x00007ffd5b0c0000 - 0x00007ffd5b0da000 	C:\WINDOWS\SYSTEM32\dhcpcsvc.DLL
0x00007ffd2ec70000 - 0x00007ffd2ec82000 	C:\Java\openjdk-8u212-b04\jre\bin\nio.dll
0x00007ffd5c450000 - 0x00007ffd5c45a000 	C:\TEMP\jansi-1.17-2663711584728474428.dll
0x00007ffd5abb0000 - 0x00007ffd5abba000 	C:\TEMP\jansi-1.17-1098608468820302890.dll

VM Arguments:
jvm_args: -Dmaven.home=EMBEDDED -Dclassworlds.conf=C:\workspaces\g2\.metadata\.plugins\org.eclipse.m2e.launching\launches\m2conf942539543439561228.tmp -Dmaven.multiModuleProjectDirectory=C:\Users\Diontre.Pate\git\shuttle-app\server -Dfile.encoding=Cp1252 
java_command: org.codehaus.plexus.classworlds.launcher.Launcher -B clean install
java_class_path (initial): C:\Users\javauser\.p2\pool\plugins\org.eclipse.m2e.maven.runtime_1.11.0.20190220-2117\jars\plexus-classworlds-2.5.2.jar
Launcher Type: SUN_STANDARD

Environment Variables:
JAVA_HOME=C:\Java\openjdk-8u212-b04
PATH=C:/Java/openjdk-8u212-b04/bin/../jre/bin/server;C:/Java/openjdk-8u212-b04/bin/../jre/bin;C:/Java/openjdk-8u212-b04/bin/../jre/lib/amd64;C:\Python27\;C:\Python27\Scripts;C:\Java\openjdk-8u212-b04\bin;C:\ProgramData\Oracle\Java\javapath;C:\WINDOWS\system;C:\Java\openjdk-8u212-b04\bin;C:\WINDOWS\system32;C:\WINDOWS;C:\WINDOWS\System32\Wbem;C:\WINDOWS\System32\WindowsPowerShell\v1.0\;C:\Win7PowerTools;c:\maven\bin;C:\Program Files\Git\cmd;C:\WINDOWS\System32\OpenSSH\;C:\Program Files\Microsoft VS Code\bin;C:\Program Files\nodejs\;C:\Users\Diontre.Pate\AppData\Local\Microsoft\WindowsApps;;C:\Users\Diontre.Pate\Desktop;
USERNAME=Diontre.Pate
OS=Windows_NT
PROCESSOR_IDENTIFIER=Intel64 Family 6 Model 158 Stepping 10, GenuineIntel



---------------  S Y S T E M  ---------------

OS: Windows 10.0 , 64 bit Build 17134 (10.0.17134.753)

CPU:total 4 (initial active 4) (4 cores per cpu, 1 threads per core) family 6 model 158 stepping 10, cmov, cx8, fxsr, mmx, sse, sse2, sse3, ssse3, sse4.1, sse4.2, popcnt, avx, avx2, aes, clmul, 3dnowpref, lzcnt, tsc, tscinvbit

Memory: 4k page, physical 12303924k(1960052k free), swap 12303924k(11856k free)

vm_info: OpenJDK 64-Bit Server VM (25.212-b04) for windows-amd64 JRE (1.8.0_212-8u-04), built on Apr 10 2019 15:55:14 by "stooke" with MS VC++ 10.0 (VS2010)

time: Mon Aug 19 17:41:38 2019
timezone: Central Daylight Time
elapsed time: 3 seconds (0d 0h 0m 3s)

