#
# There is insufficient memory for the Java Runtime Environment to continue.
# Native memory allocation (malloc) failed to allocate 1048816 bytes for Chunk::new
# Possible reasons:
#   The system is out of physical RAM or swap space
#   The process is running with CompressedOops enabled, and the Java Heap may be blocking the growth of the native heap
# Possible solutions:
#   Reduce memory load on the system
#   Increase physical memory or swap space
#   Check if swap backing store is full
#   Decrease Java heap size (-Xmx/-Xms)
#   Decrease number of Java threads
#   Decrease Java thread stack sizes (-Xss)
#   Set larger code cache with -XX:ReservedCodeCacheSize=
#   JVM is running with Zero Based Compressed Oops mode in which the Java heap is
#     placed in the first 32GB address space. The Java Heap base address is the
#     maximum limit for the native heap growth. Please use -XX:HeapBaseMinAddress
#     to set the Java Heap base and to place the Java Heap above 32GB virtual address.
# This output file may be truncated or incomplete.
#
#  Out of Memory Error (allocation.cpp:389), pid=7924, tid=0x0000000000003fe4
#
# JRE version: OpenJDK Runtime Environment (8.0_212) (build 1.8.0_212-8u-04)
# Java VM: OpenJDK 64-Bit Server VM (25.212-b04 mixed mode windows-amd64 compressed oops)
# Failed to write core dump. Minidumps are not enabled by default on client versions of Windows
#

---------------  T H R E A D  ---------------

Current thread (0x0000000019942800):  JavaThread "C2 CompilerThread1" daemon [_thread_in_native, id=16356, stack(0x000000001b090000,0x000000001b190000)]

Stack: [0x000000001b090000,0x000000001b190000]
[error occurred during error reporting (printing stack bounds), id 0xc0000005]

Native frames: (J=compiled Java code, j=interpreted, Vv=VM code, C=native code)


Current CompileTask:
C2:  10170 6611       4       lombok.javac.JavacAST::buildStatementOrExpression (103 bytes)


---------------  P R O C E S S  ---------------

Java Threads: ( => current thread )
  0x000000001ea32800 JavaThread "ForkJoinPool.commonPool-worker-3" daemon [_thread_blocked, id=10812, stack(0x00000000206d0000,0x00000000207d0000)]
  0x000000001f9fe000 JavaThread "ForkJoinPool.commonPool-worker-2" daemon [_thread_blocked, id=16404, stack(0x000000001ede0000,0x000000001eee0000)]
  0x000000001999e000 JavaThread "Service Thread" daemon [_thread_blocked, id=13240, stack(0x000000001b690000,0x000000001b790000)]
  0x0000000019949800 JavaThread "C1 CompilerThread2" daemon [_thread_blocked, id=14764, stack(0x000000001b190000,0x000000001b290000)]
=>0x0000000019942800 JavaThread "C2 CompilerThread1" daemon [_thread_in_native, id=16356, stack(0x000000001b090000,0x000000001b190000)]
  0x000000001993d800 JavaThread "C2 CompilerThread0" daemon [_thread_in_native, id=8248, stack(0x000000001af90000,0x000000001b090000)]
  0x000000001993a800 JavaThread "Attach Listener" daemon [_thread_blocked, id=8740, stack(0x000000001ae90000,0x000000001af90000)]
  0x0000000019939800 JavaThread "Signal Dispatcher" daemon [_thread_blocked, id=18420, stack(0x000000001ad90000,0x000000001ae90000)]
  0x0000000002a4a000 JavaThread "Finalizer" daemon [_thread_blocked, id=11052, stack(0x000000001aba0000,0x000000001aca0000)]
  0x0000000002a41000 JavaThread "Reference Handler" daemon [_thread_blocked, id=18008, stack(0x000000001aaa0000,0x000000001aba0000)]
  0x000000000274e000 JavaThread "main" [_thread_in_native, id=12464, stack(0x0000000002850000,0x0000000002950000)]

Other Threads:
  0x0000000019905800 VMThread [stack: 0x000000001a9a0000,0x000000001aaa0000] [id=13556]
  0x000000001b2c9000 WatcherThread [stack: 0x000000001b790000,0x000000001b890000] [id=15716]

VM state:not at safepoint (normal execution)

VM Mutex/Monitor currently owned by a thread: None

heap address: 0x0000000704400000, size: 3004 MB, Compressed Oops mode: Zero based, Oop shift amount: 3
Narrow klass base: 0x0000000000000000, Narrow klass shift: 3
Compressed class space size: 1073741824 Address: 0x00000007c0000000

Heap:
 PSYoungGen      total 104960K, used 87570K [0x0000000781700000, 0x0000000788500000, 0x00000007c0000000)
  eden space 97280K, 82% used [0x0000000781700000,0x00000007865059c8,0x0000000787600000)
  from space 7680K, 99% used [0x0000000787600000,0x0000000787d7f1b8,0x0000000787d80000)
  to   space 7680K, 0% used [0x0000000787d80000,0x0000000787d80000,0x0000000788500000)
 ParOldGen       total 123392K, used 58759K [0x0000000704400000, 0x000000070bc80000, 0x0000000781700000)
  object space 123392K, 47% used [0x0000000704400000,0x0000000707d61e18,0x000000070bc80000)
 Metaspace       used 39304K, capacity 40618K, committed 40960K, reserved 1085440K
  class space    used 4618K, capacity 5024K, committed 5120K, reserved 1048576K

Card table byte_map: [0x0000000011e10000,0x00000000123f0000] byte_map_base: 0x000000000e5ee000

Marking Bits: (ParMarkBitMap*) 0x0000000060c68be0
 Begin Bits: [0x0000000012be0000, 0x0000000015ad0000)
 End Bits:   [0x0000000015ad0000, 0x00000000189c0000)

Polling page: 0x0000000000e40000

CodeCache: size=245760Kb used=21784Kb max_used=21784Kb free=223975Kb
 bounds [0x0000000002a50000, 0x0000000003fb0000, 0x0000000011a50000]
 total_blobs=6524 nmethods=5849 adapters=586
 compilation: enabled

Compilation events (10 events):
Event: 10.161 Thread 0x0000000019949800 6653   !   3       com.sun.tools.javac.comp.MemberEnter::visitMethodDef (387 bytes)
Event: 10.163 Thread 0x0000000019949800 nmethod 6653 0x0000000003f9e550 code [0x0000000003f9e920, 0x0000000003fa0b98]
Event: 10.163 Thread 0x0000000019949800 6652       3       com.sun.tools.javac.comp.AttrContext::dup (95 bytes)
Event: 10.163 Thread 0x0000000019949800 nmethod 6652 0x0000000003fa2110 code [0x0000000003fa2280, 0x0000000003fa2588]
Event: 10.163 Thread 0x0000000019949800 6651       3       com.sun.tools.javac.tree.TreeScanner::visitTypeIdent (1 bytes)
Event: 10.163 Thread 0x0000000019949800 nmethod 6651 0x0000000003f78ed0 code [0x0000000003f79020, 0x0000000003f79170]
Event: 10.163 Thread 0x0000000019949800 6648       3       com.sun.tools.javac.comp.MemberEnter::visitImport (170 bytes)
Event: 10.165 Thread 0x0000000019949800 nmethod 6648 0x0000000003fa2650 code [0x0000000003fa2a20, 0x0000000003fa4ae8]
Event: 10.165 Thread 0x0000000019949800 6654       3       com.sun.tools.javac.comp.MemberEnter::methodEnv (133 bytes)
Event: 10.165 Thread 0x0000000019949800 nmethod 6654 0x0000000003fa5e90 code [0x0000000003fa60c0, 0x0000000003fa6f28]

GC Heap History (10 events):
Event: 7.243 GC heap before
{Heap before GC invocations=9 (full 1):
 PSYoungGen      total 104960K, used 97280K [0x0000000781700000, 0x0000000788500000, 0x00000007c0000000)
  eden space 97280K, 100% used [0x0000000781700000,0x0000000787600000,0x0000000787600000)
  from space 7680K, 0% used [0x0000000787600000,0x0000000787600000,0x0000000787d80000)
  to   space 7680K, 0% used [0x0000000787d80000,0x0000000787d80000,0x0000000788500000)
 ParOldGen       total 123392K, used 36543K [0x0000000704400000, 0x000000070bc80000, 0x0000000781700000)
  object space 123392K, 29% used [0x0000000704400000,0x00000007067afe20,0x000000070bc80000)
 Metaspace       used 26932K, capacity 27860K, committed 28032K, reserved 1073152K
  class space    used 3120K, capacity 3431K, committed 3456K, reserved 1048576K
Event: 7.256 GC heap after
Heap after GC invocations=9 (full 1):
 PSYoungGen      total 104960K, used 7648K [0x0000000781700000, 0x0000000788500000, 0x00000007c0000000)
  eden space 97280K, 0% used [0x0000000781700000,0x0000000781700000,0x0000000787600000)
  from space 7680K, 99% used [0x0000000787d80000,0x00000007884f8040,0x0000000788500000)
  to   space 7680K, 0% used [0x0000000787600000,0x0000000787600000,0x0000000787d80000)
 ParOldGen       total 123392K, used 41894K [0x0000000704400000, 0x000000070bc80000, 0x0000000781700000)
  object space 123392K, 33% used [0x0000000704400000,0x0000000706ce9888,0x000000070bc80000)
 Metaspace       used 26932K, capacity 27860K, committed 28032K, reserved 1073152K
  class space    used 3120K, capacity 3431K, committed 3456K, reserved 1048576K
}
Event: 7.965 GC heap before
{Heap before GC invocations=10 (full 1):
 PSYoungGen      total 104960K, used 104928K [0x0000000781700000, 0x0000000788500000, 0x00000007c0000000)
  eden space 97280K, 100% used [0x0000000781700000,0x0000000787600000,0x0000000787600000)
  from space 7680K, 99% used [0x0000000787d80000,0x00000007884f8040,0x0000000788500000)
  to   space 7680K, 0% used [0x0000000787600000,0x0000000787600000,0x0000000787d80000)
 ParOldGen       total 123392K, used 41894K [0x0000000704400000, 0x000000070bc80000, 0x0000000781700000)
  object space 123392K, 33% used [0x0000000704400000,0x0000000706ce9888,0x000000070bc80000)
 Metaspace       used 32685K, capacity 34012K, committed 34304K, reserved 1079296K
  class space    used 3871K, capacity 4247K, committed 4352K, reserved 1048576K
Event: 7.996 GC heap after
Heap after GC invocations=10 (full 1):
 PSYoungGen      total 104960K, used 7664K [0x0000000781700000, 0x0000000788500000, 0x00000007c0000000)
  eden space 97280K, 0% used [0x0000000781700000,0x0000000781700000,0x0000000787600000)
  from space 7680K, 99% used [0x0000000787600000,0x0000000787d7c050,0x0000000787d80000)
  to   space 7680K, 0% used [0x0000000787d80000,0x0000000787d80000,0x0000000788500000)
 ParOldGen       total 123392K, used 47329K [0x0000000704400000, 0x000000070bc80000, 0x0000000781700000)
  object space 123392K, 38% used [0x0000000704400000,0x00000007072386a0,0x000000070bc80000)
 Metaspace       used 32685K, capacity 34012K, committed 34304K, reserved 1079296K
  class space    used 3871K, capacity 4247K, committed 4352K, reserved 1048576K
}
Event: 8.321 GC heap before
{Heap before GC invocations=11 (full 1):
 PSYoungGen      total 104960K, used 24022K [0x0000000781700000, 0x0000000788500000, 0x00000007c0000000)
  eden space 97280K, 16% used [0x0000000781700000,0x00000007826f9b18,0x0000000787600000)
  from space 7680K, 99% used [0x0000000787600000,0x0000000787d7c050,0x0000000787d80000)
  to   space 7680K, 0% used [0x0000000787d80000,0x0000000787d80000,0x0000000788500000)
 ParOldGen       total 123392K, used 47329K [0x0000000704400000, 0x000000070bc80000, 0x0000000781700000)
  object space 123392K, 38% used [0x0000000704400000,0x00000007072386a0,0x000000070bc80000)
 Metaspace       used 34022K, capacity 35400K, committed 35456K, reserved 1081344K
  class space    used 4033K, capacity 4455K, committed 4480K, reserved 1048576K
Event: 8.338 GC heap after
Heap after GC invocations=11 (full 1):
 PSYoungGen      total 104960K, used 2567K [0x0000000781700000, 0x0000000788500000, 0x00000007c0000000)
  eden space 97280K, 0% used [0x0000000781700000,0x0000000781700000,0x0000000787600000)
  from space 7680K, 33% used [0x0000000787d80000,0x0000000788001ee0,0x0000000788500000)
  to   space 7680K, 0% used [0x0000000787600000,0x0000000787600000,0x0000000787d80000)
 ParOldGen       total 123392K, used 53794K [0x0000000704400000, 0x000000070bc80000, 0x0000000781700000)
  object space 123392K, 43% used [0x0000000704400000,0x0000000707888968,0x000000070bc80000)
 Metaspace       used 34022K, capacity 35400K, committed 35456K, reserved 1081344K
  class space    used 4033K, capacity 4455K, committed 4480K, reserved 1048576K
}
Event: 8.338 GC heap before
{Heap before GC invocations=12 (full 2):
 PSYoungGen      total 104960K, used 2567K [0x0000000781700000, 0x0000000788500000, 0x00000007c0000000)
  eden space 97280K, 0% used [0x0000000781700000,0x0000000781700000,0x0000000787600000)
  from space 7680K, 33% used [0x0000000787d80000,0x0000000788001ee0,0x0000000788500000)
  to   space 7680K, 0% used [0x0000000787600000,0x0000000787600000,0x0000000787d80000)
 ParOldGen       total 123392K, used 53794K [0x0000000704400000, 0x000000070bc80000, 0x0000000781700000)
  object space 123392K, 43% used [0x0000000704400000,0x0000000707888968,0x000000070bc80000)
 Metaspace       used 34022K, capacity 35400K, committed 35456K, reserved 1081344K
  class space    used 4033K, capacity 4455K, committed 4480K, reserved 1048576K
Event: 8.495 GC heap after
Heap after GC invocations=12 (full 2):
 PSYoungGen      total 104960K, used 0K [0x0000000781700000, 0x0000000788500000, 0x00000007c0000000)
  eden space 97280K, 0% used [0x0000000781700000,0x0000000781700000,0x0000000787600000)
  from space 7680K, 0% used [0x0000000787d80000,0x0000000787d80000,0x0000000788500000)
  to   space 7680K, 0% used [0x0000000787600000,0x0000000787600000,0x0000000787d80000)
 ParOldGen       total 123392K, used 45478K [0x0000000704400000, 0x000000070bc80000, 0x0000000781700000)
  object space 123392K, 36% used [0x0000000704400000,0x0000000707069ae8,0x000000070bc80000)
 Metaspace       used 33887K, capacity 35072K, committed 35456K, reserved 1081344K
  class space    used 3984K, capacity 4367K, committed 4480K, reserved 1048576K
}
Event: 9.596 GC heap before
{Heap before GC invocations=13 (full 2):
 PSYoungGen      total 104960K, used 97280K [0x0000000781700000, 0x0000000788500000, 0x00000007c0000000)
  eden space 97280K, 100% used [0x0000000781700000,0x0000000787600000,0x0000000787600000)
  from space 7680K, 0% used [0x0000000787d80000,0x0000000787d80000,0x0000000788500000)
  to   space 7680K, 0% used [0x0000000787600000,0x0000000787600000,0x0000000787d80000)
 ParOldGen       total 123392K, used 45478K [0x0000000704400000, 0x000000070bc80000, 0x0000000781700000)
  object space 123392K, 36% used [0x0000000704400000,0x0000000707069ae8,0x000000070bc80000)
 Metaspace       used 38206K, capacity 39520K, committed 40064K, reserved 1085440K
  class space    used 4486K, capacity 4891K, committed 4992K, reserved 1048576K
Event: 9.616 GC heap after
Heap after GC invocations=13 (full 2):
 PSYoungGen      total 104960K, used 7676K [0x0000000781700000, 0x0000000788500000, 0x00000007c0000000)
  eden space 97280K, 0% used [0x0000000781700000,0x0000000781700000,0x0000000787600000)
  from space 7680K, 99% used [0x0000000787600000,0x0000000787d7f1b8,0x0000000787d80000)
  to   space 7680K, 0% used [0x0000000787d80000,0x0000000787d80000,0x0000000788500000)
 ParOldGen       total 123392K, used 58759K [0x0000000704400000, 0x000000070bc80000, 0x0000000781700000)
  object space 123392K, 47% used [0x0000000704400000,0x0000000707d61e18,0x000000070bc80000)
 Metaspace       used 38206K, capacity 39520K, committed 40064K, reserved 1085440K
  class space    used 4486K, capacity 4891K, committed 4992K, reserved 1048576K
}

Deoptimization events (10 events):
Event: 9.687 Thread 0x000000000274e000 Uncommon trap: reason=unstable_if action=reinterpret pc=0x00000000031365ac method=java.util.HashMap.hash(Ljava/lang/Object;)I @ 1
Event: 9.713 Thread 0x000000000274e000 Uncommon trap: reason=unstable_if action=reinterpret pc=0x00000000035c1a90 method=java.lang.Integer.valueOf(I)Ljava/lang/Integer; @ 3
Event: 9.740 Thread 0x000000000274e000 Uncommon trap: reason=unstable_if action=reinterpret pc=0x000000000301a4ac method=java.lang.reflect.Field.get(Ljava/lang/Object;)Ljava/lang/Object; @ 4
Event: 9.838 Thread 0x000000000274e000 Uncommon trap: reason=unstable_if action=reinterpret pc=0x0000000003e221ac method=java.util.HashMap.removeNode(ILjava/lang/Object;Ljava/lang/Object;ZZ)Ljava/util/HashMap$Node; @ 62
Event: 9.876 Thread 0x000000000274e000 Uncommon trap: reason=unstable_if action=reinterpret pc=0x0000000002e7bcf4 method=java.net.URI$Parser.scan(IILjava/lang/String;Ljava/lang/String;)I @ 23
Event: 10.036 Thread 0x000000000274e000 Uncommon trap: reason=bimorphic action=maybe_recompile pc=0x0000000003f019f0 method=lombok.javac.JavacNode.traverse(Llombok/javac/JavacASTVisitor;)V @ 69
Event: 10.036 Thread 0x000000000274e000 Uncommon trap: reason=bimorphic action=maybe_recompile pc=0x0000000003f019b0 method=lombok.javac.JavacNode.traverse(Llombok/javac/JavacASTVisitor;)V @ 112
Event: 10.036 Thread 0x000000000274e000 Uncommon trap: reason=bimorphic action=maybe_recompile pc=0x0000000003f0160c method=lombok.javac.JavacNode.traverse(Llombok/javac/JavacASTVisitor;)V @ 494
Event: 10.036 Thread 0x000000000274e000 Uncommon trap: reason=bimorphic action=maybe_recompile pc=0x0000000003f0160c method=lombok.javac.JavacNode.traverse(Llombok/javac/JavacASTVisitor;)V @ 494
Event: 10.044 Thread 0x000000000274e000 Uncommon trap: reason=unstable_if action=reinterpret pc=0x0000000002fe3600 method=java.util.HashMap.hash(Ljava/lang/Object;)I @ 1

Classes redefined (0 events):
No events

Internal exceptions (10 events):
Event: 9.094 Thread 0x000000000274e000 Exception <a 'java/io/FileNotFoundException'> (0x00000007837c6388) thrown at [C:\w\cpu\jdk8u-b04\ojdkbuild\lookaside\jdk8u_upstream\hotspot\src\share\vm\prims\jni.cpp, line 710]
Event: 9.094 Thread 0x000000000274e000 Exception <a 'java/io/FileNotFoundException'> (0x00000007837c7020) thrown at [C:\w\cpu\jdk8u-b04\ojdkbuild\lookaside\jdk8u_upstream\hotspot\src\share\vm\prims\jni.cpp, line 710]
Event: 9.183 Thread 0x000000000274e000 Exception <a 'java/io/FileNotFoundException'> (0x0000000784539590) thrown at [C:\w\cpu\jdk8u-b04\ojdkbuild\lookaside\jdk8u_upstream\hotspot\src\share\vm\prims\jni.cpp, line 710]
Event: 9.183 Thread 0x000000000274e000 Exception <a 'java/io/FileNotFoundException'> (0x000000078453a568) thrown at [C:\w\cpu\jdk8u-b04\ojdkbuild\lookaside\jdk8u_upstream\hotspot\src\share\vm\prims\jni.cpp, line 710]
Event: 9.183 Thread 0x000000000274e000 Exception <a 'java/io/FileNotFoundException'> (0x000000078453b568) thrown at [C:\w\cpu\jdk8u-b04\ojdkbuild\lookaside\jdk8u_upstream\hotspot\src\share\vm\prims\jni.cpp, line 710]
Event: 9.183 Thread 0x000000000274e000 Exception <a 'java/io/FileNotFoundException'> (0x000000078453c578) thrown at [C:\w\cpu\jdk8u-b04\ojdkbuild\lookaside\jdk8u_upstream\hotspot\src\share\vm\prims\jni.cpp, line 710]
Event: 9.684 Thread 0x000000000274e000 Implicit null exception at 0x0000000003190373 to 0x00000000031907a9
Event: 9.687 Thread 0x000000000274e000 Implicit null exception at 0x0000000003136395 to 0x000000000313659d
Event: 9.838 Thread 0x000000000274e000 Implicit null exception at 0x0000000003e21dc4 to 0x0000000003e22163
Event: 10.044 Thread 0x000000000274e000 Implicit null exception at 0x0000000002fe2a73 to 0x0000000002fe35e5

Events (10 events):
Event: 10.036 Thread 0x000000000274e000 DEOPT PACKING pc=0x0000000003f0160c sp=0x000000000294d6f0
Event: 10.036 Thread 0x000000000274e000 DEOPT UNPACKING pc=0x0000000002a9557b sp=0x000000000294d688 mode 2
Event: 10.036 Thread 0x000000000274e000 Uncommon trap: trap_request=0xffffffc6 fr.pc=0x0000000003f0160c
Event: 10.036 Thread 0x000000000274e000 DEOPT PACKING pc=0x0000000003f0160c sp=0x000000000294d6f0
Event: 10.036 Thread 0x000000000274e000 DEOPT UNPACKING pc=0x0000000002a9557b sp=0x000000000294d688 mode 2
Event: 10.044 Thread 0x000000000274e000 Uncommon trap: trap_request=0xffffff65 fr.pc=0x0000000002fe3600
Event: 10.044 Thread 0x000000000274e000 DEOPT PACKING pc=0x0000000002fe3600 sp=0x000000000294da20
Event: 10.044 Thread 0x000000000274e000 DEOPT UNPACKING pc=0x0000000002a9557b sp=0x000000000294d928 mode 2
Event: 10.124 Executing VM operation: ForceSafepoint
Event: 10.125 Executing VM operation: ForceSafepoint done


Dynamic libraries:
0x00007ff612dd0000 - 0x00007ff612e05000 	C:\Java\openjdk-8u212-b04\bin\javaw.exe
0x00007ffb9c030000 - 0x00007ffb9c211000 	C:\WINDOWS\SYSTEM32\ntdll.dll
0x00007ffb9b330000 - 0x00007ffb9b3e1000 	C:\WINDOWS\System32\KERNEL32.DLL
0x00007ffb97ca0000 - 0x00007ffb97f13000 	C:\WINDOWS\System32\KERNELBASE.dll
0x00007ffb98af0000 - 0x00007ffb98b91000 	C:\WINDOWS\System32\ADVAPI32.dll
0x00007ffb9bd80000 - 0x00007ffb9be1e000 	C:\WINDOWS\System32\msvcrt.dll
0x00007ffb9b8f0000 - 0x00007ffb9b94b000 	C:\WINDOWS\System32\sechost.dll
0x00007ffb9a810000 - 0x00007ffb9a934000 	C:\WINDOWS\System32\RPCRT4.dll
0x00007ffb9b980000 - 0x00007ffb9bb10000 	C:\WINDOWS\System32\USER32.dll
0x00007ffb98ad0000 - 0x00007ffb98af0000 	C:\WINDOWS\System32\win32u.dll
0x00007ffb98e80000 - 0x00007ffb98ea8000 	C:\WINDOWS\System32\GDI32.dll
0x00007ffb97f20000 - 0x00007ffb980b2000 	C:\WINDOWS\System32\gdi32full.dll
0x00007ffb97c00000 - 0x00007ffb97c9f000 	C:\WINDOWS\System32\msvcp_win.dll
0x00007ffb97ab0000 - 0x00007ffb97ba8000 	C:\WINDOWS\System32\ucrtbase.dll
0x00007ffb8c240000 - 0x00007ffb8c4a9000 	C:\WINDOWS\WinSxS\amd64_microsoft.windows.common-controls_6595b64144ccf1df_6.0.17134.765_none_fb42a1a930655896\COMCTL32.dll
0x00007ffb9a4e0000 - 0x00007ffb9a802000 	C:\WINDOWS\System32\combase.dll
0x00007ffb97a30000 - 0x00007ffb97aaa000 	C:\WINDOWS\System32\bcryptPrimitives.dll
0x00007ffb9b950000 - 0x00007ffb9b97d000 	C:\WINDOWS\System32\IMM32.DLL
0x0000000060dc0000 - 0x0000000060df9000 	C:\PROGRA~2\Sophos\SOPHOS~2\SOPHOS~2.DLL
0x00007ffb9a940000 - 0x00007ffb9a948000 	C:\WINDOWS\System32\PSAPI.DLL
0x0000000060280000 - 0x0000000060352000 	C:\Java\openjdk-8u212-b04\jre\bin\msvcr100.dll
0x00000000604c0000 - 0x0000000060ce4000 	C:\Java\openjdk-8u212-b04\jre\bin\server\jvm.dll
0x00007ffb8fe80000 - 0x00007ffb8fe89000 	C:\WINDOWS\SYSTEM32\WSOCK32.dll
0x00007ffb9bb10000 - 0x00007ffb9bb7c000 	C:\WINDOWS\System32\WS2_32.dll
0x00007ffb945c0000 - 0x00007ffb945e3000 	C:\WINDOWS\SYSTEM32\WINMM.dll
0x00007ffb92f00000 - 0x00007ffb92f0a000 	C:\WINDOWS\SYSTEM32\VERSION.dll
0x00007ffb90d90000 - 0x00007ffb90dba000 	C:\WINDOWS\SYSTEM32\winmmbase.dll
0x00007ffb97bb0000 - 0x00007ffb97bf9000 	C:\WINDOWS\System32\cfgmgr32.dll
0x00007ffb7c010000 - 0x00007ffb7c01f000 	C:\Java\openjdk-8u212-b04\jre\bin\verify.dll
0x00007ffb6e020000 - 0x00007ffb6e049000 	C:\Java\openjdk-8u212-b04\jre\bin\java.dll
0x00007ffb6e000000 - 0x00007ffb6e016000 	C:\Java\openjdk-8u212-b04\jre\bin\zip.dll
0x00007ffb99080000 - 0x00007ffb9a4c0000 	C:\WINDOWS\System32\SHELL32.dll
0x00007ffb9bea0000 - 0x00007ffb9bf49000 	C:\WINDOWS\System32\shcore.dll
0x00007ffb983c0000 - 0x00007ffb98acd000 	C:\WINDOWS\System32\windows.storage.dll
0x00007ffb9be20000 - 0x00007ffb9be71000 	C:\WINDOWS\System32\shlwapi.dll
0x00007ffb97a10000 - 0x00007ffb97a21000 	C:\WINDOWS\System32\kernel.appcore.dll
0x00007ffb979a0000 - 0x00007ffb979bf000 	C:\WINDOWS\System32\profapi.dll
0x00007ffb979c0000 - 0x00007ffb97a0c000 	C:\WINDOWS\System32\powrprof.dll
0x00007ffb97990000 - 0x00007ffb9799a000 	C:\WINDOWS\System32\FLTLIB.DLL
0x00007ffb97340000 - 0x00007ffb97357000 	C:\WINDOWS\SYSTEM32\CRYPTSP.dll
0x00007ffb96b40000 - 0x00007ffb96b73000 	C:\WINDOWS\system32\rsaenh.dll
0x00007ffb97470000 - 0x00007ffb97495000 	C:\WINDOWS\SYSTEM32\bcrypt.dll
0x00007ffb978a0000 - 0x00007ffb978c8000 	C:\WINDOWS\SYSTEM32\USERENV.dll
0x00007ffb97360000 - 0x00007ffb9736b000 	C:\WINDOWS\SYSTEM32\CRYPTBASE.dll
0x00007ffb6d790000 - 0x00007ffb6d7aa000 	C:\Java\openjdk-8u212-b04\jre\bin\net.dll
0x00007ffb98eb0000 - 0x00007ffb99078000 	C:\WINDOWS\System32\urlmon.dll
0x00007ffb9b3f0000 - 0x00007ffb9b697000 	C:\WINDOWS\System32\iertutil.dll
0x00007ffb97190000 - 0x00007ffb971f6000 	C:\WINDOWS\system32\mswsock.dll
0x00007ffb96f10000 - 0x00007ffb96f48000 	C:\WINDOWS\SYSTEM32\IPHLPAPI.DLL
0x00007ffb9b6a0000 - 0x00007ffb9b6a8000 	C:\WINDOWS\System32\NSI.dll
0x00007ffb92fd0000 - 0x00007ffb92fe6000 	C:\WINDOWS\SYSTEM32\dhcpcsvc6.DLL
0x00007ffb92fb0000 - 0x00007ffb92fca000 	C:\WINDOWS\SYSTEM32\dhcpcsvc.DLL
0x00007ffb6d770000 - 0x00007ffb6d782000 	C:\Java\openjdk-8u212-b04\jre\bin\nio.dll
0x00007ffb94360000 - 0x00007ffb9436a000 	C:\TEMP\jansi-1.17-8160947629092932134.dll
0x00007ffb8f000000 - 0x00007ffb8f00a000 	C:\TEMP\jansi-1.17-654611223699967587.dll
0x00007ffb943e0000 - 0x00007ffb943ed000 	C:\Java\openjdk-8u212-b04\jre\bin\management.dll

VM Arguments:
jvm_args: -Dmaven.home=EMBEDDED -Dclassworlds.conf=C:\workspaces\g2\.metadata\.plugins\org.eclipse.m2e.launching\launches\m2conf8338518949014638020.tmp -Dmaven.multiModuleProjectDirectory=C:\Users\Diontre.Pate\git\shuttle-app\server -Dfile.encoding=Cp1252 
java_command: org.codehaus.plexus.classworlds.launcher.Launcher -B clean install
java_class_path (initial): C:\Users\javauser\.p2\pool\plugins\org.eclipse.m2e.maven.runtime_1.11.0.20190220-2117\jars\plexus-classworlds-2.5.2.jar
Launcher Type: SUN_STANDARD

Environment Variables:
JAVA_HOME=C:\Java\openjdk-8u212-b04
PATH=C:/Java/openjdk-8u212-b04/bin/../jre/bin/server;C:/Java/openjdk-8u212-b04/bin/../jre/bin;C:/Java/openjdk-8u212-b04/bin/../jre/lib/amd64;C:\Java\openjdk-8u212-b04\bin;C:\ProgramData\Oracle\Java\javapath;C:\WINDOWS\system;C:\Java\openjdk-8u212-b04\bin;C:\WINDOWS\system32;C:\WINDOWS;C:\WINDOWS\System32\Wbem;C:\WINDOWS\System32\WindowsPowerShell\v1.0\;C:\Win7PowerTools;c:\maven\bin;C:\Program Files\Git\cmd;C:\WINDOWS\System32\OpenSSH\;C:\Program Files\Microsoft VS Code\bin;C:\Program Files\nodejs\;C:\Users\Diontre.Pate\AppData\Local\Microsoft\WindowsApps;;C:\Users\Diontre.Pate\Desktop;
USERNAME=Diontre.Pate
OS=Windows_NT
PROCESSOR_IDENTIFIER=Intel64 Family 6 Model 158 Stepping 10, GenuineIntel



---------------  S Y S T E M  ---------------

OS: Windows 10.0 , 64 bit Build 17134 (10.0.17134.753)

CPU:total 4 (initial active 4) (4 cores per cpu, 1 threads per core) family 6 model 158 stepping 10, cmov, cx8, fxsr, mmx, sse, sse2, sse3, ssse3, sse4.1, sse4.2, popcnt, avx, avx2, aes, clmul, 3dnowpref, lzcnt, tsc, tscinvbit

Memory: 4k page, physical 12303924k(1578704k free), swap 12303924k(4340k free)

vm_info: OpenJDK 64-Bit Server VM (25.212-b04) for windows-amd64 JRE (1.8.0_212-8u-04), built on Apr 10 2019 15:55:14 by "stooke" with MS VC++ 10.0 (VS2010)

time: Tue Jul 09 14:24:37 2019
timezone: Central Daylight Time
elapsed time: 10 seconds (0d 0h 0m 10s)

