#
# There is insufficient memory for the Java Runtime Environment to continue.
# Native memory allocation (malloc) failed to allocate 1358896 bytes for Chunk::new
# Possible reasons:
#   The system is out of physical RAM or swap space
#   The process is running with CompressedOops enabled, and the Java Heap may be blocking the growth of the native heap
# Possible solutions:
#   Reduce memory load on the system
#   Increase physical memory or swap space
#   Check if swap backing store is full
#   Decrease Java heap size (-Xmx/-Xms)
#   Decrease number of Java threads
#   Decrease Java thread stack sizes (-Xss)
#   Set larger code cache with -XX:ReservedCodeCacheSize=
#   JVM is running with Zero Based Compressed Oops mode in which the Java heap is
#     placed in the first 32GB address space. The Java Heap base address is the
#     maximum limit for the native heap growth. Please use -XX:HeapBaseMinAddress
#     to set the Java Heap base and to place the Java Heap above 32GB virtual address.
# This output file may be truncated or incomplete.
#
#  Out of Memory Error (allocation.cpp:389), pid=14344, tid=0x0000000000004004
#
# JRE version: OpenJDK Runtime Environment (8.0_212) (build 1.8.0_212-8u-04)
# Java VM: OpenJDK 64-Bit Server VM (25.212-b04 mixed mode windows-amd64 compressed oops)
# Failed to write core dump. Minidumps are not enabled by default on client versions of Windows
#

---------------  T H R E A D  ---------------

Current thread (0x0000000019953800):  JavaThread "C2 CompilerThread1" daemon [_thread_in_native, id=16388, stack(0x000000001af60000,0x000000001b060000)]

Stack: [0x000000001af60000,0x000000001b060000]
[error occurred during error reporting (printing stack bounds), id 0xc0000005]

Native frames: (J=compiled Java code, j=interpreted, Vv=VM code, C=native code)


Current CompileTask:
C2:  16441 4129       4       org.codehaus.groovy.reflection.CachedMethod::compareTo (25 bytes)


---------------  P R O C E S S  ---------------

Java Threads: ( => current thread )
  0x000000001995a800 JavaThread "Service Thread" daemon [_thread_blocked, id=23568, stack(0x000000001b560000,0x000000001b660000)]
  0x000000001b070800 JavaThread "C1 CompilerThread2" daemon [_thread_blocked, id=7324, stack(0x000000001b460000,0x000000001b560000)]
=>0x0000000019953800 JavaThread "C2 CompilerThread1" daemon [_thread_in_native, id=16388, stack(0x000000001af60000,0x000000001b060000)]
  0x00000000198fc000 JavaThread "C2 CompilerThread0" daemon [_thread_in_native, id=24396, stack(0x000000001ae60000,0x000000001af60000)]
  0x00000000198f9000 JavaThread "Attach Listener" daemon [_thread_blocked, id=17228, stack(0x000000001ad60000,0x000000001ae60000)]
  0x00000000198f8000 JavaThread "Signal Dispatcher" daemon [_thread_blocked, id=23448, stack(0x000000001ac60000,0x000000001ad60000)]
  0x0000000002a0a000 JavaThread "Finalizer" daemon [_thread_blocked, id=21212, stack(0x000000001ab60000,0x000000001ac60000)]
  0x0000000002a01000 JavaThread "Reference Handler" daemon [_thread_blocked, id=13352, stack(0x000000001aa60000,0x000000001ab60000)]
  0x0000000000d0e000 JavaThread "main" [_thread_in_native, id=12868, stack(0x0000000002580000,0x0000000002680000)]

Other Threads:
  0x00000000198c5800 VMThread [stack: 0x000000001a960000,0x000000001aa60000] [id=24940]
  0x000000001995b800 WatcherThread [stack: 0x000000001b660000,0x000000001b760000] [id=12968]

VM state:not at safepoint (normal execution)

VM Mutex/Monitor currently owned by a thread: None

heap address: 0x0000000704400000, size: 3004 MB, Compressed Oops mode: Zero based, Oop shift amount: 3
Narrow klass base: 0x0000000000000000, Narrow klass shift: 3
Compressed class space size: 1073741824 Address: 0x00000007c0000000

Heap:
 PSYoungGen      total 202240K, used 30881K [0x0000000781700000, 0x000000079c400000, 0x00000007c0000000)
  eden space 194560K, 15% used [0x0000000781700000,0x00000007835285f8,0x000000078d500000)
  from space 7680K, 0% used [0x000000078d500000,0x000000078d500000,0x000000078dc80000)
  to   space 25088K, 0% used [0x000000079ab80000,0x000000079ab80000,0x000000079c400000)
 ParOldGen       total 123904K, used 37674K [0x0000000704400000, 0x000000070bd00000, 0x0000000781700000)
  object space 123904K, 30% used [0x0000000704400000,0x00000007068ca818,0x000000070bd00000)
 Metaspace       used 22293K, capacity 22792K, committed 23088K, reserved 1069056K
  class space    used 2447K, capacity 2564K, committed 2688K, reserved 1048576K

Card table byte_map: [0x0000000011dd0000,0x00000000123b0000] byte_map_base: 0x000000000e5ae000

Marking Bits: (ParMarkBitMap*) 0x0000000077f78be0
 Begin Bits: [0x0000000012ba0000, 0x0000000015a90000)
 End Bits:   [0x0000000015a90000, 0x0000000018980000)

Polling page: 0x0000000000ce0000

CodeCache: size=245760Kb used=14791Kb max_used=15154Kb free=230968Kb
 bounds [0x0000000002a10000, 0x00000000038f0000, 0x0000000011a10000]
 total_blobs=4314 nmethods=3702 adapters=525
 compilation: enabled

Compilation events (10 events):
Event: 16.413 Thread 0x000000001b070800 4252       3       sun.reflect.generics.visitor.Reifier::reifyTypeArguments (38 bytes)
Event: 16.413 Thread 0x000000001b070800 nmethod 4252 0x0000000003196450 code [0x00000000031965e0, 0x0000000003196ac8]
Event: 16.430 Thread 0x000000001b070800 4254       3       java.lang.reflect.Proxy$KeyFactory::apply (66 bytes)
Event: 16.431 Thread 0x000000001b070800 nmethod 4254 0x000000000319b910 code [0x000000000319bb40, 0x000000000319c5c8]
Event: 16.431 Thread 0x000000001b070800 4255       3       java.beans.Introspector::throwsException (33 bytes)
Event: 16.431 Thread 0x000000001b070800 nmethod 4255 0x0000000003195bd0 code [0x0000000003195d60, 0x0000000003196268]
Event: 16.431 Thread 0x000000001b070800 4256       3       java.beans.Introspector::isAssignable (27 bytes)
Event: 16.431 Thread 0x000000001b070800 nmethod 4256 0x000000000319b410 code [0x000000000319b580, 0x000000000319b868]
Event: 16.432 Thread 0x000000001b070800 4257       3       groovy.lang.MetaClassImpl::getVersion (11 bytes)
Event: 16.432 Thread 0x000000001b070800 nmethod 4257 0x000000000319b050 code [0x000000000319b1a0, 0x000000000319b330]

GC Heap History (10 events):
Event: 6.170 GC heap before
{Heap before GC invocations=2 (full 0):
 PSYoungGen      total 56320K, used 56137K [0x0000000781700000, 0x0000000788500000, 0x00000007c0000000)
  eden space 48640K, 100% used [0x0000000781700000,0x0000000784680000,0x0000000784680000)
  from space 7680K, 97% used [0x0000000784680000,0x0000000784dd2458,0x0000000784e00000)
  to   space 7680K, 0% used [0x0000000787d80000,0x0000000787d80000,0x0000000788500000)
 ParOldGen       total 128512K, used 0K [0x0000000704400000, 0x000000070c180000, 0x0000000781700000)
  object space 128512K, 0% used [0x0000000704400000,0x0000000704400000,0x000000070c180000)
 Metaspace       used 14982K, capacity 15208K, committed 15488K, reserved 1062912K
  class space    used 1778K, capacity 1876K, committed 1920K, reserved 1048576K
Event: 6.201 GC heap after
Heap after GC invocations=2 (full 0):
 PSYoungGen      total 104960K, used 7678K [0x0000000781700000, 0x0000000788500000, 0x00000007c0000000)
  eden space 97280K, 0% used [0x0000000781700000,0x0000000781700000,0x0000000787600000)
  from space 7680K, 99% used [0x0000000787d80000,0x00000007884ffb98,0x0000000788500000)
  to   space 7680K, 0% used [0x0000000787600000,0x0000000787600000,0x0000000787d80000)
 ParOldGen       total 128512K, used 3013K [0x0000000704400000, 0x000000070c180000, 0x0000000781700000)
  object space 128512K, 2% used [0x0000000704400000,0x00000007046f16d8,0x000000070c180000)
 Metaspace       used 14982K, capacity 15208K, committed 15488K, reserved 1062912K
  class space    used 1778K, capacity 1876K, committed 1920K, reserved 1048576K
}
Event: 9.807 GC heap before
{Heap before GC invocations=3 (full 0):
 PSYoungGen      total 104960K, used 104958K [0x0000000781700000, 0x0000000788500000, 0x00000007c0000000)
  eden space 97280K, 100% used [0x0000000781700000,0x0000000787600000,0x0000000787600000)
  from space 7680K, 99% used [0x0000000787d80000,0x00000007884ffb98,0x0000000788500000)
  to   space 7680K, 0% used [0x0000000787600000,0x0000000787600000,0x0000000787d80000)
 ParOldGen       total 128512K, used 3013K [0x0000000704400000, 0x000000070c180000, 0x0000000781700000)
  object space 128512K, 2% used [0x0000000704400000,0x00000007046f16d8,0x000000070c180000)
 Metaspace       used 15704K, capacity 15968K, committed 16000K, reserved 1062912K
  class space    used 1820K, capacity 1912K, committed 1920K, reserved 1048576K
Event: 9.841 GC heap after
Heap after GC invocations=3 (full 0):
 PSYoungGen      total 104960K, used 7664K [0x0000000781700000, 0x000000078e400000, 0x00000007c0000000)
  eden space 97280K, 0% used [0x0000000781700000,0x0000000781700000,0x0000000787600000)
  from space 7680K, 99% used [0x0000000787600000,0x0000000787d7c030,0x0000000787d80000)
  to   space 7680K, 0% used [0x000000078dc80000,0x000000078dc80000,0x000000078e400000)
 ParOldGen       total 128512K, used 12889K [0x0000000704400000, 0x000000070c180000, 0x0000000781700000)
  object space 128512K, 10% used [0x0000000704400000,0x0000000705096438,0x000000070c180000)
 Metaspace       used 15704K, capacity 15968K, committed 16000K, reserved 1062912K
  class space    used 1820K, capacity 1912K, committed 1920K, reserved 1048576K
}
Event: 12.009 GC heap before
{Heap before GC invocations=4 (full 0):
 PSYoungGen      total 104960K, used 104944K [0x0000000781700000, 0x000000078e400000, 0x00000007c0000000)
  eden space 97280K, 100% used [0x0000000781700000,0x0000000787600000,0x0000000787600000)
  from space 7680K, 99% used [0x0000000787600000,0x0000000787d7c030,0x0000000787d80000)
  to   space 7680K, 0% used [0x000000078dc80000,0x000000078dc80000,0x000000078e400000)
 ParOldGen       total 128512K, used 12889K [0x0000000704400000, 0x000000070c180000, 0x0000000781700000)
  object space 128512K, 10% used [0x0000000704400000,0x0000000705096438,0x000000070c180000)
 Metaspace       used 16272K, capacity 16510K, committed 16768K, reserved 1064960K
  class space    used 1832K, capacity 1917K, committed 1920K, reserved 1048576K
Event: 12.121 GC heap after
Heap after GC invocations=4 (full 0):
 PSYoungGen      total 202240K, used 7664K [0x0000000781700000, 0x000000078e400000, 0x00000007c0000000)
  eden space 194560K, 0% used [0x0000000781700000,0x0000000781700000,0x000000078d500000)
  from space 7680K, 99% used [0x000000078dc80000,0x000000078e3fc030,0x000000078e400000)
  to   space 7680K, 0% used [0x000000078d500000,0x000000078d500000,0x000000078dc80000)
 ParOldGen       total 128512K, used 23077K [0x0000000704400000, 0x000000070c180000, 0x0000000781700000)
  object space 128512K, 17% used [0x0000000704400000,0x0000000705a89618,0x000000070c180000)
 Metaspace       used 16272K, capacity 16510K, committed 16768K, reserved 1064960K
  class space    used 1832K, capacity 1917K, committed 1920K, reserved 1048576K
}
Event: 15.684 GC heap before
{Heap before GC invocations=5 (full 0):
 PSYoungGen      total 202240K, used 165986K [0x0000000781700000, 0x000000078e400000, 0x00000007c0000000)
  eden space 194560K, 81% used [0x0000000781700000,0x000000078b19cb30,0x000000078d500000)
  from space 7680K, 99% used [0x000000078dc80000,0x000000078e3fc030,0x000000078e400000)
  to   space 7680K, 0% used [0x000000078d500000,0x000000078d500000,0x000000078dc80000)
 ParOldGen       total 128512K, used 23077K [0x0000000704400000, 0x000000070c180000, 0x0000000781700000)
  object space 128512K, 17% used [0x0000000704400000,0x0000000705a89618,0x000000070c180000)
 Metaspace       used 20657K, capacity 21088K, committed 21296K, reserved 1069056K
  class space    used 2227K, capacity 2354K, committed 2432K, reserved 1048576K
Event: 15.748 GC heap after
Heap after GC invocations=5 (full 0):
 PSYoungGen      total 202240K, used 7648K [0x0000000781700000, 0x000000079c400000, 0x00000007c0000000)
  eden space 194560K, 0% used [0x0000000781700000,0x0000000781700000,0x000000078d500000)
  from space 7680K, 99% used [0x000000078d500000,0x000000078dc78020,0x000000078dc80000)
  to   space 25088K, 0% used [0x000000079ab80000,0x000000079ab80000,0x000000079c400000)
 ParOldGen       total 128512K, used 34978K [0x0000000704400000, 0x000000070c180000, 0x0000000781700000)
  object space 128512K, 27% used [0x0000000704400000,0x00000007066289e0,0x000000070c180000)
 Metaspace       used 20657K, capacity 21088K, committed 21296K, reserved 1069056K
  class space    used 2227K, capacity 2354K, committed 2432K, reserved 1048576K
}
Event: 15.748 GC heap before
{Heap before GC invocations=6 (full 1):
 PSYoungGen      total 202240K, used 7648K [0x0000000781700000, 0x000000079c400000, 0x00000007c0000000)
  eden space 194560K, 0% used [0x0000000781700000,0x0000000781700000,0x000000078d500000)
  from space 7680K, 99% used [0x000000078d500000,0x000000078dc78020,0x000000078dc80000)
  to   space 25088K, 0% used [0x000000079ab80000,0x000000079ab80000,0x000000079c400000)
 ParOldGen       total 128512K, used 34978K [0x0000000704400000, 0x000000070c180000, 0x0000000781700000)
  object space 128512K, 27% used [0x0000000704400000,0x00000007066289e0,0x000000070c180000)
 Metaspace       used 20657K, capacity 21088K, committed 21296K, reserved 1069056K
  class space    used 2227K, capacity 2354K, committed 2432K, reserved 1048576K
Event: 15.986 GC heap after
Heap after GC invocations=6 (full 1):
 PSYoungGen      total 202240K, used 0K [0x0000000781700000, 0x000000079c400000, 0x00000007c0000000)
  eden space 194560K, 0% used [0x0000000781700000,0x0000000781700000,0x000000078d500000)
  from space 7680K, 0% used [0x000000078d500000,0x000000078d500000,0x000000078dc80000)
  to   space 25088K, 0% used [0x000000079ab80000,0x000000079ab80000,0x000000079c400000)
 ParOldGen       total 123904K, used 37674K [0x0000000704400000, 0x000000070bd00000, 0x0000000781700000)
  object space 123904K, 30% used [0x0000000704400000,0x00000007068ca818,0x000000070bd00000)
 Metaspace       used 20657K, capacity 21088K, committed 21296K, reserved 1069056K
  class space    used 2227K, capacity 2354K, committed 2432K, reserved 1048576K
}

Deoptimization events (10 events):
Event: 15.503 Thread 0x0000000000d0e000 Uncommon trap: reason=unstable_if action=reinterpret pc=0x0000000002ec4200 method=java.util.HashMap.hash(Ljava/lang/Object;)I @ 1
Event: 15.651 Thread 0x0000000000d0e000 Uncommon trap: reason=unstable_if action=reinterpret pc=0x0000000002be9584 method=org.codehaus.plexus.classworlds.realm.Entry.matches(Ljava/lang/String;)Z @ 20
Event: 16.104 Thread 0x0000000000d0e000 Uncommon trap: reason=bimorphic action=maybe_recompile pc=0x0000000002ec78a8 method=java.lang.ClassLoader.loadClass(Ljava/lang/String;Z)Ljava/lang/Class; @ 38
Event: 16.104 Thread 0x0000000000d0e000 Uncommon trap: reason=bimorphic action=maybe_recompile pc=0x0000000002ec78a8 method=java.lang.ClassLoader.loadClass(Ljava/lang/String;Z)Ljava/lang/Class; @ 38
Event: 16.104 Thread 0x0000000000d0e000 Uncommon trap: reason=bimorphic action=maybe_recompile pc=0x0000000002ec78a8 method=java.lang.ClassLoader.loadClass(Ljava/lang/String;Z)Ljava/lang/Class; @ 38
Event: 16.104 Thread 0x0000000000d0e000 Uncommon trap: reason=bimorphic action=maybe_recompile pc=0x0000000002ec78a8 method=java.lang.ClassLoader.loadClass(Ljava/lang/String;Z)Ljava/lang/Class; @ 38
Event: 16.106 Thread 0x0000000000d0e000 Uncommon trap: reason=unstable_if action=reinterpret pc=0x0000000003209984 method=java.math.BigInteger.<init>(Ljava/lang/String;I)V @ 69
Event: 16.219 Thread 0x0000000000d0e000 Uncommon trap: reason=unstable_if action=reinterpret pc=0x000000000383fa6c method=java.lang.Boolean.parseBoolean(Ljava/lang/String;)Z @ 1
Event: 16.361 Thread 0x0000000000d0e000 Uncommon trap: reason=unstable_if action=reinterpret pc=0x000000000322d9b4 method=java.lang.Class$MethodArray.addIfNotPresent(Ljava/lang/reflect/Method;)V @ 19
Event: 16.402 Thread 0x0000000000d0e000 Uncommon trap: reason=class_check action=maybe_recompile pc=0x000000000345794c method=java.util.Collections$UnmodifiableMap.isEmpty()Z @ 4

Classes redefined (0 events):
No events

Internal exceptions (10 events):
Event: 16.381 Thread 0x0000000000d0e000 Exception <a 'java/lang/ClassNotFoundException': org/jfrog/build/extractor/maven/plugin/PublishMojoHelper$_gc_closure2BeanInfo> (0x00000007830c9c28) thrown at [C:\w\cpu\jdk8u-b04\ojdkbuild\lookaside\jdk8u_upstream\hotspot\src\share\vm\classfile\systemDict
Event: 16.381 Thread 0x0000000000d0e000 Exception <a 'java/lang/ClassNotFoundException': org/jfrog/build/extractor/maven/plugin/PublishMojoHelper$_gc_closure2Customizer> (0x00000007830de0e8) thrown at [C:\w\cpu\jdk8u-b04\ojdkbuild\lookaside\jdk8u_upstream\hotspot\src\share\vm\classfile\systemDi
Event: 16.383 Thread 0x0000000000d0e000 Exception <a 'java/lang/ClassNotFoundException': java/util/Collections$UnmodifiableMapBeanInfo> (0x000000078311aa58) thrown at [C:\w\cpu\jdk8u-b04\ojdkbuild\lookaside\jdk8u_upstream\hotspot\src\share\vm\classfile\systemDictionary.cpp, line 210]
Event: 16.384 Thread 0x0000000000d0e000 Exception <a 'java/lang/ClassNotFoundException': java/util/Collections$UnmodifiableMapCustomizer> (0x0000000783122708) thrown at [C:\w\cpu\jdk8u-b04\ojdkbuild\lookaside\jdk8u_upstream\hotspot\src\share\vm\classfile\systemDictionary.cpp, line 210]
Event: 16.408 Thread 0x0000000000d0e000 Exception <a 'java/lang/ClassNotFoundException': org/jfrog/build/extractor/maven/plugin/PublishMojo$_gc_closure2BeanInfo> (0x00000007831a6a20) thrown at [C:\w\cpu\jdk8u-b04\ojdkbuild\lookaside\jdk8u_upstream\hotspot\src\share\vm\classfile\systemDictionary
Event: 16.408 Thread 0x0000000000d0e000 Exception <a 'java/lang/ClassNotFoundException': org/jfrog/build/extractor/maven/plugin/PublishMojo$_gc_closure2Customizer> (0x00000007831b9e58) thrown at [C:\w\cpu\jdk8u-b04\ojdkbuild\lookaside\jdk8u_upstream\hotspot\src\share\vm\classfile\systemDictiona
Event: 16.412 Thread 0x0000000000d0e000 Exception <a 'java/lang/ClassNotFoundException': org/apache/maven/project/MavenProjectBeanInfo> (0x0000000783218a40) thrown at [C:\w\cpu\jdk8u-b04\ojdkbuild\lookaside\jdk8u_upstream\hotspot\src\share\vm\classfile\systemDictionary.cpp, line 210]
Event: 16.412 Thread 0x0000000000d0e000 Exception <a 'java/lang/ClassNotFoundException': org/apache/maven/project/MavenProjectCustomizer> (0x00000007832317f0) thrown at [C:\w\cpu\jdk8u-b04\ojdkbuild\lookaside\jdk8u_upstream\hotspot\src\share\vm\classfile\systemDictionary.cpp, line 210]
Event: 16.434 Thread 0x0000000000d0e000 Exception <a 'java/lang/ClassNotFoundException': java/util/DateBeanInfo> (0x000000078336d4f8) thrown at [C:\w\cpu\jdk8u-b04\ojdkbuild\lookaside\jdk8u_upstream\hotspot\src\share\vm\classfile\systemDictionary.cpp, line 210]
Event: 16.435 Thread 0x0000000000d0e000 Exception <a 'java/lang/ClassNotFoundException': java/util/DateCustomizer> (0x0000000783373200) thrown at [C:\w\cpu\jdk8u-b04\ojdkbuild\lookaside\jdk8u_upstream\hotspot\src\share\vm\classfile\systemDictionary.cpp, line 210]

Events (10 events):
Event: 16.436 loading class groovy/runtime/metaclass/java/lang/LongMetaClass
Event: 16.436 loading class groovy/runtime/metaclass/java/lang/LongMetaClass done
Event: 16.436 loading class groovy/runtime/metaclass/java/lang/LongMetaClass
Event: 16.436 loading class groovy/runtime/metaclass/java/lang/LongMetaClass done
Event: 16.436 loading class groovy/runtime/metaclass/java/lang/LongMetaClass
Event: 16.436 loading class groovy/runtime/metaclass/java/lang/LongMetaClass done
Event: 16.436 loading class org/codehaus/groovy/runtime/typehandling/NumberMathModificationInfo
Event: 16.436 loading class org/codehaus/groovy/runtime/typehandling/NumberMathModificationInfo done
Event: 16.436 loading class org/codehaus/groovy/runtime/typehandling/NumberMathModificationInfo
Event: 16.436 loading class org/codehaus/groovy/runtime/typehandling/NumberMathModificationInfo done


Dynamic libraries:
0x00007ff7f0600000 - 0x00007ff7f0635000 	C:\Java\openjdk-8u212-b04\bin\javaw.exe
0x00007ffcb6a30000 - 0x00007ffcb6c11000 	C:\WINDOWS\SYSTEM32\ntdll.dll
0x00007ffcb58c0000 - 0x00007ffcb5971000 	C:\WINDOWS\System32\KERNEL32.DLL
0x00007ffcb3170000 - 0x00007ffcb33e3000 	C:\WINDOWS\System32\KERNELBASE.dll
0x00007ffcb6090000 - 0x00007ffcb6131000 	C:\WINDOWS\System32\ADVAPI32.dll
0x00007ffcb6350000 - 0x00007ffcb63ee000 	C:\WINDOWS\System32\msvcrt.dll
0x00007ffcb69a0000 - 0x00007ffcb69fb000 	C:\WINDOWS\System32\sechost.dll
0x00007ffcb5240000 - 0x00007ffcb5364000 	C:\WINDOWS\System32\RPCRT4.dll
0x00007ffcb5730000 - 0x00007ffcb58c0000 	C:\WINDOWS\System32\USER32.dll
0x00007ffcb3150000 - 0x00007ffcb3170000 	C:\WINDOWS\System32\win32u.dll
0x00007ffcb3ab0000 - 0x00007ffcb3ad8000 	C:\WINDOWS\System32\GDI32.dll
0x00007ffcb2f50000 - 0x00007ffcb30e2000 	C:\WINDOWS\System32\gdi32full.dll
0x00007ffcb2430000 - 0x00007ffcb24cf000 	C:\WINDOWS\System32\msvcp_win.dll
0x00007ffcb33f0000 - 0x00007ffcb34e8000 	C:\WINDOWS\System32\ucrtbase.dll
0x00007ffca60e0000 - 0x00007ffca6349000 	C:\WINDOWS\WinSxS\amd64_microsoft.windows.common-controls_6595b64144ccf1df_6.0.17134.765_none_fb42a1a930655896\COMCTL32.dll
0x00007ffcb65a0000 - 0x00007ffcb68c2000 	C:\WINDOWS\System32\combase.dll
0x00007ffcb2e20000 - 0x00007ffcb2e9a000 	C:\WINDOWS\System32\bcryptPrimitives.dll
0x00007ffcb6440000 - 0x00007ffcb646d000 	C:\WINDOWS\System32\IMM32.DLL
0x00000000502f0000 - 0x0000000050329000 	C:\PROGRA~2\Sophos\SOPHOS~2\SOPHOS~2.DLL
0x00007ffcb6430000 - 0x00007ffcb6438000 	C:\WINDOWS\System32\PSAPI.DLL
0x00000000776f0000 - 0x00000000777c2000 	C:\Java\openjdk-8u212-b04\jre\bin\msvcr100.dll
0x00000000777d0000 - 0x0000000077ff4000 	C:\Java\openjdk-8u212-b04\jre\bin\server\jvm.dll
0x00007ffca92f0000 - 0x00007ffca92f9000 	C:\WINDOWS\SYSTEM32\WSOCK32.dll
0x00007ffcb5410000 - 0x00007ffcb547c000 	C:\WINDOWS\System32\WS2_32.dll
0x00007ffca9a90000 - 0x00007ffca9ab3000 	C:\WINDOWS\SYSTEM32\WINMM.dll
0x00007ffcad830000 - 0x00007ffcad83a000 	C:\WINDOWS\SYSTEM32\VERSION.dll
0x00007ffca9a60000 - 0x00007ffca9a8a000 	C:\WINDOWS\SYSTEM32\WINMMBASE.dll
0x00007ffcb24d0000 - 0x00007ffcb2519000 	C:\WINDOWS\System32\cfgmgr32.dll
0x00007ffc99510000 - 0x00007ffc9951f000 	C:\Java\openjdk-8u212-b04\jre\bin\verify.dll
0x00007ffc87870000 - 0x00007ffc87899000 	C:\Java\openjdk-8u212-b04\jre\bin\java.dll
0x00007ffc8b210000 - 0x00007ffc8b226000 	C:\Java\openjdk-8u212-b04\jre\bin\zip.dll
0x00007ffcb3b40000 - 0x00007ffcb4f80000 	C:\WINDOWS\System32\SHELL32.dll
0x00007ffcb6470000 - 0x00007ffcb6519000 	C:\WINDOWS\System32\shcore.dll
0x00007ffcb2710000 - 0x00007ffcb2e1d000 	C:\WINDOWS\System32\windows.storage.dll
0x00007ffcb6140000 - 0x00007ffcb6191000 	C:\WINDOWS\System32\shlwapi.dll
0x00007ffcb23c0000 - 0x00007ffcb23d1000 	C:\WINDOWS\System32\kernel.appcore.dll
0x00007ffcb23f0000 - 0x00007ffcb240f000 	C:\WINDOWS\System32\profapi.dll
0x00007ffcb2370000 - 0x00007ffcb23bc000 	C:\WINDOWS\System32\powrprof.dll
0x00007ffcb23e0000 - 0x00007ffcb23ea000 	C:\WINDOWS\System32\FLTLIB.DLL
0x00007ffcb1d40000 - 0x00007ffcb1d57000 	C:\WINDOWS\SYSTEM32\CRYPTSP.dll
0x00007ffcb1540000 - 0x00007ffcb1573000 	C:\WINDOWS\system32\rsaenh.dll
0x00007ffcb1e70000 - 0x00007ffcb1e95000 	C:\WINDOWS\SYSTEM32\bcrypt.dll
0x00007ffcb2270000 - 0x00007ffcb2298000 	C:\WINDOWS\SYSTEM32\USERENV.dll
0x00007ffcb1d60000 - 0x00007ffcb1d6b000 	C:\WINDOWS\SYSTEM32\CRYPTBASE.dll
0x00007ffc87850000 - 0x00007ffc8786a000 	C:\Java\openjdk-8u212-b04\jre\bin\net.dll
0x00007ffcb4f80000 - 0x00007ffcb5148000 	C:\WINDOWS\System32\urlmon.dll
0x00007ffcb5480000 - 0x00007ffcb5727000 	C:\WINDOWS\System32\iertutil.dll
0x00007ffcb1b90000 - 0x00007ffcb1bf6000 	C:\WINDOWS\system32\mswsock.dll
0x00007ffcb1910000 - 0x00007ffcb1948000 	C:\WINDOWS\SYSTEM32\IPHLPAPI.DLL
0x00007ffcb6340000 - 0x00007ffcb6348000 	C:\WINDOWS\System32\NSI.dll
0x00007ffcada20000 - 0x00007ffcada36000 	C:\WINDOWS\SYSTEM32\dhcpcsvc6.DLL
0x00007ffcada00000 - 0x00007ffcada1a000 	C:\WINDOWS\SYSTEM32\dhcpcsvc.DLL
0x00007ffc87730000 - 0x00007ffc87742000 	C:\Java\openjdk-8u212-b04\jre\bin\nio.dll
0x00007ffcad0f0000 - 0x00007ffcad0fa000 	C:\TEMP\jansi-1.17-8325699800306485733.dll
0x00007ffcad0c0000 - 0x00007ffcad0ca000 	C:\TEMP\jansi-1.17-7199261509897586174.dll
0x00007ffcae4e0000 - 0x00007ffcae4ed000 	C:\Java\openjdk-8u212-b04\jre\bin\management.dll

VM Arguments:
jvm_args: -Dmaven.home=EMBEDDED -Dclassworlds.conf=C:\workspaces\g2\.metadata\.plugins\org.eclipse.m2e.launching\launches\m2conf8462950841538595930.tmp -Dmaven.multiModuleProjectDirectory=C:\Users\Diontre.Pate\git\shuttle-app\server -Dfile.encoding=Cp1252 
java_command: org.codehaus.plexus.classworlds.launcher.Launcher -B clean install
java_class_path (initial): C:\Users\javauser\.p2\pool\plugins\org.eclipse.m2e.maven.runtime_1.11.0.20190220-2117\jars\plexus-classworlds-2.5.2.jar
Launcher Type: SUN_STANDARD

Environment Variables:
JAVA_HOME=C:\Java\openjdk-8u212-b04
PATH=C:/Java/openjdk-8u212-b04/bin/../jre/bin/server;C:/Java/openjdk-8u212-b04/bin/../jre/bin;C:/Java/openjdk-8u212-b04/bin/../jre/lib/amd64;C:\Java\openjdk-8u212-b04\bin;C:\ProgramData\Oracle\Java\javapath;C:\WINDOWS\system;C:\Java\openjdk-8u212-b04\bin;C:\WINDOWS\system32;C:\WINDOWS;C:\WINDOWS\System32\Wbem;C:\WINDOWS\System32\WindowsPowerShell\v1.0\;C:\Win7PowerTools;c:\maven\bin;C:\Program Files\Git\cmd;C:\WINDOWS\System32\OpenSSH\;C:\Program Files\Microsoft VS Code\bin;C:\Program Files\nodejs\;C:\Users\Diontre.Pate\AppData\Local\Microsoft\WindowsApps;;C:\Users\Diontre.Pate\Desktop;
USERNAME=Diontre.Pate
OS=Windows_NT
PROCESSOR_IDENTIFIER=Intel64 Family 6 Model 158 Stepping 10, GenuineIntel



---------------  S Y S T E M  ---------------

OS: Windows 10.0 , 64 bit Build 17134 (10.0.17134.753)

CPU:total 4 (initial active 4) (4 cores per cpu, 1 threads per core) family 6 model 158 stepping 10, cmov, cx8, fxsr, mmx, sse, sse2, sse3, ssse3, sse4.1, sse4.2, popcnt, avx, avx2, aes, clmul, 3dnowpref, lzcnt, tsc, tscinvbit

Memory: 4k page, physical 12303924k(1926660k free), swap 12303924k(5476k free)

vm_info: OpenJDK 64-Bit Server VM (25.212-b04) for windows-amd64 JRE (1.8.0_212-8u-04), built on Apr 10 2019 15:55:14 by "stooke" with MS VC++ 10.0 (VS2010)

time: Fri Jun 28 15:31:52 2019
timezone: Central Daylight Time
elapsed time: 16 seconds (0d 0h 0m 16s)

