#
# There is insufficient memory for the Java Runtime Environment to continue.
# Native memory allocation (malloc) failed to allocate 1039056 bytes for Chunk::new
# Possible reasons:
#   The system is out of physical RAM or swap space
#   The process is running with CompressedOops enabled, and the Java Heap may be blocking the growth of the native heap
# Possible solutions:
#   Reduce memory load on the system
#   Increase physical memory or swap space
#   Check if swap backing store is full
#   Decrease Java heap size (-Xmx/-Xms)
#   Decrease number of Java threads
#   Decrease Java thread stack sizes (-Xss)
#   Set larger code cache with -XX:ReservedCodeCacheSize=
#   JVM is running with Zero Based Compressed Oops mode in which the Java heap is
#     placed in the first 32GB address space. The Java Heap base address is the
#     maximum limit for the native heap growth. Please use -XX:HeapBaseMinAddress
#     to set the Java Heap base and to place the Java Heap above 32GB virtual address.
# This output file may be truncated or incomplete.
#
#  Out of Memory Error (allocation.cpp:389), pid=7420, tid=0x00000000000020b0
#
# JRE version: OpenJDK Runtime Environment (8.0_212) (build 1.8.0_212-8u-04)
# Java VM: OpenJDK 64-Bit Server VM (25.212-b04 mixed mode windows-amd64 compressed oops)
# Failed to write core dump. Minidumps are not enabled by default on client versions of Windows
#

---------------  T H R E A D  ---------------

Current thread (0x00000000197e1000):  JavaThread "C2 CompilerThread1" daemon [_thread_in_native, id=8368, stack(0x000000001af50000,0x000000001b050000)]

Stack: [0x000000001af50000,0x000000001b050000]
[error occurred during error reporting (printing stack bounds), id 0xc0000005]

Native frames: (J=compiled Java code, j=interpreted, Vv=VM code, C=native code)


Current CompileTask:
C2:   8790 6464       4       lombok.javac.JavacAST::buildStatementOrExpression (103 bytes)


---------------  P R O C E S S  ---------------

Java Threads: ( => current thread )
  0x000000001c957000 JavaThread "ForkJoinPool.commonPool-worker-3" daemon [_thread_blocked, id=15512, stack(0x0000000020550000,0x0000000020650000)]
  0x000000001b9dd800 JavaThread "ForkJoinPool.commonPool-worker-1" daemon [_thread_blocked, id=2776, stack(0x000000001fb40000,0x000000001fc40000)]
  0x000000001b198000 JavaThread "Service Thread" daemon [_thread_blocked, id=17396, stack(0x000000001b550000,0x000000001b650000)]
  0x00000000197e9800 JavaThread "C1 CompilerThread2" daemon [_thread_blocked, id=18360, stack(0x000000001b050000,0x000000001b150000)]
=>0x00000000197e1000 JavaThread "C2 CompilerThread1" daemon [_thread_in_native, id=8368, stack(0x000000001af50000,0x000000001b050000)]
  0x00000000197dc000 JavaThread "C2 CompilerThread0" daemon [_thread_in_native, id=18236, stack(0x000000001ae50000,0x000000001af50000)]
  0x00000000197d9000 JavaThread "Attach Listener" daemon [_thread_blocked, id=11112, stack(0x000000001ad50000,0x000000001ae50000)]
  0x00000000197d7800 JavaThread "Signal Dispatcher" daemon [_thread_blocked, id=16356, stack(0x000000001ac50000,0x000000001ad50000)]
  0x00000000028ea800 JavaThread "Finalizer" daemon [_thread_blocked, id=12444, stack(0x000000001aa60000,0x000000001ab60000)]
  0x00000000028e2000 JavaThread "Reference Handler" daemon [_thread_blocked, id=1548, stack(0x000000001a960000,0x000000001aa60000)]
  0x0000000000e9e000 JavaThread "main" [_thread_in_Java, id=9492, stack(0x00000000026f0000,0x00000000027f0000)]

Other Threads:
  0x00000000197a5000 VMThread [stack: 0x000000001a860000,0x000000001a960000] [id=15616]
  0x000000001983b000 WatcherThread [stack: 0x000000001b650000,0x000000001b750000] [id=3888]

VM state:not at safepoint (normal execution)

VM Mutex/Monitor currently owned by a thread: None

heap address: 0x0000000704400000, size: 3004 MB, Compressed Oops mode: Zero based, Oop shift amount: 3
Narrow klass base: 0x0000000000000000, Narrow klass shift: 3
Compressed class space size: 1073741824 Address: 0x00000007c0000000

Heap:
 PSYoungGen      total 397312K, used 155721K [0x0000000781700000, 0x000000079b800000, 0x00000007c0000000)
  eden space 385024K, 40% used [0x0000000781700000,0x000000078af12458,0x0000000798f00000)
  from space 12288K, 0% used [0x0000000798f00000,0x0000000798f00000,0x0000000799b00000)
  to   space 20992K, 0% used [0x000000079a380000,0x000000079a380000,0x000000079b800000)
 ParOldGen       total 168960K, used 45457K [0x0000000704400000, 0x000000070e900000, 0x0000000781700000)
  object space 168960K, 26% used [0x0000000704400000,0x0000000707064430,0x000000070e900000)
 Metaspace       used 39111K, capacity 40412K, committed 40704K, reserved 1085440K
  class space    used 4600K, capacity 5021K, committed 5120K, reserved 1048576K

Card table byte_map: [0x0000000011cb0000,0x0000000012290000] byte_map_base: 0x000000000e48e000

Marking Bits: (ParMarkBitMap*) 0x0000000060c68be0
 Begin Bits: [0x0000000012a80000, 0x0000000015970000)
 End Bits:   [0x0000000015970000, 0x0000000018860000)

Polling page: 0x00000000005f0000

CodeCache: size=245760Kb used=20554Kb max_used=20554Kb free=225205Kb
 bounds [0x00000000028f0000, 0x0000000003d10000, 0x00000000118f0000]
 total_blobs=6572 nmethods=5898 adapters=586
 compilation: enabled

Compilation events (10 events):
Event: 8.781 Thread 0x00000000197e9800 6536       3       com.sun.tools.javac.tree.TreeInfo::isReceiverParam (28 bytes)
Event: 8.781 Thread 0x00000000197e9800 nmethod 6536 0x0000000003d0acd0 code [0x0000000003d0ae60, 0x0000000003d0b348]
Event: 8.781 Thread 0x00000000197e9800 6537       3       com.sun.tools.javac.comp.Resolve::isStatic (39 bytes)
Event: 8.781 Thread 0x00000000197e9800 nmethod 6537 0x0000000003d0b490 code [0x0000000003d0b600, 0x0000000003d0b9d0]
Event: 8.786 Thread 0x00000000197e9800 6540       3       com.sun.tools.javac.jvm.ClassReader::indexPool (260 bytes)
Event: 8.787 Thread 0x00000000197e9800 nmethod 6540 0x0000000003d0bb10 code [0x0000000003d0bd40, 0x0000000003d0c9f8]
Event: 8.787 Thread 0x00000000197e9800 6541       3       com.sun.tools.javac.code.Symbol::enclClass (41 bytes)
Event: 8.787 Thread 0x00000000197e9800 nmethod 6541 0x0000000003d0d010 code [0x0000000003d0d1a0, 0x0000000003d0d728]
Event: 8.787 Thread 0x00000000197e9800 6542       3       java.util.RegularEnumSet::remove (74 bytes)
Event: 8.788 Thread 0x00000000197e9800 nmethod 6542 0x0000000003d0d8d0 code [0x0000000003d0da60, 0x0000000003d0e008]

GC Heap History (10 events):
Event: 4.572 GC heap before
{Heap before GC invocations=7 (full 0):
 PSYoungGen      total 214016K, used 85046K [0x0000000781700000, 0x000000078fb00000, 0x00000007c0000000)
  eden space 194560K, 36% used [0x0000000781700000,0x0000000785c3ab50,0x000000078d500000)
  from space 19456K, 72% used [0x000000078e800000,0x000000078f5d2f28,0x000000078fb00000)
  to   space 19456K, 0% used [0x000000078d500000,0x000000078d500000,0x000000078e800000)
 ParOldGen       total 128512K, used 23437K [0x0000000704400000, 0x000000070c180000, 0x0000000781700000)
  object space 128512K, 18% used [0x0000000704400000,0x0000000705ae3660,0x000000070c180000)
 Metaspace       used 20778K, capacity 21140K, committed 21296K, reserved 1069056K
  class space    used 2254K, capacity 2352K, committed 2432K, reserved 1048576K
Event: 4.602 GC heap after
Heap after GC invocations=7 (full 0):
 PSYoungGen      total 214016K, used 15882K [0x0000000781700000, 0x000000079ba00000, 0x00000007c0000000)
  eden space 194560K, 0% used [0x0000000781700000,0x0000000781700000,0x000000078d500000)
  from space 19456K, 81% used [0x000000078d500000,0x000000078e482918,0x000000078e800000)
  to   space 19968K, 0% used [0x000000079a680000,0x000000079a680000,0x000000079ba00000)
 ParOldGen       total 128512K, used 26439K [0x0000000704400000, 0x000000070c180000, 0x0000000781700000)
  object space 128512K, 20% used [0x0000000704400000,0x0000000705dd1f40,0x000000070c180000)
 Metaspace       used 20778K, capacity 21140K, committed 21296K, reserved 1069056K
  class space    used 2254K, capacity 2352K, committed 2432K, reserved 1048576K
}
Event: 4.602 GC heap before
{Heap before GC invocations=8 (full 1):
 PSYoungGen      total 214016K, used 15882K [0x0000000781700000, 0x000000079ba00000, 0x00000007c0000000)
  eden space 194560K, 0% used [0x0000000781700000,0x0000000781700000,0x000000078d500000)
  from space 19456K, 81% used [0x000000078d500000,0x000000078e482918,0x000000078e800000)
  to   space 19968K, 0% used [0x000000079a680000,0x000000079a680000,0x000000079ba00000)
 ParOldGen       total 128512K, used 26439K [0x0000000704400000, 0x000000070c180000, 0x0000000781700000)
  object space 128512K, 20% used [0x0000000704400000,0x0000000705dd1f40,0x000000070c180000)
 Metaspace       used 20778K, capacity 21140K, committed 21296K, reserved 1069056K
  class space    used 2254K, capacity 2352K, committed 2432K, reserved 1048576K
Event: 4.752 GC heap after
Heap after GC invocations=8 (full 1):
 PSYoungGen      total 214016K, used 0K [0x0000000781700000, 0x000000079ba00000, 0x00000007c0000000)
  eden space 194560K, 0% used [0x0000000781700000,0x0000000781700000,0x000000078d500000)
  from space 19456K, 0% used [0x000000078d500000,0x000000078d500000,0x000000078e800000)
  to   space 19968K, 0% used [0x000000079a680000,0x000000079a680000,0x000000079ba00000)
 ParOldGen       total 118784K, used 37038K [0x0000000704400000, 0x000000070b800000, 0x0000000781700000)
  object space 118784K, 31% used [0x0000000704400000,0x000000070682bb40,0x000000070b800000)
 Metaspace       used 20778K, capacity 21140K, committed 21296K, reserved 1069056K
  class space    used 2254K, capacity 2352K, committed 2432K, reserved 1048576K
}
Event: 6.728 GC heap before
{Heap before GC invocations=9 (full 1):
 PSYoungGen      total 214016K, used 194560K [0x0000000781700000, 0x000000079ba00000, 0x00000007c0000000)
  eden space 194560K, 100% used [0x0000000781700000,0x000000078d500000,0x000000078d500000)
  from space 19456K, 0% used [0x000000078d500000,0x000000078d500000,0x000000078e800000)
  to   space 19968K, 0% used [0x000000079a680000,0x000000079a680000,0x000000079ba00000)
 ParOldGen       total 118784K, used 37038K [0x0000000704400000, 0x000000070b800000, 0x0000000781700000)
  object space 118784K, 31% used [0x0000000704400000,0x000000070682bb40,0x000000070b800000)
 Metaspace       used 32531K, capacity 33670K, committed 33920K, reserved 1079296K
  class space    used 3827K, capacity 4188K, committed 4224K, reserved 1048576K
Event: 6.745 GC heap after
Heap after GC invocations=9 (full 1):
 PSYoungGen      total 305664K, used 18544K [0x0000000781700000, 0x000000079b900000, 0x00000007c0000000)
  eden space 286720K, 0% used [0x0000000781700000,0x0000000781700000,0x0000000792f00000)
  from space 18944K, 97% used [0x000000079a680000,0x000000079b89c0a8,0x000000079b900000)
  to   space 21504K, 0% used [0x0000000798f00000,0x0000000798f00000,0x000000079a400000)
 ParOldGen       total 118784K, used 37046K [0x0000000704400000, 0x000000070b800000, 0x0000000781700000)
  object space 118784K, 31% used [0x0000000704400000,0x000000070682db40,0x000000070b800000)
 Metaspace       used 32531K, capacity 33670K, committed 33920K, reserved 1079296K
  class space    used 3827K, capacity 4188K, committed 4224K, reserved 1048576K
}
Event: 6.953 GC heap before
{Heap before GC invocations=10 (full 1):
 PSYoungGen      total 305664K, used 33837K [0x0000000781700000, 0x000000079b900000, 0x00000007c0000000)
  eden space 286720K, 5% used [0x0000000781700000,0x00000007825ef580,0x0000000792f00000)
  from space 18944K, 97% used [0x000000079a680000,0x000000079b89c0a8,0x000000079b900000)
  to   space 21504K, 0% used [0x0000000798f00000,0x0000000798f00000,0x000000079a400000)
 ParOldGen       total 118784K, used 37046K [0x0000000704400000, 0x000000070b800000, 0x0000000781700000)
  object space 118784K, 31% used [0x0000000704400000,0x000000070682db40,0x000000070b800000)
 Metaspace       used 34093K, capacity 35314K, committed 35456K, reserved 1081344K
  class space    used 4014K, capacity 4396K, committed 4480K, reserved 1048576K
Event: 6.973 GC heap after
Heap after GC invocations=10 (full 1):
 PSYoungGen      total 397312K, used 11814K [0x0000000781700000, 0x000000079b800000, 0x00000007c0000000)
  eden space 385024K, 0% used [0x0000000781700000,0x0000000781700000,0x0000000798f00000)
  from space 12288K, 96% used [0x0000000798f00000,0x0000000799a89840,0x0000000799b00000)
  to   space 20992K, 0% used [0x000000079a380000,0x000000079a380000,0x000000079b800000)
 ParOldGen       total 118784K, used 37054K [0x0000000704400000, 0x000000070b800000, 0x0000000781700000)
  object space 118784K, 31% used [0x0000000704400000,0x000000070682fb40,0x000000070b800000)
 Metaspace       used 34093K, capacity 35314K, committed 35456K, reserved 1081344K
  class space    used 4014K, capacity 4396K, committed 4480K, reserved 1048576K
}
Event: 6.973 GC heap before
{Heap before GC invocations=11 (full 2):
 PSYoungGen      total 397312K, used 11814K [0x0000000781700000, 0x000000079b800000, 0x00000007c0000000)
  eden space 385024K, 0% used [0x0000000781700000,0x0000000781700000,0x0000000798f00000)
  from space 12288K, 96% used [0x0000000798f00000,0x0000000799a89840,0x0000000799b00000)
  to   space 20992K, 0% used [0x000000079a380000,0x000000079a380000,0x000000079b800000)
 ParOldGen       total 118784K, used 37054K [0x0000000704400000, 0x000000070b800000, 0x0000000781700000)
  object space 118784K, 31% used [0x0000000704400000,0x000000070682fb40,0x000000070b800000)
 Metaspace       used 34093K, capacity 35314K, committed 35456K, reserved 1081344K
  class space    used 4014K, capacity 4396K, committed 4480K, reserved 1048576K
Event: 7.171 GC heap after
Heap after GC invocations=11 (full 2):
 PSYoungGen      total 397312K, used 0K [0x0000000781700000, 0x000000079b800000, 0x00000007c0000000)
  eden space 385024K, 0% used [0x0000000781700000,0x0000000781700000,0x0000000798f00000)
  from space 12288K, 0% used [0x0000000798f00000,0x0000000798f00000,0x0000000799b00000)
  to   space 20992K, 0% used [0x000000079a380000,0x000000079a380000,0x000000079b800000)
 ParOldGen       total 168960K, used 45457K [0x0000000704400000, 0x000000070e900000, 0x0000000781700000)
  object space 168960K, 26% used [0x0000000704400000,0x0000000707064430,0x000000070e900000)
 Metaspace       used 34042K, capacity 35186K, committed 35456K, reserved 1081344K
  class space    used 3996K, capacity 4364K, committed 4480K, reserved 1048576K
}

Deoptimization events (10 events):
Event: 8.415 Thread 0x0000000000e9e000 Uncommon trap: reason=bimorphic action=maybe_recompile pc=0x0000000002ed913c method=java.util.regex.Pattern$5.isSatisfiedBy(I)Z @ 5
Event: 8.415 Thread 0x0000000000e9e000 Uncommon trap: reason=bimorphic action=maybe_recompile pc=0x0000000002ed913c method=java.util.regex.Pattern$5.isSatisfiedBy(I)Z @ 5
Event: 8.415 Thread 0x0000000000e9e000 Uncommon trap: reason=bimorphic action=maybe_recompile pc=0x0000000002ed913c method=java.util.regex.Pattern$5.isSatisfiedBy(I)Z @ 5
Event: 8.431 Thread 0x0000000000e9e000 Uncommon trap: reason=unstable_if action=reinterpret pc=0x00000000030355c8 method=java.util.HashMap.hash(Ljava/lang/Object;)I @ 1
Event: 8.437 Thread 0x0000000000e9e000 Uncommon trap: reason=unstable_if action=reinterpret pc=0x0000000002fb8f00 method=java.util.HashMap.hash(Ljava/lang/Object;)I @ 1
Event: 8.466 Thread 0x0000000000e9e000 Uncommon trap: reason=unstable_if action=reinterpret pc=0x000000000342d7d0 method=java.lang.Integer.valueOf(I)Ljava/lang/Integer; @ 3
Event: 8.503 Thread 0x0000000000e9e000 Uncommon trap: reason=unstable_if action=reinterpret pc=0x0000000002ebd09c method=java.lang.reflect.Field.get(Ljava/lang/Object;)Ljava/lang/Object; @ 4
Event: 8.503 Thread 0x0000000000e9e000 Uncommon trap: reason=unstable_if action=reinterpret pc=0x0000000002ebae30 method=java.lang.reflect.Field.getFieldAccessor(Ljava/lang/Object;)Lsun/reflect/FieldAccessor; @ 6
Event: 8.607 Thread 0x0000000000e9e000 Uncommon trap: reason=unstable_if action=reinterpret pc=0x0000000003c1a470 method=java.io.WinNTFileSystem.resolve(Ljava/lang/String;Ljava/lang/String;)Ljava/lang/String; @ 117
Event: 8.683 Thread 0x0000000000e9e000 Uncommon trap: reason=unstable_if action=reinterpret pc=0x00000000034365f4 method=java.net.URI$Parser.scan(IILjava/lang/String;Ljava/lang/String;)I @ 23

Classes redefined (0 events):
No events

Internal exceptions (10 events):
Event: 7.642 Thread 0x0000000000e9e000 Exception <a 'java/security/PrivilegedActionException'> (0x00000007830e8260) thrown at [C:\w\cpu\jdk8u-b04\ojdkbuild\lookaside\jdk8u_upstream\hotspot\src\share\vm\prims\jvm.cpp, line 1502]
Event: 7.732 Thread 0x0000000000e9e000 Exception <a 'java/io/FileNotFoundException'> (0x00000007836e7380) thrown at [C:\w\cpu\jdk8u-b04\ojdkbuild\lookaside\jdk8u_upstream\hotspot\src\share\vm\prims\jni.cpp, line 710]
Event: 7.735 Thread 0x0000000000e9e000 Exception <a 'java/io/FileNotFoundException'> (0x000000078370bb88) thrown at [C:\w\cpu\jdk8u-b04\ojdkbuild\lookaside\jdk8u_upstream\hotspot\src\share\vm\prims\jni.cpp, line 710]
Event: 7.735 Thread 0x0000000000e9e000 Exception <a 'java/io/FileNotFoundException'> (0x000000078370c820) thrown at [C:\w\cpu\jdk8u-b04\ojdkbuild\lookaside\jdk8u_upstream\hotspot\src\share\vm\prims\jni.cpp, line 710]
Event: 7.876 Thread 0x0000000000e9e000 Exception <a 'java/io/FileNotFoundException'> (0x0000000784496648) thrown at [C:\w\cpu\jdk8u-b04\ojdkbuild\lookaside\jdk8u_upstream\hotspot\src\share\vm\prims\jni.cpp, line 710]
Event: 7.877 Thread 0x0000000000e9e000 Exception <a 'java/io/FileNotFoundException'> (0x0000000784497620) thrown at [C:\w\cpu\jdk8u-b04\ojdkbuild\lookaside\jdk8u_upstream\hotspot\src\share\vm\prims\jni.cpp, line 710]
Event: 7.877 Thread 0x0000000000e9e000 Exception <a 'java/io/FileNotFoundException'> (0x0000000784498620) thrown at [C:\w\cpu\jdk8u-b04\ojdkbuild\lookaside\jdk8u_upstream\hotspot\src\share\vm\prims\jni.cpp, line 710]
Event: 7.877 Thread 0x0000000000e9e000 Exception <a 'java/io/FileNotFoundException'> (0x0000000784499630) thrown at [C:\w\cpu\jdk8u-b04\ojdkbuild\lookaside\jdk8u_upstream\hotspot\src\share\vm\prims\jni.cpp, line 710]
Event: 8.431 Thread 0x0000000000e9e000 Implicit null exception at 0x0000000003035173 to 0x00000000030355b1
Event: 8.437 Thread 0x0000000000e9e000 Implicit null exception at 0x0000000002fb8cd5 to 0x0000000002fb8ef1

Events (10 events):
Event: 8.657 loading class com/sun/tools/javac/processing/JavacProcessingEnvironment$2 done
Event: 8.657 loading class com/sun/tools/javac/util/JCDiagnostic$1
Event: 8.657 loading class com/sun/tools/javac/util/JCDiagnostic$1 done
Event: 8.657 loading class com/sun/tools/javac/util/Log$2
Event: 8.657 loading class com/sun/tools/javac/util/Log$2 done
Event: 8.657 loading class com/sun/tools/javac/util/Log$WriterKind
Event: 8.657 loading class com/sun/tools/javac/util/Log$WriterKind done
Event: 8.683 Thread 0x0000000000e9e000 Uncommon trap: trap_request=0xffffff65 fr.pc=0x00000000034365f4
Event: 8.683 Thread 0x0000000000e9e000 DEOPT PACKING pc=0x00000000034365f4 sp=0x00000000027ed580
Event: 8.683 Thread 0x0000000000e9e000 DEOPT UNPACKING pc=0x000000000293557b sp=0x00000000027ed510 mode 2


Dynamic libraries:
0x00007ff612dd0000 - 0x00007ff612e05000 	C:\Java\openjdk-8u212-b04\bin\javaw.exe
0x00007ffb9c030000 - 0x00007ffb9c211000 	C:\WINDOWS\SYSTEM32\ntdll.dll
0x00007ffb9b330000 - 0x00007ffb9b3e1000 	C:\WINDOWS\System32\KERNEL32.DLL
0x00007ffb97ca0000 - 0x00007ffb97f13000 	C:\WINDOWS\System32\KERNELBASE.dll
0x00007ffb98af0000 - 0x00007ffb98b91000 	C:\WINDOWS\System32\ADVAPI32.dll
0x00007ffb9bd80000 - 0x00007ffb9be1e000 	C:\WINDOWS\System32\msvcrt.dll
0x00007ffb9b8f0000 - 0x00007ffb9b94b000 	C:\WINDOWS\System32\sechost.dll
0x00007ffb9a810000 - 0x00007ffb9a934000 	C:\WINDOWS\System32\RPCRT4.dll
0x00007ffb9b980000 - 0x00007ffb9bb10000 	C:\WINDOWS\System32\USER32.dll
0x00007ffb98ad0000 - 0x00007ffb98af0000 	C:\WINDOWS\System32\win32u.dll
0x00007ffb98e80000 - 0x00007ffb98ea8000 	C:\WINDOWS\System32\GDI32.dll
0x00007ffb97f20000 - 0x00007ffb980b2000 	C:\WINDOWS\System32\gdi32full.dll
0x00007ffb97c00000 - 0x00007ffb97c9f000 	C:\WINDOWS\System32\msvcp_win.dll
0x00007ffb97ab0000 - 0x00007ffb97ba8000 	C:\WINDOWS\System32\ucrtbase.dll
0x00007ffb8c240000 - 0x00007ffb8c4a9000 	C:\WINDOWS\WinSxS\amd64_microsoft.windows.common-controls_6595b64144ccf1df_6.0.17134.765_none_fb42a1a930655896\COMCTL32.dll
0x00007ffb9a4e0000 - 0x00007ffb9a802000 	C:\WINDOWS\System32\combase.dll
0x00007ffb97a30000 - 0x00007ffb97aaa000 	C:\WINDOWS\System32\bcryptPrimitives.dll
0x00007ffb9b950000 - 0x00007ffb9b97d000 	C:\WINDOWS\System32\IMM32.DLL
0x0000000060dc0000 - 0x0000000060df9000 	C:\PROGRA~2\Sophos\SOPHOS~2\SOPHOS~2.DLL
0x00007ffb9a940000 - 0x00007ffb9a948000 	C:\WINDOWS\System32\PSAPI.DLL
0x0000000060280000 - 0x0000000060352000 	C:\Java\openjdk-8u212-b04\jre\bin\msvcr100.dll
0x00000000604c0000 - 0x0000000060ce4000 	C:\Java\openjdk-8u212-b04\jre\bin\server\jvm.dll
0x00007ffb8fe80000 - 0x00007ffb8fe89000 	C:\WINDOWS\SYSTEM32\WSOCK32.dll
0x00007ffb945c0000 - 0x00007ffb945e3000 	C:\WINDOWS\SYSTEM32\WINMM.dll
0x00007ffb9bb10000 - 0x00007ffb9bb7c000 	C:\WINDOWS\System32\WS2_32.dll
0x00007ffb92f00000 - 0x00007ffb92f0a000 	C:\WINDOWS\SYSTEM32\VERSION.dll
0x00007ffb90d90000 - 0x00007ffb90dba000 	C:\WINDOWS\SYSTEM32\winmmbase.dll
0x00007ffb97bb0000 - 0x00007ffb97bf9000 	C:\WINDOWS\System32\cfgmgr32.dll
0x00007ffb7c010000 - 0x00007ffb7c01f000 	C:\Java\openjdk-8u212-b04\jre\bin\verify.dll
0x00007ffb6e020000 - 0x00007ffb6e049000 	C:\Java\openjdk-8u212-b04\jre\bin\java.dll
0x00007ffb6e000000 - 0x00007ffb6e016000 	C:\Java\openjdk-8u212-b04\jre\bin\zip.dll
0x00007ffb99080000 - 0x00007ffb9a4c0000 	C:\WINDOWS\System32\SHELL32.dll
0x00007ffb9bea0000 - 0x00007ffb9bf49000 	C:\WINDOWS\System32\shcore.dll
0x00007ffb983c0000 - 0x00007ffb98acd000 	C:\WINDOWS\System32\windows.storage.dll
0x00007ffb9be20000 - 0x00007ffb9be71000 	C:\WINDOWS\System32\shlwapi.dll
0x00007ffb97a10000 - 0x00007ffb97a21000 	C:\WINDOWS\System32\kernel.appcore.dll
0x00007ffb979a0000 - 0x00007ffb979bf000 	C:\WINDOWS\System32\profapi.dll
0x00007ffb979c0000 - 0x00007ffb97a0c000 	C:\WINDOWS\System32\powrprof.dll
0x00007ffb97990000 - 0x00007ffb9799a000 	C:\WINDOWS\System32\FLTLIB.DLL
0x00007ffb97340000 - 0x00007ffb97357000 	C:\WINDOWS\SYSTEM32\CRYPTSP.dll
0x00007ffb96b40000 - 0x00007ffb96b73000 	C:\WINDOWS\system32\rsaenh.dll
0x00007ffb97470000 - 0x00007ffb97495000 	C:\WINDOWS\SYSTEM32\bcrypt.dll
0x00007ffb978a0000 - 0x00007ffb978c8000 	C:\WINDOWS\SYSTEM32\USERENV.dll
0x00007ffb97360000 - 0x00007ffb9736b000 	C:\WINDOWS\SYSTEM32\CRYPTBASE.dll
0x00007ffb6d790000 - 0x00007ffb6d7aa000 	C:\Java\openjdk-8u212-b04\jre\bin\net.dll
0x00007ffb98eb0000 - 0x00007ffb99078000 	C:\WINDOWS\System32\urlmon.dll
0x00007ffb9b3f0000 - 0x00007ffb9b697000 	C:\WINDOWS\System32\iertutil.dll
0x00007ffb97190000 - 0x00007ffb971f6000 	C:\WINDOWS\system32\mswsock.dll
0x00007ffb96f10000 - 0x00007ffb96f48000 	C:\WINDOWS\SYSTEM32\IPHLPAPI.DLL
0x00007ffb9b6a0000 - 0x00007ffb9b6a8000 	C:\WINDOWS\System32\NSI.dll
0x00007ffb92fd0000 - 0x00007ffb92fe6000 	C:\WINDOWS\SYSTEM32\dhcpcsvc6.DLL
0x00007ffb92fb0000 - 0x00007ffb92fca000 	C:\WINDOWS\SYSTEM32\dhcpcsvc.DLL
0x00007ffb6d770000 - 0x00007ffb6d782000 	C:\Java\openjdk-8u212-b04\jre\bin\nio.dll
0x00007ffb94370000 - 0x00007ffb9437a000 	C:\TEMP\jansi-1.17-6488970336684824344.dll
0x00007ffb94360000 - 0x00007ffb9436a000 	C:\TEMP\jansi-1.17-5427875196898952918.dll
0x00007ffb943e0000 - 0x00007ffb943ed000 	C:\Java\openjdk-8u212-b04\jre\bin\management.dll

VM Arguments:
jvm_args: -Dmaven.home=EMBEDDED -Dclassworlds.conf=C:\workspaces\g2\.metadata\.plugins\org.eclipse.m2e.launching\launches\m2conf3145094686508105273.tmp -Dmaven.multiModuleProjectDirectory=C:\Users\Diontre.Pate\git\shuttle-app\server -Dfile.encoding=Cp1252 
java_command: org.codehaus.plexus.classworlds.launcher.Launcher -B clean install
java_class_path (initial): C:\Users\javauser\.p2\pool\plugins\org.eclipse.m2e.maven.runtime_1.11.0.20190220-2117\jars\plexus-classworlds-2.5.2.jar
Launcher Type: SUN_STANDARD

Environment Variables:
JAVA_HOME=C:\Java\openjdk-8u212-b04
PATH=C:/Java/openjdk-8u212-b04/bin/../jre/bin/server;C:/Java/openjdk-8u212-b04/bin/../jre/bin;C:/Java/openjdk-8u212-b04/bin/../jre/lib/amd64;C:\Java\openjdk-8u212-b04\bin;C:\ProgramData\Oracle\Java\javapath;C:\WINDOWS\system;C:\Java\openjdk-8u212-b04\bin;C:\WINDOWS\system32;C:\WINDOWS;C:\WINDOWS\System32\Wbem;C:\WINDOWS\System32\WindowsPowerShell\v1.0\;C:\Win7PowerTools;c:\maven\bin;C:\Program Files\Git\cmd;C:\WINDOWS\System32\OpenSSH\;C:\Program Files\Microsoft VS Code\bin;C:\Program Files\nodejs\;C:\Users\Diontre.Pate\AppData\Local\Microsoft\WindowsApps;;C:\Users\Diontre.Pate\Desktop;
USERNAME=Diontre.Pate
OS=Windows_NT
PROCESSOR_IDENTIFIER=Intel64 Family 6 Model 158 Stepping 10, GenuineIntel



---------------  S Y S T E M  ---------------

OS: Windows 10.0 , 64 bit Build 17134 (10.0.17134.753)

CPU:total 4 (initial active 4) (4 cores per cpu, 1 threads per core) family 6 model 158 stepping 10, cmov, cx8, fxsr, mmx, sse, sse2, sse3, ssse3, sse4.1, sse4.2, popcnt, avx, avx2, aes, clmul, 3dnowpref, lzcnt, tsc, tscinvbit

Memory: 4k page, physical 12303924k(1828924k free), swap 12303924k(5936k free)

vm_info: OpenJDK 64-Bit Server VM (25.212-b04) for windows-amd64 JRE (1.8.0_212-8u-04), built on Apr 10 2019 15:55:14 by "stooke" with MS VC++ 10.0 (VS2010)

time: Tue Jul 09 13:17:18 2019
timezone: Central Daylight Time
elapsed time: 8 seconds (0d 0h 0m 8s)

