#
# There is insufficient memory for the Java Runtime Environment to continue.
# Native memory allocation (malloc) failed to allocate 88176 bytes for Chunk::new
# Possible reasons:
#   The system is out of physical RAM or swap space
#   The process is running with CompressedOops enabled, and the Java Heap may be blocking the growth of the native heap
# Possible solutions:
#   Reduce memory load on the system
#   Increase physical memory or swap space
#   Check if swap backing store is full
#   Decrease Java heap size (-Xmx/-Xms)
#   Decrease number of Java threads
#   Decrease Java thread stack sizes (-Xss)
#   Set larger code cache with -XX:ReservedCodeCacheSize=
#   JVM is running with Zero Based Compressed Oops mode in which the Java heap is
#     placed in the first 32GB address space. The Java Heap base address is the
#     maximum limit for the native heap growth. Please use -XX:HeapBaseMinAddress
#     to set the Java Heap base and to place the Java Heap above 32GB virtual address.
# This output file may be truncated or incomplete.
#
#  Out of Memory Error (allocation.cpp:389), pid=13336, tid=0x000000000000515c
#
# JRE version: OpenJDK Runtime Environment (8.0_212) (build 1.8.0_212-8u-04)
# Java VM: OpenJDK 64-Bit Server VM (25.212-b04 mixed mode windows-amd64 compressed oops)
# Failed to write core dump. Minidumps are not enabled by default on client versions of Windows
#

---------------  T H R E A D  ---------------

Current thread (0x0000000019a46800):  JavaThread "C2 CompilerThread1" daemon [_thread_in_native, id=20828, stack(0x000000001b1b0000,0x000000001b2b0000)]

Stack: [0x000000001b1b0000,0x000000001b2b0000]
[error occurred during error reporting (printing stack bounds), id 0xc0000005]

Native frames: (J=compiled Java code, j=interpreted, Vv=VM code, C=native code)


Current CompileTask:
C2:   5768 3868       4       org.codehaus.plexus.classworlds.realm.Entry::matches (282 bytes)


---------------  P R O C E S S  ---------------

Java Threads: ( => current thread )
  0x0000000019a9e000 JavaThread "Service Thread" daemon [_thread_blocked, id=10900, stack(0x000000001b7b0000,0x000000001b8b0000)]
  0x0000000019a6b000 JavaThread "C1 CompilerThread2" daemon [_thread_blocked, id=16096, stack(0x000000001b2b0000,0x000000001b3b0000)]
=>0x0000000019a46800 JavaThread "C2 CompilerThread1" daemon [_thread_in_native, id=20828, stack(0x000000001b1b0000,0x000000001b2b0000)]
  0x0000000019a3e800 JavaThread "C2 CompilerThread0" daemon [_thread_in_native, id=20848, stack(0x000000001b0b0000,0x000000001b1b0000)]
  0x0000000019a3b800 JavaThread "Attach Listener" daemon [_thread_blocked, id=10824, stack(0x000000001afb0000,0x000000001b0b0000)]
  0x0000000019a38000 JavaThread "Signal Dispatcher" daemon [_thread_blocked, id=20968, stack(0x000000001aeb0000,0x000000001afb0000)]
  0x0000000002b4a800 JavaThread "Finalizer" daemon [_thread_blocked, id=23632, stack(0x000000001acc0000,0x000000001adc0000)]
  0x0000000002b41000 JavaThread "Reference Handler" daemon [_thread_blocked, id=17560, stack(0x000000001abc0000,0x000000001acc0000)]
  0x0000000002a4e000 JavaThread "main" [_thread_in_native, id=5576, stack(0x00000000028f0000,0x00000000029f0000)]

Other Threads:
  0x0000000019a06000 VMThread [stack: 0x000000001aac0000,0x000000001abc0000] [id=20780]
  0x000000001b3d9000 WatcherThread [stack: 0x000000001b8b0000,0x000000001b9b0000] [id=5828]

VM state:not at safepoint (normal execution)

VM Mutex/Monitor currently owned by a thread: None

heap address: 0x0000000704400000, size: 3004 MB, Compressed Oops mode: Zero based, Oop shift amount: 3
Narrow klass base: 0x0000000000000000, Narrow klass shift: 3
Compressed class space size: 1073741824 Address: 0x00000007c0000000

Heap:
 PSYoungGen      total 104960K, used 17464K [0x0000000781700000, 0x0000000788500000, 0x00000007c0000000)
  eden space 97280K, 17% used [0x0000000781700000,0x000000078280e0a8,0x0000000787600000)
  from space 7680K, 0% used [0x0000000787600000,0x0000000787600000,0x0000000787d80000)
  to   space 7680K, 0% used [0x0000000787d80000,0x0000000787d80000,0x0000000788500000)
 ParOldGen       total 119296K, used 34257K [0x0000000704400000, 0x000000070b880000, 0x0000000781700000)
  object space 119296K, 28% used [0x0000000704400000,0x0000000706574748,0x000000070b880000)
 Metaspace       used 21525K, capacity 21966K, committed 22192K, reserved 1069056K
  class space    used 2353K, capacity 2482K, committed 2560K, reserved 1048576K

Card table byte_map: [0x0000000011f10000,0x00000000124f0000] byte_map_base: 0x000000000e6ee000

Marking Bits: (ParMarkBitMap*) 0x0000000054c18be0
 Begin Bits: [0x0000000012ce0000, 0x0000000015bd0000)
 End Bits:   [0x0000000015bd0000, 0x0000000018ac0000)

Polling page: 0x0000000000c80000

CodeCache: size=245760Kb used=13945Kb max_used=15754Kb free=231814Kb
 bounds [0x0000000002b50000, 0x0000000003ac0000, 0x0000000011b50000]
 total_blobs=4130 nmethods=3520 adapters=523
 compilation: enabled

Compilation events (10 events):
Event: 5.735 Thread 0x0000000019a6b000 3997       3       org.codehaus.groovy.reflection.CachedClass::getName (8 bytes)
Event: 5.735 Thread 0x0000000019a6b000 nmethod 3997 0x0000000002d6be50 code [0x0000000002d6bfc0, 0x0000000002d6c328]
Event: 5.735 Thread 0x0000000019a6b000 3998       3       org.codehaus.groovy.reflection.CachedField::getModifiers (8 bytes)
Event: 5.735 Thread 0x0000000019a6b000 nmethod 3998 0x0000000002cb23d0 code [0x0000000002cb2520, 0x0000000002cb2710]
Event: 5.736 Thread 0x0000000019a6b000 3999       3       org.codehaus.groovy.runtime.metaclass.ReflectionMetaMethod::getName (8 bytes)
Event: 5.736 Thread 0x0000000019a6b000 nmethod 3999 0x0000000002dc7010 code [0x0000000002dc7180, 0x0000000002dc73f0]
Event: 5.737 Thread 0x0000000019a6b000 4000       3       sun.reflect.generics.repository.ConstructorRepository::getParameterTypes (78 bytes)
Event: 5.738 Thread 0x0000000019a6b000 nmethod 4000 0x0000000003130650 code [0x0000000003130840, 0x00000000031313f8]
Event: 5.749 Thread 0x0000000019a46800 nmethod 3619 0x000000000339ae50 code [0x000000000339b2e0, 0x00000000033a1ea0]
Event: 5.750 Thread 0x0000000019a46800 3868       4       org.codehaus.plexus.classworlds.realm.Entry::matches (282 bytes)

GC Heap History (10 events):
Event: 2.846 GC heap before
{Heap before GC invocations=4 (full 0):
 PSYoungGen      total 56320K, used 56311K [0x0000000781700000, 0x0000000788500000, 0x00000007c0000000)
  eden space 48640K, 100% used [0x0000000781700000,0x0000000784680000,0x0000000784680000)
  from space 7680K, 99% used [0x0000000784680000,0x0000000784dfdfd0,0x0000000784e00000)
  to   space 7680K, 0% used [0x0000000787d80000,0x0000000787d80000,0x0000000788500000)
 ParOldGen       total 128512K, used 7602K [0x0000000704400000, 0x000000070c180000, 0x0000000781700000)
  object space 128512K, 5% used [0x0000000704400000,0x0000000704b6cbd0,0x000000070c180000)
 Metaspace       used 15665K, capacity 15870K, committed 16000K, reserved 1062912K
  class space    used 1823K, capacity 1917K, committed 1920K, reserved 1048576K
Event: 2.862 GC heap after
Heap after GC invocations=4 (full 0):
 PSYoungGen      total 104960K, used 7648K [0x0000000781700000, 0x0000000788500000, 0x00000007c0000000)
  eden space 97280K, 0% used [0x0000000781700000,0x0000000781700000,0x0000000787600000)
  from space 7680K, 99% used [0x0000000787d80000,0x00000007884f8020,0x0000000788500000)
  to   space 7680K, 0% used [0x0000000787600000,0x0000000787600000,0x0000000787d80000)
 ParOldGen       total 128512K, used 12524K [0x0000000704400000, 0x000000070c180000, 0x0000000781700000)
  object space 128512K, 9% used [0x0000000704400000,0x000000070503b2c8,0x000000070c180000)
 Metaspace       used 15665K, capacity 15870K, committed 16000K, reserved 1062912K
  class space    used 1823K, capacity 1917K, committed 1920K, reserved 1048576K
}
Event: 3.584 GC heap before
{Heap before GC invocations=5 (full 0):
 PSYoungGen      total 104960K, used 104928K [0x0000000781700000, 0x0000000788500000, 0x00000007c0000000)
  eden space 97280K, 100% used [0x0000000781700000,0x0000000787600000,0x0000000787600000)
  from space 7680K, 99% used [0x0000000787d80000,0x00000007884f8020,0x0000000788500000)
  to   space 7680K, 0% used [0x0000000787600000,0x0000000787600000,0x0000000787d80000)
 ParOldGen       total 128512K, used 12524K [0x0000000704400000, 0x000000070c180000, 0x0000000781700000)
  object space 128512K, 9% used [0x0000000704400000,0x000000070503b2c8,0x000000070c180000)
 Metaspace       used 16095K, capacity 16336K, committed 16512K, reserved 1064960K
  class space    used 1826K, capacity 1920K, committed 1920K, reserved 1048576K
Event: 3.606 GC heap after
Heap after GC invocations=5 (full 0):
 PSYoungGen      total 104960K, used 7648K [0x0000000781700000, 0x0000000788500000, 0x00000007c0000000)
  eden space 97280K, 0% used [0x0000000781700000,0x0000000781700000,0x0000000787600000)
  from space 7680K, 99% used [0x0000000787600000,0x0000000787d78020,0x0000000787d80000)
  to   space 7680K, 0% used [0x0000000787d80000,0x0000000787d80000,0x0000000788500000)
 ParOldGen       total 128512K, used 18916K [0x0000000704400000, 0x000000070c180000, 0x0000000781700000)
  object space 128512K, 14% used [0x0000000704400000,0x00000007056792c8,0x000000070c180000)
 Metaspace       used 16095K, capacity 16336K, committed 16512K, reserved 1064960K
  class space    used 1826K, capacity 1920K, committed 1920K, reserved 1048576K
}
Event: 4.690 GC heap before
{Heap before GC invocations=6 (full 0):
 PSYoungGen      total 104960K, used 104928K [0x0000000781700000, 0x0000000788500000, 0x00000007c0000000)
  eden space 97280K, 100% used [0x0000000781700000,0x0000000787600000,0x0000000787600000)
  from space 7680K, 99% used [0x0000000787600000,0x0000000787d78020,0x0000000787d80000)
  to   space 7680K, 0% used [0x0000000787d80000,0x0000000787d80000,0x0000000788500000)
 ParOldGen       total 128512K, used 18916K [0x0000000704400000, 0x000000070c180000, 0x0000000781700000)
  object space 128512K, 14% used [0x0000000704400000,0x00000007056792c8,0x000000070c180000)
 Metaspace       used 16864K, capacity 17286K, committed 17408K, reserved 1064960K
  class space    used 1904K, capacity 2022K, committed 2048K, reserved 1048576K
Event: 4.724 GC heap after
Heap after GC invocations=6 (full 0):
 PSYoungGen      total 104960K, used 7664K [0x0000000781700000, 0x0000000788500000, 0x00000007c0000000)
  eden space 97280K, 0% used [0x0000000781700000,0x0000000781700000,0x0000000787600000)
  from space 7680K, 99% used [0x0000000787d80000,0x00000007884fc010,0x0000000788500000)
  to   space 7680K, 0% used [0x0000000787600000,0x0000000787600000,0x0000000787d80000)
 ParOldGen       total 128512K, used 26965K [0x0000000704400000, 0x000000070c180000, 0x0000000781700000)
  object space 128512K, 20% used [0x0000000704400000,0x0000000705e55590,0x000000070c180000)
 Metaspace       used 16864K, capacity 17286K, committed 17408K, reserved 1064960K
  class space    used 1904K, capacity 2022K, committed 2048K, reserved 1048576K
}
Event: 5.193 GC heap before
{Heap before GC invocations=7 (full 0):
 PSYoungGen      total 104960K, used 52326K [0x0000000781700000, 0x0000000788500000, 0x00000007c0000000)
  eden space 97280K, 45% used [0x0000000781700000,0x000000078429d930,0x0000000787600000)
  from space 7680K, 99% used [0x0000000787d80000,0x00000007884fc010,0x0000000788500000)
  to   space 7680K, 0% used [0x0000000787600000,0x0000000787600000,0x0000000787d80000)
 ParOldGen       total 128512K, used 26965K [0x0000000704400000, 0x000000070c180000, 0x0000000781700000)
  object space 128512K, 20% used [0x0000000704400000,0x0000000705e55590,0x000000070c180000)
 Metaspace       used 20762K, capacity 21138K, committed 21296K, reserved 1069056K
  class space    used 2255K, capacity 2350K, committed 2432K, reserved 1048576K
Event: 5.216 GC heap after
Heap after GC invocations=7 (full 0):
 PSYoungGen      total 104960K, used 7680K [0x0000000781700000, 0x0000000788500000, 0x00000007c0000000)
  eden space 97280K, 0% used [0x0000000781700000,0x0000000781700000,0x0000000787600000)
  from space 7680K, 100% used [0x0000000787600000,0x0000000787d80000,0x0000000787d80000)
  to   space 7680K, 0% used [0x0000000787d80000,0x0000000787d80000,0x0000000788500000)
 ParOldGen       total 128512K, used 31598K [0x0000000704400000, 0x000000070c180000, 0x0000000781700000)
  object space 128512K, 24% used [0x0000000704400000,0x00000007062dbac0,0x000000070c180000)
 Metaspace       used 20762K, capacity 21138K, committed 21296K, reserved 1069056K
  class space    used 2255K, capacity 2350K, committed 2432K, reserved 1048576K
}
Event: 5.216 GC heap before
{Heap before GC invocations=8 (full 1):
 PSYoungGen      total 104960K, used 7680K [0x0000000781700000, 0x0000000788500000, 0x00000007c0000000)
  eden space 97280K, 0% used [0x0000000781700000,0x0000000781700000,0x0000000787600000)
  from space 7680K, 100% used [0x0000000787600000,0x0000000787d80000,0x0000000787d80000)
  to   space 7680K, 0% used [0x0000000787d80000,0x0000000787d80000,0x0000000788500000)
 ParOldGen       total 128512K, used 31598K [0x0000000704400000, 0x000000070c180000, 0x0000000781700000)
  object space 128512K, 24% used [0x0000000704400000,0x00000007062dbac0,0x000000070c180000)
 Metaspace       used 20762K, capacity 21138K, committed 21296K, reserved 1069056K
  class space    used 2255K, capacity 2350K, committed 2432K, reserved 1048576K
Event: 5.421 GC heap after
Heap after GC invocations=8 (full 1):
 PSYoungGen      total 104960K, used 0K [0x0000000781700000, 0x0000000788500000, 0x00000007c0000000)
  eden space 97280K, 0% used [0x0000000781700000,0x0000000781700000,0x0000000787600000)
  from space 7680K, 0% used [0x0000000787600000,0x0000000787600000,0x0000000787d80000)
  to   space 7680K, 0% used [0x0000000787d80000,0x0000000787d80000,0x0000000788500000)
 ParOldGen       total 119296K, used 34257K [0x0000000704400000, 0x000000070b880000, 0x0000000781700000)
  object space 119296K, 28% used [0x0000000704400000,0x0000000706574748,0x000000070b880000)
 Metaspace       used 20762K, capacity 21138K, committed 21296K, reserved 1069056K
  class space    used 2255K, capacity 2350K, committed 2432K, reserved 1048576K
}

Deoptimization events (10 events):
Event: 4.863 Thread 0x0000000002a4e000 Uncommon trap: reason=class_check action=maybe_recompile pc=0x00000000036f7a9c method=org.eclipse.sisu.wire.EntryListAdapter$ValueIterator.hasNext()Z @ 4
Event: 4.868 Thread 0x0000000002a4e000 Uncommon trap: reason=unstable_if action=reinterpret pc=0x00000000032fcbd4 method=org.eclipse.sisu.plexus.RealmFilteredBeans$FilteredItr.hasNext()Z @ 44
Event: 5.047 Thread 0x0000000002a4e000 Uncommon trap: reason=unstable_if action=reinterpret pc=0x0000000002ee3950 method=java.util.HashMap.hash(Ljava/lang/Object;)I @ 1
Event: 5.143 Thread 0x0000000002a4e000 Uncommon trap: reason=unstable_if action=reinterpret pc=0x0000000003928358 method=org.codehaus.plexus.classworlds.realm.Entry.matches(Ljava/lang/String;)Z @ 20
Event: 5.592 Thread 0x0000000002a4e000 Uncommon trap: reason=bimorphic action=maybe_recompile pc=0x0000000003027968 method=java.lang.ClassLoader.loadClass(Ljava/lang/String;Z)Ljava/lang/Class; @ 38
Event: 5.592 Thread 0x0000000002a4e000 Uncommon trap: reason=bimorphic action=maybe_recompile pc=0x0000000003027968 method=java.lang.ClassLoader.loadClass(Ljava/lang/String;Z)Ljava/lang/Class; @ 38
Event: 5.592 Thread 0x0000000002a4e000 Uncommon trap: reason=bimorphic action=maybe_recompile pc=0x0000000003027968 method=java.lang.ClassLoader.loadClass(Ljava/lang/String;Z)Ljava/lang/Class; @ 38
Event: 5.593 Thread 0x0000000002a4e000 Uncommon trap: reason=bimorphic action=maybe_recompile pc=0x0000000003027968 method=java.lang.ClassLoader.loadClass(Ljava/lang/String;Z)Ljava/lang/Class; @ 38
Event: 5.594 Thread 0x0000000002a4e000 Uncommon trap: reason=unstable_if action=reinterpret pc=0x000000000338f1c4 method=java.math.BigInteger.<init>(Ljava/lang/String;I)V @ 69
Event: 5.709 Thread 0x0000000002a4e000 Uncommon trap: reason=unstable_if action=reinterpret pc=0x00000000038ec9ec method=java.lang.Boolean.parseBoolean(Ljava/lang/String;)Z @ 1

Classes redefined (0 events):
No events

Internal exceptions (10 events):
Event: 5.729 Thread 0x0000000002a4e000 Exception <a 'java/lang/ClassNotFoundException': org/jfrog/build/extractor/maven/plugin/PublishMojo$_gc_closure1BeanInfo> (0x0000000782480660) thrown at [C:\w\cpu\jdk8u-b04\ojdkbuild\lookaside\jdk8u_upstream\hotspot\src\share\vm\classfile\systemDictionary
Event: 5.729 Thread 0x0000000002a4e000 Exception <a 'java/lang/ClassNotFoundException': groovy/lang/ClosureBeanInfo> (0x000000078248c4d0) thrown at [C:\w\cpu\jdk8u-b04\ojdkbuild\lookaside\jdk8u_upstream\hotspot\src\share\vm\classfile\systemDictionary.cpp, line 210]
Event: 5.729 Thread 0x0000000002a4e000 Exception <a 'java/lang/ClassNotFoundException': groovy/lang/ClosureCustomizer> (0x00000007824986c0) thrown at [C:\w\cpu\jdk8u-b04\ojdkbuild\lookaside\jdk8u_upstream\hotspot\src\share\vm\classfile\systemDictionary.cpp, line 210]
Event: 5.732 Thread 0x0000000002a4e000 Exception <a 'java/lang/ClassNotFoundException': org/jfrog/build/extractor/maven/plugin/PublishMojo$_gc_closure1Customizer> (0x00000007824d2488) thrown at [C:\w\cpu\jdk8u-b04\ojdkbuild\lookaside\jdk8u_upstream\hotspot\src\share\vm\classfile\systemDictiona
Event: 5.734 Thread 0x0000000002a4e000 Exception <a 'java/lang/ClassNotFoundException': groovy/lang/Closure$1BeanInfo> (0x000000078252bd88) thrown at [C:\w\cpu\jdk8u-b04\ojdkbuild\lookaside\jdk8u_upstream\hotspot\src\share\vm\classfile\systemDictionary.cpp, line 210]
Event: 5.735 Thread 0x0000000002a4e000 Exception <a 'java/lang/ClassNotFoundException': groovy/lang/Closure$1Customizer> (0x00000007825382c0) thrown at [C:\w\cpu\jdk8u-b04\ojdkbuild\lookaside\jdk8u_upstream\hotspot\src\share\vm\classfile\systemDictionary.cpp, line 210]
Event: 5.737 Thread 0x0000000002a4e000 Exception <a 'java/lang/ClassNotFoundException': org/gcontracts/util/FieldValuesBeanInfo> (0x000000078256a4f0) thrown at [C:\w\cpu\jdk8u-b04\ojdkbuild\lookaside\jdk8u_upstream\hotspot\src\share\vm\classfile\systemDictionary.cpp, line 210]
Event: 5.737 Thread 0x0000000002a4e000 Exception <a 'java/lang/ClassNotFoundException': org/gcontracts/util/FieldValuesCustomizer> (0x0000000782578458) thrown at [C:\w\cpu\jdk8u-b04\ojdkbuild\lookaside\jdk8u_upstream\hotspot\src\share\vm\classfile\systemDictionary.cpp, line 210]
Event: 5.758 Thread 0x0000000002a4e000 Exception <a 'java/lang/ClassNotFoundException': org/apache/maven/execution/MavenSessionBeanInfo> (0x0000000782607538) thrown at [C:\w\cpu\jdk8u-b04\ojdkbuild\lookaside\jdk8u_upstream\hotspot\src\share\vm\classfile\systemDictionary.cpp, line 210]
Event: 5.759 Thread 0x0000000002a4e000 Exception <a 'java/lang/ClassNotFoundException': org/apache/maven/execution/MavenSessionCustomizer> (0x0000000782623ba8) thrown at [C:\w\cpu\jdk8u-b04\ojdkbuild\lookaside\jdk8u_upstream\hotspot\src\share\vm\classfile\systemDictionary.cpp, line 210]

Events (10 events):
Event: 5.759 loading class org/apache/maven/execution/MavenSessionCustomizer
Event: 5.759 loading class org/apache/maven/execution/MavenSessionCustomizer done
Event: 5.759 loading class org/apache/maven/execution/MavenSessionCustomizer
Event: 5.759 loading class org/apache/maven/execution/MavenSessionCustomizer done
Event: 5.759 loading class org/apache/maven/execution/MavenSessionCustomizer
Event: 5.759 loading class org/apache/maven/execution/MavenSessionCustomizer done
Event: 5.759 loading class org/apache/maven/execution/MavenSessionCustomizer
Event: 5.759 loading class org/apache/maven/execution/MavenSessionCustomizer done
Event: 5.759 loading class org/apache/maven/execution/MavenSessionCustomizer
Event: 5.759 loading class org/apache/maven/execution/MavenSessionCustomizer done


Dynamic libraries:
0x00007ff75cf00000 - 0x00007ff75cf35000 	C:\Java\openjdk-8u212-b04\bin\javaw.exe
0x00007ffd64110000 - 0x00007ffd642f1000 	C:\WINDOWS\SYSTEM32\ntdll.dll
0x00007ffd63f20000 - 0x00007ffd63fd1000 	C:\WINDOWS\System32\KERNEL32.DLL
0x00007ffd5ffa0000 - 0x00007ffd60213000 	C:\WINDOWS\System32\KERNELBASE.dll
0x00007ffd63a60000 - 0x00007ffd63b01000 	C:\WINDOWS\System32\ADVAPI32.dll
0x00007ffd63b30000 - 0x00007ffd63bce000 	C:\WINDOWS\System32\msvcrt.dll
0x00007ffd612e0000 - 0x00007ffd6133b000 	C:\WINDOWS\System32\sechost.dll
0x00007ffd610e0000 - 0x00007ffd61204000 	C:\WINDOWS\System32\RPCRT4.dll
0x00007ffd60bd0000 - 0x00007ffd60d60000 	C:\WINDOWS\System32\USER32.dll
0x00007ffd60b00000 - 0x00007ffd60b20000 	C:\WINDOWS\System32\win32u.dll
0x00007ffd61080000 - 0x00007ffd610a8000 	C:\WINDOWS\System32\GDI32.dll
0x00007ffd5fc10000 - 0x00007ffd5fda2000 	C:\WINDOWS\System32\gdi32full.dll
0x00007ffd60a60000 - 0x00007ffd60aff000 	C:\WINDOWS\System32\msvcp_win.dll
0x00007ffd5fb10000 - 0x00007ffd5fc08000 	C:\WINDOWS\System32\ucrtbase.dll
0x00007ffd50d40000 - 0x00007ffd50fa9000 	C:\WINDOWS\WinSxS\amd64_microsoft.windows.common-controls_6595b64144ccf1df_6.0.17134.765_none_fb42a1a930655896\COMCTL32.dll
0x00007ffd63bf0000 - 0x00007ffd63f12000 	C:\WINDOWS\System32\combase.dll
0x00007ffd60270000 - 0x00007ffd602ea000 	C:\WINDOWS\System32\bcryptPrimitives.dll
0x00007ffd610b0000 - 0x00007ffd610dd000 	C:\WINDOWS\System32\IMM32.DLL
0x0000000054e00000 - 0x0000000054e39000 	C:\PROGRA~2\Sophos\SOPHOS~2\SOPHOS~2.DLL
0x00007ffd62cc0000 - 0x00007ffd62cc8000 	C:\WINDOWS\System32\PSAPI.DLL
0x00000000541b0000 - 0x0000000054282000 	C:\Java\openjdk-8u212-b04\jre\bin\msvcr100.dll
0x0000000054470000 - 0x0000000054c94000 	C:\Java\openjdk-8u212-b04\jre\bin\server\jvm.dll
0x00007ffd57fd0000 - 0x00007ffd57ff3000 	C:\WINDOWS\SYSTEM32\WINMM.dll
0x00007ffd57fa0000 - 0x00007ffd57fca000 	C:\WINDOWS\SYSTEM32\WINMMBASE.dll
0x00007ffd5b5e0000 - 0x00007ffd5b5ea000 	C:\WINDOWS\SYSTEM32\VERSION.dll
0x00007ffd55440000 - 0x00007ffd55449000 	C:\WINDOWS\SYSTEM32\WSOCK32.dll
0x00007ffd60220000 - 0x00007ffd60269000 	C:\WINDOWS\System32\cfgmgr32.dll
0x00007ffd61340000 - 0x00007ffd613ac000 	C:\WINDOWS\System32\WS2_32.dll
0x00007ffd2dbb0000 - 0x00007ffd2dbbf000 	C:\Java\openjdk-8u212-b04\jre\bin\verify.dll
0x00007ffd2db80000 - 0x00007ffd2dba9000 	C:\Java\openjdk-8u212-b04\jre\bin\java.dll
0x00007ffd2db60000 - 0x00007ffd2db76000 	C:\Java\openjdk-8u212-b04\jre\bin\zip.dll
0x00007ffd61870000 - 0x00007ffd62cb0000 	C:\WINDOWS\System32\SHELL32.dll
0x00007ffd60fd0000 - 0x00007ffd61079000 	C:\WINDOWS\System32\shcore.dll
0x00007ffd602f0000 - 0x00007ffd609fd000 	C:\WINDOWS\System32\windows.storage.dll
0x00007ffd63fe0000 - 0x00007ffd64031000 	C:\WINDOWS\System32\shlwapi.dll
0x00007ffd5faf0000 - 0x00007ffd5fb01000 	C:\WINDOWS\System32\kernel.appcore.dll
0x00007ffd5fad0000 - 0x00007ffd5faef000 	C:\WINDOWS\System32\profapi.dll
0x00007ffd5fa60000 - 0x00007ffd5faac000 	C:\WINDOWS\System32\powrprof.dll
0x00007ffd5fa50000 - 0x00007ffd5fa5a000 	C:\WINDOWS\System32\FLTLIB.DLL
0x00007ffd5f420000 - 0x00007ffd5f437000 	C:\WINDOWS\SYSTEM32\CRYPTSP.dll
0x00007ffd5ec20000 - 0x00007ffd5ec53000 	C:\WINDOWS\system32\rsaenh.dll
0x00007ffd5f550000 - 0x00007ffd5f575000 	C:\WINDOWS\SYSTEM32\bcrypt.dll
0x00007ffd5f950000 - 0x00007ffd5f978000 	C:\WINDOWS\SYSTEM32\USERENV.dll
0x00007ffd5f440000 - 0x00007ffd5f44b000 	C:\WINDOWS\SYSTEM32\CRYPTBASE.dll
0x00007ffd30d00000 - 0x00007ffd30d1a000 	C:\Java\openjdk-8u212-b04\jre\bin\net.dll
0x00007ffd633e0000 - 0x00007ffd635a8000 	C:\WINDOWS\System32\urlmon.dll
0x00007ffd637b0000 - 0x00007ffd63a57000 	C:\WINDOWS\System32\iertutil.dll
0x00007ffd5f270000 - 0x00007ffd5f2d6000 	C:\WINDOWS\system32\mswsock.dll
0x00007ffd5eff0000 - 0x00007ffd5f028000 	C:\WINDOWS\SYSTEM32\IPHLPAPI.DLL
0x00007ffd62cb0000 - 0x00007ffd62cb8000 	C:\WINDOWS\System32\NSI.dll
0x00007ffd5b0e0000 - 0x00007ffd5b0f6000 	C:\WINDOWS\SYSTEM32\dhcpcsvc6.DLL
0x00007ffd5b0c0000 - 0x00007ffd5b0da000 	C:\WINDOWS\SYSTEM32\dhcpcsvc.DLL
0x00007ffd2ec70000 - 0x00007ffd2ec82000 	C:\Java\openjdk-8u212-b04\jre\bin\nio.dll
0x00007ffd5c450000 - 0x00007ffd5c45a000 	C:\TEMP\jansi-1.17-4152904931654886502.dll
0x00007ffd5b8d0000 - 0x00007ffd5b8da000 	C:\TEMP\jansi-1.17-3905801899980945910.dll
0x00007ffd5c460000 - 0x00007ffd5c46d000 	C:\Java\openjdk-8u212-b04\jre\bin\management.dll

VM Arguments:
jvm_args: -Dmaven.home=EMBEDDED -Dclassworlds.conf=C:\workspaces\g2\.metadata\.plugins\org.eclipse.m2e.launching\launches\m2conf7214424507418880355.tmp -Dmaven.multiModuleProjectDirectory=C:\Users\Diontre.Pate\git\shuttle-app\shuttle-client -Dfile.encoding=Cp1252 
java_command: org.codehaus.plexus.classworlds.launcher.Launcher -B clean install
java_class_path (initial): C:\Users\javauser\.p2\pool\plugins\org.eclipse.m2e.maven.runtime_1.11.0.20190220-2117\jars\plexus-classworlds-2.5.2.jar
Launcher Type: SUN_STANDARD

Environment Variables:
JAVA_HOME=C:\Java\openjdk-8u212-b04
PATH=C:/Java/openjdk-8u212-b04/bin/../jre/bin/server;C:/Java/openjdk-8u212-b04/bin/../jre/bin;C:/Java/openjdk-8u212-b04/bin/../jre/lib/amd64;C:\Python27\;C:\Python27\Scripts;C:\Java\openjdk-8u212-b04\bin;C:\ProgramData\Oracle\Java\javapath;C:\WINDOWS\system;C:\Java\openjdk-8u212-b04\bin;C:\WINDOWS\system32;C:\WINDOWS;C:\WINDOWS\System32\Wbem;C:\WINDOWS\System32\WindowsPowerShell\v1.0\;C:\Win7PowerTools;c:\maven\bin;C:\Program Files\Git\cmd;C:\WINDOWS\System32\OpenSSH\;C:\Program Files\Microsoft VS Code\bin;C:\Program Files\nodejs\;C:\Users\Diontre.Pate\AppData\Local\Microsoft\WindowsApps;;C:\Users\Diontre.Pate\Desktop;
USERNAME=Diontre.Pate
OS=Windows_NT
PROCESSOR_IDENTIFIER=Intel64 Family 6 Model 158 Stepping 10, GenuineIntel



---------------  S Y S T E M  ---------------

OS: Windows 10.0 , 64 bit Build 17134 (10.0.17134.753)

CPU:total 4 (initial active 4) (4 cores per cpu, 1 threads per core) family 6 model 158 stepping 10, cmov, cx8, fxsr, mmx, sse, sse2, sse3, ssse3, sse4.1, sse4.2, popcnt, avx, avx2, aes, clmul, 3dnowpref, lzcnt, tsc, tscinvbit

Memory: 4k page, physical 12303924k(1871552k free), swap 12303924k(4320k free)

vm_info: OpenJDK 64-Bit Server VM (25.212-b04) for windows-amd64 JRE (1.8.0_212-8u-04), built on Apr 10 2019 15:55:14 by "stooke" with MS VC++ 10.0 (VS2010)

time: Mon Aug 19 17:29:42 2019
timezone: Central Daylight Time
elapsed time: 5 seconds (0d 0h 0m 5s)

