#
# There is insufficient memory for the Java Runtime Environment to continue.
# Native memory allocation (malloc) failed to allocate 1696032 bytes for Chunk::new
# Possible reasons:
#   The system is out of physical RAM or swap space
#   The process is running with CompressedOops enabled, and the Java Heap may be blocking the growth of the native heap
# Possible solutions:
#   Reduce memory load on the system
#   Increase physical memory or swap space
#   Check if swap backing store is full
#   Decrease Java heap size (-Xmx/-Xms)
#   Decrease number of Java threads
#   Decrease Java thread stack sizes (-Xss)
#   Set larger code cache with -XX:ReservedCodeCacheSize=
#   JVM is running with Zero Based Compressed Oops mode in which the Java heap is
#     placed in the first 32GB address space. The Java Heap base address is the
#     maximum limit for the native heap growth. Please use -XX:HeapBaseMinAddress
#     to set the Java Heap base and to place the Java Heap above 32GB virtual address.
# This output file may be truncated or incomplete.
#
#  Out of Memory Error (allocation.cpp:389), pid=20156, tid=0x00000000000049b4
#
# JRE version: OpenJDK Runtime Environment (8.0_212) (build 1.8.0_212-8u-04)
# Java VM: OpenJDK 64-Bit Server VM (25.212-b04 mixed mode windows-amd64 compressed oops)
# Failed to write core dump. Minidumps are not enabled by default on client versions of Windows
#

---------------  T H R E A D  ---------------

Current thread (0x0000000019475800):  JavaThread "C2 CompilerThread1" daemon [_thread_in_native, id=18868, stack(0x000000001abc0000,0x000000001acc0000)]

Stack: [0x000000001abc0000,0x000000001acc0000]
[error occurred during error reporting (printing stack bounds), id 0xc0000005]

Native frames: (J=compiled Java code, j=interpreted, Vv=VM code, C=native code)


Current CompileTask:
C2:   5881 3816       4       java.net.URLClassLoader$1::run (5 bytes)


---------------  P R O C E S S  ---------------

Java Threads: ( => current thread )
  0x00000000194ce800 JavaThread "Service Thread" daemon [_thread_blocked, id=1044, stack(0x000000001b1c0000,0x000000001b2c0000)]
  0x000000001947a000 JavaThread "C1 CompilerThread2" daemon [_thread_blocked, id=19252, stack(0x000000001acc0000,0x000000001adc0000)]
=>0x0000000019475800 JavaThread "C2 CompilerThread1" daemon [_thread_in_native, id=18868, stack(0x000000001abc0000,0x000000001acc0000)]
  0x000000001946f800 JavaThread "C2 CompilerThread0" daemon [_thread_in_native, id=19192, stack(0x000000001aac0000,0x000000001abc0000)]
  0x000000001946c800 JavaThread "Attach Listener" daemon [_thread_blocked, id=10856, stack(0x000000001a9c0000,0x000000001aac0000)]
  0x0000000019469800 JavaThread "Signal Dispatcher" daemon [_thread_blocked, id=6432, stack(0x000000001a8c0000,0x000000001a9c0000)]
  0x00000000024cc000 JavaThread "Finalizer" daemon [_thread_blocked, id=11736, stack(0x000000001a6d0000,0x000000001a7d0000)]
  0x00000000024c3800 JavaThread "Reference Handler" daemon [_thread_blocked, id=3044, stack(0x000000001a5d0000,0x000000001a6d0000)]
  0x000000000257e000 JavaThread "main" [_thread_in_vm, id=17656, stack(0x00000000022c0000,0x00000000023c0000)]

Other Threads:
  0x0000000019436000 VMThread [stack: 0x000000001a4d0000,0x000000001a5d0000] [id=5376]
  0x000000001adfa800 WatcherThread [stack: 0x000000001b2c0000,0x000000001b3c0000] [id=20128]

VM state:not at safepoint (normal execution)

VM Mutex/Monitor currently owned by a thread: None

heap address: 0x0000000704400000, size: 3004 MB, Compressed Oops mode: Zero based, Oop shift amount: 3
Narrow klass base: 0x0000000000000000, Narrow klass shift: 3
Compressed class space size: 1073741824 Address: 0x00000007c0000000

Heap:
 PSYoungGen      total 104960K, used 15608K [0x0000000781700000, 0x0000000788500000, 0x00000007c0000000)
  eden space 97280K, 16% used [0x0000000781700000,0x000000078263e040,0x0000000787600000)
  from space 7680K, 0% used [0x0000000787600000,0x0000000787600000,0x0000000787d80000)
  to   space 7680K, 0% used [0x0000000787d80000,0x0000000787d80000,0x0000000788500000)
 ParOldGen       total 117248K, used 33153K [0x0000000704400000, 0x000000070b680000, 0x0000000781700000)
  object space 117248K, 28% used [0x0000000704400000,0x0000000706460488,0x000000070b680000)
 Metaspace       used 21477K, capacity 21960K, committed 22192K, reserved 1069056K
  class space    used 2343K, capacity 2480K, committed 2560K, reserved 1048576K

Card table byte_map: [0x0000000011940000,0x0000000011f20000] byte_map_base: 0x000000000e11e000

Marking Bits: (ParMarkBitMap*) 0x0000000054c18be0
 Begin Bits: [0x0000000012710000, 0x0000000015600000)
 End Bits:   [0x0000000015600000, 0x00000000184f0000)

Polling page: 0x0000000000ad0000

CodeCache: size=245760Kb used=13255Kb max_used=13840Kb free=232505Kb
 bounds [0x0000000002580000, 0x0000000003310000, 0x0000000011580000]
 total_blobs=4034 nmethods=3424 adapters=523
 compilation: enabled

Compilation events (10 events):
Event: 5.873 Thread 0x000000001947a000 4001       3       groovyjarjarasm.asm.ClassWriter::a (70 bytes)
Event: 5.873 Thread 0x000000001947a000 nmethod 4001 0x0000000002c35b50 code [0x0000000002c35d00, 0x0000000002c36158]
Event: 5.873 Thread 0x000000001947a000 4002       3       groovyjarjarasm.asm.ClassWriter::a (15 bytes)
Event: 5.873 Thread 0x000000001947a000 nmethod 4002 0x0000000003062d10 code [0x0000000003062e80, 0x0000000003063078]
Event: 5.875 Thread 0x000000001947a000 4003       3       org.eclipse.sisu.plexus.DefaultPlexusBeans$Itr::next (5 bytes)
Event: 5.875 Thread 0x000000001947a000 nmethod 4003 0x0000000002dd4210 code [0x0000000002dd43a0, 0x0000000002dd48e8]
Event: 5.875 Thread 0x000000001947a000 4004       3       org.eclipse.sisu.plexus.DefaultPlexusBeans$Itr::next (20 bytes)
Event: 5.875 Thread 0x000000001947a000 nmethod 4004 0x0000000002f8f690 code [0x0000000002f8f820, 0x0000000002f8fc88]
Event: 5.877 Thread 0x000000001947a000 4006       3       groovy.lang.MetaClassImpl::findMatchingMethod (93 bytes)
Event: 5.878 Thread 0x000000001947a000 nmethod 4006 0x000000000302c710 code [0x000000000302c8c0, 0x000000000302cfb8]

GC Heap History (10 events):
Event: 2.645 GC heap before
{Heap before GC invocations=4 (full 0):
 PSYoungGen      total 56320K, used 56304K [0x0000000781700000, 0x0000000788500000, 0x00000007c0000000)
  eden space 48640K, 100% used [0x0000000781700000,0x0000000784680000,0x0000000784680000)
  from space 7680K, 99% used [0x0000000784680000,0x0000000784dfc030,0x0000000784e00000)
  to   space 7680K, 0% used [0x0000000787d80000,0x0000000787d80000,0x0000000788500000)
 ParOldGen       total 128512K, used 7706K [0x0000000704400000, 0x000000070c180000, 0x0000000781700000)
  object space 128512K, 5% used [0x0000000704400000,0x0000000704b86bc8,0x000000070c180000)
 Metaspace       used 15670K, capacity 15870K, committed 16000K, reserved 1062912K
  class space    used 1823K, capacity 1917K, committed 1920K, reserved 1048576K
Event: 2.661 GC heap after
Heap after GC invocations=4 (full 0):
 PSYoungGen      total 104960K, used 7648K [0x0000000781700000, 0x0000000788500000, 0x00000007c0000000)
  eden space 97280K, 0% used [0x0000000781700000,0x0000000781700000,0x0000000787600000)
  from space 7680K, 99% used [0x0000000787d80000,0x00000007884f8020,0x0000000788500000)
  to   space 7680K, 0% used [0x0000000787600000,0x0000000787600000,0x0000000787d80000)
 ParOldGen       total 128512K, used 12566K [0x0000000704400000, 0x000000070c180000, 0x0000000781700000)
  object space 128512K, 9% used [0x0000000704400000,0x0000000705045bd8,0x000000070c180000)
 Metaspace       used 15670K, capacity 15870K, committed 16000K, reserved 1062912K
  class space    used 1823K, capacity 1917K, committed 1920K, reserved 1048576K
}
Event: 3.436 GC heap before
{Heap before GC invocations=5 (full 0):
 PSYoungGen      total 104960K, used 104928K [0x0000000781700000, 0x0000000788500000, 0x00000007c0000000)
  eden space 97280K, 100% used [0x0000000781700000,0x0000000787600000,0x0000000787600000)
  from space 7680K, 99% used [0x0000000787d80000,0x00000007884f8020,0x0000000788500000)
  to   space 7680K, 0% used [0x0000000787600000,0x0000000787600000,0x0000000787d80000)
 ParOldGen       total 128512K, used 12566K [0x0000000704400000, 0x000000070c180000, 0x0000000781700000)
  object space 128512K, 9% used [0x0000000704400000,0x0000000705045bd8,0x000000070c180000)
 Metaspace       used 16138K, capacity 16400K, committed 16512K, reserved 1064960K
  class space    used 1826K, capacity 1920K, committed 1920K, reserved 1048576K
Event: 3.459 GC heap after
Heap after GC invocations=5 (full 0):
 PSYoungGen      total 104960K, used 7664K [0x0000000781700000, 0x0000000788500000, 0x00000007c0000000)
  eden space 97280K, 0% used [0x0000000781700000,0x0000000781700000,0x0000000787600000)
  from space 7680K, 99% used [0x0000000787600000,0x0000000787d7c030,0x0000000787d80000)
  to   space 7680K, 0% used [0x0000000787d80000,0x0000000787d80000,0x0000000788500000)
 ParOldGen       total 128512K, used 19174K [0x0000000704400000, 0x000000070c180000, 0x0000000781700000)
  object space 128512K, 14% used [0x0000000704400000,0x00000007056b9bf8,0x000000070c180000)
 Metaspace       used 16138K, capacity 16400K, committed 16512K, reserved 1064960K
  class space    used 1826K, capacity 1920K, committed 1920K, reserved 1048576K
}
Event: 4.792 GC heap before
{Heap before GC invocations=6 (full 0):
 PSYoungGen      total 104960K, used 104944K [0x0000000781700000, 0x0000000788500000, 0x00000007c0000000)
  eden space 97280K, 100% used [0x0000000781700000,0x0000000787600000,0x0000000787600000)
  from space 7680K, 99% used [0x0000000787600000,0x0000000787d7c030,0x0000000787d80000)
  to   space 7680K, 0% used [0x0000000787d80000,0x0000000787d80000,0x0000000788500000)
 ParOldGen       total 128512K, used 19174K [0x0000000704400000, 0x000000070c180000, 0x0000000781700000)
  object space 128512K, 14% used [0x0000000704400000,0x00000007056b9bf8,0x000000070c180000)
 Metaspace       used 16874K, capacity 17286K, committed 17408K, reserved 1064960K
  class space    used 1904K, capacity 2022K, committed 2048K, reserved 1048576K
Event: 4.817 GC heap after
Heap after GC invocations=6 (full 0):
 PSYoungGen      total 104960K, used 7664K [0x0000000781700000, 0x0000000788500000, 0x00000007c0000000)
  eden space 97280K, 0% used [0x0000000781700000,0x0000000781700000,0x0000000787600000)
  from space 7680K, 99% used [0x0000000787d80000,0x00000007884fc050,0x0000000788500000)
  to   space 7680K, 0% used [0x0000000787600000,0x0000000787600000,0x0000000787d80000)
 ParOldGen       total 128512K, used 27310K [0x0000000704400000, 0x000000070c180000, 0x0000000781700000)
  object space 128512K, 21% used [0x0000000704400000,0x0000000705eab898,0x000000070c180000)
 Metaspace       used 16874K, capacity 17286K, committed 17408K, reserved 1064960K
  class space    used 1904K, capacity 2022K, committed 2048K, reserved 1048576K
}
Event: 5.331 GC heap before
{Heap before GC invocations=7 (full 0):
 PSYoungGen      total 104960K, used 46694K [0x0000000781700000, 0x0000000788500000, 0x00000007c0000000)
  eden space 97280K, 40% used [0x0000000781700000,0x0000000783d1d960,0x0000000787600000)
  from space 7680K, 99% used [0x0000000787d80000,0x00000007884fc050,0x0000000788500000)
  to   space 7680K, 0% used [0x0000000787600000,0x0000000787600000,0x0000000787d80000)
 ParOldGen       total 128512K, used 27310K [0x0000000704400000, 0x000000070c180000, 0x0000000781700000)
  object space 128512K, 21% used [0x0000000704400000,0x0000000705eab898,0x000000070c180000)
 Metaspace       used 20759K, capacity 21138K, committed 21296K, reserved 1069056K
  class space    used 2255K, capacity 2350K, committed 2432K, reserved 1048576K
Event: 5.354 GC heap after
Heap after GC invocations=7 (full 0):
 PSYoungGen      total 104960K, used 7653K [0x0000000781700000, 0x0000000788500000, 0x00000007c0000000)
  eden space 97280K, 0% used [0x0000000781700000,0x0000000781700000,0x0000000787600000)
  from space 7680K, 99% used [0x0000000787600000,0x0000000787d79690,0x0000000787d80000)
  to   space 7680K, 0% used [0x0000000787d80000,0x0000000787d80000,0x0000000788500000)
 ParOldGen       total 128512K, used 31778K [0x0000000704400000, 0x000000070c180000, 0x0000000781700000)
  object space 128512K, 24% used [0x0000000704400000,0x0000000706308ba0,0x000000070c180000)
 Metaspace       used 20759K, capacity 21138K, committed 21296K, reserved 1069056K
  class space    used 2255K, capacity 2350K, committed 2432K, reserved 1048576K
}
Event: 5.354 GC heap before
{Heap before GC invocations=8 (full 1):
 PSYoungGen      total 104960K, used 7653K [0x0000000781700000, 0x0000000788500000, 0x00000007c0000000)
  eden space 97280K, 0% used [0x0000000781700000,0x0000000781700000,0x0000000787600000)
  from space 7680K, 99% used [0x0000000787600000,0x0000000787d79690,0x0000000787d80000)
  to   space 7680K, 0% used [0x0000000787d80000,0x0000000787d80000,0x0000000788500000)
 ParOldGen       total 128512K, used 31778K [0x0000000704400000, 0x000000070c180000, 0x0000000781700000)
  object space 128512K, 24% used [0x0000000704400000,0x0000000706308ba0,0x000000070c180000)
 Metaspace       used 20759K, capacity 21138K, committed 21296K, reserved 1069056K
  class space    used 2255K, capacity 2350K, committed 2432K, reserved 1048576K
Event: 5.530 GC heap after
Heap after GC invocations=8 (full 1):
 PSYoungGen      total 104960K, used 0K [0x0000000781700000, 0x0000000788500000, 0x00000007c0000000)
  eden space 97280K, 0% used [0x0000000781700000,0x0000000781700000,0x0000000787600000)
  from space 7680K, 0% used [0x0000000787600000,0x0000000787600000,0x0000000787d80000)
  to   space 7680K, 0% used [0x0000000787d80000,0x0000000787d80000,0x0000000788500000)
 ParOldGen       total 117248K, used 33153K [0x0000000704400000, 0x000000070b680000, 0x0000000781700000)
  object space 117248K, 28% used [0x0000000704400000,0x0000000706460488,0x000000070b680000)
 Metaspace       used 20759K, capacity 21138K, committed 21296K, reserved 1069056K
  class space    used 2255K, capacity 2350K, committed 2432K, reserved 1048576K
}

Deoptimization events (10 events):
Event: 4.904 Thread 0x000000000257e000 Uncommon trap: reason=unstable_if action=reinterpret pc=0x0000000002d69c18 method=org.eclipse.sisu.plexus.RealmFilteredBeans$FilteredItr.hasNext()Z @ 44
Event: 4.904 Thread 0x000000000257e000 Uncommon trap: reason=unstable_if action=reinterpret pc=0x0000000002d99188 method=org.eclipse.sisu.plexus.RealmFilteredBeans$FilteredItr.hasNext()Z @ 44
Event: 5.109 Thread 0x000000000257e000 Uncommon trap: reason=unstable_if action=reinterpret pc=0x000000000291d6c0 method=java.util.HashMap.hash(Ljava/lang/Object;)I @ 1
Event: 5.277 Thread 0x000000000257e000 Uncommon trap: reason=unstable_if action=reinterpret pc=0x00000000026c5888 method=org.codehaus.plexus.classworlds.realm.Entry.matches(Ljava/lang/String;)Z @ 20
Event: 5.600 Thread 0x000000000257e000 Uncommon trap: reason=bimorphic action=maybe_recompile pc=0x0000000002a68d28 method=java.lang.ClassLoader.loadClass(Ljava/lang/String;Z)Ljava/lang/Class; @ 38
Event: 5.600 Thread 0x000000000257e000 Uncommon trap: reason=bimorphic action=maybe_recompile pc=0x0000000002a68d28 method=java.lang.ClassLoader.loadClass(Ljava/lang/String;Z)Ljava/lang/Class; @ 38
Event: 5.600 Thread 0x000000000257e000 Uncommon trap: reason=bimorphic action=maybe_recompile pc=0x0000000002a68d28 method=java.lang.ClassLoader.loadClass(Ljava/lang/String;Z)Ljava/lang/Class; @ 38
Event: 5.600 Thread 0x000000000257e000 Uncommon trap: reason=bimorphic action=maybe_recompile pc=0x0000000002a68d28 method=java.lang.ClassLoader.loadClass(Ljava/lang/String;Z)Ljava/lang/Class; @ 38
Event: 5.602 Thread 0x000000000257e000 Uncommon trap: reason=unstable_if action=reinterpret pc=0x0000000003246904 method=java.math.BigInteger.<init>(Ljava/lang/String;I)V @ 69
Event: 5.745 Thread 0x000000000257e000 Uncommon trap: reason=unstable_if action=reinterpret pc=0x000000000323386c method=java.lang.Boolean.parseBoolean(Ljava/lang/String;)Z @ 1

Classes redefined (0 events):
No events

Internal exceptions (10 events):
Event: 5.745 Thread 0x000000000257e000 Implicit null exception at 0x000000000323328c to 0x000000000323385d
Event: 5.766 Thread 0x000000000257e000 Exception <a 'java/lang/ClassNotFoundException': org/jfrog/build/extractor/clientConfiguration/ArtifactoryClientConfiguration$LicenseControlHandlerBeanInfo> (0x00000007822b95f8) thrown at [C:\w\cpu\jdk8u-b04\ojdkbuild\lookaside\jdk8u_upstream\hotspot\src\
Event: 5.766 Thread 0x000000000257e000 Exception <a 'java/lang/ClassNotFoundException': org/jfrog/build/extractor/clientConfiguration/ArtifactoryClientConfiguration$LicenseControlHandlerCustomizer> (0x00000007822d39f8) thrown at [C:\w\cpu\jdk8u-b04\ojdkbuild\lookaside\jdk8u_upstream\hotspot\sr
Event: 5.849 Thread 0x000000000257e000 Exception <a 'java/lang/ClassNotFoundException': org/jfrog/build/extractor/clientConfiguration/ArtifactoryClientConfiguration$PublisherHandlerBeanInfo> (0x00000007823372a0) thrown at [C:\w\cpu\jdk8u-b04\ojdkbuild\lookaside\jdk8u_upstream\hotspot\src\share
Event: 5.849 Thread 0x000000000257e000 Exception <a 'java/lang/ClassNotFoundException': org/jfrog/build/extractor/clientConfiguration/ArtifactoryClientConfiguration$RepositoryConfigurationBeanInfo> (0x0000000782352058) thrown at [C:\w\cpu\jdk8u-b04\ojdkbuild\lookaside\jdk8u_upstream\hotspot\sr
Event: 5.849 Thread 0x000000000257e000 Exception <a 'java/lang/ClassNotFoundException': org/jfrog/build/extractor/clientConfiguration/ArtifactoryClientConfiguration$AuthenticationConfigurationBeanInfo> (0x000000078236da30) thrown at [C:\w\cpu\jdk8u-b04\ojdkbuild\lookaside\jdk8u_upstream\hotspo
Event: 5.850 Thread 0x000000000257e000 Exception <a 'java/lang/ClassNotFoundException': org/jfrog/build/extractor/clientConfiguration/ArtifactoryClientConfiguration$AuthenticationConfigurationCustomizer> (0x00000007823894b0) thrown at [C:\w\cpu\jdk8u-b04\ojdkbuild\lookaside\jdk8u_upstream\hots
Event: 5.860 Thread 0x000000000257e000 Exception <a 'java/lang/ClassNotFoundException': org/jfrog/build/extractor/clientConfiguration/ArtifactoryClientConfiguration$RepositoryConfigurationCustomizer> (0x00000007823ace88) thrown at [C:\w\cpu\jdk8u-b04\ojdkbuild\lookaside\jdk8u_upstream\hotspot\
Event: 5.861 Thread 0x000000000257e000 Exception <a 'java/lang/ClassNotFoundException': org/jfrog/build/extractor/clientConfiguration/ArtifactoryClientConfiguration$PublisherHandlerCustomizer> (0x00000007823e8998) thrown at [C:\w\cpu\jdk8u-b04\ojdkbuild\lookaside\jdk8u_upstream\hotspot\src\sha
Event: 5.879 Thread 0x000000000257e000 Exception <a 'java/lang/ClassNotFoundException': org/jfrog/build/extractor/maven/plugin/PublishMojo$_gc_closure1BeanInfo> (0x000000078247c450) thrown at [C:\w\cpu\jdk8u-b04\ojdkbuild\lookaside\jdk8u_upstream\hotspot\src\share\vm\classfile\systemDictionary

Events (10 events):
Event: 5.878 loading class org/jfrog/build/extractor/maven/plugin/PublishMojo$_gc_closure1BeanInfo
Event: 5.878 loading class org/jfrog/build/extractor/maven/plugin/PublishMojo$_gc_closure1BeanInfo done
Event: 5.879 loading class org/jfrog/build/extractor/maven/plugin/PublishMojo$_gc_closure1BeanInfo
Event: 5.879 loading class org/jfrog/build/extractor/maven/plugin/PublishMojo$_gc_closure1BeanInfo done
Event: 5.879 loading class org/jfrog/build/extractor/maven/plugin/PublishMojo$_gc_closure1BeanInfo
Event: 5.879 loading class org/jfrog/build/extractor/maven/plugin/PublishMojo$_gc_closure1BeanInfo done
Event: 5.879 loading class groovy/lang/ClosureBeanInfo
Event: 5.879 loading class groovy/lang/ClosureBeanInfo done
Event: 5.879 loading class groovy/lang/ClosureBeanInfo
Event: 5.879 loading class groovy/lang/ClosureBeanInfo done


Dynamic libraries:
0x00007ff75cf00000 - 0x00007ff75cf35000 	C:\Java\openjdk-8u212-b04\bin\javaw.exe
0x00007ffd64110000 - 0x00007ffd642f1000 	C:\WINDOWS\SYSTEM32\ntdll.dll
0x00007ffd63f20000 - 0x00007ffd63fd1000 	C:\WINDOWS\System32\KERNEL32.DLL
0x00007ffd5ffa0000 - 0x00007ffd60213000 	C:\WINDOWS\System32\KERNELBASE.dll
0x00007ffd63a60000 - 0x00007ffd63b01000 	C:\WINDOWS\System32\ADVAPI32.dll
0x00007ffd63b30000 - 0x00007ffd63bce000 	C:\WINDOWS\System32\msvcrt.dll
0x00007ffd612e0000 - 0x00007ffd6133b000 	C:\WINDOWS\System32\sechost.dll
0x00007ffd610e0000 - 0x00007ffd61204000 	C:\WINDOWS\System32\RPCRT4.dll
0x00007ffd60bd0000 - 0x00007ffd60d60000 	C:\WINDOWS\System32\USER32.dll
0x00007ffd60b00000 - 0x00007ffd60b20000 	C:\WINDOWS\System32\win32u.dll
0x00007ffd61080000 - 0x00007ffd610a8000 	C:\WINDOWS\System32\GDI32.dll
0x00007ffd5fc10000 - 0x00007ffd5fda2000 	C:\WINDOWS\System32\gdi32full.dll
0x00007ffd60a60000 - 0x00007ffd60aff000 	C:\WINDOWS\System32\msvcp_win.dll
0x00007ffd5fb10000 - 0x00007ffd5fc08000 	C:\WINDOWS\System32\ucrtbase.dll
0x00007ffd50d40000 - 0x00007ffd50fa9000 	C:\WINDOWS\WinSxS\amd64_microsoft.windows.common-controls_6595b64144ccf1df_6.0.17134.765_none_fb42a1a930655896\COMCTL32.dll
0x00007ffd63bf0000 - 0x00007ffd63f12000 	C:\WINDOWS\System32\combase.dll
0x00007ffd60270000 - 0x00007ffd602ea000 	C:\WINDOWS\System32\bcryptPrimitives.dll
0x00007ffd610b0000 - 0x00007ffd610dd000 	C:\WINDOWS\System32\IMM32.DLL
0x0000000054e00000 - 0x0000000054e39000 	C:\PROGRA~2\Sophos\SOPHOS~2\SOPHOS~2.DLL
0x00007ffd62cc0000 - 0x00007ffd62cc8000 	C:\WINDOWS\System32\PSAPI.DLL
0x00000000541b0000 - 0x0000000054282000 	C:\Java\openjdk-8u212-b04\jre\bin\msvcr100.dll
0x0000000054470000 - 0x0000000054c94000 	C:\Java\openjdk-8u212-b04\jre\bin\server\jvm.dll
0x00007ffd55440000 - 0x00007ffd55449000 	C:\WINDOWS\SYSTEM32\WSOCK32.dll
0x00007ffd61340000 - 0x00007ffd613ac000 	C:\WINDOWS\System32\WS2_32.dll
0x00007ffd57fd0000 - 0x00007ffd57ff3000 	C:\WINDOWS\SYSTEM32\WINMM.dll
0x00007ffd5b5e0000 - 0x00007ffd5b5ea000 	C:\WINDOWS\SYSTEM32\VERSION.dll
0x00007ffd57fa0000 - 0x00007ffd57fca000 	C:\WINDOWS\SYSTEM32\winmmbase.dll
0x00007ffd60220000 - 0x00007ffd60269000 	C:\WINDOWS\System32\cfgmgr32.dll
0x00007ffd2dbb0000 - 0x00007ffd2dbbf000 	C:\Java\openjdk-8u212-b04\jre\bin\verify.dll
0x00007ffd2db80000 - 0x00007ffd2dba9000 	C:\Java\openjdk-8u212-b04\jre\bin\java.dll
0x00007ffd2db60000 - 0x00007ffd2db76000 	C:\Java\openjdk-8u212-b04\jre\bin\zip.dll
0x00007ffd61870000 - 0x00007ffd62cb0000 	C:\WINDOWS\System32\SHELL32.dll
0x00007ffd60fd0000 - 0x00007ffd61079000 	C:\WINDOWS\System32\shcore.dll
0x00007ffd602f0000 - 0x00007ffd609fd000 	C:\WINDOWS\System32\windows.storage.dll
0x00007ffd63fe0000 - 0x00007ffd64031000 	C:\WINDOWS\System32\shlwapi.dll
0x00007ffd5faf0000 - 0x00007ffd5fb01000 	C:\WINDOWS\System32\kernel.appcore.dll
0x00007ffd5fad0000 - 0x00007ffd5faef000 	C:\WINDOWS\System32\profapi.dll
0x00007ffd5fa60000 - 0x00007ffd5faac000 	C:\WINDOWS\System32\powrprof.dll
0x00007ffd5fa50000 - 0x00007ffd5fa5a000 	C:\WINDOWS\System32\FLTLIB.DLL
0x00007ffd5f420000 - 0x00007ffd5f437000 	C:\WINDOWS\SYSTEM32\CRYPTSP.dll
0x00007ffd5ec20000 - 0x00007ffd5ec53000 	C:\WINDOWS\system32\rsaenh.dll
0x00007ffd5f550000 - 0x00007ffd5f575000 	C:\WINDOWS\SYSTEM32\bcrypt.dll
0x00007ffd5f950000 - 0x00007ffd5f978000 	C:\WINDOWS\SYSTEM32\USERENV.dll
0x00007ffd5f440000 - 0x00007ffd5f44b000 	C:\WINDOWS\SYSTEM32\CRYPTBASE.dll
0x00007ffd30d00000 - 0x00007ffd30d1a000 	C:\Java\openjdk-8u212-b04\jre\bin\net.dll
0x00007ffd633e0000 - 0x00007ffd635a8000 	C:\WINDOWS\System32\urlmon.dll
0x00007ffd637b0000 - 0x00007ffd63a57000 	C:\WINDOWS\System32\iertutil.dll
0x00007ffd5f270000 - 0x00007ffd5f2d6000 	C:\WINDOWS\system32\mswsock.dll
0x00007ffd5eff0000 - 0x00007ffd5f028000 	C:\WINDOWS\SYSTEM32\IPHLPAPI.DLL
0x00007ffd62cb0000 - 0x00007ffd62cb8000 	C:\WINDOWS\System32\NSI.dll
0x00007ffd5b0e0000 - 0x00007ffd5b0f6000 	C:\WINDOWS\SYSTEM32\dhcpcsvc6.DLL
0x00007ffd5b0c0000 - 0x00007ffd5b0da000 	C:\WINDOWS\SYSTEM32\dhcpcsvc.DLL
0x00007ffd2ec70000 - 0x00007ffd2ec82000 	C:\Java\openjdk-8u212-b04\jre\bin\nio.dll
0x00007ffd5c450000 - 0x00007ffd5c45a000 	C:\TEMP\jansi-1.17-8898266610430762238.dll
0x00007ffd5b8d0000 - 0x00007ffd5b8da000 	C:\TEMP\jansi-1.17-7868198415648878600.dll
0x00007ffd5c460000 - 0x00007ffd5c46d000 	C:\Java\openjdk-8u212-b04\jre\bin\management.dll

VM Arguments:
jvm_args: -Dmaven.home=EMBEDDED -Dclassworlds.conf=C:\workspaces\g2\.metadata\.plugins\org.eclipse.m2e.launching\launches\m2conf7887755946367234842.tmp -Dmaven.multiModuleProjectDirectory=C:\Users\Diontre.Pate\git\shuttle-app\shuttle-client -Dfile.encoding=Cp1252 
java_command: org.codehaus.plexus.classworlds.launcher.Launcher -B clean install
java_class_path (initial): C:\Users\javauser\.p2\pool\plugins\org.eclipse.m2e.maven.runtime_1.11.0.20190220-2117\jars\plexus-classworlds-2.5.2.jar
Launcher Type: SUN_STANDARD

Environment Variables:
JAVA_HOME=C:\Java\openjdk-8u212-b04
PATH=C:/Java/openjdk-8u212-b04/bin/../jre/bin/server;C:/Java/openjdk-8u212-b04/bin/../jre/bin;C:/Java/openjdk-8u212-b04/bin/../jre/lib/amd64;C:\Python27\;C:\Python27\Scripts;C:\Java\openjdk-8u212-b04\bin;C:\ProgramData\Oracle\Java\javapath;C:\WINDOWS\system;C:\Java\openjdk-8u212-b04\bin;C:\WINDOWS\system32;C:\WINDOWS;C:\WINDOWS\System32\Wbem;C:\WINDOWS\System32\WindowsPowerShell\v1.0\;C:\Win7PowerTools;c:\maven\bin;C:\Program Files\Git\cmd;C:\WINDOWS\System32\OpenSSH\;C:\Program Files\Microsoft VS Code\bin;C:\Program Files\nodejs\;C:\Users\Diontre.Pate\AppData\Local\Microsoft\WindowsApps;;C:\Users\Diontre.Pate\Desktop;
USERNAME=Diontre.Pate
OS=Windows_NT
PROCESSOR_IDENTIFIER=Intel64 Family 6 Model 158 Stepping 10, GenuineIntel



---------------  S Y S T E M  ---------------

OS: Windows 10.0 , 64 bit Build 17134 (10.0.17134.753)

CPU:total 4 (initial active 4) (4 cores per cpu, 1 threads per core) family 6 model 158 stepping 10, cmov, cx8, fxsr, mmx, sse, sse2, sse3, ssse3, sse4.1, sse4.2, popcnt, avx, avx2, aes, clmul, 3dnowpref, lzcnt, tsc, tscinvbit

Memory: 4k page, physical 12303924k(1871064k free), swap 12303924k(4228k free)

vm_info: OpenJDK 64-Bit Server VM (25.212-b04) for windows-amd64 JRE (1.8.0_212-8u-04), built on Apr 10 2019 15:55:14 by "stooke" with MS VC++ 10.0 (VS2010)

time: Mon Aug 19 17:29:23 2019
timezone: Central Daylight Time
elapsed time: 5 seconds (0d 0h 0m 5s)

